Checking for new references started.
2/8/2016 6:11:03 PM, Message:'The imported project "C:\Program Files (x86)\MSBuild\Microsoft\VisualStudio\v11.0\WebApplications\Microsoft.WebApplication.targets" was not found. Confirm that the path in the <Import> declaration is correct, and that the file exists on disk.  C:\inetpub\wwwroot\act_com\SitefinityWebApp.csproj', StackTrace: '   at Microsoft.Build.Shared.ProjectErrorUtilities.ThrowInvalidProject(String errorSubCategoryResourceName, IElementLocation elementLocation, String resourceName, Object[] args)
   at Microsoft.Build.Shared.ProjectErrorUtilities.ThrowInvalidProject(IElementLocation elementLocation, String resourceName, Object arg0)
   at Microsoft.Build.Evaluation.Evaluator`4.ExpandAndLoadImports(String directoryOfImportingFile, String importExpressionEscaped, ProjectImportElement importElement)
   at Microsoft.Build.Evaluation.Evaluator`4.EvaluateImportElement(String directoryOfImportingFile, ProjectImportElement importElement)
   at Microsoft.Build.Evaluation.Evaluator`4.PerformDepthFirstPass(ProjectRootElement currentProjectOrImport)
   at Microsoft.Build.Evaluation.Evaluator`4.Evaluate()
   at Microsoft.Build.Evaluation.Evaluator`4.Evaluate(IEvaluatorData`4 data, ProjectRootElement root, ProjectLoadSettings loadSettings, Int32 maxNodeCount, PropertyDictionary`1 environmentProperties, ILoggingService loggingService, IItemFactory`2 itemFactory, IToolsetProvider toolsetProvider, ProjectRootElementCache projectRootElementCache, BuildEventContext buildEventContext, ProjectInstance projectInstanceIfAnyForDebuggerOnly)
   at Microsoft.Build.Evaluation.Project.ReevaluateIfNecessary(ILoggingService loggingServiceForEvaluation)
   at Microsoft.Build.Evaluation.Project.Initialize(IDictionary`2 globalProperties, String toolsVersion, String subToolsetVersion, ProjectLoadSettings loadSettings)
   at Microsoft.Build.Evaluation.Project..ctor(String projectFile, IDictionary`2 globalProperties, String toolsVersion, String subToolsetVersion, ProjectCollection projectCollection, ProjectLoadSettings loadSettings)
   at Microsoft.Build.Evaluation.Project..ctor(String projectFile, IDictionary`2 globalProperties, String toolsVersion, ProjectCollection projectCollection, ProjectLoadSettings loadSettings)
   at Sitefinity.ProjectManager.Utilities.ReferencesManager.ProjectReferencesManager.GetProject(String projectFilePath)
   at Sitefinity.ProjectManager.Utilities.ReferencesManager.ProjectReferencesManager.AddReferences()', Source: 'Microsoft.Build', Inner Exception ''
Setting target framework version.
2/8/2016 6:11:03 PM, Message:'The imported project "C:\Program Files (x86)\MSBuild\Microsoft\VisualStudio\v11.0\WebApplications\Microsoft.WebApplication.targets" was not found. Confirm that the path in the <Import> declaration is correct, and that the file exists on disk.  C:\inetpub\wwwroot\act_com\SitefinityWebApp.csproj', StackTrace: '   at Microsoft.Build.Shared.ProjectErrorUtilities.ThrowInvalidProject(String errorSubCategoryResourceName, IElementLocation elementLocation, String resourceName, Object[] args)
   at Microsoft.Build.Shared.ProjectErrorUtilities.ThrowInvalidProject(IElementLocation elementLocation, String resourceName, Object arg0)
   at Microsoft.Build.Evaluation.Evaluator`4.ExpandAndLoadImports(String directoryOfImportingFile, String importExpressionEscaped, ProjectImportElement importElement)
   at Microsoft.Build.Evaluation.Evaluator`4.EvaluateImportElement(String directoryOfImportingFile, ProjectImportElement importElement)
   at Microsoft.Build.Evaluation.Evaluator`4.PerformDepthFirstPass(ProjectRootElement currentProjectOrImport)
   at Microsoft.Build.Evaluation.Evaluator`4.Evaluate()
   at Microsoft.Build.Evaluation.Evaluator`4.Evaluate(IEvaluatorData`4 data, ProjectRootElement root, ProjectLoadSettings loadSettings, Int32 maxNodeCount, PropertyDictionary`1 environmentProperties, ILoggingService loggingService, IItemFactory`2 itemFactory, IToolsetProvider toolsetProvider, ProjectRootElementCache projectRootElementCache, BuildEventContext buildEventContext, ProjectInstance projectInstanceIfAnyForDebuggerOnly)
   at Microsoft.Build.Evaluation.Project.ReevaluateIfNecessary(ILoggingService loggingServiceForEvaluation)
   at Microsoft.Build.Evaluation.Project.Initialize(IDictionary`2 globalProperties, String toolsVersion, String subToolsetVersion, ProjectLoadSettings loadSettings)
   at Microsoft.Build.Evaluation.Project..ctor(String projectFile, IDictionary`2 globalProperties, String toolsVersion, String subToolsetVersion, ProjectCollection projectCollection, ProjectLoadSettings loadSettings)
   at Microsoft.Build.Evaluation.Project..ctor(String projectFile, IDictionary`2 globalProperties, String toolsVersion, ProjectCollection projectCollection, ProjectLoadSettings loadSettings)
   at Microsoft.Build.Evaluation.Project..ctor(String projectFile, IDictionary`2 globalProperties, String toolsVersion, ProjectCollection projectCollection)
   at Microsoft.Build.Evaluation.Project..ctor(String projectFile, IDictionary`2 globalProperties, String toolsVersion)
   at Sitefinity.ProjectManager.Utilities.ReferencesManager.ProjectReferencesManager.SetTargetFrameworkVersion()', Source: 'Microsoft.Build', Inner Exception ''
