----------------------------------------
Timestamp: 10/6/2015 10:31:04 PM

Message: Shutting down threadpool...


----------------------------------------
----------------------------------------
Timestamp: 10/6/2015 10:31:04 PM

Message: Thread pool 'BackgroundTasksService': Shutdown of thread pool completed. All currently running threads will finish their work and stop.


----------------------------------------
----------------------------------------
Timestamp: 10/6/2015 10:31:04 PM

Message: Background task scheduler shut down


----------------------------------------
----------------------------------------
Timestamp: 10/6/2015 10:31:04 PM

Message: WorkerThread is shut down


----------------------------------------
----------------------------------------
Timestamp: 10/6/2015 10:31:04 PM

Message: WorkerThread is shut down


----------------------------------------
----------------------------------------
Timestamp: 10/6/2015 10:31:04 PM

Message: WorkerThread is shut down


----------------------------------------
----------------------------------------
Timestamp: 10/6/2015 10:31:04 PM

Message: WorkerThread is shut down


----------------------------------------
----------------------------------------
Timestamp: 10/6/2015 10:31:06 PM

Message: Shutting down threadpool...


----------------------------------------
----------------------------------------
Timestamp: 10/6/2015 10:31:06 PM

Message: Thread pool 'BackgroundTasksService': Shutdown of thread pool completed. Threads aborted.


----------------------------------------
