----------------------------------------
Timestamp: 11/12/2015 1:11:20 AM

Message: HandlingInstanceID: ea146bb5-c28c-47b2-8cae-b28625ec5d18
An exception of type 'System.Web.HttpException' occurred and was caught.
------------------------------------------------------------------------
11/11/2015 18:11:20
Type : System.Web.HttpException, System.Web, Version=4.0.0.0, Culture=neutral, PublicKeyToken=b03f5f7f11d50a3a
Message : Cannot find ContentPlaceHolder 'Fact2' in the master page '/App_Data/Sitefinity/WebsiteTemplates/Base/App_Master/Home2.Master', verify content control's ContentPlaceHolderID attribute in the content page.
Source : System.Web
Help link : 
WebEventCode : 0
ErrorCode : -2147467259
Data : System.Collections.ListDictionaryInternal
TargetSite : System.Web.UI.MasterPage CreateMaster(System.Web.UI.TemplateControl, System.Web.HttpContext, System.Web.VirtualPath, System.Collections.IDictionary)
HResult : -2147467259
Stack Trace :    at System.Web.UI.MasterPage.CreateMaster(TemplateControl owner, HttpContext context, VirtualPath masterPageFile, IDictionary contentTemplateCollection)
   at System.Web.UI.Page.get_Master()
   at System.Web.UI.Page.ApplyMasterPage()
   at System.Web.UI.Page.PerformPreInit()
   at System.Web.UI.Page.ProcessRequestMain(Boolean includeStagesBeforeAsyncPoint, Boolean includeStagesAfterAsyncPoint)

Additional Info:

MachineName : DEN-100001176
TimeStamp : 11/12/2015 1:11:20 AM
FullName : Telerik.Sitefinity.Utilities, Version=8.0.5700.0, Culture=neutral, PublicKeyToken=b28c218413bdf563
AppDomainName : /LM/W3SVC/2/ROOT-2-130917570539271373
ThreadIdentity : 
WindowsIdentity : SWIFTPAGE\Jeremy.Kron
Requested URL : http://localhost:60876/


Category: ErrorLog

Priority: 0

EventId: 90000

Severity: Error

Title:Enterprise Library Exception Handling

Machine: DEN-100001176

App Domain: /LM/W3SVC/2/ROOT-2-130917570539271373

ProcessId: 13244

Process Name: C:\Program Files (x86)\IIS Express\iisexpress.exe

Thread Name: 

Win32 ThreadId:14632

Extended Properties: 
----------------------------------------
----------------------------------------
Timestamp: 11/12/2015 1:11:22 AM

Message: HandlingInstanceID: 20579aac-b35e-4e5b-a9b9-c79a2c9dd146
An exception of type 'System.Web.HttpException' occurred and was caught.
------------------------------------------------------------------------
11/11/2015 18:11:22
Type : System.Web.HttpException, System.Web, Version=4.0.0.0, Culture=neutral, PublicKeyToken=b03f5f7f11d50a3a
Message : Cannot find ContentPlaceHolder 'Fact2' in the master page '/App_Data/Sitefinity/WebsiteTemplates/Base/App_Master/Home2.Master', verify content control's ContentPlaceHolderID attribute in the content page.
Source : System.Web
Help link : 
WebEventCode : 0
ErrorCode : -2147467259
Data : System.Collections.ListDictionaryInternal
TargetSite : System.Web.UI.MasterPage CreateMaster(System.Web.UI.TemplateControl, System.Web.HttpContext, System.Web.VirtualPath, System.Collections.IDictionary)
HResult : -2147467259
Stack Trace :    at System.Web.UI.MasterPage.CreateMaster(TemplateControl owner, HttpContext context, VirtualPath masterPageFile, IDictionary contentTemplateCollection)
   at System.Web.UI.Page.get_Master()
   at System.Web.UI.Page.ApplyMasterPage()
   at System.Web.UI.Page.PerformPreInit()
   at System.Web.UI.Page.ProcessRequestMain(Boolean includeStagesBeforeAsyncPoint, Boolean includeStagesAfterAsyncPoint)

Additional Info:

MachineName : DEN-100001176
TimeStamp : 11/12/2015 1:11:22 AM
FullName : Telerik.Sitefinity.Utilities, Version=8.0.5700.0, Culture=neutral, PublicKeyToken=b28c218413bdf563
AppDomainName : /LM/W3SVC/2/ROOT-2-130917570539271373
ThreadIdentity : 
WindowsIdentity : SWIFTPAGE\Jeremy.Kron
Requested URL : http://localhost:60876/


Category: ErrorLog

Priority: 0

EventId: 90000

Severity: Error

Title:Enterprise Library Exception Handling

Machine: DEN-100001176

App Domain: /LM/W3SVC/2/ROOT-2-130917570539271373

ProcessId: 13244

Process Name: C:\Program Files (x86)\IIS Express\iisexpress.exe

Thread Name: 

Win32 ThreadId:16752

Extended Properties: 
----------------------------------------
----------------------------------------
Timestamp: 11/12/2015 1:11:24 AM

Message: HandlingInstanceID: 0c8c2d48-2206-4920-810e-f17dccdedc44
An exception of type 'System.Web.HttpException' occurred and was caught.
------------------------------------------------------------------------
11/11/2015 18:11:24
Type : System.Web.HttpException, System.Web, Version=4.0.0.0, Culture=neutral, PublicKeyToken=b03f5f7f11d50a3a
Message : Cannot find ContentPlaceHolder 'Fact2' in the master page '/App_Data/Sitefinity/WebsiteTemplates/Base/App_Master/Home2.Master', verify content control's ContentPlaceHolderID attribute in the content page.
Source : System.Web
Help link : 
WebEventCode : 0
ErrorCode : -2147467259
Data : System.Collections.ListDictionaryInternal
TargetSite : System.Web.UI.MasterPage CreateMaster(System.Web.UI.TemplateControl, System.Web.HttpContext, System.Web.VirtualPath, System.Collections.IDictionary)
HResult : -2147467259
Stack Trace :    at System.Web.UI.MasterPage.CreateMaster(TemplateControl owner, HttpContext context, VirtualPath masterPageFile, IDictionary contentTemplateCollection)
   at System.Web.UI.Page.get_Master()
   at System.Web.UI.Page.ApplyMasterPage()
   at System.Web.UI.Page.PerformPreInit()
   at System.Web.UI.Page.ProcessRequestMain(Boolean includeStagesBeforeAsyncPoint, Boolean includeStagesAfterAsyncPoint)

Additional Info:

MachineName : DEN-100001176
TimeStamp : 11/12/2015 1:11:24 AM
FullName : Telerik.Sitefinity.Utilities, Version=8.0.5700.0, Culture=neutral, PublicKeyToken=b28c218413bdf563
AppDomainName : /LM/W3SVC/2/ROOT-2-130917570539271373
ThreadIdentity : 
WindowsIdentity : SWIFTPAGE\Jeremy.Kron
Requested URL : http://localhost:60876/


Category: ErrorLog

Priority: 0

EventId: 90000

Severity: Error

Title:Enterprise Library Exception Handling

Machine: DEN-100001176

App Domain: /LM/W3SVC/2/ROOT-2-130917570539271373

ProcessId: 13244

Process Name: C:\Program Files (x86)\IIS Express\iisexpress.exe

Thread Name: 

Win32 ThreadId:12200

Extended Properties: 
----------------------------------------
----------------------------------------
Timestamp: 11/12/2015 1:11:27 AM

Message: HandlingInstanceID: d1695aed-c3a9-4b7e-956f-6b5b18f17f05
An exception of type 'System.Web.HttpException' occurred and was caught.
------------------------------------------------------------------------
11/11/2015 18:11:26
Type : System.Web.HttpException, System.Web, Version=4.0.0.0, Culture=neutral, PublicKeyToken=b03f5f7f11d50a3a
Message : Cannot find ContentPlaceHolder 'Fact2' in the master page '/App_Data/Sitefinity/WebsiteTemplates/Base/App_Master/Home2.Master', verify content control's ContentPlaceHolderID attribute in the content page.
Source : System.Web
Help link : 
WebEventCode : 0
ErrorCode : -2147467259
Data : System.Collections.ListDictionaryInternal
TargetSite : System.Web.UI.MasterPage CreateMaster(System.Web.UI.TemplateControl, System.Web.HttpContext, System.Web.VirtualPath, System.Collections.IDictionary)
HResult : -2147467259
Stack Trace :    at System.Web.UI.MasterPage.CreateMaster(TemplateControl owner, HttpContext context, VirtualPath masterPageFile, IDictionary contentTemplateCollection)
   at System.Web.UI.Page.get_Master()
   at System.Web.UI.Page.ApplyMasterPage()
   at System.Web.UI.Page.PerformPreInit()
   at System.Web.UI.Page.ProcessRequestMain(Boolean includeStagesBeforeAsyncPoint, Boolean includeStagesAfterAsyncPoint)

Additional Info:

MachineName : DEN-100001176
TimeStamp : 11/12/2015 1:11:26 AM
FullName : Telerik.Sitefinity.Utilities, Version=8.0.5700.0, Culture=neutral, PublicKeyToken=b28c218413bdf563
AppDomainName : /LM/W3SVC/2/ROOT-2-130917570539271373
ThreadIdentity : 
WindowsIdentity : SWIFTPAGE\Jeremy.Kron
Requested URL : http://localhost:60876/


Category: ErrorLog

Priority: 0

EventId: 90000

Severity: Error

Title:Enterprise Library Exception Handling

Machine: DEN-100001176

App Domain: /LM/W3SVC/2/ROOT-2-130917570539271373

ProcessId: 13244

Process Name: C:\Program Files (x86)\IIS Express\iisexpress.exe

Thread Name: 

Win32 ThreadId:14908

Extended Properties: 
----------------------------------------
