----------------------------------------
Timestamp: 1/25/2016 6:39:46 PM

Message: Shutting down threadpool...


----------------------------------------
----------------------------------------
Timestamp: 1/25/2016 6:39:46 PM

Message: Thread pool 'BackgroundTasksService': Shutdown of thread pool completed. All currently running threads will finish their work and stop.


----------------------------------------
----------------------------------------
Timestamp: 1/25/2016 6:39:46 PM

Message: Background task scheduler shut down


----------------------------------------
----------------------------------------
Timestamp: 1/25/2016 6:39:47 PM

Message: WorkerThread is shut down


----------------------------------------
----------------------------------------
Timestamp: 1/25/2016 6:39:47 PM

Message: WorkerThread is shut down


----------------------------------------
----------------------------------------
Timestamp: 1/25/2016 6:39:47 PM

Message: WorkerThread is shut down


----------------------------------------
----------------------------------------
Timestamp: 1/25/2016 6:39:47 PM

Message: WorkerThread is shut down


----------------------------------------
----------------------------------------
Timestamp: 1/25/2016 6:39:49 PM

Message: Shutting down threadpool...


----------------------------------------
----------------------------------------
Timestamp: 1/25/2016 6:39:49 PM

Message: Thread pool 'BackgroundTasksService': Shutdown of thread pool completed. Threads aborted.


----------------------------------------
