----------------------------------------
Timestamp: 2/2/2016 6:59:36 PM

Message: HandlingInstanceID: 9773ae87-3cf7-4961-bd82-511cad64e67b
An exception of type 'System.NullReferenceException' occurred and was caught.
-----------------------------------------------------------------------------
02/02/2016 11:59:36
Type : System.NullReferenceException, mscorlib, Version=4.0.0.0, Culture=neutral, PublicKeyToken=b77a5c561934e089
Message : Object reference not set to an instance of an object.
Source : Telerik.Sitefinity
Help link : 
Data : System.Collections.ListDictionaryInternal
TargetSite : Void VerifySectionRegistered(System.Type, System.String)
HResult : -2147467261
Stack Trace :    at Telerik.Sitefinity.Configuration.Config.VerifySectionRegistered(Type sectionType, String sectionName)
   at Telerik.Sitefinity.Configuration.Config.GetSectionInternal(Type sectionType, Boolean safeMode, String sectionName)
   at Telerik.Sitefinity.Configuration.Config.GetSectionPrivate(Type sectionType, Boolean safeMode, String sectionName)
   at Telerik.Sitefinity.Configuration.Config.GetSectionPrivate[TSection](Boolean safeMode)
   at Telerik.Sitefinity.Localization.ResourceManager.get_ProvidersSettings()
   at Telerik.Sitefinity.Data.ManagerBase`1.GetProvidersSettings()
   at Telerik.Sitefinity.Data.ManagerBase`1.Initialize()

Additional Info:

MachineName : DEN-100001176
TimeStamp : 2/2/2016 6:59:36 PM
FullName : Telerik.Sitefinity.Utilities, Version=8.0.5700.0, Culture=neutral, PublicKeyToken=b28c218413bdf563
AppDomainName : /LM/W3SVC/2/ROOT-35-130989131700398875
ThreadIdentity : SWIFTPAGE\Jeremy.Kron
WindowsIdentity : SWIFTPAGE\Jeremy.Kron


Category: ErrorLog

Priority: 0

EventId: 90030

Severity: Error

Title:Enterprise Library Exception Handling

Machine: DEN-100001176

App Domain: /LM/W3SVC/2/ROOT-35-130989131700398875

ProcessId: 8832

Process Name: C:\Program Files (x86)\Microsoft Visual Studio 12.0\Common7\IDE\Microsoft.VisualStudio.Web.Host.exe

Thread Name: 

Win32 ThreadId:8456

Extended Properties: 
----------------------------------------
