----------------------------------------
Timestamp: 1/26/2016 5:34:38 PM

Message: Shutting down threadpool...


----------------------------------------
----------------------------------------
Timestamp: 1/26/2016 5:34:38 PM

Message: Thread pool 'BackgroundTasksService': Shutdown of thread pool completed. All currently running threads will finish their work and stop.


----------------------------------------
----------------------------------------
Timestamp: 1/26/2016 5:34:39 PM

Message: WorkerThread is shut down


----------------------------------------
----------------------------------------
Timestamp: 1/26/2016 5:34:39 PM

Message: WorkerThread is shut down


----------------------------------------
----------------------------------------
Timestamp: 1/26/2016 5:34:39 PM

Message: Background task scheduler shut down


----------------------------------------
----------------------------------------
Timestamp: 1/26/2016 5:34:39 PM

Message: WorkerThread is shut down


----------------------------------------
----------------------------------------
Timestamp: 1/26/2016 5:34:39 PM

Message: WorkerThread is shut down


----------------------------------------
----------------------------------------
Timestamp: 1/26/2016 5:34:40 PM

Message: Shutting down threadpool...


----------------------------------------
----------------------------------------
Timestamp: 1/26/2016 5:34:40 PM

Message: Thread pool 'BackgroundTasksService': Shutdown of thread pool completed. Threads aborted.


----------------------------------------
