----------------------------------------
Timestamp: 10/13/2015 9:53:22 PM

Message: HandlingInstanceID: c8167bc7-35ad-43da-acc5-42cbeb5f54e3
An exception of type 'System.Security.Cryptography.CryptographicException' occurred and was caught.
---------------------------------------------------------------------------------------------------
10/13/2015 15:53:22
Type : System.Security.Cryptography.CryptographicException, mscorlib, Version=4.0.0.0, Culture=neutral, PublicKeyToken=b77a5c561934e089
Message : Specified key is a known weak key for 'TripleDES' and cannot be used.
Source : mscorlib
Help link : 
Data : System.Collections.ListDictionaryInternal
TargetSite : System.Security.Cryptography.ICryptoTransform CreateDecryptor(Byte[], Byte[])
HResult : -2146233296
Stack Trace :    at System.Security.Cryptography.TripleDESCryptoServiceProvider.CreateDecryptor(Byte[] rgbKey, Byte[] rgbIV)
   at Telerik.Sitefinity.Security.SecurityManager.DecryptData(Byte[] data)
   at Telerik.Sitefinity.Security.Claims.SitefinityCookieTransform.Decode(Byte[] encoded)
   at Microsoft.IdentityModel.Tokens.SessionSecurityTokenHandler.ApplyTransforms(Byte[] cookie, Boolean outbound)
   at Microsoft.IdentityModel.Tokens.SessionSecurityTokenHandler.ReadToken(XmlReader reader, SecurityTokenResolver tokenResolver)
   at Telerik.Sitefinity.Security.Claims.SitefinitySessionTokenHandler.ReadToken(XmlReader reader, SecurityTokenResolver tokenResolver)
   at Microsoft.IdentityModel.Tokens.SessionSecurityTokenHandler.ReadToken(Byte[] token, SecurityTokenResolver tokenResolver)
   at Telerik.Sitefinity.Security.Claims.SitefinitySessionAuthenticationModule.ReadToken(Byte[] sessionCookie)

Additional Info:

MachineName : DEN-100001176
TimeStamp : 10/13/2015 9:53:22 PM
FullName : Telerik.Sitefinity.Utilities, Version=8.0.5700.0, Culture=neutral, PublicKeyToken=b28c218413bdf563
AppDomainName : /LM/W3SVC/2/ROOT-6-130892467879771019
ThreadIdentity : 
WindowsIdentity : SWIFTPAGE\Jeremy.Kron
Requested URL : http://localhost:60876/Sitefinity/Services/Dashboard/DashboardService.svc/GetRecentItems/


Category: ErrorLog

Priority: 0

EventId: 9010

Severity: Warning

Title:Enterprise Library Exception Handling

Machine: DEN-100001176

App Domain: /LM/W3SVC/2/ROOT-6-130892467879771019

ProcessId: 12196

Process Name: C:\Program Files (x86)\IIS Express\iisexpress.exe

Thread Name: 

Win32 ThreadId:5096

Extended Properties: 
----------------------------------------
