----------------------------------------
Timestamp: 9/12/2015 1:23:54 AM

Message: Shutting down threadpool...


----------------------------------------
----------------------------------------
Timestamp: 9/12/2015 1:23:54 AM

Message: Thread pool 'BackgroundTasksService': Shutdown of thread pool completed. All currently running threads will finish their work and stop.


----------------------------------------
----------------------------------------
Timestamp: 9/12/2015 1:23:54 AM

Message: WorkerThread is shut down


----------------------------------------
----------------------------------------
Timestamp: 9/12/2015 1:23:54 AM

Message: WorkerThread is shut down


----------------------------------------
----------------------------------------
Timestamp: 9/12/2015 1:23:54 AM

Message: WorkerThread is shut down


----------------------------------------
----------------------------------------
Timestamp: 9/12/2015 1:23:54 AM

Message: WorkerThread is shut down


----------------------------------------
----------------------------------------
Timestamp: 9/12/2015 1:23:54 AM

Message: WorkerThread is shut down


----------------------------------------
----------------------------------------
Timestamp: 9/12/2015 1:23:54 AM

Message: WorkerThread is shut down


----------------------------------------
----------------------------------------
Timestamp: 9/12/2015 1:23:54 AM

Message: Background task scheduler shut down


----------------------------------------
----------------------------------------
Timestamp: 9/12/2015 1:23:54 AM

Message: WorkerThread is shut down


----------------------------------------
----------------------------------------
Timestamp: 9/12/2015 1:23:54 AM

Message: WorkerThread is shut down


----------------------------------------
----------------------------------------
Timestamp: 9/12/2015 1:23:56 AM

Message: Shutting down threadpool...


----------------------------------------
----------------------------------------
Timestamp: 9/12/2015 1:23:56 AM

Message: Thread pool 'BackgroundTasksService': Shutdown of thread pool completed. Threads aborted.


----------------------------------------
