----------------------------------------
Timestamp: 10/6/2015 8:13:23 PM

Message: HandlingInstanceID: fa1db846-5262-4663-af3b-c60340364b54
An exception of type 'System.Security.Cryptography.CryptographicException' occurred and was caught.
---------------------------------------------------------------------------------------------------
10/06/2015 14:13:23
Type : System.Security.Cryptography.CryptographicException, mscorlib, Version=4.0.0.0, Culture=neutral, PublicKeyToken=b77a5c561934e089
Message : Bad Data.

Source : mscorlib
Help link : 
Data : System.Collections.ListDictionaryInternal
TargetSite : Void ThrowCryptographicException(Int32)
HResult : -2146893819
Stack Trace :    at System.Security.Cryptography.CryptographicException.ThrowCryptographicException(Int32 hr)
   at System.Security.Cryptography.Utils._DecryptData(SafeKeyHandle hKey, Byte[] data, Int32 ib, Int32 cb, Byte[]& outputBuffer, Int32 outputOffset, PaddingMode PaddingMode, Boolean fDone)
   at System.Security.Cryptography.CryptoAPITransform.TransformFinalBlock(Byte[] inputBuffer, Int32 inputOffset, Int32 inputCount)
   at System.Security.Cryptography.CryptoStream.FlushFinalBlock()
   at System.Security.Cryptography.CryptoStream.Dispose(Boolean disposing)
   at System.IO.Stream.Close()
   at System.IO.Stream.Dispose()
   at Telerik.Sitefinity.Security.SecurityManager.DecryptData(Byte[] data)
   at Telerik.Sitefinity.Security.Claims.SitefinityCookieTransform.Decode(Byte[] encoded)
   at Microsoft.IdentityModel.Tokens.SessionSecurityTokenHandler.ApplyTransforms(Byte[] cookie, Boolean outbound)
   at Microsoft.IdentityModel.Tokens.SessionSecurityTokenHandler.ReadToken(XmlReader reader, SecurityTokenResolver tokenResolver)
   at Telerik.Sitefinity.Security.Claims.SitefinitySessionTokenHandler.ReadToken(XmlReader reader, SecurityTokenResolver tokenResolver)
   at Microsoft.IdentityModel.Tokens.SessionSecurityTokenHandler.ReadToken(Byte[] token, SecurityTokenResolver tokenResolver)
   at Telerik.Sitefinity.Security.Claims.SitefinitySessionAuthenticationModule.ReadToken(Byte[] sessionCookie)

Additional Info:

MachineName : DEN-100001176
TimeStamp : 10/6/2015 8:13:23 PM
FullName : Telerik.Sitefinity.Utilities, Version=8.0.5700.0, Culture=neutral, PublicKeyToken=b28c218413bdf563
AppDomainName : /LM/W3SVC/2/ROOT-2-130886359872899768
ThreadIdentity : 
WindowsIdentity : SWIFTPAGE\Jeremy.Kron
Requested URL : http://localhost:60876/Sitefinity/Design/ControlTemplates


Category: ErrorLog

Priority: 0

EventId: 9010

Severity: Warning

Title:Enterprise Library Exception Handling

Machine: DEN-100001176

App Domain: /LM/W3SVC/2/ROOT-2-130886359872899768

ProcessId: 8828

Process Name: C:\Program Files (x86)\IIS Express\iisexpress.exe

Thread Name: 

Win32 ThreadId:7224

Extended Properties: 
----------------------------------------
----------------------------------------
Timestamp: 10/6/2015 8:13:23 PM

Message: HandlingInstanceID: 98d24118-ab6d-4467-a92b-67612d460722
An exception of type 'System.Security.Cryptography.CryptographicException' occurred and was caught.
---------------------------------------------------------------------------------------------------
10/06/2015 14:13:23
Type : System.Security.Cryptography.CryptographicException, mscorlib, Version=4.0.0.0, Culture=neutral, PublicKeyToken=b77a5c561934e089
Message : Bad Data.

Source : mscorlib
Help link : 
Data : System.Collections.ListDictionaryInternal
TargetSite : Void ThrowCryptographicException(Int32)
HResult : -2146893819
Stack Trace :    at System.Security.Cryptography.CryptographicException.ThrowCryptographicException(Int32 hr)
   at System.Security.Cryptography.Utils._DecryptData(SafeKeyHandle hKey, Byte[] data, Int32 ib, Int32 cb, Byte[]& outputBuffer, Int32 outputOffset, PaddingMode PaddingMode, Boolean fDone)
   at System.Security.Cryptography.CryptoAPITransform.TransformFinalBlock(Byte[] inputBuffer, Int32 inputOffset, Int32 inputCount)
   at System.Security.Cryptography.CryptoStream.FlushFinalBlock()
   at System.Security.Cryptography.CryptoStream.Dispose(Boolean disposing)
   at System.IO.Stream.Close()
   at System.IO.Stream.Dispose()
   at Telerik.Sitefinity.Security.SecurityManager.DecryptData(Byte[] data)
   at Telerik.Sitefinity.Security.Claims.SitefinityCookieTransform.Decode(Byte[] encoded)
   at Microsoft.IdentityModel.Tokens.SessionSecurityTokenHandler.ApplyTransforms(Byte[] cookie, Boolean outbound)
   at Microsoft.IdentityModel.Tokens.SessionSecurityTokenHandler.ReadToken(XmlReader reader, SecurityTokenResolver tokenResolver)
   at Telerik.Sitefinity.Security.Claims.SitefinitySessionTokenHandler.ReadToken(XmlReader reader, SecurityTokenResolver tokenResolver)
   at Microsoft.IdentityModel.Tokens.SessionSecurityTokenHandler.ReadToken(Byte[] token, SecurityTokenResolver tokenResolver)
   at Telerik.Sitefinity.Security.Claims.SitefinitySessionAuthenticationModule.ReadToken(Byte[] sessionCookie)

Additional Info:

MachineName : DEN-100001176
TimeStamp : 10/6/2015 8:13:23 PM
FullName : Telerik.Sitefinity.Utilities, Version=8.0.5700.0, Culture=neutral, PublicKeyToken=b28c218413bdf563
AppDomainName : /LM/W3SVC/2/ROOT-2-130886359872899768
ThreadIdentity : 
WindowsIdentity : SWIFTPAGE\Jeremy.Kron
Requested URL : http://localhost:60876/act-blog/blog/2015/09/09/4-easy-ways-act!-can-save-you-time


Category: ErrorLog

Priority: 0

EventId: 9010

Severity: Warning

Title:Enterprise Library Exception Handling

Machine: DEN-100001176

App Domain: /LM/W3SVC/2/ROOT-2-130886359872899768

ProcessId: 8828

Process Name: C:\Program Files (x86)\IIS Express\iisexpress.exe

Thread Name: 

Win32 ThreadId:9844

Extended Properties: 
----------------------------------------
----------------------------------------
Timestamp: 10/6/2015 10:04:03 PM

Message: HandlingInstanceID: dbc0f422-4e88-4b1b-9cad-380a927e27e1
An exception of type 'System.Reflection.TargetInvocationException' occurred and was caught.
-------------------------------------------------------------------------------------------
10/06/2015 16:04:03
Type : System.Reflection.TargetInvocationException, mscorlib, Version=4.0.0.0, Culture=neutral, PublicKeyToken=b77a5c561934e089
Message : Exception has been thrown by the target of an invocation.
Source : mscorlib
Help link : 
Data : System.Collections.ListDictionaryInternal
TargetSite : System.Object InvokeMethod(System.Object, System.Object[], System.Signature, Boolean)
HResult : -2146232828
Stack Trace :    at System.RuntimeMethodHandle.InvokeMethod(Object target, Object[] arguments, Signature sig, Boolean constructor)
   at System.Reflection.RuntimeMethodInfo.UnsafeInvokeInternal(Object obj, Object[] parameters, Object[] arguments)
   at System.Reflection.RuntimeMethodInfo.Invoke(Object obj, BindingFlags invokeAttr, Binder binder, Object[] parameters, CultureInfo culture)
   at System.Reflection.RuntimePropertyInfo.GetValue(Object obj, BindingFlags invokeAttr, Binder binder, Object[] index, CultureInfo culture)
   at System.Reflection.RuntimePropertyInfo.GetValue(Object obj, Object[] index)
   at Telerik.Sitefinity.Mvc.Proxy.ControllerSettings.SetDefaultControllerValues()
   at Telerik.Sitefinity.Mvc.Proxy.MvcProxyBase.get_Settings()
   at Telerik.Sitefinity.Mvc.ControllerActionInvoker.DeserializeControllerProperties(MvcProxyBase proxyControl)
   at Telerik.Sitefinity.Mvc.ControllerActionInvoker.TryInvokeAction(MvcProxyBase proxyControl, String& output)
   at Telerik.Sitefinity.Mvc.Proxy.MvcControllerProxy.ExecuteController()
   at Telerik.Sitefinity.Mvc.Proxy.MvcControllerProxy.OnPreRender(EventArgs e)
   at System.Web.UI.Control.PreRenderRecursiveInternal()
   at System.Web.UI.Control.PreRenderRecursiveInternal()
   at System.Web.UI.Control.PreRenderRecursiveInternal()
   at System.Web.UI.Page.ProcessRequestMain(Boolean includeStagesBeforeAsyncPoint, Boolean includeStagesAfterAsyncPoint)

Additional Info:

MachineName : DEN-100001176
TimeStamp : 10/6/2015 10:04:03 PM
FullName : Telerik.Sitefinity.Utilities, Version=8.0.5700.0, Culture=neutral, PublicKeyToken=b28c218413bdf563
AppDomainName : /LM/W3SVC/2/ROOT-2-130886359872899768
ThreadIdentity : admin
WindowsIdentity : SWIFTPAGE\Jeremy.Kron
Requested URL : http://localhost:60876/Sitefinity/Services/Pages/ZoneEditorService.svc/Control/
	Inner Exception
	---------------
	Type : Telerik.Microsoft.Practices.Unity.ResolutionFailedException, Telerik.Sitefinity.Utilities, Version=8.0.5700.0, Culture=neutral, PublicKeyToken=b28c218413bdf563
	Message : Resolution of the dependency failed, type = "Telerik.Sitefinity.Frontend.Search.Mvc.StringResources.SearchWidgetsResources", name = "SearchWidgetsResources".
Exception occurred while: while resolving.
Exception is: InvalidOperationException - The type ResourceDataProvider cannot be constructed. You must configure the container to supply this value.
-----------------------------------------------
At the time of the exception, the container was:

  Resolving Telerik.Sitefinity.Frontend.Search.Mvc.StringResources.SearchWidgetsResources,SearchWidgetsResources
  Resolving parameter "dataProvider" of constructor Telerik.Sitefinity.Frontend.Search.Mvc.StringResources.SearchWidgetsResources(Telerik.Sitefinity.Localization.Data.ResourceDataProvider dataProvider)
    Resolving Telerik.Sitefinity.Localization.Data.ResourceDataProvider,(none)

	Source : Telerik.Sitefinity.Utilities
	Help link : 
	TypeRequested : SearchWidgetsResources
	NameRequested : SearchWidgetsResources
	Data : System.Collections.ListDictionaryInternal
	TargetSite : System.Object DoBuildUp(System.Type, System.Object, System.String, System.Collections.Generic.IEnumerable`1[Telerik.Microsoft.Practices.Unity.ResolverOverride])
	HResult : -2146233088
	Stack Trace :    at Telerik.Microsoft.Practices.Unity.UnityContainer.DoBuildUp(Type t, Object existing, String name, IEnumerable`1 resolverOverrides)
	   at Telerik.Microsoft.Practices.Unity.UnityContainer.Resolve(Type t, String name, ResolverOverride[] resolverOverrides)
	   at Telerik.Microsoft.Practices.Unity.UnityContainerExtensions.Resolve[T](IUnityContainer container, String name, ResolverOverride[] overrides)
	   at Telerik.Sitefinity.Abstractions.ObjectFactory.Resolve[T](String name)
	   at Telerik.Sitefinity.Localization.Res.Get[T]()
	   at Telerik.Sitefinity.Frontend.Search.Mvc.Controllers.SearchBoxController.get_EmptyLinkText()

		Inner Exception
		---------------
		Type : System.InvalidOperationException, mscorlib, Version=4.0.0.0, Culture=neutral, PublicKeyToken=b77a5c561934e089
		Message : The type ResourceDataProvider cannot be constructed. You must configure the container to supply this value.
		Source : Telerik.Sitefinity.Utilities
		Help link : 
		Data : System.Collections.ListDictionaryInternal
		TargetSite : Void GuardTypeIsNonPrimitive(Telerik.Microsoft.Practices.ObjectBuilder2.IBuilderContext, Telerik.Microsoft.Practices.ObjectBuilder2.SelectedConstructor)
		HResult : -2146233079
		Stack Trace :    at Telerik.Microsoft.Practices.ObjectBuilder2.DynamicMethodConstructorStrategy.GuardTypeIsNonPrimitive(IBuilderContext context, SelectedConstructor selectedConstructor)
		   at Telerik.Microsoft.Practices.ObjectBuilder2.DynamicMethodConstructorStrategy.PreBuildUp(IBuilderContext context)
		   at Telerik.Microsoft.Practices.ObjectBuilder2.StrategyChain.ExecuteBuildUp(IBuilderContext context)
		   at Telerik.Microsoft.Practices.ObjectBuilder2.DynamicMethodBuildPlanCreatorPolicy.CreatePlan(IBuilderContext context, NamedTypeBuildKey buildKey)
		   at Telerik.Microsoft.Practices.ObjectBuilder2.BuildPlanStrategy.PreBuildUp(IBuilderContext context)
		   at Telerik.Microsoft.Practices.ObjectBuilder2.StrategyChain.ExecuteBuildUp(IBuilderContext context)
		   at Telerik.Microsoft.Practices.ObjectBuilder2.BuilderContext.NewBuildUp(NamedTypeBuildKey newBuildKey)
		   at Telerik.Microsoft.Practices.Unity.ObjectBuilder.NamedTypeDependencyResolverPolicy.Resolve(IBuilderContext context)
		   at BuildUp_Telerik.Sitefinity.Frontend.Search.Mvc.StringResources.SearchWidgetsResources(IBuilderContext )
		   at Telerik.Microsoft.Practices.ObjectBuilder2.DynamicMethodBuildPlan.BuildUp(IBuilderContext context)
		   at Telerik.Microsoft.Practices.ObjectBuilder2.BuildPlanStrategy.PreBuildUp(IBuilderContext context)
		   at Telerik.Microsoft.Practices.ObjectBuilder2.StrategyChain.ExecuteBuildUp(IBuilderContext context)
		   at Telerik.Microsoft.Practices.Unity.UnityContainer.DoBuildUp(Type t, Object existing, String name, IEnumerable`1 resolverOverrides)



Category: ErrorLog

Priority: 0

EventId: 90000

Severity: Error

Title:Enterprise Library Exception Handling

Machine: DEN-100001176

App Domain: /LM/W3SVC/2/ROOT-2-130886359872899768

ProcessId: 8828

Process Name: C:\Program Files (x86)\IIS Express\iisexpress.exe

Thread Name: 

Win32 ThreadId:11376

Extended Properties: 
----------------------------------------
----------------------------------------
Timestamp: 10/6/2015 10:04:03 PM

Message: HandlingInstanceID: d88e0aff-f95c-4d7f-be15-352306c92a5c
An exception of type 'Telerik.Microsoft.Practices.Unity.ResolutionFailedException' occurred and was caught.
-----------------------------------------------------------------------------------------------------------
10/06/2015 16:04:03
Type : Telerik.Microsoft.Practices.Unity.ResolutionFailedException, Telerik.Sitefinity.Utilities, Version=8.0.5700.0, Culture=neutral, PublicKeyToken=b28c218413bdf563
Message : Resolution of the dependency failed, type = "Telerik.Sitefinity.Frontend.Search.Mvc.StringResources.SearchWidgetsResources", name = "SearchWidgetsResources".
Exception occurred while: while resolving.
Exception is: InvalidOperationException - The type ResourceDataProvider cannot be constructed. You must configure the container to supply this value.
-----------------------------------------------
At the time of the exception, the container was:

  Resolving Telerik.Sitefinity.Frontend.Search.Mvc.StringResources.SearchWidgetsResources,SearchWidgetsResources
  Resolving parameter "dataProvider" of constructor Telerik.Sitefinity.Frontend.Search.Mvc.StringResources.SearchWidgetsResources(Telerik.Sitefinity.Localization.Data.ResourceDataProvider dataProvider)
    Resolving Telerik.Sitefinity.Localization.Data.ResourceDataProvider,(none)

Source : Telerik.Sitefinity.Utilities
Help link : 
TypeRequested : SearchWidgetsResources
NameRequested : SearchWidgetsResources
Data : System.Collections.ListDictionaryInternal
TargetSite : System.Object DoBuildUp(System.Type, System.Object, System.String, System.Collections.Generic.IEnumerable`1[Telerik.Microsoft.Practices.Unity.ResolverOverride])
HResult : -2146233088
Stack Trace :    at Telerik.Microsoft.Practices.Unity.UnityContainer.DoBuildUp(Type t, Object existing, String name, IEnumerable`1 resolverOverrides)
   at Telerik.Microsoft.Practices.Unity.UnityContainer.Resolve(Type t, String name, ResolverOverride[] resolverOverrides)
   at Telerik.Microsoft.Practices.Unity.UnityContainerExtensions.Resolve[T](IUnityContainer container, String name, ResolverOverride[] overrides)
   at Telerik.Sitefinity.Abstractions.ObjectFactory.Resolve[T](String name)
   at Telerik.Sitefinity.Localization.Res.Get[T]()
   at Telerik.Sitefinity.Frontend.Search.Mvc.Controllers.SearchBoxController.get_EmptyLinkText()
   at Telerik.Sitefinity.Web.UI.ZoneEditor.TryCreateEmptyControl(Control control)
   at Telerik.Sitefinity.Modules.Pages.Web.Services.ZoneEditorService.UpdateState(ZoneEditorWebServiceArgs state, Boolean isLayoutControl)
   at Telerik.Sitefinity.Modules.Pages.Web.Services.ZoneEditorService.UpdateControlState(ZoneEditorWebServiceArgs state)
   at SyncInvokeUpdateControlState(Object , Object[] , Object[] )
   at System.ServiceModel.Dispatcher.SyncMethodInvoker.Invoke(Object instance, Object[] inputs, Object[]& outputs)
   at System.ServiceModel.Dispatcher.DispatchOperationRuntime.InvokeBegin(MessageRpc& rpc)
   at System.ServiceModel.Dispatcher.ImmutableDispatchRuntime.ProcessMessage5(MessageRpc& rpc)
   at System.ServiceModel.Dispatcher.ImmutableDispatchRuntime.ProcessMessage41(MessageRpc& rpc)
   at System.ServiceModel.Dispatcher.ImmutableDispatchRuntime.ProcessMessage4(MessageRpc& rpc)
   at System.ServiceModel.Dispatcher.ImmutableDispatchRuntime.ProcessMessage31(MessageRpc& rpc)
   at System.ServiceModel.Dispatcher.ImmutableDispatchRuntime.ProcessMessage3(MessageRpc& rpc)
   at System.ServiceModel.Dispatcher.ImmutableDispatchRuntime.ProcessMessage2(MessageRpc& rpc)
   at System.ServiceModel.Dispatcher.ImmutableDispatchRuntime.ProcessMessage11(MessageRpc& rpc)
   at System.ServiceModel.Dispatcher.ImmutableDispatchRuntime.ProcessMessage1(MessageRpc& rpc)
   at System.ServiceModel.Dispatcher.MessageRpc.Process(Boolean isOperationContextSet)

Additional Info:

MachineName : DEN-100001176
TimeStamp : 10/6/2015 10:04:03 PM
FullName : Telerik.Sitefinity.Utilities, Version=8.0.5700.0, Culture=neutral, PublicKeyToken=b28c218413bdf563
AppDomainName : /LM/W3SVC/2/ROOT-2-130886359872899768
ThreadIdentity : 
WindowsIdentity : SWIFTPAGE\Jeremy.Kron
Requested URL : http://localhost:60876/Sitefinity/Services/Pages/ZoneEditorService.svc/Control/
	Inner Exception
	---------------
	Type : System.InvalidOperationException, mscorlib, Version=4.0.0.0, Culture=neutral, PublicKeyToken=b77a5c561934e089
	Message : The type ResourceDataProvider cannot be constructed. You must configure the container to supply this value.
	Source : Telerik.Sitefinity.Utilities
	Help link : 
	Data : System.Collections.ListDictionaryInternal
	TargetSite : Void GuardTypeIsNonPrimitive(Telerik.Microsoft.Practices.ObjectBuilder2.IBuilderContext, Telerik.Microsoft.Practices.ObjectBuilder2.SelectedConstructor)
	HResult : -2146233079
	Stack Trace :    at Telerik.Microsoft.Practices.ObjectBuilder2.DynamicMethodConstructorStrategy.GuardTypeIsNonPrimitive(IBuilderContext context, SelectedConstructor selectedConstructor)
	   at Telerik.Microsoft.Practices.ObjectBuilder2.DynamicMethodConstructorStrategy.PreBuildUp(IBuilderContext context)
	   at Telerik.Microsoft.Practices.ObjectBuilder2.StrategyChain.ExecuteBuildUp(IBuilderContext context)
	   at Telerik.Microsoft.Practices.ObjectBuilder2.DynamicMethodBuildPlanCreatorPolicy.CreatePlan(IBuilderContext context, NamedTypeBuildKey buildKey)
	   at Telerik.Microsoft.Practices.ObjectBuilder2.BuildPlanStrategy.PreBuildUp(IBuilderContext context)
	   at Telerik.Microsoft.Practices.ObjectBuilder2.StrategyChain.ExecuteBuildUp(IBuilderContext context)
	   at Telerik.Microsoft.Practices.ObjectBuilder2.BuilderContext.NewBuildUp(NamedTypeBuildKey newBuildKey)
	   at Telerik.Microsoft.Practices.Unity.ObjectBuilder.NamedTypeDependencyResolverPolicy.Resolve(IBuilderContext context)
	   at BuildUp_Telerik.Sitefinity.Frontend.Search.Mvc.StringResources.SearchWidgetsResources(IBuilderContext )
	   at Telerik.Microsoft.Practices.ObjectBuilder2.DynamicMethodBuildPlan.BuildUp(IBuilderContext context)
	   at Telerik.Microsoft.Practices.ObjectBuilder2.BuildPlanStrategy.PreBuildUp(IBuilderContext context)
	   at Telerik.Microsoft.Practices.ObjectBuilder2.StrategyChain.ExecuteBuildUp(IBuilderContext context)
	   at Telerik.Microsoft.Practices.Unity.UnityContainer.DoBuildUp(Type t, Object existing, String name, IEnumerable`1 resolverOverrides)



Category: ErrorLog

Priority: 0

EventId: 90000

Severity: Error

Title:Enterprise Library Exception Handling

Machine: DEN-100001176

App Domain: /LM/W3SVC/2/ROOT-2-130886359872899768

ProcessId: 8828

Process Name: C:\Program Files (x86)\IIS Express\iisexpress.exe

Thread Name: 

Win32 ThreadId:11376

Extended Properties: 
----------------------------------------
----------------------------------------
Timestamp: 10/6/2015 10:04:03 PM

Message: HandlingInstanceID: dba01e10-c3d1-43b8-875a-422f8406240b
An exception of type 'System.Reflection.TargetInvocationException' occurred and was caught.
-------------------------------------------------------------------------------------------
10/06/2015 16:04:03
Type : System.Reflection.TargetInvocationException, mscorlib, Version=4.0.0.0, Culture=neutral, PublicKeyToken=b77a5c561934e089
Message : Exception has been thrown by the target of an invocation.
Source : mscorlib
Help link : 
Data : System.Collections.ListDictionaryInternal
TargetSite : System.Object InvokeMethod(System.Object, System.Object[], System.Signature, Boolean)
HResult : -2146232828
Stack Trace :    at System.RuntimeMethodHandle.InvokeMethod(Object target, Object[] arguments, Signature sig, Boolean constructor)
   at System.Reflection.RuntimeMethodInfo.UnsafeInvokeInternal(Object obj, Object[] parameters, Object[] arguments)
   at System.Reflection.RuntimeMethodInfo.Invoke(Object obj, BindingFlags invokeAttr, Binder binder, Object[] parameters, CultureInfo culture)
   at System.Reflection.RuntimePropertyInfo.GetValue(Object obj, BindingFlags invokeAttr, Binder binder, Object[] index, CultureInfo culture)
   at System.Reflection.RuntimePropertyInfo.GetValue(Object obj, Object[] index)
   at Telerik.Sitefinity.Mvc.Proxy.ControllerSettings.SetDefaultControllerValues()
   at Telerik.Sitefinity.Mvc.Proxy.MvcProxyBase.get_Settings()
   at Telerik.Sitefinity.Mvc.ControllerActionInvoker.DeserializeControllerProperties(MvcProxyBase proxyControl)
   at Telerik.Sitefinity.Mvc.ControllerActionInvoker.TryInvokeAction(MvcProxyBase proxyControl, String& output)
   at Telerik.Sitefinity.Mvc.Proxy.MvcControllerProxy.ExecuteController()
   at Telerik.Sitefinity.Mvc.Proxy.MvcControllerProxy.OnPreRender(EventArgs e)
   at System.Web.UI.Control.PreRenderRecursiveInternal()
   at System.Web.UI.Control.PreRenderRecursiveInternal()
   at System.Web.UI.Control.PreRenderRecursiveInternal()
   at System.Web.UI.Page.ProcessRequestMain(Boolean includeStagesBeforeAsyncPoint, Boolean includeStagesAfterAsyncPoint)

Additional Info:

MachineName : DEN-100001176
TimeStamp : 10/6/2015 10:04:03 PM
FullName : Telerik.Sitefinity.Utilities, Version=8.0.5700.0, Culture=neutral, PublicKeyToken=b28c218413bdf563
AppDomainName : /LM/W3SVC/2/ROOT-2-130886359872899768
ThreadIdentity : admin
WindowsIdentity : SWIFTPAGE\Jeremy.Kron
Requested URL : http://localhost:60876/Sitefinity/Services/Pages/ZoneEditorService.svc/Control/
	Inner Exception
	---------------
	Type : Telerik.Microsoft.Practices.Unity.ResolutionFailedException, Telerik.Sitefinity.Utilities, Version=8.0.5700.0, Culture=neutral, PublicKeyToken=b28c218413bdf563
	Message : Resolution of the dependency failed, type = "Telerik.Sitefinity.Frontend.Search.Mvc.StringResources.SearchWidgetsResources", name = "SearchWidgetsResources".
Exception occurred while: while resolving.
Exception is: InvalidOperationException - The type ResourceDataProvider cannot be constructed. You must configure the container to supply this value.
-----------------------------------------------
At the time of the exception, the container was:

  Resolving Telerik.Sitefinity.Frontend.Search.Mvc.StringResources.SearchWidgetsResources,SearchWidgetsResources
  Resolving parameter "dataProvider" of constructor Telerik.Sitefinity.Frontend.Search.Mvc.StringResources.SearchWidgetsResources(Telerik.Sitefinity.Localization.Data.ResourceDataProvider dataProvider)
    Resolving Telerik.Sitefinity.Localization.Data.ResourceDataProvider,(none)

	Source : Telerik.Sitefinity.Utilities
	Help link : 
	TypeRequested : SearchWidgetsResources
	NameRequested : SearchWidgetsResources
	Data : System.Collections.ListDictionaryInternal
	TargetSite : System.Object DoBuildUp(System.Type, System.Object, System.String, System.Collections.Generic.IEnumerable`1[Telerik.Microsoft.Practices.Unity.ResolverOverride])
	HResult : -2146233088
	Stack Trace :    at Telerik.Microsoft.Practices.Unity.UnityContainer.DoBuildUp(Type t, Object existing, String name, IEnumerable`1 resolverOverrides)
	   at Telerik.Microsoft.Practices.Unity.UnityContainer.Resolve(Type t, String name, ResolverOverride[] resolverOverrides)
	   at Telerik.Microsoft.Practices.Unity.UnityContainerExtensions.Resolve[T](IUnityContainer container, String name, ResolverOverride[] overrides)
	   at Telerik.Sitefinity.Abstractions.ObjectFactory.Resolve[T](String name)
	   at Telerik.Sitefinity.Localization.Res.Get[T]()
	   at Telerik.Sitefinity.Frontend.Search.Mvc.Controllers.SearchBoxController.get_EmptyLinkText()

		Inner Exception
		---------------
		Type : System.InvalidOperationException, mscorlib, Version=4.0.0.0, Culture=neutral, PublicKeyToken=b77a5c561934e089
		Message : The type ResourceDataProvider cannot be constructed. You must configure the container to supply this value.
		Source : Telerik.Sitefinity.Utilities
		Help link : 
		Data : System.Collections.ListDictionaryInternal
		TargetSite : Void GuardTypeIsNonPrimitive(Telerik.Microsoft.Practices.ObjectBuilder2.IBuilderContext, Telerik.Microsoft.Practices.ObjectBuilder2.SelectedConstructor)
		HResult : -2146233079
		Stack Trace :    at Telerik.Microsoft.Practices.ObjectBuilder2.DynamicMethodConstructorStrategy.GuardTypeIsNonPrimitive(IBuilderContext context, SelectedConstructor selectedConstructor)
		   at Telerik.Microsoft.Practices.ObjectBuilder2.DynamicMethodConstructorStrategy.PreBuildUp(IBuilderContext context)
		   at Telerik.Microsoft.Practices.ObjectBuilder2.StrategyChain.ExecuteBuildUp(IBuilderContext context)
		   at Telerik.Microsoft.Practices.ObjectBuilder2.DynamicMethodBuildPlanCreatorPolicy.CreatePlan(IBuilderContext context, NamedTypeBuildKey buildKey)
		   at Telerik.Microsoft.Practices.ObjectBuilder2.BuildPlanStrategy.PreBuildUp(IBuilderContext context)
		   at Telerik.Microsoft.Practices.ObjectBuilder2.StrategyChain.ExecuteBuildUp(IBuilderContext context)
		   at Telerik.Microsoft.Practices.ObjectBuilder2.BuilderContext.NewBuildUp(NamedTypeBuildKey newBuildKey)
		   at Telerik.Microsoft.Practices.Unity.ObjectBuilder.NamedTypeDependencyResolverPolicy.Resolve(IBuilderContext context)
		   at BuildUp_Telerik.Sitefinity.Frontend.Search.Mvc.StringResources.SearchWidgetsResources(IBuilderContext )
		   at Telerik.Microsoft.Practices.ObjectBuilder2.DynamicMethodBuildPlan.BuildUp(IBuilderContext context)
		   at Telerik.Microsoft.Practices.ObjectBuilder2.BuildPlanStrategy.PreBuildUp(IBuilderContext context)
		   at Telerik.Microsoft.Practices.ObjectBuilder2.StrategyChain.ExecuteBuildUp(IBuilderContext context)
		   at Telerik.Microsoft.Practices.Unity.UnityContainer.DoBuildUp(Type t, Object existing, String name, IEnumerable`1 resolverOverrides)



Category: ErrorLog

Priority: 0

EventId: 90000

Severity: Error

Title:Enterprise Library Exception Handling

Machine: DEN-100001176

App Domain: /LM/W3SVC/2/ROOT-2-130886359872899768

ProcessId: 8828

Process Name: C:\Program Files (x86)\IIS Express\iisexpress.exe

Thread Name: 

Win32 ThreadId:11376

Extended Properties: 
----------------------------------------
----------------------------------------
Timestamp: 10/6/2015 10:04:03 PM

Message: HandlingInstanceID: 3ab1985c-2624-4c62-b8be-8dfb13dbe7a2
An exception of type 'Telerik.Microsoft.Practices.Unity.ResolutionFailedException' occurred and was caught.
-----------------------------------------------------------------------------------------------------------
10/06/2015 16:04:03
Type : Telerik.Microsoft.Practices.Unity.ResolutionFailedException, Telerik.Sitefinity.Utilities, Version=8.0.5700.0, Culture=neutral, PublicKeyToken=b28c218413bdf563
Message : Resolution of the dependency failed, type = "Telerik.Sitefinity.Frontend.Search.Mvc.StringResources.SearchWidgetsResources", name = "SearchWidgetsResources".
Exception occurred while: while resolving.
Exception is: InvalidOperationException - The type ResourceDataProvider cannot be constructed. You must configure the container to supply this value.
-----------------------------------------------
At the time of the exception, the container was:

  Resolving Telerik.Sitefinity.Frontend.Search.Mvc.StringResources.SearchWidgetsResources,SearchWidgetsResources
  Resolving parameter "dataProvider" of constructor Telerik.Sitefinity.Frontend.Search.Mvc.StringResources.SearchWidgetsResources(Telerik.Sitefinity.Localization.Data.ResourceDataProvider dataProvider)
    Resolving Telerik.Sitefinity.Localization.Data.ResourceDataProvider,(none)

Source : Telerik.Sitefinity.Utilities
Help link : 
TypeRequested : SearchWidgetsResources
NameRequested : SearchWidgetsResources
Data : System.Collections.ListDictionaryInternal
TargetSite : System.Object DoBuildUp(System.Type, System.Object, System.String, System.Collections.Generic.IEnumerable`1[Telerik.Microsoft.Practices.Unity.ResolverOverride])
HResult : -2146233088
Stack Trace :    at Telerik.Microsoft.Practices.Unity.UnityContainer.DoBuildUp(Type t, Object existing, String name, IEnumerable`1 resolverOverrides)
   at Telerik.Microsoft.Practices.Unity.UnityContainer.Resolve(Type t, String name, ResolverOverride[] resolverOverrides)
   at Telerik.Microsoft.Practices.Unity.UnityContainerExtensions.Resolve[T](IUnityContainer container, String name, ResolverOverride[] overrides)
   at Telerik.Sitefinity.Abstractions.ObjectFactory.Resolve[T](String name)
   at Telerik.Sitefinity.Localization.Res.Get[T]()
   at Telerik.Sitefinity.Frontend.Search.Mvc.Controllers.SearchBoxController.get_EmptyLinkText()
   at Telerik.Sitefinity.Web.UI.ZoneEditor.TryCreateEmptyControl(Control control)
   at Telerik.Sitefinity.Modules.Pages.Web.Services.ZoneEditorService.UpdateState(ZoneEditorWebServiceArgs state, Boolean isLayoutControl)
   at Telerik.Sitefinity.Modules.Pages.Web.Services.ZoneEditorService.UpdateControlState(ZoneEditorWebServiceArgs state)
   at SyncInvokeUpdateControlState(Object , Object[] , Object[] )
   at System.ServiceModel.Dispatcher.SyncMethodInvoker.Invoke(Object instance, Object[] inputs, Object[]& outputs)
   at System.ServiceModel.Dispatcher.DispatchOperationRuntime.InvokeBegin(MessageRpc& rpc)
   at System.ServiceModel.Dispatcher.ImmutableDispatchRuntime.ProcessMessage5(MessageRpc& rpc)
   at System.ServiceModel.Dispatcher.ImmutableDispatchRuntime.ProcessMessage41(MessageRpc& rpc)
   at System.ServiceModel.Dispatcher.ImmutableDispatchRuntime.ProcessMessage4(MessageRpc& rpc)
   at System.ServiceModel.Dispatcher.ImmutableDispatchRuntime.ProcessMessage31(MessageRpc& rpc)
   at System.ServiceModel.Dispatcher.ImmutableDispatchRuntime.ProcessMessage3(MessageRpc& rpc)
   at System.ServiceModel.Dispatcher.ImmutableDispatchRuntime.ProcessMessage2(MessageRpc& rpc)
   at System.ServiceModel.Dispatcher.ImmutableDispatchRuntime.ProcessMessage11(MessageRpc& rpc)
   at System.ServiceModel.Dispatcher.ImmutableDispatchRuntime.ProcessMessage1(MessageRpc& rpc)
   at System.ServiceModel.Dispatcher.MessageRpc.Process(Boolean isOperationContextSet)

Additional Info:

MachineName : DEN-100001176
TimeStamp : 10/6/2015 10:04:03 PM
FullName : Telerik.Sitefinity.Utilities, Version=8.0.5700.0, Culture=neutral, PublicKeyToken=b28c218413bdf563
AppDomainName : /LM/W3SVC/2/ROOT-2-130886359872899768
ThreadIdentity : 
WindowsIdentity : SWIFTPAGE\Jeremy.Kron
Requested URL : http://localhost:60876/Sitefinity/Services/Pages/ZoneEditorService.svc/Control/
	Inner Exception
	---------------
	Type : System.InvalidOperationException, mscorlib, Version=4.0.0.0, Culture=neutral, PublicKeyToken=b77a5c561934e089
	Message : The type ResourceDataProvider cannot be constructed. You must configure the container to supply this value.
	Source : Telerik.Sitefinity.Utilities
	Help link : 
	Data : System.Collections.ListDictionaryInternal
	TargetSite : Void GuardTypeIsNonPrimitive(Telerik.Microsoft.Practices.ObjectBuilder2.IBuilderContext, Telerik.Microsoft.Practices.ObjectBuilder2.SelectedConstructor)
	HResult : -2146233079
	Stack Trace :    at Telerik.Microsoft.Practices.ObjectBuilder2.DynamicMethodConstructorStrategy.GuardTypeIsNonPrimitive(IBuilderContext context, SelectedConstructor selectedConstructor)
	   at Telerik.Microsoft.Practices.ObjectBuilder2.DynamicMethodConstructorStrategy.PreBuildUp(IBuilderContext context)
	   at Telerik.Microsoft.Practices.ObjectBuilder2.StrategyChain.ExecuteBuildUp(IBuilderContext context)
	   at Telerik.Microsoft.Practices.ObjectBuilder2.DynamicMethodBuildPlanCreatorPolicy.CreatePlan(IBuilderContext context, NamedTypeBuildKey buildKey)
	   at Telerik.Microsoft.Practices.ObjectBuilder2.BuildPlanStrategy.PreBuildUp(IBuilderContext context)
	   at Telerik.Microsoft.Practices.ObjectBuilder2.StrategyChain.ExecuteBuildUp(IBuilderContext context)
	   at Telerik.Microsoft.Practices.ObjectBuilder2.BuilderContext.NewBuildUp(NamedTypeBuildKey newBuildKey)
	   at Telerik.Microsoft.Practices.Unity.ObjectBuilder.NamedTypeDependencyResolverPolicy.Resolve(IBuilderContext context)
	   at BuildUp_Telerik.Sitefinity.Frontend.Search.Mvc.StringResources.SearchWidgetsResources(IBuilderContext )
	   at Telerik.Microsoft.Practices.ObjectBuilder2.DynamicMethodBuildPlan.BuildUp(IBuilderContext context)
	   at Telerik.Microsoft.Practices.ObjectBuilder2.BuildPlanStrategy.PreBuildUp(IBuilderContext context)
	   at Telerik.Microsoft.Practices.ObjectBuilder2.StrategyChain.ExecuteBuildUp(IBuilderContext context)
	   at Telerik.Microsoft.Practices.Unity.UnityContainer.DoBuildUp(Type t, Object existing, String name, IEnumerable`1 resolverOverrides)



Category: ErrorLog

Priority: 0

EventId: 90000

Severity: Error

Title:Enterprise Library Exception Handling

Machine: DEN-100001176

App Domain: /LM/W3SVC/2/ROOT-2-130886359872899768

ProcessId: 8828

Process Name: C:\Program Files (x86)\IIS Express\iisexpress.exe

Thread Name: 

Win32 ThreadId:11376

Extended Properties: 
----------------------------------------
----------------------------------------
Timestamp: 10/6/2015 10:04:03 PM

Message: HandlingInstanceID: 44695c81-c29e-453d-98e2-0393494ad054
An exception of type 'System.Reflection.TargetInvocationException' occurred and was caught.
-------------------------------------------------------------------------------------------
10/06/2015 16:04:03
Type : System.Reflection.TargetInvocationException, mscorlib, Version=4.0.0.0, Culture=neutral, PublicKeyToken=b77a5c561934e089
Message : Exception has been thrown by the target of an invocation.
Source : mscorlib
Help link : 
Data : System.Collections.ListDictionaryInternal
TargetSite : System.Object InvokeMethod(System.Object, System.Object[], System.Signature, Boolean)
HResult : -2146232828
Stack Trace :    at System.RuntimeMethodHandle.InvokeMethod(Object target, Object[] arguments, Signature sig, Boolean constructor)
   at System.Reflection.RuntimeMethodInfo.UnsafeInvokeInternal(Object obj, Object[] parameters, Object[] arguments)
   at System.Reflection.RuntimeMethodInfo.Invoke(Object obj, BindingFlags invokeAttr, Binder binder, Object[] parameters, CultureInfo culture)
   at System.Reflection.RuntimePropertyInfo.GetValue(Object obj, BindingFlags invokeAttr, Binder binder, Object[] index, CultureInfo culture)
   at System.Reflection.RuntimePropertyInfo.GetValue(Object obj, Object[] index)
   at Telerik.Sitefinity.Mvc.Proxy.ControllerSettings.SetDefaultControllerValues()
   at Telerik.Sitefinity.Mvc.Proxy.MvcProxyBase.get_Settings()
   at Telerik.Sitefinity.Mvc.ControllerActionInvoker.DeserializeControllerProperties(MvcProxyBase proxyControl)
   at Telerik.Sitefinity.Mvc.ControllerActionInvoker.TryInvokeAction(MvcProxyBase proxyControl, String& output)
   at Telerik.Sitefinity.Mvc.Proxy.MvcControllerProxy.ExecuteController()
   at Telerik.Sitefinity.Mvc.Proxy.MvcControllerProxy.OnPreRender(EventArgs e)
   at System.Web.UI.Control.PreRenderRecursiveInternal()
   at System.Web.UI.Control.PreRenderRecursiveInternal()
   at System.Web.UI.Control.PreRenderRecursiveInternal()
   at System.Web.UI.Page.ProcessRequestMain(Boolean includeStagesBeforeAsyncPoint, Boolean includeStagesAfterAsyncPoint)

Additional Info:

MachineName : DEN-100001176
TimeStamp : 10/6/2015 10:04:03 PM
FullName : Telerik.Sitefinity.Utilities, Version=8.0.5700.0, Culture=neutral, PublicKeyToken=b28c218413bdf563
AppDomainName : /LM/W3SVC/2/ROOT-2-130886359872899768
ThreadIdentity : admin
WindowsIdentity : SWIFTPAGE\Jeremy.Kron
Requested URL : http://localhost:60876/Sitefinity/Services/Pages/ZoneEditorService.svc/Control/
	Inner Exception
	---------------
	Type : Telerik.Microsoft.Practices.Unity.ResolutionFailedException, Telerik.Sitefinity.Utilities, Version=8.0.5700.0, Culture=neutral, PublicKeyToken=b28c218413bdf563
	Message : Resolution of the dependency failed, type = "Telerik.Sitefinity.Frontend.Search.Mvc.StringResources.SearchWidgetsResources", name = "SearchWidgetsResources".
Exception occurred while: while resolving.
Exception is: InvalidOperationException - The type ResourceDataProvider cannot be constructed. You must configure the container to supply this value.
-----------------------------------------------
At the time of the exception, the container was:

  Resolving Telerik.Sitefinity.Frontend.Search.Mvc.StringResources.SearchWidgetsResources,SearchWidgetsResources
  Resolving parameter "dataProvider" of constructor Telerik.Sitefinity.Frontend.Search.Mvc.StringResources.SearchWidgetsResources(Telerik.Sitefinity.Localization.Data.ResourceDataProvider dataProvider)
    Resolving Telerik.Sitefinity.Localization.Data.ResourceDataProvider,(none)

	Source : Telerik.Sitefinity.Utilities
	Help link : 
	TypeRequested : SearchWidgetsResources
	NameRequested : SearchWidgetsResources
	Data : System.Collections.ListDictionaryInternal
	TargetSite : System.Object DoBuildUp(System.Type, System.Object, System.String, System.Collections.Generic.IEnumerable`1[Telerik.Microsoft.Practices.Unity.ResolverOverride])
	HResult : -2146233088
	Stack Trace :    at Telerik.Microsoft.Practices.Unity.UnityContainer.DoBuildUp(Type t, Object existing, String name, IEnumerable`1 resolverOverrides)
	   at Telerik.Microsoft.Practices.Unity.UnityContainer.Resolve(Type t, String name, ResolverOverride[] resolverOverrides)
	   at Telerik.Microsoft.Practices.Unity.UnityContainerExtensions.Resolve[T](IUnityContainer container, String name, ResolverOverride[] overrides)
	   at Telerik.Sitefinity.Abstractions.ObjectFactory.Resolve[T](String name)
	   at Telerik.Sitefinity.Localization.Res.Get[T]()
	   at Telerik.Sitefinity.Frontend.Search.Mvc.Controllers.SearchBoxController.get_EmptyLinkText()

		Inner Exception
		---------------
		Type : System.InvalidOperationException, mscorlib, Version=4.0.0.0, Culture=neutral, PublicKeyToken=b77a5c561934e089
		Message : The type ResourceDataProvider cannot be constructed. You must configure the container to supply this value.
		Source : Telerik.Sitefinity.Utilities
		Help link : 
		Data : System.Collections.ListDictionaryInternal
		TargetSite : Void GuardTypeIsNonPrimitive(Telerik.Microsoft.Practices.ObjectBuilder2.IBuilderContext, Telerik.Microsoft.Practices.ObjectBuilder2.SelectedConstructor)
		HResult : -2146233079
		Stack Trace :    at Telerik.Microsoft.Practices.ObjectBuilder2.DynamicMethodConstructorStrategy.GuardTypeIsNonPrimitive(IBuilderContext context, SelectedConstructor selectedConstructor)
		   at Telerik.Microsoft.Practices.ObjectBuilder2.DynamicMethodConstructorStrategy.PreBuildUp(IBuilderContext context)
		   at Telerik.Microsoft.Practices.ObjectBuilder2.StrategyChain.ExecuteBuildUp(IBuilderContext context)
		   at Telerik.Microsoft.Practices.ObjectBuilder2.DynamicMethodBuildPlanCreatorPolicy.CreatePlan(IBuilderContext context, NamedTypeBuildKey buildKey)
		   at Telerik.Microsoft.Practices.ObjectBuilder2.BuildPlanStrategy.PreBuildUp(IBuilderContext context)
		   at Telerik.Microsoft.Practices.ObjectBuilder2.StrategyChain.ExecuteBuildUp(IBuilderContext context)
		   at Telerik.Microsoft.Practices.ObjectBuilder2.BuilderContext.NewBuildUp(NamedTypeBuildKey newBuildKey)
		   at Telerik.Microsoft.Practices.Unity.ObjectBuilder.NamedTypeDependencyResolverPolicy.Resolve(IBuilderContext context)
		   at BuildUp_Telerik.Sitefinity.Frontend.Search.Mvc.StringResources.SearchWidgetsResources(IBuilderContext )
		   at Telerik.Microsoft.Practices.ObjectBuilder2.DynamicMethodBuildPlan.BuildUp(IBuilderContext context)
		   at Telerik.Microsoft.Practices.ObjectBuilder2.BuildPlanStrategy.PreBuildUp(IBuilderContext context)
		   at Telerik.Microsoft.Practices.ObjectBuilder2.StrategyChain.ExecuteBuildUp(IBuilderContext context)
		   at Telerik.Microsoft.Practices.Unity.UnityContainer.DoBuildUp(Type t, Object existing, String name, IEnumerable`1 resolverOverrides)



Category: ErrorLog

Priority: 0

EventId: 90000

Severity: Error

Title:Enterprise Library Exception Handling

Machine: DEN-100001176

App Domain: /LM/W3SVC/2/ROOT-2-130886359872899768

ProcessId: 8828

Process Name: C:\Program Files (x86)\IIS Express\iisexpress.exe

Thread Name: 

Win32 ThreadId:11376

Extended Properties: 
----------------------------------------
----------------------------------------
Timestamp: 10/6/2015 10:04:03 PM

Message: HandlingInstanceID: 69030abe-dcb4-463b-be28-7411f2afcb39
An exception of type 'Telerik.Microsoft.Practices.Unity.ResolutionFailedException' occurred and was caught.
-----------------------------------------------------------------------------------------------------------
10/06/2015 16:04:03
Type : Telerik.Microsoft.Practices.Unity.ResolutionFailedException, Telerik.Sitefinity.Utilities, Version=8.0.5700.0, Culture=neutral, PublicKeyToken=b28c218413bdf563
Message : Resolution of the dependency failed, type = "Telerik.Sitefinity.Frontend.Search.Mvc.StringResources.SearchWidgetsResources", name = "SearchWidgetsResources".
Exception occurred while: while resolving.
Exception is: InvalidOperationException - The type ResourceDataProvider cannot be constructed. You must configure the container to supply this value.
-----------------------------------------------
At the time of the exception, the container was:

  Resolving Telerik.Sitefinity.Frontend.Search.Mvc.StringResources.SearchWidgetsResources,SearchWidgetsResources
  Resolving parameter "dataProvider" of constructor Telerik.Sitefinity.Frontend.Search.Mvc.StringResources.SearchWidgetsResources(Telerik.Sitefinity.Localization.Data.ResourceDataProvider dataProvider)
    Resolving Telerik.Sitefinity.Localization.Data.ResourceDataProvider,(none)

Source : Telerik.Sitefinity.Utilities
Help link : 
TypeRequested : SearchWidgetsResources
NameRequested : SearchWidgetsResources
Data : System.Collections.ListDictionaryInternal
TargetSite : System.Object DoBuildUp(System.Type, System.Object, System.String, System.Collections.Generic.IEnumerable`1[Telerik.Microsoft.Practices.Unity.ResolverOverride])
HResult : -2146233088
Stack Trace :    at Telerik.Microsoft.Practices.Unity.UnityContainer.DoBuildUp(Type t, Object existing, String name, IEnumerable`1 resolverOverrides)
   at Telerik.Microsoft.Practices.Unity.UnityContainer.Resolve(Type t, String name, ResolverOverride[] resolverOverrides)
   at Telerik.Microsoft.Practices.Unity.UnityContainerExtensions.Resolve[T](IUnityContainer container, String name, ResolverOverride[] overrides)
   at Telerik.Sitefinity.Abstractions.ObjectFactory.Resolve[T](String name)
   at Telerik.Sitefinity.Localization.Res.Get[T]()
   at Telerik.Sitefinity.Frontend.Search.Mvc.Controllers.SearchBoxController.get_EmptyLinkText()
   at Telerik.Sitefinity.Web.UI.ZoneEditor.TryCreateEmptyControl(Control control)
   at Telerik.Sitefinity.Modules.Pages.Web.Services.ZoneEditorService.UpdateState(ZoneEditorWebServiceArgs state, Boolean isLayoutControl)
   at Telerik.Sitefinity.Modules.Pages.Web.Services.ZoneEditorService.UpdateControlState(ZoneEditorWebServiceArgs state)
   at SyncInvokeUpdateControlState(Object , Object[] , Object[] )
   at System.ServiceModel.Dispatcher.SyncMethodInvoker.Invoke(Object instance, Object[] inputs, Object[]& outputs)
   at System.ServiceModel.Dispatcher.DispatchOperationRuntime.InvokeBegin(MessageRpc& rpc)
   at System.ServiceModel.Dispatcher.ImmutableDispatchRuntime.ProcessMessage5(MessageRpc& rpc)
   at System.ServiceModel.Dispatcher.ImmutableDispatchRuntime.ProcessMessage41(MessageRpc& rpc)
   at System.ServiceModel.Dispatcher.ImmutableDispatchRuntime.ProcessMessage4(MessageRpc& rpc)
   at System.ServiceModel.Dispatcher.ImmutableDispatchRuntime.ProcessMessage31(MessageRpc& rpc)
   at System.ServiceModel.Dispatcher.ImmutableDispatchRuntime.ProcessMessage3(MessageRpc& rpc)
   at System.ServiceModel.Dispatcher.ImmutableDispatchRuntime.ProcessMessage2(MessageRpc& rpc)
   at System.ServiceModel.Dispatcher.ImmutableDispatchRuntime.ProcessMessage11(MessageRpc& rpc)
   at System.ServiceModel.Dispatcher.ImmutableDispatchRuntime.ProcessMessage1(MessageRpc& rpc)
   at System.ServiceModel.Dispatcher.MessageRpc.Process(Boolean isOperationContextSet)

Additional Info:

MachineName : DEN-100001176
TimeStamp : 10/6/2015 10:04:03 PM
FullName : Telerik.Sitefinity.Utilities, Version=8.0.5700.0, Culture=neutral, PublicKeyToken=b28c218413bdf563
AppDomainName : /LM/W3SVC/2/ROOT-2-130886359872899768
ThreadIdentity : 
WindowsIdentity : SWIFTPAGE\Jeremy.Kron
Requested URL : http://localhost:60876/Sitefinity/Services/Pages/ZoneEditorService.svc/Control/
	Inner Exception
	---------------
	Type : System.InvalidOperationException, mscorlib, Version=4.0.0.0, Culture=neutral, PublicKeyToken=b77a5c561934e089
	Message : The type ResourceDataProvider cannot be constructed. You must configure the container to supply this value.
	Source : Telerik.Sitefinity.Utilities
	Help link : 
	Data : System.Collections.ListDictionaryInternal
	TargetSite : Void GuardTypeIsNonPrimitive(Telerik.Microsoft.Practices.ObjectBuilder2.IBuilderContext, Telerik.Microsoft.Practices.ObjectBuilder2.SelectedConstructor)
	HResult : -2146233079
	Stack Trace :    at Telerik.Microsoft.Practices.ObjectBuilder2.DynamicMethodConstructorStrategy.GuardTypeIsNonPrimitive(IBuilderContext context, SelectedConstructor selectedConstructor)
	   at Telerik.Microsoft.Practices.ObjectBuilder2.DynamicMethodConstructorStrategy.PreBuildUp(IBuilderContext context)
	   at Telerik.Microsoft.Practices.ObjectBuilder2.StrategyChain.ExecuteBuildUp(IBuilderContext context)
	   at Telerik.Microsoft.Practices.ObjectBuilder2.DynamicMethodBuildPlanCreatorPolicy.CreatePlan(IBuilderContext context, NamedTypeBuildKey buildKey)
	   at Telerik.Microsoft.Practices.ObjectBuilder2.BuildPlanStrategy.PreBuildUp(IBuilderContext context)
	   at Telerik.Microsoft.Practices.ObjectBuilder2.StrategyChain.ExecuteBuildUp(IBuilderContext context)
	   at Telerik.Microsoft.Practices.ObjectBuilder2.BuilderContext.NewBuildUp(NamedTypeBuildKey newBuildKey)
	   at Telerik.Microsoft.Practices.Unity.ObjectBuilder.NamedTypeDependencyResolverPolicy.Resolve(IBuilderContext context)
	   at BuildUp_Telerik.Sitefinity.Frontend.Search.Mvc.StringResources.SearchWidgetsResources(IBuilderContext )
	   at Telerik.Microsoft.Practices.ObjectBuilder2.DynamicMethodBuildPlan.BuildUp(IBuilderContext context)
	   at Telerik.Microsoft.Practices.ObjectBuilder2.BuildPlanStrategy.PreBuildUp(IBuilderContext context)
	   at Telerik.Microsoft.Practices.ObjectBuilder2.StrategyChain.ExecuteBuildUp(IBuilderContext context)
	   at Telerik.Microsoft.Practices.Unity.UnityContainer.DoBuildUp(Type t, Object existing, String name, IEnumerable`1 resolverOverrides)



Category: ErrorLog

Priority: 0

EventId: 90000

Severity: Error

Title:Enterprise Library Exception Handling

Machine: DEN-100001176

App Domain: /LM/W3SVC/2/ROOT-2-130886359872899768

ProcessId: 8828

Process Name: C:\Program Files (x86)\IIS Express\iisexpress.exe

Thread Name: 

Win32 ThreadId:11376

Extended Properties: 
----------------------------------------
----------------------------------------
Timestamp: 10/6/2015 10:04:03 PM

Message: HandlingInstanceID: a914d580-75ae-43c0-90b9-de11bada8a26
An exception of type 'System.Reflection.TargetInvocationException' occurred and was caught.
-------------------------------------------------------------------------------------------
10/06/2015 16:04:03
Type : System.Reflection.TargetInvocationException, mscorlib, Version=4.0.0.0, Culture=neutral, PublicKeyToken=b77a5c561934e089
Message : Exception has been thrown by the target of an invocation.
Source : mscorlib
Help link : 
Data : System.Collections.ListDictionaryInternal
TargetSite : System.Object InvokeMethod(System.Object, System.Object[], System.Signature, Boolean)
HResult : -2146232828
Stack Trace :    at System.RuntimeMethodHandle.InvokeMethod(Object target, Object[] arguments, Signature sig, Boolean constructor)
   at System.Reflection.RuntimeMethodInfo.UnsafeInvokeInternal(Object obj, Object[] parameters, Object[] arguments)
   at System.Reflection.RuntimeMethodInfo.Invoke(Object obj, BindingFlags invokeAttr, Binder binder, Object[] parameters, CultureInfo culture)
   at System.Reflection.RuntimePropertyInfo.GetValue(Object obj, BindingFlags invokeAttr, Binder binder, Object[] index, CultureInfo culture)
   at System.Reflection.RuntimePropertyInfo.GetValue(Object obj, Object[] index)
   at Telerik.Sitefinity.Mvc.Proxy.ControllerSettings.SetDefaultControllerValues()
   at Telerik.Sitefinity.Mvc.Proxy.MvcProxyBase.get_Settings()
   at Telerik.Sitefinity.Mvc.ControllerActionInvoker.DeserializeControllerProperties(MvcProxyBase proxyControl)
   at Telerik.Sitefinity.Mvc.ControllerActionInvoker.TryInvokeAction(MvcProxyBase proxyControl, String& output)
   at Telerik.Sitefinity.Mvc.Proxy.MvcControllerProxy.ExecuteController()
   at Telerik.Sitefinity.Mvc.Proxy.MvcControllerProxy.OnPreRender(EventArgs e)
   at System.Web.UI.Control.PreRenderRecursiveInternal()
   at System.Web.UI.Control.PreRenderRecursiveInternal()
   at System.Web.UI.Control.PreRenderRecursiveInternal()
   at System.Web.UI.Page.ProcessRequestMain(Boolean includeStagesBeforeAsyncPoint, Boolean includeStagesAfterAsyncPoint)

Additional Info:

MachineName : DEN-100001176
TimeStamp : 10/6/2015 10:04:03 PM
FullName : Telerik.Sitefinity.Utilities, Version=8.0.5700.0, Culture=neutral, PublicKeyToken=b28c218413bdf563
AppDomainName : /LM/W3SVC/2/ROOT-2-130886359872899768
ThreadIdentity : admin
WindowsIdentity : SWIFTPAGE\Jeremy.Kron
Requested URL : http://localhost:60876/Sitefinity/Services/Pages/ZoneEditorService.svc/Control/
	Inner Exception
	---------------
	Type : Telerik.Microsoft.Practices.Unity.ResolutionFailedException, Telerik.Sitefinity.Utilities, Version=8.0.5700.0, Culture=neutral, PublicKeyToken=b28c218413bdf563
	Message : Resolution of the dependency failed, type = "Telerik.Sitefinity.Frontend.Search.Mvc.StringResources.SearchWidgetsResources", name = "SearchWidgetsResources".
Exception occurred while: while resolving.
Exception is: InvalidOperationException - The type ResourceDataProvider cannot be constructed. You must configure the container to supply this value.
-----------------------------------------------
At the time of the exception, the container was:

  Resolving Telerik.Sitefinity.Frontend.Search.Mvc.StringResources.SearchWidgetsResources,SearchWidgetsResources
  Resolving parameter "dataProvider" of constructor Telerik.Sitefinity.Frontend.Search.Mvc.StringResources.SearchWidgetsResources(Telerik.Sitefinity.Localization.Data.ResourceDataProvider dataProvider)
    Resolving Telerik.Sitefinity.Localization.Data.ResourceDataProvider,(none)

	Source : Telerik.Sitefinity.Utilities
	Help link : 
	TypeRequested : SearchWidgetsResources
	NameRequested : SearchWidgetsResources
	Data : System.Collections.ListDictionaryInternal
	TargetSite : System.Object DoBuildUp(System.Type, System.Object, System.String, System.Collections.Generic.IEnumerable`1[Telerik.Microsoft.Practices.Unity.ResolverOverride])
	HResult : -2146233088
	Stack Trace :    at Telerik.Microsoft.Practices.Unity.UnityContainer.DoBuildUp(Type t, Object existing, String name, IEnumerable`1 resolverOverrides)
	   at Telerik.Microsoft.Practices.Unity.UnityContainer.Resolve(Type t, String name, ResolverOverride[] resolverOverrides)
	   at Telerik.Microsoft.Practices.Unity.UnityContainerExtensions.Resolve[T](IUnityContainer container, String name, ResolverOverride[] overrides)
	   at Telerik.Sitefinity.Abstractions.ObjectFactory.Resolve[T](String name)
	   at Telerik.Sitefinity.Localization.Res.Get[T]()
	   at Telerik.Sitefinity.Frontend.Search.Mvc.Controllers.SearchBoxController.get_EmptyLinkText()

		Inner Exception
		---------------
		Type : System.InvalidOperationException, mscorlib, Version=4.0.0.0, Culture=neutral, PublicKeyToken=b77a5c561934e089
		Message : The type ResourceDataProvider cannot be constructed. You must configure the container to supply this value.
		Source : Telerik.Sitefinity.Utilities
		Help link : 
		Data : System.Collections.ListDictionaryInternal
		TargetSite : Void GuardTypeIsNonPrimitive(Telerik.Microsoft.Practices.ObjectBuilder2.IBuilderContext, Telerik.Microsoft.Practices.ObjectBuilder2.SelectedConstructor)
		HResult : -2146233079
		Stack Trace :    at Telerik.Microsoft.Practices.ObjectBuilder2.DynamicMethodConstructorStrategy.GuardTypeIsNonPrimitive(IBuilderContext context, SelectedConstructor selectedConstructor)
		   at Telerik.Microsoft.Practices.ObjectBuilder2.DynamicMethodConstructorStrategy.PreBuildUp(IBuilderContext context)
		   at Telerik.Microsoft.Practices.ObjectBuilder2.StrategyChain.ExecuteBuildUp(IBuilderContext context)
		   at Telerik.Microsoft.Practices.ObjectBuilder2.DynamicMethodBuildPlanCreatorPolicy.CreatePlan(IBuilderContext context, NamedTypeBuildKey buildKey)
		   at Telerik.Microsoft.Practices.ObjectBuilder2.BuildPlanStrategy.PreBuildUp(IBuilderContext context)
		   at Telerik.Microsoft.Practices.ObjectBuilder2.StrategyChain.ExecuteBuildUp(IBuilderContext context)
		   at Telerik.Microsoft.Practices.ObjectBuilder2.BuilderContext.NewBuildUp(NamedTypeBuildKey newBuildKey)
		   at Telerik.Microsoft.Practices.Unity.ObjectBuilder.NamedTypeDependencyResolverPolicy.Resolve(IBuilderContext context)
		   at BuildUp_Telerik.Sitefinity.Frontend.Search.Mvc.StringResources.SearchWidgetsResources(IBuilderContext )
		   at Telerik.Microsoft.Practices.ObjectBuilder2.DynamicMethodBuildPlan.BuildUp(IBuilderContext context)
		   at Telerik.Microsoft.Practices.ObjectBuilder2.BuildPlanStrategy.PreBuildUp(IBuilderContext context)
		   at Telerik.Microsoft.Practices.ObjectBuilder2.StrategyChain.ExecuteBuildUp(IBuilderContext context)
		   at Telerik.Microsoft.Practices.Unity.UnityContainer.DoBuildUp(Type t, Object existing, String name, IEnumerable`1 resolverOverrides)



Category: ErrorLog

Priority: 0

EventId: 90000

Severity: Error

Title:Enterprise Library Exception Handling

Machine: DEN-100001176

App Domain: /LM/W3SVC/2/ROOT-2-130886359872899768

ProcessId: 8828

Process Name: C:\Program Files (x86)\IIS Express\iisexpress.exe

Thread Name: 

Win32 ThreadId:11376

Extended Properties: 
----------------------------------------
----------------------------------------
Timestamp: 10/6/2015 10:04:03 PM

Message: HandlingInstanceID: f9cd122e-1718-4fe6-be65-8ba34ec95df5
An exception of type 'Telerik.Microsoft.Practices.Unity.ResolutionFailedException' occurred and was caught.
-----------------------------------------------------------------------------------------------------------
10/06/2015 16:04:03
Type : Telerik.Microsoft.Practices.Unity.ResolutionFailedException, Telerik.Sitefinity.Utilities, Version=8.0.5700.0, Culture=neutral, PublicKeyToken=b28c218413bdf563
Message : Resolution of the dependency failed, type = "Telerik.Sitefinity.Frontend.Search.Mvc.StringResources.SearchWidgetsResources", name = "SearchWidgetsResources".
Exception occurred while: while resolving.
Exception is: InvalidOperationException - The type ResourceDataProvider cannot be constructed. You must configure the container to supply this value.
-----------------------------------------------
At the time of the exception, the container was:

  Resolving Telerik.Sitefinity.Frontend.Search.Mvc.StringResources.SearchWidgetsResources,SearchWidgetsResources
  Resolving parameter "dataProvider" of constructor Telerik.Sitefinity.Frontend.Search.Mvc.StringResources.SearchWidgetsResources(Telerik.Sitefinity.Localization.Data.ResourceDataProvider dataProvider)
    Resolving Telerik.Sitefinity.Localization.Data.ResourceDataProvider,(none)

Source : Telerik.Sitefinity.Utilities
Help link : 
TypeRequested : SearchWidgetsResources
NameRequested : SearchWidgetsResources
Data : System.Collections.ListDictionaryInternal
TargetSite : System.Object DoBuildUp(System.Type, System.Object, System.String, System.Collections.Generic.IEnumerable`1[Telerik.Microsoft.Practices.Unity.ResolverOverride])
HResult : -2146233088
Stack Trace :    at Telerik.Microsoft.Practices.Unity.UnityContainer.DoBuildUp(Type t, Object existing, String name, IEnumerable`1 resolverOverrides)
   at Telerik.Microsoft.Practices.Unity.UnityContainer.Resolve(Type t, String name, ResolverOverride[] resolverOverrides)
   at Telerik.Microsoft.Practices.Unity.UnityContainerExtensions.Resolve[T](IUnityContainer container, String name, ResolverOverride[] overrides)
   at Telerik.Sitefinity.Abstractions.ObjectFactory.Resolve[T](String name)
   at Telerik.Sitefinity.Localization.Res.Get[T]()
   at Telerik.Sitefinity.Frontend.Search.Mvc.Controllers.SearchBoxController.get_EmptyLinkText()
   at Telerik.Sitefinity.Web.UI.ZoneEditor.TryCreateEmptyControl(Control control)
   at Telerik.Sitefinity.Modules.Pages.Web.Services.ZoneEditorService.UpdateState(ZoneEditorWebServiceArgs state, Boolean isLayoutControl)
   at Telerik.Sitefinity.Modules.Pages.Web.Services.ZoneEditorService.UpdateControlState(ZoneEditorWebServiceArgs state)
   at SyncInvokeUpdateControlState(Object , Object[] , Object[] )
   at System.ServiceModel.Dispatcher.SyncMethodInvoker.Invoke(Object instance, Object[] inputs, Object[]& outputs)
   at System.ServiceModel.Dispatcher.DispatchOperationRuntime.InvokeBegin(MessageRpc& rpc)
   at System.ServiceModel.Dispatcher.ImmutableDispatchRuntime.ProcessMessage5(MessageRpc& rpc)
   at System.ServiceModel.Dispatcher.ImmutableDispatchRuntime.ProcessMessage41(MessageRpc& rpc)
   at System.ServiceModel.Dispatcher.ImmutableDispatchRuntime.ProcessMessage4(MessageRpc& rpc)
   at System.ServiceModel.Dispatcher.ImmutableDispatchRuntime.ProcessMessage31(MessageRpc& rpc)
   at System.ServiceModel.Dispatcher.ImmutableDispatchRuntime.ProcessMessage3(MessageRpc& rpc)
   at System.ServiceModel.Dispatcher.ImmutableDispatchRuntime.ProcessMessage2(MessageRpc& rpc)
   at System.ServiceModel.Dispatcher.ImmutableDispatchRuntime.ProcessMessage11(MessageRpc& rpc)
   at System.ServiceModel.Dispatcher.ImmutableDispatchRuntime.ProcessMessage1(MessageRpc& rpc)
   at System.ServiceModel.Dispatcher.MessageRpc.Process(Boolean isOperationContextSet)

Additional Info:

MachineName : DEN-100001176
TimeStamp : 10/6/2015 10:04:03 PM
FullName : Telerik.Sitefinity.Utilities, Version=8.0.5700.0, Culture=neutral, PublicKeyToken=b28c218413bdf563
AppDomainName : /LM/W3SVC/2/ROOT-2-130886359872899768
ThreadIdentity : 
WindowsIdentity : SWIFTPAGE\Jeremy.Kron
Requested URL : http://localhost:60876/Sitefinity/Services/Pages/ZoneEditorService.svc/Control/
	Inner Exception
	---------------
	Type : System.InvalidOperationException, mscorlib, Version=4.0.0.0, Culture=neutral, PublicKeyToken=b77a5c561934e089
	Message : The type ResourceDataProvider cannot be constructed. You must configure the container to supply this value.
	Source : Telerik.Sitefinity.Utilities
	Help link : 
	Data : System.Collections.ListDictionaryInternal
	TargetSite : Void GuardTypeIsNonPrimitive(Telerik.Microsoft.Practices.ObjectBuilder2.IBuilderContext, Telerik.Microsoft.Practices.ObjectBuilder2.SelectedConstructor)
	HResult : -2146233079
	Stack Trace :    at Telerik.Microsoft.Practices.ObjectBuilder2.DynamicMethodConstructorStrategy.GuardTypeIsNonPrimitive(IBuilderContext context, SelectedConstructor selectedConstructor)
	   at Telerik.Microsoft.Practices.ObjectBuilder2.DynamicMethodConstructorStrategy.PreBuildUp(IBuilderContext context)
	   at Telerik.Microsoft.Practices.ObjectBuilder2.StrategyChain.ExecuteBuildUp(IBuilderContext context)
	   at Telerik.Microsoft.Practices.ObjectBuilder2.DynamicMethodBuildPlanCreatorPolicy.CreatePlan(IBuilderContext context, NamedTypeBuildKey buildKey)
	   at Telerik.Microsoft.Practices.ObjectBuilder2.BuildPlanStrategy.PreBuildUp(IBuilderContext context)
	   at Telerik.Microsoft.Practices.ObjectBuilder2.StrategyChain.ExecuteBuildUp(IBuilderContext context)
	   at Telerik.Microsoft.Practices.ObjectBuilder2.BuilderContext.NewBuildUp(NamedTypeBuildKey newBuildKey)
	   at Telerik.Microsoft.Practices.Unity.ObjectBuilder.NamedTypeDependencyResolverPolicy.Resolve(IBuilderContext context)
	   at BuildUp_Telerik.Sitefinity.Frontend.Search.Mvc.StringResources.SearchWidgetsResources(IBuilderContext )
	   at Telerik.Microsoft.Practices.ObjectBuilder2.DynamicMethodBuildPlan.BuildUp(IBuilderContext context)
	   at Telerik.Microsoft.Practices.ObjectBuilder2.BuildPlanStrategy.PreBuildUp(IBuilderContext context)
	   at Telerik.Microsoft.Practices.ObjectBuilder2.StrategyChain.ExecuteBuildUp(IBuilderContext context)
	   at Telerik.Microsoft.Practices.Unity.UnityContainer.DoBuildUp(Type t, Object existing, String name, IEnumerable`1 resolverOverrides)



Category: ErrorLog

Priority: 0

EventId: 90000

Severity: Error

Title:Enterprise Library Exception Handling

Machine: DEN-100001176

App Domain: /LM/W3SVC/2/ROOT-2-130886359872899768

ProcessId: 8828

Process Name: C:\Program Files (x86)\IIS Express\iisexpress.exe

Thread Name: 

Win32 ThreadId:11376

Extended Properties: 
----------------------------------------
