----------------------------------------
Timestamp: 9/30/2015 8:46:39 PM

Message: Shutting down threadpool...


----------------------------------------
----------------------------------------
Timestamp: 9/30/2015 8:46:39 PM

Message: Thread pool 'BackgroundTasksService': Shutdown of thread pool completed. All currently running threads will finish their work and stop.


----------------------------------------
----------------------------------------
Timestamp: 9/30/2015 8:46:39 PM

Message: WorkerThread is shut down


----------------------------------------
----------------------------------------
Timestamp: 9/30/2015 8:46:39 PM

Message: WorkerThread is shut down


----------------------------------------
----------------------------------------
Timestamp: 9/30/2015 8:46:39 PM

Message: WorkerThread is shut down


----------------------------------------
----------------------------------------
Timestamp: 9/30/2015 8:46:39 PM

Message: Background task scheduler shut down


----------------------------------------
----------------------------------------
Timestamp: 9/30/2015 8:46:39 PM

Message: WorkerThread is shut down


----------------------------------------
----------------------------------------
Timestamp: 9/30/2015 8:47:09 PM

Message: Shutting down threadpool...


----------------------------------------
----------------------------------------
Timestamp: 9/30/2015 8:47:09 PM

Message: Thread pool 'BackgroundTasksService': Shutdown of thread pool completed. Threads aborted.


----------------------------------------
