----------------------------------------
Timestamp: 10/29/2015 8:21:38 PM

Message: HandlingInstanceID: 62864a96-1a36-4b48-927e-1914ca62c348
An exception of type 'System.Web.HttpParseException' occurred and was caught.
-----------------------------------------------------------------------------
10/29/2015 14:21:38
Type : System.Web.HttpParseException, System.Web, Version=4.0.0.0, Culture=neutral, PublicKeyToken=b03f5f7f11d50a3a
Message : The file '/App_Data/Sitefinity/WebstieTemplates/Base/App_Master/Base.master' does not exist.
Source : System.Web
Help link : 
FileName : Access failed
VirtualPath : 
Line : 0
ParserErrors : System.Web.ParserErrorCollection
WebEventCode : 0
ErrorCode : -2147467259
Data : System.Collections.ListDictionaryInternal
TargetSite : Void ProcessException(System.Exception)
HResult : -2147467259
Stack Trace :    at System.Web.UI.TemplateParser.ProcessException(Exception ex)
   at System.Web.UI.TemplateParser.ParseStringInternal(String text, Encoding fileEncoding)
   at System.Web.UI.TemplateParser.ParseString(String text, VirtualPath virtualPath, Encoding fileEncoding)

Additional Info:

MachineName : DEN-100001176
TimeStamp : 10/29/2015 8:21:38 PM
FullName : Telerik.Sitefinity.Utilities, Version=8.0.5700.0, Culture=neutral, PublicKeyToken=b28c218413bdf563
AppDomainName : /LM/W3SVC/2/ROOT-10-130906152878775997
ThreadIdentity : admin
WindowsIdentity : SWIFTPAGE\Jeremy.Kron
Requested URL : http://localhost:60876/lp/upgrade/default.aspx
	Inner Exception
	---------------
	Type : System.Web.HttpException, System.Web, Version=4.0.0.0, Culture=neutral, PublicKeyToken=b03f5f7f11d50a3a
	Message : The file '/App_Data/Sitefinity/WebstieTemplates/Base/App_Master/Base.master' does not exist.
	Source : System.Web
	Help link : 
	WebEventCode : 0
	ErrorCode : -2147467259
	Data : System.Collections.ListDictionaryInternal
	TargetSite : Void CheckVirtualFileExists(System.Web.VirtualPath)
	HResult : -2147467259
	Stack Trace :    at System.Web.UI.Util.CheckVirtualFileExists(VirtualPath virtualPath)
	   at System.Web.Compilation.BuildManager.GetVPathBuildResultInternal(VirtualPath virtualPath, Boolean noBuild, Boolean allowCrossApp, Boolean allowBuildInPrecompile, Boolean throwIfNotFound, Boolean ensureIsUpToDate)
	   at System.Web.Compilation.BuildManager.GetVPathBuildResultWithNoAssert(HttpContext context, VirtualPath virtualPath, Boolean noBuild, Boolean allowCrossApp, Boolean allowBuildInPrecompile, Boolean throwIfNotFound, Boolean ensureIsUpToDate)
	   at System.Web.UI.BaseTemplateParser.GetReferencedType(VirtualPath virtualPath, Boolean allowNoCompile)
	   at System.Web.UI.PageParser.ProcessMainDirectiveAttribute(String deviceName, String name, String value, IDictionary parseData)
	   at System.Web.UI.TemplateParser.ProcessMainDirective(IDictionary mainDirective)



Category: ErrorLog

Priority: 0

EventId: 90000

Severity: Error

Title:Enterprise Library Exception Handling

Machine: DEN-100001176

App Domain: /LM/W3SVC/2/ROOT-10-130906152878775997

ProcessId: 8596

Process Name: C:\Program Files (x86)\IIS Express\iisexpress.exe

Thread Name: 

Win32 ThreadId:6104

Extended Properties: 
----------------------------------------
----------------------------------------
Timestamp: 10/29/2015 8:22:00 PM

Message: HandlingInstanceID: 7cd98356-0f4b-44c3-9bb0-b17ce391dc6d
An exception of type 'System.Web.HttpParseException' occurred and was caught.
-----------------------------------------------------------------------------
10/29/2015 14:22:00
Type : System.Web.HttpParseException, System.Web, Version=4.0.0.0, Culture=neutral, PublicKeyToken=b03f5f7f11d50a3a
Message : The file '/App_Data/Sitefinity/WebstieTemplates/Base/App_Master/Base.master' does not exist.
Source : System.Web
Help link : 
FileName : Access failed
VirtualPath : 
Line : 0
ParserErrors : System.Web.ParserErrorCollection
WebEventCode : 0
ErrorCode : -2147467259
Data : System.Collections.ListDictionaryInternal
TargetSite : Void ProcessException(System.Exception)
HResult : -2147467259
Stack Trace :    at System.Web.UI.TemplateParser.ProcessException(Exception ex)
   at System.Web.UI.TemplateParser.ParseStringInternal(String text, Encoding fileEncoding)
   at System.Web.UI.TemplateParser.ParseString(String text, VirtualPath virtualPath, Encoding fileEncoding)

Additional Info:

MachineName : DEN-100001176
TimeStamp : 10/29/2015 8:22:00 PM
FullName : Telerik.Sitefinity.Utilities, Version=8.0.5700.0, Culture=neutral, PublicKeyToken=b28c218413bdf563
AppDomainName : /LM/W3SVC/2/ROOT-10-130906152878775997
ThreadIdentity : admin
WindowsIdentity : SWIFTPAGE\Jeremy.Kron
Requested URL : http://localhost:60876/lp/upgrade/default.aspx
	Inner Exception
	---------------
	Type : System.Web.HttpException, System.Web, Version=4.0.0.0, Culture=neutral, PublicKeyToken=b03f5f7f11d50a3a
	Message : The file '/App_Data/Sitefinity/WebstieTemplates/Base/App_Master/Base.master' does not exist.
	Source : System.Web
	Help link : 
	WebEventCode : 0
	ErrorCode : -2147467259
	Data : System.Collections.ListDictionaryInternal
	TargetSite : Void CheckVirtualFileExists(System.Web.VirtualPath)
	HResult : -2147467259
	Stack Trace :    at System.Web.UI.Util.CheckVirtualFileExists(VirtualPath virtualPath)
	   at System.Web.Compilation.BuildManager.GetVPathBuildResultInternal(VirtualPath virtualPath, Boolean noBuild, Boolean allowCrossApp, Boolean allowBuildInPrecompile, Boolean throwIfNotFound, Boolean ensureIsUpToDate)
	   at System.Web.Compilation.BuildManager.GetVPathBuildResultWithNoAssert(HttpContext context, VirtualPath virtualPath, Boolean noBuild, Boolean allowCrossApp, Boolean allowBuildInPrecompile, Boolean throwIfNotFound, Boolean ensureIsUpToDate)
	   at System.Web.UI.BaseTemplateParser.GetReferencedType(VirtualPath virtualPath, Boolean allowNoCompile)
	   at System.Web.UI.PageParser.ProcessMainDirectiveAttribute(String deviceName, String name, String value, IDictionary parseData)
	   at System.Web.UI.TemplateParser.ProcessMainDirective(IDictionary mainDirective)



Category: ErrorLog

Priority: 0

EventId: 90000

Severity: Error

Title:Enterprise Library Exception Handling

Machine: DEN-100001176

App Domain: /LM/W3SVC/2/ROOT-10-130906152878775997

ProcessId: 8596

Process Name: C:\Program Files (x86)\IIS Express\iisexpress.exe

Thread Name: 

Win32 ThreadId:8500

Extended Properties: 
----------------------------------------
----------------------------------------
Timestamp: 10/29/2015 8:22:16 PM

Message: HandlingInstanceID: 25c12c1a-c391-43ae-8cf0-5a0dc6277b8e
An exception of type 'System.Web.HttpParseException' occurred and was caught.
-----------------------------------------------------------------------------
10/29/2015 14:22:16
Type : System.Web.HttpParseException, System.Web, Version=4.0.0.0, Culture=neutral, PublicKeyToken=b03f5f7f11d50a3a
Message : File "/includes/important-note.aspx" does not exist.
Parameter name: virtualPath
Source : System.Web
Help link : 
FileName : Access failed
VirtualPath : 
Line : 0
ParserErrors : System.Web.ParserErrorCollection
WebEventCode : 0
ErrorCode : -2147467259
Data : System.Collections.ListDictionaryInternal
TargetSite : Void ProcessException(System.Exception)
HResult : -2147467259
Stack Trace :    at System.Web.UI.TemplateParser.ProcessException(Exception ex)
   at System.Web.UI.TemplateParser.ParseStringInternal(String text, Encoding fileEncoding)
   at System.Web.UI.TemplateParser.ParseString(String text, VirtualPath virtualPath, Encoding fileEncoding)

Additional Info:

MachineName : DEN-100001176
TimeStamp : 10/29/2015 8:22:16 PM
FullName : Telerik.Sitefinity.Utilities, Version=8.0.5700.0, Culture=neutral, PublicKeyToken=b28c218413bdf563
AppDomainName : /LM/W3SVC/2/ROOT-10-130906152878775997
ThreadIdentity : admin
WindowsIdentity : SWIFTPAGE\Jeremy.Kron
Requested URL : http://localhost:60876/lp/upgrade/default.aspx
	Inner Exception
	---------------
	Type : System.ArgumentException, mscorlib, Version=4.0.0.0, Culture=neutral, PublicKeyToken=b77a5c561934e089
	Message : File "/includes/important-note.aspx" does not exist.
Parameter name: virtualPath
	Source : Telerik.Sitefinity
	Help link : 
	ParamName : virtualPath
	Data : System.Collections.ListDictionaryInternal
	TargetSite : System.IO.Stream OpenFile(System.String)
	HResult : -2147024809
	Stack Trace :    at Telerik.Sitefinity.Abstractions.VirtualPath.VirtualPathManager.OpenFile(String virtualPath)
	   at Telerik.Sitefinity.Abstractions.VirtualPath.SitefinityVirtualFile.Open()
	   at System.Web.Hosting.VirtualPathProvider.OpenFile(String virtualPath)
	   at System.Web.UI.TemplateParser.ParseFile(String physicalPath, VirtualPath virtualPath)
	   at System.Web.UI.TemplateParser.ProcessServerInclude(Match match)
	   at System.Web.UI.TemplateParser.ParseStringInternal(String text, Encoding fileEncoding)



Category: ErrorLog

Priority: 0

EventId: 90000

Severity: Error

Title:Enterprise Library Exception Handling

Machine: DEN-100001176

App Domain: /LM/W3SVC/2/ROOT-10-130906152878775997

ProcessId: 8596

Process Name: C:\Program Files (x86)\IIS Express\iisexpress.exe

Thread Name: 

Win32 ThreadId:8500

Extended Properties: 
----------------------------------------
----------------------------------------
Timestamp: 10/29/2015 8:22:39 PM

Message: HandlingInstanceID: c78b279e-14e2-485e-9c49-7e5acaf19d1d
An exception of type 'System.Web.HttpException' occurred and was caught.
------------------------------------------------------------------------
10/29/2015 14:22:39
Type : System.Web.HttpException, System.Web, Version=4.0.0.0, Culture=neutral, PublicKeyToken=b03f5f7f11d50a3a
Message : Cannot find ContentPlaceHolder 'HeadContent' in the master page '/App_Data/Sitefinity/WebsiteTemplates/Base/App_Master/Base.master', verify content control's ContentPlaceHolderID attribute in the content page.
Source : System.Web
Help link : 
WebEventCode : 0
ErrorCode : -2147467259
Data : System.Collections.ListDictionaryInternal
TargetSite : System.Web.UI.MasterPage CreateMaster(System.Web.UI.TemplateControl, System.Web.HttpContext, System.Web.VirtualPath, System.Collections.IDictionary)
HResult : -2147467259
Stack Trace :    at System.Web.UI.MasterPage.CreateMaster(TemplateControl owner, HttpContext context, VirtualPath masterPageFile, IDictionary contentTemplateCollection)
   at System.Web.UI.Page.get_Master()
   at System.Web.UI.Page.ApplyMasterPage()
   at System.Web.UI.Page.PerformPreInit()
   at System.Web.UI.Page.ProcessRequestMain(Boolean includeStagesBeforeAsyncPoint, Boolean includeStagesAfterAsyncPoint)

Additional Info:

MachineName : DEN-100001176
TimeStamp : 10/29/2015 8:22:39 PM
FullName : Telerik.Sitefinity.Utilities, Version=8.0.5700.0, Culture=neutral, PublicKeyToken=b28c218413bdf563
AppDomainName : /LM/W3SVC/2/ROOT-10-130906152878775997
ThreadIdentity : admin
WindowsIdentity : SWIFTPAGE\Jeremy.Kron
Requested URL : http://localhost:60876/lp/upgrade/default.aspx


Category: ErrorLog

Priority: 0

EventId: 90000

Severity: Error

Title:Enterprise Library Exception Handling

Machine: DEN-100001176

App Domain: /LM/W3SVC/2/ROOT-10-130906152878775997

ProcessId: 8596

Process Name: C:\Program Files (x86)\IIS Express\iisexpress.exe

Thread Name: 

Win32 ThreadId:10552

Extended Properties: 
----------------------------------------
