----------------------------------------
Timestamp: 9/9/2015 6:43:38 PM

Message: System.Web.HttpCompileException (0x80004005): http://server/SfCtrlPresentation/OpenAccessDataProvider,c83c60e796e1633a9d88ff00001e67f5.ascx(27): error CS1026: ) expected
   at System.Web.Compilation.AssemblyBuilder.Compile()
   at System.Web.Compilation.BuildProvidersCompiler.PerformBuild()
   at System.Web.Compilation.BuildManager.CompileWebFile(VirtualPath virtualPath)
   at System.Web.Compilation.BuildManager.GetVPathBuildResultInternal(VirtualPath virtualPath, Boolean noBuild, Boolean allowCrossApp, Boolean allowBuildInPrecompile, Boolean throwIfNotFound, Boolean ensureIsUpToDate)
   at System.Web.Compilation.BuildManager.GetVPathBuildResultWithNoAssert(HttpContext context, VirtualPath virtualPath, Boolean noBuild, Boolean allowCrossApp, Boolean allowBuildInPrecompile, Boolean throwIfNotFound, Boolean ensureIsUpToDate)
   at System.Web.Compilation.BuildManager.GetVirtualPathObjectFactory(VirtualPath virtualPath, HttpContext context, Boolean allowCrossApp, Boolean throwIfNotFound)
   at System.Web.Compilation.BuildManager.CreateInstanceFromVirtualPath(VirtualPath virtualPath, Type requiredBaseType, HttpContext context, Boolean allowCrossApp)
   at Telerik.Sitefinity.Web.UI.ControlUtilities.CompileControl(String virtualPath)
   at Telerik.Sitefinity.Web.UI.ControlUtilities.LoadControl(String virtualPath, Page page)
   at Telerik.Sitefinity.Web.UI.VirtualPathTemplate.InstantiateIn(Control container, PlaceHoldersCollection placeHolders)
   at Telerik.Sitefinity.Web.UI.VirtualPathTemplate.InstantiateIn(Control container)
   at Telerik.Sitefinity.Web.UI.ContentUI.Views.Backend.ViewBase.CreateContainer(ITemplate template)
   at Telerik.Sitefinity.Web.UI.ContentUI.Views.Backend.ViewBase.get_Container()
   at Telerik.Sitefinity.Web.UI.ContentUI.Views.Backend.ViewBase.CreateChildControls()


----------------------------------------
----------------------------------------
Timestamp: 9/9/2015 6:44:14 PM

Message: System.Web.HttpCompileException (0x80004005): http://server/SfCtrlPresentation/OpenAccessDataProvider,c83c60e796e1633a9d88ff00001e67f5.ascx(27): error CS1525: Invalid expression term '{'
   at System.Web.Compilation.AssemblyBuilder.Compile()
   at System.Web.Compilation.BuildProvidersCompiler.PerformBuild()
   at System.Web.Compilation.BuildManager.CompileWebFile(VirtualPath virtualPath)
   at System.Web.Compilation.BuildManager.GetVPathBuildResultInternal(VirtualPath virtualPath, Boolean noBuild, Boolean allowCrossApp, Boolean allowBuildInPrecompile, Boolean throwIfNotFound, Boolean ensureIsUpToDate)
   at System.Web.Compilation.BuildManager.GetVPathBuildResultWithNoAssert(HttpContext context, VirtualPath virtualPath, Boolean noBuild, Boolean allowCrossApp, Boolean allowBuildInPrecompile, Boolean throwIfNotFound, Boolean ensureIsUpToDate)
   at System.Web.Compilation.BuildManager.GetVirtualPathObjectFactory(VirtualPath virtualPath, HttpContext context, Boolean allowCrossApp, Boolean throwIfNotFound)
   at System.Web.Compilation.BuildManager.CreateInstanceFromVirtualPath(VirtualPath virtualPath, Type requiredBaseType, HttpContext context, Boolean allowCrossApp)
   at Telerik.Sitefinity.Web.UI.ControlUtilities.CompileControl(String virtualPath)
   at Telerik.Sitefinity.Web.UI.ControlUtilities.LoadControl(String virtualPath, Page page)
   at Telerik.Sitefinity.Web.UI.VirtualPathTemplate.InstantiateIn(Control container, PlaceHoldersCollection placeHolders)
   at Telerik.Sitefinity.Web.UI.VirtualPathTemplate.InstantiateIn(Control container)
   at Telerik.Sitefinity.Web.UI.ContentUI.Views.Backend.ViewBase.CreateContainer(ITemplate template)
   at Telerik.Sitefinity.Web.UI.ContentUI.Views.Backend.ViewBase.get_Container()
   at Telerik.Sitefinity.Web.UI.ContentUI.Views.Backend.ViewBase.CreateChildControls()


----------------------------------------
----------------------------------------
Timestamp: 9/9/2015 6:55:07 PM

Message: Shutting down threadpool...


----------------------------------------
----------------------------------------
Timestamp: 9/9/2015 6:55:07 PM

Message: Thread pool 'BackgroundTasksService': Shutdown of thread pool completed. All currently running threads will finish their work and stop.


----------------------------------------
----------------------------------------
Timestamp: 9/9/2015 6:55:07 PM

Message: WorkerThread is shut down


----------------------------------------
----------------------------------------
Timestamp: 9/9/2015 6:55:07 PM

Message: WorkerThread is shut down


----------------------------------------
----------------------------------------
Timestamp: 9/9/2015 6:55:07 PM

Message: WorkerThread is shut down


----------------------------------------
----------------------------------------
Timestamp: 9/9/2015 6:55:07 PM

Message: Background task scheduler shut down


----------------------------------------
----------------------------------------
Timestamp: 9/9/2015 6:55:07 PM

Message: WorkerThread is shut down


----------------------------------------
----------------------------------------
Timestamp: 9/9/2015 6:55:09 PM

Message: Shutting down threadpool...


----------------------------------------
----------------------------------------
Timestamp: 9/9/2015 6:55:09 PM

Message: Thread pool 'BackgroundTasksService': Shutdown of thread pool completed. Threads aborted.


----------------------------------------
