----------------------------------------
Timestamp: 10/27/2015 5:38:29 PM

Message: HandlingInstanceID: 80f5bc3c-606d-4fd9-bf32-60c56cd6b572
An exception of type 'System.Web.HttpException' occurred and was caught.
------------------------------------------------------------------------
10/27/2015 11:38:29
Type : System.Web.HttpException, System.Web, Version=4.0.0.0, Culture=neutral, PublicKeyToken=b03f5f7f11d50a3a
Message : Cannot find ContentPlaceHolder 'ByLine' in the master page '/App_Data/Sitefinity/WebsiteTemplates/Base/App_Master/ProductDetail.Master', verify content control's ContentPlaceHolderID attribute in the content page.
Source : System.Web
Help link : 
WebEventCode : 0
ErrorCode : -2147467259
Data : System.Collections.ListDictionaryInternal
TargetSite : System.Web.UI.MasterPage CreateMaster(System.Web.UI.TemplateControl, System.Web.HttpContext, System.Web.VirtualPath, System.Collections.IDictionary)
HResult : -2147467259
Stack Trace :    at System.Web.UI.MasterPage.CreateMaster(TemplateControl owner, HttpContext context, VirtualPath masterPageFile, IDictionary contentTemplateCollection)
   at System.Web.UI.Page.get_Master()
   at System.Web.UI.Page.ApplyMasterPage()
   at System.Web.UI.Page.PerformPreInit()
   at System.Web.UI.Page.ProcessRequestMain(Boolean includeStagesBeforeAsyncPoint, Boolean includeStagesAfterAsyncPoint)

Additional Info:

MachineName : DEN-100001176
TimeStamp : 10/27/2015 5:38:29 PM
FullName : Telerik.Sitefinity.Utilities, Version=8.0.5700.0, Culture=neutral, PublicKeyToken=b28c218413bdf563
AppDomainName : /LM/W3SVC/2/ROOT-1-130904405923112722
ThreadIdentity : admin
WindowsIdentity : SWIFTPAGE\Jeremy.Kron
Requested URL : http://localhost:60876/products/act-premium


Category: ErrorLog

Priority: 0

EventId: 90000

Severity: Error

Title:Enterprise Library Exception Handling

Machine: DEN-100001176

App Domain: /LM/W3SVC/2/ROOT-1-130904405923112722

ProcessId: 9872

Process Name: C:\Program Files (x86)\IIS Express\iisexpress.exe

Thread Name: 

Win32 ThreadId:7216

Extended Properties: 
----------------------------------------
----------------------------------------
Timestamp: 10/27/2015 5:39:35 PM

Message: HandlingInstanceID: 4c51d5bb-3990-4a32-8fdb-b463184a53ec
An exception of type 'System.Web.HttpException' occurred and was caught.
------------------------------------------------------------------------
10/27/2015 11:39:35
Type : System.Web.HttpException, System.Web, Version=4.0.0.0, Culture=neutral, PublicKeyToken=b03f5f7f11d50a3a
Message : Cannot find ContentPlaceHolder 'ByLine' in the master page '/App_Data/Sitefinity/WebsiteTemplates/Base/App_Master/ProductDetail.Master', verify content control's ContentPlaceHolderID attribute in the content page.
Source : System.Web
Help link : 
WebEventCode : 0
ErrorCode : -2147467259
Data : System.Collections.ListDictionaryInternal
TargetSite : System.Web.UI.MasterPage CreateMaster(System.Web.UI.TemplateControl, System.Web.HttpContext, System.Web.VirtualPath, System.Collections.IDictionary)
HResult : -2147467259
Stack Trace :    at System.Web.UI.MasterPage.CreateMaster(TemplateControl owner, HttpContext context, VirtualPath masterPageFile, IDictionary contentTemplateCollection)
   at System.Web.UI.Page.get_Master()
   at System.Web.UI.Page.ApplyMasterPage()
   at System.Web.UI.Page.PerformPreInit()
   at System.Web.UI.Page.ProcessRequestMain(Boolean includeStagesBeforeAsyncPoint, Boolean includeStagesAfterAsyncPoint)

Additional Info:

MachineName : DEN-100001176
TimeStamp : 10/27/2015 5:39:35 PM
FullName : Telerik.Sitefinity.Utilities, Version=8.0.5700.0, Culture=neutral, PublicKeyToken=b28c218413bdf563
AppDomainName : /LM/W3SVC/2/ROOT-1-130904405923112722
ThreadIdentity : admin
WindowsIdentity : SWIFTPAGE\Jeremy.Kron
Requested URL : http://localhost:60876/products/act-premium


Category: ErrorLog

Priority: 0

EventId: 90000

Severity: Error

Title:Enterprise Library Exception Handling

Machine: DEN-100001176

App Domain: /LM/W3SVC/2/ROOT-1-130904405923112722

ProcessId: 9872

Process Name: C:\Program Files (x86)\IIS Express\iisexpress.exe

Thread Name: 

Win32 ThreadId:11228

Extended Properties: 
----------------------------------------
