----------------------------------------
Timestamp: 9/18/2015 8:09:00 PM

Message: Shutting down threadpool...


----------------------------------------
----------------------------------------
Timestamp: 9/18/2015 8:09:00 PM

Message: Thread pool 'BackgroundTasksService': Shutdown of thread pool completed. All currently running threads will finish their work and stop.


----------------------------------------
----------------------------------------
Timestamp: 9/18/2015 8:09:00 PM

Message: WorkerThread is shut down


----------------------------------------
----------------------------------------
Timestamp: 9/18/2015 8:09:00 PM

Message: WorkerThread is shut down


----------------------------------------
----------------------------------------
Timestamp: 9/18/2015 8:09:00 PM

Message: WorkerThread is shut down


----------------------------------------
----------------------------------------
Timestamp: 9/18/2015 8:09:00 PM

Message: WorkerThread is shut down


----------------------------------------
----------------------------------------
Timestamp: 9/18/2015 8:09:00 PM

Message: WorkerThread is shut down


----------------------------------------
----------------------------------------
Timestamp: 9/18/2015 8:09:00 PM

Message: WorkerThread is shut down


----------------------------------------
----------------------------------------
Timestamp: 9/18/2015 8:09:00 PM

Message: Background task scheduler shut down


----------------------------------------
----------------------------------------
Timestamp: 9/18/2015 8:09:00 PM

Message: WorkerThread is shut down


----------------------------------------
----------------------------------------
Timestamp: 9/18/2015 8:09:00 PM

Message: WorkerThread is shut down


----------------------------------------
----------------------------------------
Timestamp: 9/18/2015 8:09:02 PM

Message: Shutting down threadpool...


----------------------------------------
----------------------------------------
Timestamp: 9/18/2015 8:09:02 PM

Message: Thread pool 'BackgroundTasksService': Shutdown of thread pool completed. Threads aborted.


----------------------------------------
