----------------------------------------
Timestamp: 9/10/2015 4:14:52 PM

Message: Shutting down threadpool...


----------------------------------------
----------------------------------------
Timestamp: 9/10/2015 4:14:52 PM

Message: Thread pool 'BackgroundTasksService': Shutdown of thread pool completed. All currently running threads will finish their work and stop.


----------------------------------------
----------------------------------------
Timestamp: 9/10/2015 4:14:53 PM

Message: WorkerThread is shut down


----------------------------------------
----------------------------------------
Timestamp: 9/10/2015 4:14:53 PM

Message: WorkerThread is shut down


----------------------------------------
----------------------------------------
Timestamp: 9/10/2015 4:14:53 PM

Message: Background task scheduler shut down


----------------------------------------
----------------------------------------
Timestamp: 9/10/2015 4:14:53 PM

Message: WorkerThread is shut down


----------------------------------------
----------------------------------------
Timestamp: 9/10/2015 4:14:53 PM

Message: WorkerThread is shut down


----------------------------------------
----------------------------------------
Timestamp: 9/10/2015 4:14:54 PM

Message: Shutting down threadpool...


----------------------------------------
----------------------------------------
Timestamp: 9/10/2015 4:14:54 PM

Message: Thread pool 'BackgroundTasksService': Shutdown of thread pool completed. Threads aborted.


----------------------------------------
