----------------------------------------
Timestamp: 10/12/2015 10:17:01 PM

Message: Shutting down threadpool...


----------------------------------------
----------------------------------------
Timestamp: 10/12/2015 10:17:01 PM

Message: Thread pool 'BackgroundTasksService': Shutdown of thread pool completed. All currently running threads will finish their work and stop.


----------------------------------------
----------------------------------------
Timestamp: 10/12/2015 10:17:01 PM

Message: WorkerThread is shut down


----------------------------------------
----------------------------------------
Timestamp: 10/12/2015 10:17:01 PM

Message: WorkerThread is shut down


----------------------------------------
----------------------------------------
Timestamp: 10/12/2015 10:17:01 PM

Message: Background task scheduler shut down


----------------------------------------
----------------------------------------
Timestamp: 10/12/2015 10:17:01 PM

Message: WorkerThread is shut down


----------------------------------------
----------------------------------------
Timestamp: 10/12/2015 10:17:01 PM

Message: WorkerThread is shut down


----------------------------------------
----------------------------------------
Timestamp: 10/12/2015 10:17:31 PM

Message: Shutting down threadpool...


----------------------------------------
----------------------------------------
Timestamp: 10/12/2015 10:17:31 PM

Message: Thread pool 'BackgroundTasksService': Shutdown of thread pool completed. Threads aborted.


----------------------------------------
