----------------------------------------
Timestamp: 11/4/2015 5:12:27 PM

Message: HandlingInstanceID: a8df8f5f-0bb0-4872-b3d0-4f2a6cb1fbc5
An exception of type 'System.Web.HttpException' occurred and was caught.
------------------------------------------------------------------------
11/04/2015 10:12:27
Type : System.Web.HttpException, System.Web, Version=4.0.0.0, Culture=neutral, PublicKeyToken=b03f5f7f11d50a3a
Message : Cannot find ContentPlaceHolder 'Fact3' in the master page '/App_Data/Sitefinity/WebsiteTemplates/Base/App_Master/Home2.Master', verify content control's ContentPlaceHolderID attribute in the content page.
Source : System.Web
Help link : 
WebEventCode : 0
ErrorCode : -2147467259
Data : System.Collections.ListDictionaryInternal
TargetSite : System.Web.UI.MasterPage CreateMaster(System.Web.UI.TemplateControl, System.Web.HttpContext, System.Web.VirtualPath, System.Collections.IDictionary)
HResult : -2147467259
Stack Trace :    at System.Web.UI.MasterPage.CreateMaster(TemplateControl owner, HttpContext context, VirtualPath masterPageFile, IDictionary contentTemplateCollection)
   at System.Web.UI.Page.get_Master()
   at System.Web.UI.Page.ApplyMasterPage()
   at System.Web.UI.Page.PerformPreInit()
   at System.Web.UI.Page.ProcessRequestMain(Boolean includeStagesBeforeAsyncPoint, Boolean includeStagesAfterAsyncPoint)

Additional Info:

MachineName : DEN-100001176
TimeStamp : 11/4/2015 5:12:27 PM
FullName : Telerik.Sitefinity.Utilities, Version=8.0.5700.0, Culture=neutral, PublicKeyToken=b28c218413bdf563
AppDomainName : /LM/W3SVC/2/ROOT-1-130911294174430472
ThreadIdentity : admin
WindowsIdentity : SWIFTPAGE\Jeremy.Kron
Requested URL : http://localhost:60876/home2


Category: ErrorLog

Priority: 0

EventId: 90000

Severity: Error

Title:Enterprise Library Exception Handling

Machine: DEN-100001176

App Domain: /LM/W3SVC/2/ROOT-1-130911294174430472

ProcessId: 7004

Process Name: C:\Program Files (x86)\IIS Express\iisexpress.exe

Thread Name: 

Win32 ThreadId:516

Extended Properties: 
----------------------------------------
