----------------------------------------
Timestamp: 9/30/2015 10:48:43 PM

Message: HandlingInstanceID: 61c1dd7a-b617-43d3-9b9f-d77005bf6f75
An exception of type 'System.NullReferenceException' occurred and was caught.
-----------------------------------------------------------------------------
09/30/2015 16:48:43
Type : System.NullReferenceException, mscorlib, Version=4.0.0.0, Culture=neutral, PublicKeyToken=b77a5c561934e089
Message : Object reference not set to an instance of an object.
Source : Telerik.Sitefinity
Help link : 
Data : System.Collections.ListDictionaryInternal
TargetSite : Void VerifySectionRegistered(System.Type, System.String)
HResult : -2147467261
Stack Trace :    at Telerik.Sitefinity.Configuration.Config.VerifySectionRegistered(Type sectionType, String sectionName)
   at Telerik.Sitefinity.Configuration.Config.GetSectionInternal(Type sectionType, Boolean safeMode, String sectionName)
   at Telerik.Sitefinity.Configuration.Config.GetSectionPrivate(Type sectionType, Boolean safeMode, String sectionName)
   at Telerik.Sitefinity.Configuration.Config.GetSectionPrivate[TSection](Boolean safeMode)
   at Telerik.Sitefinity.Localization.ResourceManager.get_ProvidersSettings()
   at Telerik.Sitefinity.Data.ManagerBase`1.GetProvidersSettings()
   at Telerik.Sitefinity.Data.ManagerBase`1.Initialize()

Additional Info:

MachineName : DEN-100001176
TimeStamp : 9/30/2015 10:48:43 PM
FullName : Telerik.Sitefinity.Utilities, Version=8.0.5700.0, Culture=neutral, PublicKeyToken=b28c218413bdf563
AppDomainName : /LM/W3SVC/2/ROOT-9-130881197923419760
ThreadIdentity : SWIFTPAGE\Jeremy.Kron
WindowsIdentity : SWIFTPAGE\Jeremy.Kron


Category: ErrorLog

Priority: 0

EventId: 90030

Severity: Error

Title:Enterprise Library Exception Handling

Machine: DEN-100001176

App Domain: /LM/W3SVC/2/ROOT-9-130881197923419760

ProcessId: 128432

Process Name: C:\Program Files (x86)\Microsoft Visual Studio 12.0\Common7\IDE\Microsoft.VisualStudio.Web.Host.exe

Thread Name: 

Win32 ThreadId:120552

Extended Properties: 
----------------------------------------
