----------------------------------------
Timestamp: 8/31/2015 5:17:36 PM

Message: HandlingInstanceID: b903d42f-2db0-4a0f-a6c1-49c2aebda82b
An exception of type 'System.Xml.XmlException' occurred and was caught.
-----------------------------------------------------------------------
08/31/2015 17:17:36
Type : System.Xml.XmlException, System.Xml, Version=4.0.0.0, Culture=neutral, PublicKeyToken=b77a5c561934e089
Message : Error in line 9 position 29. An error was encountered when parsing a DateTime value in the XML.
Source : System.ServiceModel
Help link : 
LineNumber : 0
LinePosition : 0
SourceUri : 
Data : System.Collections.ListDictionaryInternal
TargetSite : System.DateTimeOffset DateFromString(System.String, System.Xml.XmlReader)
HResult : -2146232000
Stack Trace :    at System.ServiceModel.Syndication.Rss20FeedFormatter.DateFromString(String dateTimeString, XmlReader reader)
   at System.ServiceModel.Syndication.Rss20FeedFormatter.ReadItemFrom(XmlReader reader, SyndicationItem result, Uri feedBaseUri)
   at System.ServiceModel.Syndication.Rss20FeedFormatter.ReadItem(XmlReader reader, SyndicationFeed feed)
   at System.ServiceModel.Syndication.Rss20FeedFormatter.ReadItems(XmlReader reader, SyndicationFeed feed, Boolean& areAllItemsRead)
   at System.ServiceModel.Syndication.Rss20FeedFormatter.ReadXml(XmlReader reader, SyndicationFeed result)
   at System.ServiceModel.Syndication.Rss20FeedFormatter.ReadFrom(XmlReader reader)
   at System.ServiceModel.Syndication.SyndicationFeed.Load[TSyndicationFeed](XmlReader reader)
   at Telerik.Sitefinity.Publishing.Pipes.RSSInboundPipe.<ExtractSyndicationItems>d__3.MoveNext()
   at Telerik.Sitefinity.Publishing.Pipes.RSSInboundPipe.ToPublishingPoint()
   at Telerik.Sitefinity.Publishing.PublishingManager.InvokeInboundPushPipes(PublishingPoint point, String providerName)
   at Telerik.Sitefinity.Publishing.Web.Services.PublishingAdminService.RunPipes(String providerName, String pointId)
   at SyncInvokeRunPipes(Object , Object[] , Object[] )
   at System.ServiceModel.Dispatcher.SyncMethodInvoker.Invoke(Object instance, Object[] inputs, Object[]& outputs)
   at System.ServiceModel.Dispatcher.DispatchOperationRuntime.InvokeBegin(MessageRpc& rpc)
   at System.ServiceModel.Dispatcher.ImmutableDispatchRuntime.ProcessMessage5(MessageRpc& rpc)
   at System.ServiceModel.Dispatcher.ImmutableDispatchRuntime.ProcessMessage31(MessageRpc& rpc)
   at System.ServiceModel.Dispatcher.MessageRpc.Process(Boolean isOperationContextSet)

Additional Info:

MachineName : WIN-NQJU4DRL0NR
TimeStamp : 8/31/2015 5:17:36 PM
FullName : Telerik.Sitefinity.Utilities, Version=8.0.5700.0, Culture=neutral, PublicKeyToken=b28c218413bdf563
AppDomainName : /LM/W3SVC/2/ROOT-1-130855147744937725
ThreadIdentity : 
WindowsIdentity : IIS APPPOOL\act_com
Requested URL : http://stagecms.act.com/Sitefinity/Services/Publishing/PublishingService.svc/runpipes/914960e7-96e1-633a-9d88-ff00001e67f5/


Category: ErrorLog

Priority: 0

EventId: 90000

Severity: Error

Title:Enterprise Library Exception Handling

Machine: WIN-NQJU4DRL0NR

App Domain: /LM/W3SVC/2/ROOT-1-130855147744937725

ProcessId: 8780

Process Name: c:\windows\system32\inetsrv\w3wp.exe

Thread Name: 

Win32 ThreadId:5392

Extended Properties: 
----------------------------------------
----------------------------------------
Timestamp: 8/31/2015 5:19:39 PM

Message: HandlingInstanceID: 14dfea29-be75-4790-97a2-32a471136de0
An exception of type 'System.Xml.XmlException' occurred and was caught.
-----------------------------------------------------------------------
08/31/2015 17:19:39
Type : System.Xml.XmlException, System.Xml, Version=4.0.0.0, Culture=neutral, PublicKeyToken=b77a5c561934e089
Message : Error in line 9 position 29. An error was encountered when parsing a DateTime value in the XML.
Source : System.ServiceModel
Help link : 
LineNumber : 0
LinePosition : 0
SourceUri : 
Data : System.Collections.ListDictionaryInternal
TargetSite : System.DateTimeOffset DateFromString(System.String, System.Xml.XmlReader)
HResult : -2146232000
Stack Trace :    at System.ServiceModel.Syndication.Rss20FeedFormatter.DateFromString(String dateTimeString, XmlReader reader)
   at System.ServiceModel.Syndication.Rss20FeedFormatter.ReadItemFrom(XmlReader reader, SyndicationItem result, Uri feedBaseUri)
   at System.ServiceModel.Syndication.Rss20FeedFormatter.ReadItem(XmlReader reader, SyndicationFeed feed)
   at System.ServiceModel.Syndication.Rss20FeedFormatter.ReadItems(XmlReader reader, SyndicationFeed feed, Boolean& areAllItemsRead)
   at System.ServiceModel.Syndication.Rss20FeedFormatter.ReadXml(XmlReader reader, SyndicationFeed result)
   at System.ServiceModel.Syndication.Rss20FeedFormatter.ReadFrom(XmlReader reader)
   at System.ServiceModel.Syndication.SyndicationFeed.Load[TSyndicationFeed](XmlReader reader)
   at Telerik.Sitefinity.Publishing.Pipes.RSSInboundPipe.<ExtractSyndicationItems>d__3.MoveNext()
   at Telerik.Sitefinity.Publishing.Pipes.RSSInboundPipe.ToPublishingPoint()
   at Telerik.Sitefinity.Publishing.PublishingManager.InvokeInboundPushPipes(PublishingPoint point, String providerName)
   at Telerik.Sitefinity.Publishing.Web.Services.PublishingAdminService.RunPipes(String providerName, String pointId)
   at SyncInvokeRunPipes(Object , Object[] , Object[] )
   at System.ServiceModel.Dispatcher.SyncMethodInvoker.Invoke(Object instance, Object[] inputs, Object[]& outputs)
   at System.ServiceModel.Dispatcher.DispatchOperationRuntime.InvokeBegin(MessageRpc& rpc)
   at System.ServiceModel.Dispatcher.ImmutableDispatchRuntime.ProcessMessage5(MessageRpc& rpc)
   at System.ServiceModel.Dispatcher.ImmutableDispatchRuntime.ProcessMessage31(MessageRpc& rpc)
   at System.ServiceModel.Dispatcher.MessageRpc.Process(Boolean isOperationContextSet)

Additional Info:

MachineName : WIN-NQJU4DRL0NR
TimeStamp : 8/31/2015 5:19:39 PM
FullName : Telerik.Sitefinity.Utilities, Version=8.0.5700.0, Culture=neutral, PublicKeyToken=b28c218413bdf563
AppDomainName : /LM/W3SVC/2/ROOT-1-130855147744937725
ThreadIdentity : 
WindowsIdentity : IIS APPPOOL\act_com
Requested URL : http://stagecms.act.com/Sitefinity/Services/Publishing/PublishingService.svc/runpipes/914960e7-96e1-633a-9d88-ff00001e67f5/


Category: ErrorLog

Priority: 0

EventId: 90000

Severity: Error

Title:Enterprise Library Exception Handling

Machine: WIN-NQJU4DRL0NR

App Domain: /LM/W3SVC/2/ROOT-1-130855147744937725

ProcessId: 8780

Process Name: c:\windows\system32\inetsrv\w3wp.exe

Thread Name: 

Win32 ThreadId:5392

Extended Properties: 
----------------------------------------
----------------------------------------
Timestamp: 8/31/2015 5:20:59 PM

Message: HandlingInstanceID: 652a7906-1c02-42d6-8a65-73c86f4fc391
An exception of type 'System.Xml.XmlException' occurred and was caught.
-----------------------------------------------------------------------
08/31/2015 17:20:59
Type : System.Xml.XmlException, System.Xml, Version=4.0.0.0, Culture=neutral, PublicKeyToken=b77a5c561934e089
Message : Error in line 9 position 29. An error was encountered when parsing a DateTime value in the XML.
Source : System.ServiceModel
Help link : 
LineNumber : 0
LinePosition : 0
SourceUri : 
Data : System.Collections.ListDictionaryInternal
TargetSite : System.DateTimeOffset DateFromString(System.String, System.Xml.XmlReader)
HResult : -2146232000
Stack Trace :    at System.ServiceModel.Syndication.Rss20FeedFormatter.DateFromString(String dateTimeString, XmlReader reader)
   at System.ServiceModel.Syndication.Rss20FeedFormatter.ReadItemFrom(XmlReader reader, SyndicationItem result, Uri feedBaseUri)
   at System.ServiceModel.Syndication.Rss20FeedFormatter.ReadItem(XmlReader reader, SyndicationFeed feed)
   at System.ServiceModel.Syndication.Rss20FeedFormatter.ReadItems(XmlReader reader, SyndicationFeed feed, Boolean& areAllItemsRead)
   at System.ServiceModel.Syndication.Rss20FeedFormatter.ReadXml(XmlReader reader, SyndicationFeed result)
   at System.ServiceModel.Syndication.Rss20FeedFormatter.ReadFrom(XmlReader reader)
   at System.ServiceModel.Syndication.SyndicationFeed.Load[TSyndicationFeed](XmlReader reader)
   at Telerik.Sitefinity.Publishing.Pipes.RSSInboundPipe.<ExtractSyndicationItems>d__3.MoveNext()
   at Telerik.Sitefinity.Publishing.Pipes.RSSInboundPipe.ToPublishingPoint()
   at Telerik.Sitefinity.Publishing.PublishingManager.InvokeInboundPushPipes(PublishingPoint point, String providerName)
   at Telerik.Sitefinity.Publishing.Web.Services.PublishingAdminService.RunPipes(String providerName, String pointId)
   at SyncInvokeRunPipes(Object , Object[] , Object[] )
   at System.ServiceModel.Dispatcher.SyncMethodInvoker.Invoke(Object instance, Object[] inputs, Object[]& outputs)
   at System.ServiceModel.Dispatcher.DispatchOperationRuntime.InvokeBegin(MessageRpc& rpc)
   at System.ServiceModel.Dispatcher.ImmutableDispatchRuntime.ProcessMessage5(MessageRpc& rpc)
   at System.ServiceModel.Dispatcher.ImmutableDispatchRuntime.ProcessMessage31(MessageRpc& rpc)
   at System.ServiceModel.Dispatcher.MessageRpc.Process(Boolean isOperationContextSet)

Additional Info:

MachineName : WIN-NQJU4DRL0NR
TimeStamp : 8/31/2015 5:20:59 PM
FullName : Telerik.Sitefinity.Utilities, Version=8.0.5700.0, Culture=neutral, PublicKeyToken=b28c218413bdf563
AppDomainName : /LM/W3SVC/2/ROOT-1-130855147744937725
ThreadIdentity : 
WindowsIdentity : IIS APPPOOL\act_com
Requested URL : http://stagecms.act.com/Sitefinity/Services/Publishing/PublishingService.svc/runpipes/914960e7-96e1-633a-9d88-ff00001e67f5/


Category: ErrorLog

Priority: 0

EventId: 90000

Severity: Error

Title:Enterprise Library Exception Handling

Machine: WIN-NQJU4DRL0NR

App Domain: /LM/W3SVC/2/ROOT-1-130855147744937725

ProcessId: 8780

Process Name: c:\windows\system32\inetsrv\w3wp.exe

Thread Name: 

Win32 ThreadId:5392

Extended Properties: 
----------------------------------------
----------------------------------------
Timestamp: 8/31/2015 5:29:56 PM

Message: HandlingInstanceID: 7b7f06cf-5087-4346-8b29-83dc9eed8837
An exception of type 'System.InvalidOperationException' occurred and was caught.
--------------------------------------------------------------------------------
08/31/2015 17:29:56
Type : System.InvalidOperationException, mscorlib, Version=4.0.0.0, Culture=neutral, PublicKeyToken=b77a5c561934e089
Message : This operation is not supported for a relative URI.
Source : System
Help link : 
Data : System.Collections.ListDictionaryInternal
TargetSite : System.String get_AbsoluteUri()
HResult : -2146233079
Stack Trace :    at System.Uri.get_AbsoluteUri()
   at Telerik.Sitefinity.Publishing.Pipes.RSSInboundPipe.ConvertToWraperObject(SyndicationItem item)
   at Telerik.Sitefinity.Publishing.Pipes.RSSInboundPipe.<ExtractSyndicationItems>d__3.MoveNext()
   at Telerik.Sitefinity.Publishing.Pipes.RSSInboundPipe.ToPublishingPoint()
   at Telerik.Sitefinity.Publishing.PublishingManager.InvokeInboundPushPipes(PublishingPoint point, String providerName)
   at Telerik.Sitefinity.Publishing.Web.Services.PublishingAdminService.RunPipes(String providerName, String pointId)
   at SyncInvokeRunPipes(Object , Object[] , Object[] )
   at System.ServiceModel.Dispatcher.SyncMethodInvoker.Invoke(Object instance, Object[] inputs, Object[]& outputs)
   at System.ServiceModel.Dispatcher.DispatchOperationRuntime.InvokeBegin(MessageRpc& rpc)
   at System.ServiceModel.Dispatcher.ImmutableDispatchRuntime.ProcessMessage5(MessageRpc& rpc)
   at System.ServiceModel.Dispatcher.ImmutableDispatchRuntime.ProcessMessage31(MessageRpc& rpc)
   at System.ServiceModel.Dispatcher.MessageRpc.Process(Boolean isOperationContextSet)

Additional Info:

MachineName : WIN-NQJU4DRL0NR
TimeStamp : 8/31/2015 5:29:56 PM
FullName : Telerik.Sitefinity.Utilities, Version=8.0.5700.0, Culture=neutral, PublicKeyToken=b28c218413bdf563
AppDomainName : /LM/W3SVC/2/ROOT-1-130855147744937725
ThreadIdentity : 
WindowsIdentity : IIS APPPOOL\act_com
Requested URL : http://stagecms.act.com/Sitefinity/Services/Publishing/PublishingService.svc/runpipes/914960e7-96e1-633a-9d88-ff00001e67f5/


Category: ErrorLog

Priority: 0

EventId: 90000

Severity: Error

Title:Enterprise Library Exception Handling

Machine: WIN-NQJU4DRL0NR

App Domain: /LM/W3SVC/2/ROOT-1-130855147744937725

ProcessId: 8780

Process Name: c:\windows\system32\inetsrv\w3wp.exe

Thread Name: 

Win32 ThreadId:5392

Extended Properties: 
----------------------------------------
----------------------------------------
Timestamp: 8/31/2015 5:30:29 PM

Message: HandlingInstanceID: 0694de19-2748-45f0-b195-7f2639570e53
An exception of type 'System.InvalidOperationException' occurred and was caught.
--------------------------------------------------------------------------------
08/31/2015 17:30:29
Type : System.InvalidOperationException, mscorlib, Version=4.0.0.0, Culture=neutral, PublicKeyToken=b77a5c561934e089
Message : This operation is not supported for a relative URI.
Source : System
Help link : 
Data : System.Collections.ListDictionaryInternal
TargetSite : System.String get_AbsoluteUri()
HResult : -2146233079
Stack Trace :    at System.Uri.get_AbsoluteUri()
   at Telerik.Sitefinity.Publishing.Pipes.RSSInboundPipe.ConvertToWraperObject(SyndicationItem item)
   at Telerik.Sitefinity.Publishing.Pipes.RSSInboundPipe.<ExtractSyndicationItems>d__3.MoveNext()
   at Telerik.Sitefinity.Publishing.Pipes.RSSInboundPipe.ToPublishingPoint()
   at Telerik.Sitefinity.Publishing.PublishingManager.InvokeInboundPushPipes(PublishingPoint point, String providerName)
   at Telerik.Sitefinity.Publishing.Web.Services.PublishingAdminService.RunPipes(String providerName, String pointId)
   at SyncInvokeRunPipes(Object , Object[] , Object[] )
   at System.ServiceModel.Dispatcher.SyncMethodInvoker.Invoke(Object instance, Object[] inputs, Object[]& outputs)
   at System.ServiceModel.Dispatcher.DispatchOperationRuntime.InvokeBegin(MessageRpc& rpc)
   at System.ServiceModel.Dispatcher.ImmutableDispatchRuntime.ProcessMessage5(MessageRpc& rpc)
   at System.ServiceModel.Dispatcher.ImmutableDispatchRuntime.ProcessMessage31(MessageRpc& rpc)
   at System.ServiceModel.Dispatcher.MessageRpc.Process(Boolean isOperationContextSet)

Additional Info:

MachineName : WIN-NQJU4DRL0NR
TimeStamp : 8/31/2015 5:30:29 PM
FullName : Telerik.Sitefinity.Utilities, Version=8.0.5700.0, Culture=neutral, PublicKeyToken=b28c218413bdf563
AppDomainName : /LM/W3SVC/2/ROOT-1-130855147744937725
ThreadIdentity : 
WindowsIdentity : IIS APPPOOL\act_com
Requested URL : http://stagecms.act.com/Sitefinity/Services/Publishing/PublishingService.svc/runpipes/914960e7-96e1-633a-9d88-ff00001e67f5/


Category: ErrorLog

Priority: 0

EventId: 90000

Severity: Error

Title:Enterprise Library Exception Handling

Machine: WIN-NQJU4DRL0NR

App Domain: /LM/W3SVC/2/ROOT-1-130855147744937725

ProcessId: 8780

Process Name: c:\windows\system32\inetsrv\w3wp.exe

Thread Name: 

Win32 ThreadId:5392

Extended Properties: 
----------------------------------------
----------------------------------------
Timestamp: 8/31/2015 5:44:49 PM

Message: HandlingInstanceID: cf9ab33b-3e33-4d38-af69-c4c2c65aa3f8
An exception of type 'System.InvalidOperationException' occurred and was caught.
--------------------------------------------------------------------------------
08/31/2015 17:44:49
Type : System.InvalidOperationException, mscorlib, Version=4.0.0.0, Culture=neutral, PublicKeyToken=b77a5c561934e089
Message : This operation is not supported for a relative URI.
Source : System
Help link : 
Data : System.Collections.ListDictionaryInternal
TargetSite : System.String get_AbsoluteUri()
HResult : -2146233079
Stack Trace :    at System.Uri.get_AbsoluteUri()
   at Telerik.Sitefinity.Publishing.Pipes.RSSInboundPipe.ConvertToWraperObject(SyndicationItem item)
   at Telerik.Sitefinity.Publishing.Pipes.RSSInboundPipe.<ExtractSyndicationItems>d__3.MoveNext()
   at Telerik.Sitefinity.Publishing.Pipes.RSSInboundPipe.ToPublishingPoint()
   at Telerik.Sitefinity.Publishing.PublishingManager.InvokeInboundPushPipes(PublishingPoint point, String providerName)
   at Telerik.Sitefinity.Publishing.Web.Services.PublishingAdminService.RunPipes(String providerName, String pointId)
   at SyncInvokeRunPipes(Object , Object[] , Object[] )
   at System.ServiceModel.Dispatcher.SyncMethodInvoker.Invoke(Object instance, Object[] inputs, Object[]& outputs)
   at System.ServiceModel.Dispatcher.DispatchOperationRuntime.InvokeBegin(MessageRpc& rpc)
   at System.ServiceModel.Dispatcher.ImmutableDispatchRuntime.ProcessMessage5(MessageRpc& rpc)
   at System.ServiceModel.Dispatcher.ImmutableDispatchRuntime.ProcessMessage31(MessageRpc& rpc)
   at System.ServiceModel.Dispatcher.MessageRpc.Process(Boolean isOperationContextSet)

Additional Info:

MachineName : WIN-NQJU4DRL0NR
TimeStamp : 8/31/2015 5:44:49 PM
FullName : Telerik.Sitefinity.Utilities, Version=8.0.5700.0, Culture=neutral, PublicKeyToken=b28c218413bdf563
AppDomainName : /LM/W3SVC/2/ROOT-1-130855147744937725
ThreadIdentity : 
WindowsIdentity : IIS APPPOOL\act_com
Requested URL : http://stagecms.act.com/Sitefinity/Services/Publishing/PublishingService.svc/runpipes/914960e7-96e1-633a-9d88-ff00001e67f5/


Category: ErrorLog

Priority: 0

EventId: 90000

Severity: Error

Title:Enterprise Library Exception Handling

Machine: WIN-NQJU4DRL0NR

App Domain: /LM/W3SVC/2/ROOT-1-130855147744937725

ProcessId: 8780

Process Name: c:\windows\system32\inetsrv\w3wp.exe

Thread Name: 

Win32 ThreadId:8728

Extended Properties: 
----------------------------------------
----------------------------------------
Timestamp: 8/31/2015 5:45:57 PM

Message: HandlingInstanceID: 4fb44975-4b43-454b-b7e2-83b57bfc81fe
An exception of type 'System.Net.WebException' occurred and was caught.
-----------------------------------------------------------------------
08/31/2015 17:45:57
Type : System.Net.WebException, System, Version=4.0.0.0, Culture=neutral, PublicKeyToken=b77a5c561934e089
Message : The remote server returned an error: (404) Not Found.
Source : System
Help link : 
Status : ProtocolError
Response : System.Net.HttpWebResponse
Data : System.Collections.ListDictionaryInternal
TargetSite : System.Net.WebResponse GetResponse()
HResult : -2146233079
Stack Trace :    at System.Net.HttpWebRequest.GetResponse()
   at System.Xml.XmlDownloadManager.GetNonFileStream(Uri uri, ICredentials credentials, IWebProxy proxy, RequestCachePolicy cachePolicy)
   at System.Xml.XmlUrlResolver.GetEntity(Uri absoluteUri, String role, Type ofObjectToReturn)
   at System.Xml.XmlTextReaderImpl.FinishInitUriString()
   at System.Xml.XmlReaderSettings.CreateReader(String inputUri, XmlParserContext inputContext)
   at Telerik.Sitefinity.Publishing.Pipes.RSSInboundPipe.<ExtractSyndicationItems>d__3.MoveNext()
   at Telerik.Sitefinity.Publishing.Pipes.RSSInboundPipe.ToPublishingPoint()
   at Telerik.Sitefinity.Publishing.PublishingManager.InvokeInboundPushPipes(PublishingPoint point, String providerName)
   at Telerik.Sitefinity.Publishing.Web.Services.PublishingAdminService.RunPipes(String providerName, String pointId)
   at SyncInvokeRunPipes(Object , Object[] , Object[] )
   at System.ServiceModel.Dispatcher.SyncMethodInvoker.Invoke(Object instance, Object[] inputs, Object[]& outputs)
   at System.ServiceModel.Dispatcher.DispatchOperationRuntime.InvokeBegin(MessageRpc& rpc)
   at System.ServiceModel.Dispatcher.ImmutableDispatchRuntime.ProcessMessage5(MessageRpc& rpc)
   at System.ServiceModel.Dispatcher.ImmutableDispatchRuntime.ProcessMessage31(MessageRpc& rpc)
   at System.ServiceModel.Dispatcher.MessageRpc.Process(Boolean isOperationContextSet)

Additional Info:

MachineName : WIN-NQJU4DRL0NR
TimeStamp : 8/31/2015 5:45:57 PM
FullName : Telerik.Sitefinity.Utilities, Version=8.0.5700.0, Culture=neutral, PublicKeyToken=b28c218413bdf563
AppDomainName : /LM/W3SVC/2/ROOT-1-130855147744937725
ThreadIdentity : 
WindowsIdentity : IIS APPPOOL\act_com
Requested URL : http://stagecms.act.com/Sitefinity/Services/Publishing/PublishingService.svc/runpipes/914960e7-96e1-633a-9d88-ff00001e67f5/


Category: ErrorLog

Priority: 0

EventId: 90000

Severity: Error

Title:Enterprise Library Exception Handling

Machine: WIN-NQJU4DRL0NR

App Domain: /LM/W3SVC/2/ROOT-1-130855147744937725

ProcessId: 8780

Process Name: c:\windows\system32\inetsrv\w3wp.exe

Thread Name: 

Win32 ThreadId:2152

Extended Properties: 
----------------------------------------
----------------------------------------
Timestamp: 8/31/2015 5:46:39 PM

Message: HandlingInstanceID: ea1d41a3-acfe-4c26-99aa-f9d8f1d63f60
An exception of type 'System.InvalidOperationException' occurred and was caught.
--------------------------------------------------------------------------------
08/31/2015 17:46:39
Type : System.InvalidOperationException, mscorlib, Version=4.0.0.0, Culture=neutral, PublicKeyToken=b77a5c561934e089
Message : This operation is not supported for a relative URI.
Source : System
Help link : 
Data : System.Collections.ListDictionaryInternal
TargetSite : System.String get_AbsoluteUri()
HResult : -2146233079
Stack Trace :    at System.Uri.get_AbsoluteUri()
   at Telerik.Sitefinity.Publishing.Pipes.RSSInboundPipe.ConvertToWraperObject(SyndicationItem item)
   at Telerik.Sitefinity.Publishing.Pipes.RSSInboundPipe.<ExtractSyndicationItems>d__3.MoveNext()
   at Telerik.Sitefinity.Publishing.Pipes.RSSInboundPipe.ToPublishingPoint()
   at Telerik.Sitefinity.Publishing.PublishingManager.InvokeInboundPushPipes(PublishingPoint point, String providerName)
   at Telerik.Sitefinity.Publishing.Web.Services.PublishingAdminService.RunPipes(String providerName, String pointId)
   at SyncInvokeRunPipes(Object , Object[] , Object[] )
   at System.ServiceModel.Dispatcher.SyncMethodInvoker.Invoke(Object instance, Object[] inputs, Object[]& outputs)
   at System.ServiceModel.Dispatcher.DispatchOperationRuntime.InvokeBegin(MessageRpc& rpc)
   at System.ServiceModel.Dispatcher.ImmutableDispatchRuntime.ProcessMessage5(MessageRpc& rpc)
   at System.ServiceModel.Dispatcher.ImmutableDispatchRuntime.ProcessMessage31(MessageRpc& rpc)
   at System.ServiceModel.Dispatcher.MessageRpc.Process(Boolean isOperationContextSet)

Additional Info:

MachineName : WIN-NQJU4DRL0NR
TimeStamp : 8/31/2015 5:46:39 PM
FullName : Telerik.Sitefinity.Utilities, Version=8.0.5700.0, Culture=neutral, PublicKeyToken=b28c218413bdf563
AppDomainName : /LM/W3SVC/2/ROOT-1-130855147744937725
ThreadIdentity : 
WindowsIdentity : IIS APPPOOL\act_com
Requested URL : http://stagecms.act.com/Sitefinity/Services/Publishing/PublishingService.svc/runpipes/914960e7-96e1-633a-9d88-ff00001e67f5/


Category: ErrorLog

Priority: 0

EventId: 90000

Severity: Error

Title:Enterprise Library Exception Handling

Machine: WIN-NQJU4DRL0NR

App Domain: /LM/W3SVC/2/ROOT-1-130855147744937725

ProcessId: 8780

Process Name: c:\windows\system32\inetsrv\w3wp.exe

Thread Name: 

Win32 ThreadId:7712

Extended Properties: 
----------------------------------------
----------------------------------------
Timestamp: 8/31/2015 5:48:40 PM

Message: HandlingInstanceID: aba60c38-05e1-4377-b87a-0965542a74ac
An exception of type 'System.InvalidOperationException' occurred and was caught.
--------------------------------------------------------------------------------
08/31/2015 17:48:40
Type : System.InvalidOperationException, mscorlib, Version=4.0.0.0, Culture=neutral, PublicKeyToken=b77a5c561934e089
Message : This operation is not supported for a relative URI.
Source : System
Help link : 
Data : System.Collections.ListDictionaryInternal
TargetSite : System.String get_AbsoluteUri()
HResult : -2146233079
Stack Trace :    at System.Uri.get_AbsoluteUri()
   at Telerik.Sitefinity.Publishing.Pipes.RSSInboundPipe.ConvertToWraperObject(SyndicationItem item)
   at Telerik.Sitefinity.Publishing.Pipes.RSSInboundPipe.<ExtractSyndicationItems>d__3.MoveNext()
   at Telerik.Sitefinity.Publishing.Pipes.RSSInboundPipe.ToPublishingPoint()
   at Telerik.Sitefinity.Publishing.PublishingManager.InvokeInboundPushPipes(PublishingPoint point, String providerName)
   at Telerik.Sitefinity.Publishing.Web.Services.PublishingAdminService.RunPipes(String providerName, String pointId)
   at SyncInvokeRunPipes(Object , Object[] , Object[] )
   at System.ServiceModel.Dispatcher.SyncMethodInvoker.Invoke(Object instance, Object[] inputs, Object[]& outputs)
   at System.ServiceModel.Dispatcher.DispatchOperationRuntime.InvokeBegin(MessageRpc& rpc)
   at System.ServiceModel.Dispatcher.ImmutableDispatchRuntime.ProcessMessage5(MessageRpc& rpc)
   at System.ServiceModel.Dispatcher.ImmutableDispatchRuntime.ProcessMessage31(MessageRpc& rpc)
   at System.ServiceModel.Dispatcher.MessageRpc.Process(Boolean isOperationContextSet)

Additional Info:

MachineName : WIN-NQJU4DRL0NR
TimeStamp : 8/31/2015 5:48:40 PM
FullName : Telerik.Sitefinity.Utilities, Version=8.0.5700.0, Culture=neutral, PublicKeyToken=b28c218413bdf563
AppDomainName : /LM/W3SVC/2/ROOT-1-130855147744937725
ThreadIdentity : 
WindowsIdentity : IIS APPPOOL\act_com
Requested URL : http://stagecms.act.com/Sitefinity/Services/Publishing/PublishingService.svc/runpipes/914960e7-96e1-633a-9d88-ff00001e67f5/


Category: ErrorLog

Priority: 0

EventId: 90000

Severity: Error

Title:Enterprise Library Exception Handling

Machine: WIN-NQJU4DRL0NR

App Domain: /LM/W3SVC/2/ROOT-1-130855147744937725

ProcessId: 8780

Process Name: c:\windows\system32\inetsrv\w3wp.exe

Thread Name: 

Win32 ThreadId:8052

Extended Properties: 
----------------------------------------
----------------------------------------
Timestamp: 8/31/2015 7:42:02 PM

Message: HandlingInstanceID: 5e403a10-f065-49b5-b11b-4d2dda39a415
An exception of type 'Telerik.Sitefinity.Utilities.MS.ServiceModel.Web.WebProtocolException' occurred and was caught.
---------------------------------------------------------------------------------------------------------------------
08/31/2015 19:42:02
Type : Telerik.Sitefinity.Utilities.MS.ServiceModel.Web.WebProtocolException, Telerik.Sitefinity.Utilities, Version=8.0.5700.0, Culture=neutral, PublicKeyToken=b28c218413bdf563
Message : Row not found: GenericOID@c95d5e85 PageDraft id=cd4360e7-96e1-633a-9d88-ff00001e67f5
UPDATE [sf_draft_pages] SET [last_modified] = ?, [voa_version] = ?, [flags] = ? WHERE [id] = ? AND [voa_version] = ?
(set event logging to all to see parameter values)
Source : Telerik.Sitefinity
Help link : 
StatusCode : InternalServerError
StatusDescription : Row not found: GenericOID@c95d5e85 PageDraft id=cd4360e7-96e1-633a-9d88-ff00001e67f5
UPDATE [sf_draft_pages] SET [last_modified] = ?, [voa_version] = ?, [flags] = ? WHERE [id] = ? AND [voa_version] = ?
(set event logging to all to see parameter values)
IsDetailXhtml : True
Data : System.Collections.ListDictionaryInternal
TargetSite : Boolean DiscardPageDraft(System.String)
HResult : -2146233087
detailWriterInstance : Telerik.Sitefinity.Utilities.MS.ServiceModel.Web.WebProtocolException+StringDetailWriter
Stack Trace :    at Telerik.Sitefinity.Modules.Pages.Web.Services.ZoneEditorService.DiscardPageDraft(String draftId)
   at SyncInvokeDiscardPageDraft(Object , Object[] , Object[] )
   at System.ServiceModel.Dispatcher.SyncMethodInvoker.Invoke(Object instance, Object[] inputs, Object[]& outputs)
   at System.ServiceModel.Dispatcher.DispatchOperationRuntime.InvokeBegin(MessageRpc& rpc)
   at System.ServiceModel.Dispatcher.ImmutableDispatchRuntime.ProcessMessage5(MessageRpc& rpc)
   at System.ServiceModel.Dispatcher.ImmutableDispatchRuntime.ProcessMessage31(MessageRpc& rpc)
   at System.ServiceModel.Dispatcher.MessageRpc.Process(Boolean isOperationContextSet)

Additional Info:

MachineName : WIN-NQJU4DRL0NR
TimeStamp : 8/31/2015 7:42:02 PM
FullName : Telerik.Sitefinity.Utilities, Version=8.0.5700.0, Culture=neutral, PublicKeyToken=b28c218413bdf563
AppDomainName : /LM/W3SVC/2/ROOT-1-130855237008576960
ThreadIdentity : 
WindowsIdentity : IIS APPPOOL\act_com
Requested URL : http://stagecms.act.com/Sitefinity/Services/Pages/ZoneEditorService.svc/Page/ce4360e7-96e1-633a-9d88-ff00001e67f5/
	Inner Exception
	---------------
	Type : Telerik.OpenAccess.Exceptions.OptimisticVerificationException, Telerik.OpenAccess, Version=2015.1.225.1, Culture=neutral, PublicKeyToken=7ce17eeaf1d59342
	Message : Row not found: GenericOID@c95d5e85 PageDraft id=cd4360e7-96e1-633a-9d88-ff00001e67f5
UPDATE [sf_draft_pages] SET [last_modified] = ?, [voa_version] = ?, [flags] = ? WHERE [id] = ? AND [voa_version] = ?
(set event logging to all to see parameter values)
	Source : Unity_ILEmit_DynamicClasses
	Help link : 
	NumberOfConflicts : 1
	InnerExceptions : System.Exception[]
	FailedObject : 
	BackendError : 
	Reason : OptimisticVerification
	CanRetry : True
	Data : System.Collections.ListDictionaryInternal
	TargetSite : Void CommitTransaction()
	HResult : -2146233088
	Stack Trace :    at DynamicModule.ns.Wrapped_OpenAccessPageProvider_49a0f6518f6b4fb89e21c9cecba1113a.CommitTransaction()
	   at Telerik.Sitefinity.Data.ManagerBase`1.SaveChanges(String eventOrigin)
	   at Telerik.Sitefinity.Modules.Pages.Web.Services.ZoneEditorService.DiscardPageDraft(String draftId)



Category: ErrorLog

Priority: 0

EventId: 90000

Severity: Error

Title:Enterprise Library Exception Handling

Machine: WIN-NQJU4DRL0NR

App Domain: /LM/W3SVC/2/ROOT-1-130855237008576960

ProcessId: 5260

Process Name: c:\windows\system32\inetsrv\w3wp.exe

Thread Name: 

Win32 ThreadId:8148

Extended Properties: 
----------------------------------------
