----------------------------------------
Timestamp: 9/24/2015 9:03:48 PM

Message: HandlingInstanceID: 287b878e-be99-4161-8c4d-a17b35104593
An exception of type 'System.NullReferenceException' occurred and was caught.
-----------------------------------------------------------------------------
09/24/2015 15:03:48
Type : System.NullReferenceException, mscorlib, Version=4.0.0.0, Culture=neutral, PublicKeyToken=b77a5c561934e089
Message : Object reference not set to an instance of an object.
Source : Telerik.Sitefinity
Help link : 
Data : System.Collections.ListDictionaryInternal
TargetSite : Void VerifySectionRegistered(System.Type, System.String)
HResult : -2147467261
Stack Trace :    at Telerik.Sitefinity.Configuration.Config.VerifySectionRegistered(Type sectionType, String sectionName)
   at Telerik.Sitefinity.Configuration.Config.GetSectionInternal(Type sectionType, Boolean safeMode, String sectionName)
   at Telerik.Sitefinity.Configuration.Config.GetSectionPrivate(Type sectionType, Boolean safeMode, String sectionName)
   at Telerik.Sitefinity.Configuration.Config.GetSectionPrivate[TSection](Boolean safeMode)
   at Telerik.Sitefinity.Localization.ResourceManager.get_ProvidersSettings()
   at Telerik.Sitefinity.Data.ManagerBase`1.GetProvidersSettings()
   at Telerik.Sitefinity.Data.ManagerBase`1.Initialize()

Additional Info:

MachineName : DEN-100001176
TimeStamp : 9/24/2015 9:03:48 PM
FullName : Telerik.Sitefinity.Utilities, Version=8.0.5700.0, Culture=neutral, PublicKeyToken=b28c218413bdf563
AppDomainName : /LM/W3SVC/2/ROOT-10-130875999681730296
ThreadIdentity : SWIFTPAGE\Jeremy.Kron
WindowsIdentity : SWIFTPAGE\Jeremy.Kron


Category: ErrorLog

Priority: 0

EventId: 90030

Severity: Error

Title:Enterprise Library Exception Handling

Machine: DEN-100001176

App Domain: /LM/W3SVC/2/ROOT-10-130875999681730296

ProcessId: 118704

Process Name: C:\Program Files (x86)\Microsoft Visual Studio 12.0\Common7\IDE\Microsoft.VisualStudio.Web.Host.exe

Thread Name: 

Win32 ThreadId:123192

Extended Properties: 
----------------------------------------
----------------------------------------
Timestamp: 9/24/2015 9:03:57 PM

Message: HandlingInstanceID: bc2815bc-9852-4ede-bf87-c49ccfb76056
An exception of type 'System.NullReferenceException' occurred and was caught.
-----------------------------------------------------------------------------
09/24/2015 15:03:57
Type : System.NullReferenceException, mscorlib, Version=4.0.0.0, Culture=neutral, PublicKeyToken=b77a5c561934e089
Message : Object reference not set to an instance of an object.
Source : Telerik.Sitefinity
Help link : 
Data : System.Collections.ListDictionaryInternal
TargetSite : Void VerifySectionRegistered(System.Type, System.String)
HResult : -2147467261
Stack Trace :    at Telerik.Sitefinity.Configuration.Config.VerifySectionRegistered(Type sectionType, String sectionName)
   at Telerik.Sitefinity.Configuration.Config.GetSectionInternal(Type sectionType, Boolean safeMode, String sectionName)
   at Telerik.Sitefinity.Configuration.Config.GetSectionPrivate(Type sectionType, Boolean safeMode, String sectionName)
   at Telerik.Sitefinity.Configuration.Config.GetSectionPrivate[TSection](Boolean safeMode)
   at Telerik.Sitefinity.Localization.ResourceManager.get_ProvidersSettings()
   at Telerik.Sitefinity.Data.ManagerBase`1.GetProvidersSettings()
   at Telerik.Sitefinity.Data.ManagerBase`1.Initialize()

Additional Info:

MachineName : DEN-100001176
TimeStamp : 9/24/2015 9:03:57 PM
FullName : Telerik.Sitefinity.Utilities, Version=8.0.5700.0, Culture=neutral, PublicKeyToken=b28c218413bdf563
AppDomainName : /LM/W3SVC/2/ROOT-11-130876022293931290
ThreadIdentity : SWIFTPAGE\Jeremy.Kron
WindowsIdentity : SWIFTPAGE\Jeremy.Kron


Category: ErrorLog

Priority: 0

EventId: 90030

Severity: Error

Title:Enterprise Library Exception Handling

Machine: DEN-100001176

App Domain: /LM/W3SVC/2/ROOT-11-130876022293931290

ProcessId: 118704

Process Name: C:\Program Files (x86)\Microsoft Visual Studio 12.0\Common7\IDE\Microsoft.VisualStudio.Web.Host.exe

Thread Name: 

Win32 ThreadId:123192

Extended Properties: 
----------------------------------------
----------------------------------------
Timestamp: 9/24/2015 9:04:51 PM

Message: HandlingInstanceID: ecd1b1e3-1396-4c69-a248-9ee08ad9f73c
An exception of type 'System.NullReferenceException' occurred and was caught.
-----------------------------------------------------------------------------
09/24/2015 15:04:51
Type : System.NullReferenceException, mscorlib, Version=4.0.0.0, Culture=neutral, PublicKeyToken=b77a5c561934e089
Message : Object reference not set to an instance of an object.
Source : Telerik.Sitefinity
Help link : 
Data : System.Collections.ListDictionaryInternal
TargetSite : Void VerifySectionRegistered(System.Type, System.String)
HResult : -2147467261
Stack Trace :    at Telerik.Sitefinity.Configuration.Config.VerifySectionRegistered(Type sectionType, String sectionName)
   at Telerik.Sitefinity.Configuration.Config.GetSectionInternal(Type sectionType, Boolean safeMode, String sectionName)
   at Telerik.Sitefinity.Configuration.Config.GetSectionPrivate(Type sectionType, Boolean safeMode, String sectionName)
   at Telerik.Sitefinity.Configuration.Config.GetSectionPrivate[TSection](Boolean safeMode)
   at Telerik.Sitefinity.Localization.ResourceManager.get_ProvidersSettings()
   at Telerik.Sitefinity.Data.ManagerBase`1.GetProvidersSettings()
   at Telerik.Sitefinity.Data.ManagerBase`1.Initialize()

Additional Info:

MachineName : DEN-100001176
TimeStamp : 9/24/2015 9:04:51 PM
FullName : Telerik.Sitefinity.Utilities, Version=8.0.5700.0, Culture=neutral, PublicKeyToken=b28c218413bdf563
AppDomainName : /LM/W3SVC/2/ROOT-12-130876022839285820
ThreadIdentity : SWIFTPAGE\Jeremy.Kron
WindowsIdentity : SWIFTPAGE\Jeremy.Kron


Category: ErrorLog

Priority: 0

EventId: 90030

Severity: Error

Title:Enterprise Library Exception Handling

Machine: DEN-100001176

App Domain: /LM/W3SVC/2/ROOT-12-130876022839285820

ProcessId: 118704

Process Name: C:\Program Files (x86)\Microsoft Visual Studio 12.0\Common7\IDE\Microsoft.VisualStudio.Web.Host.exe

Thread Name: 

Win32 ThreadId:122164

Extended Properties: 
----------------------------------------
----------------------------------------
Timestamp: 9/24/2015 9:06:40 PM

Message: HandlingInstanceID: 5353bc4c-a52b-4826-a74e-5807d4adcae4
An exception of type 'System.NullReferenceException' occurred and was caught.
-----------------------------------------------------------------------------
09/24/2015 15:06:40
Type : System.NullReferenceException, mscorlib, Version=4.0.0.0, Culture=neutral, PublicKeyToken=b77a5c561934e089
Message : Object reference not set to an instance of an object.
Source : Telerik.Sitefinity
Help link : 
Data : System.Collections.ListDictionaryInternal
TargetSite : Void VerifySectionRegistered(System.Type, System.String)
HResult : -2147467261
Stack Trace :    at Telerik.Sitefinity.Configuration.Config.VerifySectionRegistered(Type sectionType, String sectionName)
   at Telerik.Sitefinity.Configuration.Config.GetSectionInternal(Type sectionType, Boolean safeMode, String sectionName)
   at Telerik.Sitefinity.Configuration.Config.GetSectionPrivate(Type sectionType, Boolean safeMode, String sectionName)
   at Telerik.Sitefinity.Configuration.Config.GetSectionPrivate[TSection](Boolean safeMode)
   at Telerik.Sitefinity.Localization.ResourceManager.get_ProvidersSettings()
   at Telerik.Sitefinity.Data.ManagerBase`1.GetProvidersSettings()
   at Telerik.Sitefinity.Data.ManagerBase`1.Initialize()

Additional Info:

MachineName : DEN-100001176
TimeStamp : 9/24/2015 9:06:40 PM
FullName : Telerik.Sitefinity.Utilities, Version=8.0.5700.0, Culture=neutral, PublicKeyToken=b28c218413bdf563
AppDomainName : /LM/W3SVC/2/ROOT-13-130876023929867355
ThreadIdentity : SWIFTPAGE\Jeremy.Kron
WindowsIdentity : SWIFTPAGE\Jeremy.Kron


Category: ErrorLog

Priority: 0

EventId: 90030

Severity: Error

Title:Enterprise Library Exception Handling

Machine: DEN-100001176

App Domain: /LM/W3SVC/2/ROOT-13-130876023929867355

ProcessId: 118704

Process Name: C:\Program Files (x86)\Microsoft Visual Studio 12.0\Common7\IDE\Microsoft.VisualStudio.Web.Host.exe

Thread Name: 

Win32 ThreadId:114768

Extended Properties: 
----------------------------------------
----------------------------------------
Timestamp: 9/24/2015 9:27:47 PM

Message: HandlingInstanceID: c741bf92-252b-4bd5-a990-0191bb01db26
An exception of type 'System.NullReferenceException' occurred and was caught.
-----------------------------------------------------------------------------
09/24/2015 15:27:47
Type : System.NullReferenceException, mscorlib, Version=4.0.0.0, Culture=neutral, PublicKeyToken=b77a5c561934e089
Message : Object reference not set to an instance of an object.
Source : Telerik.Sitefinity
Help link : 
Data : System.Collections.ListDictionaryInternal
TargetSite : Void VerifySectionRegistered(System.Type, System.String)
HResult : -2147467261
Stack Trace :    at Telerik.Sitefinity.Configuration.Config.VerifySectionRegistered(Type sectionType, String sectionName)
   at Telerik.Sitefinity.Configuration.Config.GetSectionInternal(Type sectionType, Boolean safeMode, String sectionName)
   at Telerik.Sitefinity.Configuration.Config.GetSectionPrivate(Type sectionType, Boolean safeMode, String sectionName)
   at Telerik.Sitefinity.Configuration.Config.GetSectionPrivate[TSection](Boolean safeMode)
   at Telerik.Sitefinity.Localization.ResourceManager.get_ProvidersSettings()
   at Telerik.Sitefinity.Data.ManagerBase`1.GetProvidersSettings()
   at Telerik.Sitefinity.Data.ManagerBase`1.Initialize()

Additional Info:

MachineName : DEN-100001176
TimeStamp : 9/24/2015 9:27:47 PM
FullName : Telerik.Sitefinity.Utilities, Version=8.0.5700.0, Culture=neutral, PublicKeyToken=b28c218413bdf563
AppDomainName : /LM/W3SVC/2/ROOT-14-130876036602606139
ThreadIdentity : SWIFTPAGE\Jeremy.Kron
WindowsIdentity : SWIFTPAGE\Jeremy.Kron


Category: ErrorLog

Priority: 0

EventId: 90030

Severity: Error

Title:Enterprise Library Exception Handling

Machine: DEN-100001176

App Domain: /LM/W3SVC/2/ROOT-14-130876036602606139

ProcessId: 118704

Process Name: C:\Program Files (x86)\Microsoft Visual Studio 12.0\Common7\IDE\Microsoft.VisualStudio.Web.Host.exe

Thread Name: 

Win32 ThreadId:118996

Extended Properties: 
----------------------------------------
----------------------------------------
Timestamp: 9/24/2015 9:45:39 PM

Message: HandlingInstanceID: 3f63793d-e0f2-4753-b9ce-d20c522f4a6a
An exception of type 'System.NullReferenceException' occurred and was caught.
-----------------------------------------------------------------------------
09/24/2015 15:45:39
Type : System.NullReferenceException, mscorlib, Version=4.0.0.0, Culture=neutral, PublicKeyToken=b77a5c561934e089
Message : Object reference not set to an instance of an object.
Source : Telerik.Sitefinity
Help link : 
Data : System.Collections.ListDictionaryInternal
TargetSite : Void VerifySectionRegistered(System.Type, System.String)
HResult : -2147467261
Stack Trace :    at Telerik.Sitefinity.Configuration.Config.VerifySectionRegistered(Type sectionType, String sectionName)
   at Telerik.Sitefinity.Configuration.Config.GetSectionInternal(Type sectionType, Boolean safeMode, String sectionName)
   at Telerik.Sitefinity.Configuration.Config.GetSectionPrivate(Type sectionType, Boolean safeMode, String sectionName)
   at Telerik.Sitefinity.Configuration.Config.GetSectionPrivate[TSection](Boolean safeMode)
   at Telerik.Sitefinity.Localization.ResourceManager.get_ProvidersSettings()
   at Telerik.Sitefinity.Data.ManagerBase`1.GetProvidersSettings()
   at Telerik.Sitefinity.Data.ManagerBase`1.Initialize()

Additional Info:

MachineName : DEN-100001176
TimeStamp : 9/24/2015 9:45:39 PM
FullName : Telerik.Sitefinity.Utilities, Version=8.0.5700.0, Culture=neutral, PublicKeyToken=b28c218413bdf563
AppDomainName : /LM/W3SVC/2/ROOT-15-130876047327976640
ThreadIdentity : SWIFTPAGE\Jeremy.Kron
WindowsIdentity : SWIFTPAGE\Jeremy.Kron


Category: ErrorLog

Priority: 0

EventId: 90030

Severity: Error

Title:Enterprise Library Exception Handling

Machine: DEN-100001176

App Domain: /LM/W3SVC/2/ROOT-15-130876047327976640

ProcessId: 118704

Process Name: C:\Program Files (x86)\Microsoft Visual Studio 12.0\Common7\IDE\Microsoft.VisualStudio.Web.Host.exe

Thread Name: 

Win32 ThreadId:124556

Extended Properties: 
----------------------------------------
----------------------------------------
Timestamp: 9/25/2015 4:59:17 PM

Message: HandlingInstanceID: eccc4767-3cf5-4676-998a-39bf573c71fa
An exception of type 'System.InvalidOperationException' occurred and was caught.
--------------------------------------------------------------------------------
09/25/2015 10:59:17
Type : System.InvalidOperationException, mscorlib, Version=4.0.0.0, Culture=neutral, PublicKeyToken=b77a5c561934e089
Message : The specified template has pages based on it. You can only delete a template when no pages, email campaigns or templates reference it. Referencing pages: 1
Source : Telerik.Sitefinity
Help link : 
Data : System.Collections.ListDictionaryInternal
TargetSite : Void Delete(Telerik.Sitefinity.Pages.Model.PageTemplate)
HResult : -2146233079
Stack Trace :    at Telerik.Sitefinity.Modules.Pages.PageManager.Delete(PageTemplate item)
   at Telerik.Sitefinity.Modules.Pages.PageManager.Delete(PageTemplate template, CultureInfo language)
   at Telerik.Sitefinity.Fluent.Pages.PageTemplateFacade.Delete(CultureInfo language)
   at Telerik.Sitefinity.Modules.Pages.Web.Services.PageTemplatesService.BatchDeletePageTemplateInternal(String[] Ids, String deletedLanguage)
   at Telerik.Sitefinity.Modules.Pages.Web.Services.PageTemplatesService.BatchDeletePageTemplates(String[] Ids, String providerName, String deletedLanguage)
   at SyncInvokeBatchDeletePageTemplates(Object , Object[] , Object[] )
   at System.ServiceModel.Dispatcher.SyncMethodInvoker.Invoke(Object instance, Object[] inputs, Object[]& outputs)
   at System.ServiceModel.Dispatcher.DispatchOperationRuntime.InvokeBegin(MessageRpc& rpc)
   at System.ServiceModel.Dispatcher.ImmutableDispatchRuntime.ProcessMessage5(MessageRpc& rpc)
   at System.ServiceModel.Dispatcher.ImmutableDispatchRuntime.ProcessMessage41(MessageRpc& rpc)
   at System.ServiceModel.Dispatcher.ImmutableDispatchRuntime.ProcessMessage4(MessageRpc& rpc)
   at System.ServiceModel.Dispatcher.ImmutableDispatchRuntime.ProcessMessage31(MessageRpc& rpc)
   at System.ServiceModel.Dispatcher.ImmutableDispatchRuntime.ProcessMessage3(MessageRpc& rpc)
   at System.ServiceModel.Dispatcher.ImmutableDispatchRuntime.ProcessMessage2(MessageRpc& rpc)
   at System.ServiceModel.Dispatcher.ImmutableDispatchRuntime.ProcessMessage11(MessageRpc& rpc)
   at System.ServiceModel.Dispatcher.ImmutableDispatchRuntime.ProcessMessage1(MessageRpc& rpc)
   at System.ServiceModel.Dispatcher.MessageRpc.Process(Boolean isOperationContextSet)

Additional Info:

MachineName : DEN-100001176
TimeStamp : 9/25/2015 4:59:17 PM
FullName : Telerik.Sitefinity.Utilities, Version=8.0.5700.0, Culture=neutral, PublicKeyToken=b28c218413bdf563
AppDomainName : /LM/W3SVC/2/ROOT-1-130876730883414283
ThreadIdentity : 
WindowsIdentity : SWIFTPAGE\Jeremy.Kron
Requested URL : http://localhost:60876/Sitefinity/Services/Pages/PageTemplatesService.svc/batch/?root=f669d9a7-009d-4d83-ddaa-000000000002&managerType=Telerik.Sitefinity.Modules.Pages.PageManager&providerName=&itemType=Telerik.Sitefinity.Pages.Model.PageTemplate&provider=OpenAccessDataProvider&skip=0&take=50&filter=


Category: ErrorLog

Priority: 0

EventId: 90000

Severity: Error

Title:Enterprise Library Exception Handling

Machine: DEN-100001176

App Domain: /LM/W3SVC/2/ROOT-1-130876730883414283

ProcessId: 123716

Process Name: C:\Program Files (x86)\IIS Express\iisexpress.exe

Thread Name: 

Win32 ThreadId:122836

Extended Properties: 
----------------------------------------
----------------------------------------
Timestamp: 9/25/2015 4:59:26 PM

Message: HandlingInstanceID: 46334409-e003-4506-993c-c9bd39d76cb8
An exception of type 'System.InvalidOperationException' occurred and was caught.
--------------------------------------------------------------------------------
09/25/2015 10:59:26
Type : System.InvalidOperationException, mscorlib, Version=4.0.0.0, Culture=neutral, PublicKeyToken=b77a5c561934e089
Message : The specified template has pages based on it. You can only delete a template when no pages, email campaigns or templates reference it. Referencing pages: 1
Source : Telerik.Sitefinity
Help link : 
Data : System.Collections.ListDictionaryInternal
TargetSite : Void Delete(Telerik.Sitefinity.Pages.Model.PageTemplate)
HResult : -2146233079
Stack Trace :    at Telerik.Sitefinity.Modules.Pages.PageManager.Delete(PageTemplate item)
   at Telerik.Sitefinity.Modules.Pages.PageManager.Delete(PageTemplate template, CultureInfo language)
   at Telerik.Sitefinity.Fluent.Pages.PageTemplateFacade.Delete(CultureInfo language)
   at Telerik.Sitefinity.Modules.Pages.Web.Services.PageTemplatesService.BatchDeletePageTemplateInternal(String[] Ids, String deletedLanguage)
   at Telerik.Sitefinity.Modules.Pages.Web.Services.PageTemplatesService.BatchDeletePageTemplates(String[] Ids, String providerName, String deletedLanguage)
   at SyncInvokeBatchDeletePageTemplates(Object , Object[] , Object[] )
   at System.ServiceModel.Dispatcher.SyncMethodInvoker.Invoke(Object instance, Object[] inputs, Object[]& outputs)
   at System.ServiceModel.Dispatcher.DispatchOperationRuntime.InvokeBegin(MessageRpc& rpc)
   at System.ServiceModel.Dispatcher.ImmutableDispatchRuntime.ProcessMessage5(MessageRpc& rpc)
   at System.ServiceModel.Dispatcher.ImmutableDispatchRuntime.ProcessMessage41(MessageRpc& rpc)
   at System.ServiceModel.Dispatcher.ImmutableDispatchRuntime.ProcessMessage4(MessageRpc& rpc)
   at System.ServiceModel.Dispatcher.ImmutableDispatchRuntime.ProcessMessage31(MessageRpc& rpc)
   at System.ServiceModel.Dispatcher.ImmutableDispatchRuntime.ProcessMessage3(MessageRpc& rpc)
   at System.ServiceModel.Dispatcher.ImmutableDispatchRuntime.ProcessMessage2(MessageRpc& rpc)
   at System.ServiceModel.Dispatcher.ImmutableDispatchRuntime.ProcessMessage11(MessageRpc& rpc)
   at System.ServiceModel.Dispatcher.ImmutableDispatchRuntime.ProcessMessage1(MessageRpc& rpc)
   at System.ServiceModel.Dispatcher.MessageRpc.Process(Boolean isOperationContextSet)

Additional Info:

MachineName : DEN-100001176
TimeStamp : 9/25/2015 4:59:26 PM
FullName : Telerik.Sitefinity.Utilities, Version=8.0.5700.0, Culture=neutral, PublicKeyToken=b28c218413bdf563
AppDomainName : /LM/W3SVC/2/ROOT-1-130876730883414283
ThreadIdentity : 
WindowsIdentity : SWIFTPAGE\Jeremy.Kron
Requested URL : http://localhost:60876/Sitefinity/Services/Pages/PageTemplatesService.svc/batch/?root=f669d9a7-009d-4d83-ddaa-000000000002&managerType=Telerik.Sitefinity.Modules.Pages.PageManager&providerName=&itemType=Telerik.Sitefinity.Pages.Model.PageTemplate&provider=OpenAccessDataProvider&skip=0&take=50&filter=


Category: ErrorLog

Priority: 0

EventId: 90000

Severity: Error

Title:Enterprise Library Exception Handling

Machine: DEN-100001176

App Domain: /LM/W3SVC/2/ROOT-1-130876730883414283

ProcessId: 123716

Process Name: C:\Program Files (x86)\IIS Express\iisexpress.exe

Thread Name: 

Win32 ThreadId:122836

Extended Properties: 
----------------------------------------
----------------------------------------
Timestamp: 9/25/2015 4:59:55 PM

Message: HandlingInstanceID: 24f6cb4a-ead8-48ab-a46b-c011fa3a8ece
An exception of type 'System.InvalidOperationException' occurred and was caught.
--------------------------------------------------------------------------------
09/25/2015 10:59:55
Type : System.InvalidOperationException, mscorlib, Version=4.0.0.0, Culture=neutral, PublicKeyToken=b77a5c561934e089
Message : The specified template has pages based on it. You can only delete a template when no pages, email campaigns or templates reference it. Referencing pages: 1
Source : Telerik.Sitefinity
Help link : 
Data : System.Collections.ListDictionaryInternal
TargetSite : Void Delete(Telerik.Sitefinity.Pages.Model.PageTemplate)
HResult : -2146233079
Stack Trace :    at Telerik.Sitefinity.Modules.Pages.PageManager.Delete(PageTemplate item)
   at Telerik.Sitefinity.Modules.Pages.PageManager.Delete(PageTemplate template, CultureInfo language)
   at Telerik.Sitefinity.Fluent.Pages.PageTemplateFacade.Delete(CultureInfo language)
   at Telerik.Sitefinity.Modules.Pages.Web.Services.PageTemplatesService.BatchDeletePageTemplateInternal(String[] Ids, String deletedLanguage)
   at Telerik.Sitefinity.Modules.Pages.Web.Services.PageTemplatesService.BatchDeletePageTemplates(String[] Ids, String providerName, String deletedLanguage)
   at SyncInvokeBatchDeletePageTemplates(Object , Object[] , Object[] )
   at System.ServiceModel.Dispatcher.SyncMethodInvoker.Invoke(Object instance, Object[] inputs, Object[]& outputs)
   at System.ServiceModel.Dispatcher.DispatchOperationRuntime.InvokeBegin(MessageRpc& rpc)
   at System.ServiceModel.Dispatcher.ImmutableDispatchRuntime.ProcessMessage5(MessageRpc& rpc)
   at System.ServiceModel.Dispatcher.ImmutableDispatchRuntime.ProcessMessage41(MessageRpc& rpc)
   at System.ServiceModel.Dispatcher.ImmutableDispatchRuntime.ProcessMessage4(MessageRpc& rpc)
   at System.ServiceModel.Dispatcher.ImmutableDispatchRuntime.ProcessMessage31(MessageRpc& rpc)
   at System.ServiceModel.Dispatcher.ImmutableDispatchRuntime.ProcessMessage3(MessageRpc& rpc)
   at System.ServiceModel.Dispatcher.ImmutableDispatchRuntime.ProcessMessage2(MessageRpc& rpc)
   at System.ServiceModel.Dispatcher.ImmutableDispatchRuntime.ProcessMessage11(MessageRpc& rpc)
   at System.ServiceModel.Dispatcher.ImmutableDispatchRuntime.ProcessMessage1(MessageRpc& rpc)
   at System.ServiceModel.Dispatcher.MessageRpc.Process(Boolean isOperationContextSet)

Additional Info:

MachineName : DEN-100001176
TimeStamp : 9/25/2015 4:59:55 PM
FullName : Telerik.Sitefinity.Utilities, Version=8.0.5700.0, Culture=neutral, PublicKeyToken=b28c218413bdf563
AppDomainName : /LM/W3SVC/2/ROOT-1-130876730883414283
ThreadIdentity : 
WindowsIdentity : SWIFTPAGE\Jeremy.Kron
Requested URL : http://localhost:60876/Sitefinity/Services/Pages/PageTemplatesService.svc/batch/?root=f669d9a7-009d-4d83-ddaa-000000000002&managerType=Telerik.Sitefinity.Modules.Pages.PageManager&providerName=&itemType=Telerik.Sitefinity.Pages.Model.PageTemplate&provider=OpenAccessDataProvider&skip=0&take=50&filter=


Category: ErrorLog

Priority: 0

EventId: 90000

Severity: Error

Title:Enterprise Library Exception Handling

Machine: DEN-100001176

App Domain: /LM/W3SVC/2/ROOT-1-130876730883414283

ProcessId: 123716

Process Name: C:\Program Files (x86)\IIS Express\iisexpress.exe

Thread Name: 

Win32 ThreadId:121008

Extended Properties: 
----------------------------------------
----------------------------------------
Timestamp: 9/25/2015 8:26:01 PM

Message: HandlingInstanceID: 0495f9ec-f89c-4ee4-b32c-6253a831075d
An exception of type 'Telerik.Sitefinity.Utilities.MS.ServiceModel.Web.WebProtocolException' occurred and was caught.
---------------------------------------------------------------------------------------------------------------------
09/25/2015 14:26:01
Type : Telerik.Sitefinity.Utilities.MS.ServiceModel.Web.WebProtocolException, Telerik.Sitefinity.Utilities, Version=8.0.5700.0, Culture=neutral, PublicKeyToken=b28c218413bdf563
Message : User with this email already exists.
Source : Telerik.Sitefinity
Help link : 
StatusCode : InternalServerError
StatusDescription : User with this email already exists.
IsDetailXhtml : True
Data : System.Collections.ListDictionaryInternal
TargetSite : Telerik.Sitefinity.Security.Web.Services.WcfMembershipUser SaveUserInternal(Telerik.Sitefinity.Security.Web.Services.WcfMembershipUser, System.Guid, System.String, Boolean, Boolean)
HResult : -2146233087
detailWriterInstance : Telerik.Sitefinity.Utilities.MS.ServiceModel.Web.WebProtocolException+StringDetailWriter
Stack Trace :    at Telerik.Sitefinity.Security.Web.Services.Users.SaveUserInternal(WcfMembershipUser user, Guid userId, String providerName, Boolean update, Boolean updateRoles)
   at Telerik.Sitefinity.Security.Web.Services.Users.CreateUser(WcfMembershipUser user, String userId, String provider)
   at SyncInvokeCreateUser(Object , Object[] , Object[] )
   at System.ServiceModel.Dispatcher.SyncMethodInvoker.Invoke(Object instance, Object[] inputs, Object[]& outputs)
   at System.ServiceModel.Dispatcher.DispatchOperationRuntime.InvokeBegin(MessageRpc& rpc)
   at System.ServiceModel.Dispatcher.ImmutableDispatchRuntime.ProcessMessage5(MessageRpc& rpc)
   at System.ServiceModel.Dispatcher.ImmutableDispatchRuntime.ProcessMessage41(MessageRpc& rpc)
   at System.ServiceModel.Dispatcher.ImmutableDispatchRuntime.ProcessMessage4(MessageRpc& rpc)
   at System.ServiceModel.Dispatcher.ImmutableDispatchRuntime.ProcessMessage31(MessageRpc& rpc)
   at System.ServiceModel.Dispatcher.ImmutableDispatchRuntime.ProcessMessage3(MessageRpc& rpc)
   at System.ServiceModel.Dispatcher.ImmutableDispatchRuntime.ProcessMessage2(MessageRpc& rpc)
   at System.ServiceModel.Dispatcher.ImmutableDispatchRuntime.ProcessMessage11(MessageRpc& rpc)
   at System.ServiceModel.Dispatcher.ImmutableDispatchRuntime.ProcessMessage1(MessageRpc& rpc)
   at System.ServiceModel.Dispatcher.MessageRpc.Process(Boolean isOperationContextSet)

Additional Info:

MachineName : DEN-100001176
TimeStamp : 9/25/2015 8:26:01 PM
FullName : Telerik.Sitefinity.Utilities, Version=8.0.5700.0, Culture=neutral, PublicKeyToken=b28c218413bdf563
AppDomainName : /LM/W3SVC/2/ROOT-1-130876730883414283
ThreadIdentity : 
WindowsIdentity : SWIFTPAGE\Jeremy.Kron
Requested URL : http://localhost:60876/Sitefinity/Services/Security/Users.svc/create/00000000-0000-0000-0000-000000000000/?provider=Default


Category: ErrorLog

Priority: 0

EventId: 90000

Severity: Error

Title:Enterprise Library Exception Handling

Machine: DEN-100001176

App Domain: /LM/W3SVC/2/ROOT-1-130876730883414283

ProcessId: 123716

Process Name: C:\Program Files (x86)\IIS Express\iisexpress.exe

Thread Name: 

Win32 ThreadId:123428

Extended Properties: 
----------------------------------------
----------------------------------------
Timestamp: 9/25/2015 8:39:40 PM

Message: HandlingInstanceID: 26e8e54a-7b81-43a6-91d6-af629c236b7a
An exception of type 'Telerik.Microsoft.Practices.Unity.ResolutionFailedException' occurred and was caught.
-----------------------------------------------------------------------------------------------------------
09/25/2015 14:39:40
Type : Telerik.Microsoft.Practices.Unity.ResolutionFailedException, Telerik.Sitefinity.Utilities, Version=8.0.5700.0, Culture=neutral, PublicKeyToken=b28c218413bdf563
Message : Resolution of the dependency failed, type = "Telerik.Sitefinity.Frontend.DynamicContent.Mvc.StringResources.DynamicContentResources", name = "DynamicContentResources".
Exception occurred while: while resolving.
Exception is: InvalidOperationException - The type ResourceDataProvider cannot be constructed. You must configure the container to supply this value.
-----------------------------------------------
At the time of the exception, the container was:

  Resolving Telerik.Sitefinity.Frontend.DynamicContent.Mvc.StringResources.DynamicContentResources,DynamicContentResources
  Resolving parameter "dataProvider" of constructor Telerik.Sitefinity.Frontend.DynamicContent.Mvc.StringResources.DynamicContentResources(Telerik.Sitefinity.Localization.Data.ResourceDataProvider dataProvider)
    Resolving Telerik.Sitefinity.Localization.Data.ResourceDataProvider,(none)

Source : Telerik.Sitefinity.Utilities
Help link : 
TypeRequested : DynamicContentResources
NameRequested : DynamicContentResources
Data : System.Collections.ListDictionaryInternal
TargetSite : System.Object DoBuildUp(System.Type, System.Object, System.String, System.Collections.Generic.IEnumerable`1[Telerik.Microsoft.Practices.Unity.ResolverOverride])
HResult : -2146233088
Stack Trace :    at Telerik.Microsoft.Practices.Unity.UnityContainer.DoBuildUp(Type t, Object existing, String name, IEnumerable`1 resolverOverrides)
   at Telerik.Microsoft.Practices.Unity.UnityContainer.Resolve(Type t, String name, ResolverOverride[] resolverOverrides)
   at Telerik.Microsoft.Practices.Unity.UnityContainerExtensions.Resolve[T](IUnityContainer container, String name, ResolverOverride[] overrides)
   at Telerik.Sitefinity.Abstractions.ObjectFactory.Resolve[T](String name)
   at Telerik.Sitefinity.Localization.Res.Get[T]()
   at Telerik.Sitefinity.Frontend.DynamicContent.Mvc.Controllers.DynamicContentController.OnActionExecuting(ActionExecutingContext filterContext)
   at System.Web.Mvc.Controller.System.Web.Mvc.IActionFilter.OnActionExecuting(ActionExecutingContext filterContext)
   at System.Web.Mvc.ControllerActionInvoker.InvokeActionMethodFilter(IActionFilter filter, ActionExecutingContext preContext, Func`1 continuation)
   at System.Web.Mvc.ControllerActionInvoker.<>c__DisplayClass13.<>c__DisplayClass15.<InvokeActionMethodWithFilters>b__12()
   at System.Web.Mvc.ControllerActionInvoker.InvokeActionMethodWithFilters(ControllerContext controllerContext, IList`1 filters, ActionDescriptor actionDescriptor, IDictionary`2 parameters)
   at System.Web.Mvc.ControllerActionInvoker.InvokeAction(ControllerContext controllerContext, String actionName)
   at Telerik.Sitefinity.Mvc.ControllerWrapper.Execute()
   at Telerik.Sitefinity.Mvc.ControllerActionInvoker.ExecuteController(MvcProxyBase proxyControl)
   at Telerik.Sitefinity.Mvc.ControllerActionInvoker.TryInvokeAction(MvcProxyBase proxyControl, String& output)
   at Telerik.Sitefinity.Mvc.Proxy.MvcControllerProxy.ExecuteController()
   at Telerik.Sitefinity.Mvc.Proxy.MvcControllerProxy.OnPreRender(EventArgs e)
   at System.Web.UI.Control.PreRenderRecursiveInternal()
   at System.Web.UI.Control.PreRenderRecursiveInternal()
   at System.Web.UI.Control.PreRenderRecursiveInternal()
   at System.Web.UI.Page.ProcessRequestMain(Boolean includeStagesBeforeAsyncPoint, Boolean includeStagesAfterAsyncPoint)

Additional Info:

MachineName : DEN-100001176
TimeStamp : 9/25/2015 8:39:40 PM
FullName : Telerik.Sitefinity.Utilities, Version=8.0.5700.0, Culture=neutral, PublicKeyToken=b28c218413bdf563
AppDomainName : /LM/W3SVC/2/ROOT-1-130876730883414283
ThreadIdentity : admin
WindowsIdentity : SWIFTPAGE\Jeremy.Kron
Requested URL : http://localhost:60876/Sitefinity/Services/Pages/ZoneEditorService.svc/Control/
	Inner Exception
	---------------
	Type : System.InvalidOperationException, mscorlib, Version=4.0.0.0, Culture=neutral, PublicKeyToken=b77a5c561934e089
	Message : The type ResourceDataProvider cannot be constructed. You must configure the container to supply this value.
	Source : Telerik.Sitefinity.Utilities
	Help link : 
	Data : System.Collections.ListDictionaryInternal
	TargetSite : Void GuardTypeIsNonPrimitive(Telerik.Microsoft.Practices.ObjectBuilder2.IBuilderContext, Telerik.Microsoft.Practices.ObjectBuilder2.SelectedConstructor)
	HResult : -2146233079
	Stack Trace :    at Telerik.Microsoft.Practices.ObjectBuilder2.DynamicMethodConstructorStrategy.GuardTypeIsNonPrimitive(IBuilderContext context, SelectedConstructor selectedConstructor)
	   at Telerik.Microsoft.Practices.ObjectBuilder2.DynamicMethodConstructorStrategy.PreBuildUp(IBuilderContext context)
	   at Telerik.Microsoft.Practices.ObjectBuilder2.StrategyChain.ExecuteBuildUp(IBuilderContext context)
	   at Telerik.Microsoft.Practices.ObjectBuilder2.DynamicMethodBuildPlanCreatorPolicy.CreatePlan(IBuilderContext context, NamedTypeBuildKey buildKey)
	   at Telerik.Microsoft.Practices.ObjectBuilder2.BuildPlanStrategy.PreBuildUp(IBuilderContext context)
	   at Telerik.Microsoft.Practices.ObjectBuilder2.StrategyChain.ExecuteBuildUp(IBuilderContext context)
	   at Telerik.Microsoft.Practices.ObjectBuilder2.BuilderContext.NewBuildUp(NamedTypeBuildKey newBuildKey)
	   at Telerik.Microsoft.Practices.Unity.ObjectBuilder.NamedTypeDependencyResolverPolicy.Resolve(IBuilderContext context)
	   at BuildUp_Telerik.Sitefinity.Frontend.DynamicContent.Mvc.StringResources.DynamicContentResources(IBuilderContext )
	   at Telerik.Microsoft.Practices.ObjectBuilder2.DynamicMethodBuildPlan.BuildUp(IBuilderContext context)
	   at Telerik.Microsoft.Practices.ObjectBuilder2.BuildPlanStrategy.PreBuildUp(IBuilderContext context)
	   at Telerik.Microsoft.Practices.ObjectBuilder2.StrategyChain.ExecuteBuildUp(IBuilderContext context)
	   at Telerik.Microsoft.Practices.Unity.UnityContainer.DoBuildUp(Type t, Object existing, String name, IEnumerable`1 resolverOverrides)



Category: ErrorLog

Priority: 0

EventId: 90000

Severity: Error

Title:Enterprise Library Exception Handling

Machine: DEN-100001176

App Domain: /LM/W3SVC/2/ROOT-1-130876730883414283

ProcessId: 123716

Process Name: C:\Program Files (x86)\IIS Express\iisexpress.exe

Thread Name: 

Win32 ThreadId:123936

Extended Properties: 
----------------------------------------
----------------------------------------
Timestamp: 9/25/2015 8:41:32 PM

Message: HandlingInstanceID: 39bf0fd1-5485-4ad0-911e-4f3b0d96e371
An exception of type 'Telerik.Microsoft.Practices.Unity.ResolutionFailedException' occurred and was caught.
-----------------------------------------------------------------------------------------------------------
09/25/2015 14:41:32
Type : Telerik.Microsoft.Practices.Unity.ResolutionFailedException, Telerik.Sitefinity.Utilities, Version=8.0.5700.0, Culture=neutral, PublicKeyToken=b28c218413bdf563
Message : Resolution of the dependency failed, type = "Telerik.Sitefinity.Frontend.DynamicContent.Mvc.StringResources.DynamicContentResources", name = "DynamicContentResources".
Exception occurred while: while resolving.
Exception is: InvalidOperationException - The type ResourceDataProvider cannot be constructed. You must configure the container to supply this value.
-----------------------------------------------
At the time of the exception, the container was:

  Resolving Telerik.Sitefinity.Frontend.DynamicContent.Mvc.StringResources.DynamicContentResources,DynamicContentResources
  Resolving parameter "dataProvider" of constructor Telerik.Sitefinity.Frontend.DynamicContent.Mvc.StringResources.DynamicContentResources(Telerik.Sitefinity.Localization.Data.ResourceDataProvider dataProvider)
    Resolving Telerik.Sitefinity.Localization.Data.ResourceDataProvider,(none)

Source : Telerik.Sitefinity.Utilities
Help link : 
TypeRequested : DynamicContentResources
NameRequested : DynamicContentResources
Data : System.Collections.ListDictionaryInternal
TargetSite : System.Object DoBuildUp(System.Type, System.Object, System.String, System.Collections.Generic.IEnumerable`1[Telerik.Microsoft.Practices.Unity.ResolverOverride])
HResult : -2146233088
Stack Trace :    at Telerik.Microsoft.Practices.Unity.UnityContainer.DoBuildUp(Type t, Object existing, String name, IEnumerable`1 resolverOverrides)
   at Telerik.Microsoft.Practices.Unity.UnityContainer.Resolve(Type t, String name, ResolverOverride[] resolverOverrides)
   at Telerik.Microsoft.Practices.Unity.UnityContainerExtensions.Resolve[T](IUnityContainer container, String name, ResolverOverride[] overrides)
   at Telerik.Sitefinity.Abstractions.ObjectFactory.Resolve[T](String name)
   at Telerik.Sitefinity.Localization.Res.Get[T]()
   at Telerik.Sitefinity.Frontend.DynamicContent.Mvc.Controllers.DynamicContentController.OnActionExecuting(ActionExecutingContext filterContext)
   at System.Web.Mvc.Controller.System.Web.Mvc.IActionFilter.OnActionExecuting(ActionExecutingContext filterContext)
   at System.Web.Mvc.ControllerActionInvoker.InvokeActionMethodFilter(IActionFilter filter, ActionExecutingContext preContext, Func`1 continuation)
   at System.Web.Mvc.ControllerActionInvoker.<>c__DisplayClass13.<>c__DisplayClass15.<InvokeActionMethodWithFilters>b__12()
   at System.Web.Mvc.ControllerActionInvoker.InvokeActionMethodWithFilters(ControllerContext controllerContext, IList`1 filters, ActionDescriptor actionDescriptor, IDictionary`2 parameters)
   at System.Web.Mvc.ControllerActionInvoker.InvokeAction(ControllerContext controllerContext, String actionName)
   at Telerik.Sitefinity.Mvc.ControllerWrapper.Execute()
   at Telerik.Sitefinity.Mvc.ControllerActionInvoker.ExecuteController(MvcProxyBase proxyControl)
   at Telerik.Sitefinity.Mvc.ControllerActionInvoker.TryInvokeAction(MvcProxyBase proxyControl, String& output)
   at Telerik.Sitefinity.Mvc.Proxy.MvcControllerProxy.ExecuteController()
   at Telerik.Sitefinity.Mvc.Proxy.MvcControllerProxy.OnPreRender(EventArgs e)
   at System.Web.UI.Control.PreRenderRecursiveInternal()
   at System.Web.UI.Control.PreRenderRecursiveInternal()
   at System.Web.UI.Control.AddedControl(Control control, Int32 index)
   at System.Web.UI.ControlCollection.Add(Control child)
   at Telerik.Sitefinity.Modules.Pages.DraftProxyBase.editor_ControlAdd(Object sender, ZoneEditorEventArgs e)

Additional Info:

MachineName : DEN-100001176
TimeStamp : 9/25/2015 8:41:32 PM
FullName : Telerik.Sitefinity.Utilities, Version=8.0.5700.0, Culture=neutral, PublicKeyToken=b28c218413bdf563
AppDomainName : /LM/W3SVC/2/ROOT-1-130876730883414283
ThreadIdentity : admin
WindowsIdentity : SWIFTPAGE\Jeremy.Kron
Requested URL : http://localhost:60876/marketplace/Action/Edit
	Inner Exception
	---------------
	Type : System.InvalidOperationException, mscorlib, Version=4.0.0.0, Culture=neutral, PublicKeyToken=b77a5c561934e089
	Message : The type ResourceDataProvider cannot be constructed. You must configure the container to supply this value.
	Source : Telerik.Sitefinity.Utilities
	Help link : 
	Data : System.Collections.ListDictionaryInternal
	TargetSite : Void GuardTypeIsNonPrimitive(Telerik.Microsoft.Practices.ObjectBuilder2.IBuilderContext, Telerik.Microsoft.Practices.ObjectBuilder2.SelectedConstructor)
	HResult : -2146233079
	Stack Trace :    at Telerik.Microsoft.Practices.ObjectBuilder2.DynamicMethodConstructorStrategy.GuardTypeIsNonPrimitive(IBuilderContext context, SelectedConstructor selectedConstructor)
	   at Telerik.Microsoft.Practices.ObjectBuilder2.DynamicMethodConstructorStrategy.PreBuildUp(IBuilderContext context)
	   at Telerik.Microsoft.Practices.ObjectBuilder2.StrategyChain.ExecuteBuildUp(IBuilderContext context)
	   at Telerik.Microsoft.Practices.ObjectBuilder2.DynamicMethodBuildPlanCreatorPolicy.CreatePlan(IBuilderContext context, NamedTypeBuildKey buildKey)
	   at Telerik.Microsoft.Practices.ObjectBuilder2.BuildPlanStrategy.PreBuildUp(IBuilderContext context)
	   at Telerik.Microsoft.Practices.ObjectBuilder2.StrategyChain.ExecuteBuildUp(IBuilderContext context)
	   at Telerik.Microsoft.Practices.ObjectBuilder2.BuilderContext.NewBuildUp(NamedTypeBuildKey newBuildKey)
	   at Telerik.Microsoft.Practices.Unity.ObjectBuilder.NamedTypeDependencyResolverPolicy.Resolve(IBuilderContext context)
	   at BuildUp_Telerik.Sitefinity.Frontend.DynamicContent.Mvc.StringResources.DynamicContentResources(IBuilderContext )
	   at Telerik.Microsoft.Practices.ObjectBuilder2.DynamicMethodBuildPlan.BuildUp(IBuilderContext context)
	   at Telerik.Microsoft.Practices.ObjectBuilder2.BuildPlanStrategy.PreBuildUp(IBuilderContext context)
	   at Telerik.Microsoft.Practices.ObjectBuilder2.StrategyChain.ExecuteBuildUp(IBuilderContext context)
	   at Telerik.Microsoft.Practices.Unity.UnityContainer.DoBuildUp(Type t, Object existing, String name, IEnumerable`1 resolverOverrides)



Category: ErrorLog

Priority: 0

EventId: 9010

Severity: Warning

Title:Enterprise Library Exception Handling

Machine: DEN-100001176

App Domain: /LM/W3SVC/2/ROOT-1-130876730883414283

ProcessId: 123716

Process Name: C:\Program Files (x86)\IIS Express\iisexpress.exe

Thread Name: 

Win32 ThreadId:122568

Extended Properties: 
----------------------------------------
----------------------------------------
Timestamp: 9/25/2015 8:59:11 PM

Message: HandlingInstanceID: b3d0f991-0180-406c-bddf-e836bb3c3b25
An exception of type 'System.Web.HttpParseException' occurred and was caught.
-----------------------------------------------------------------------------
09/25/2015 14:59:11
Type : System.Web.HttpParseException, System.Web, Version=4.0.0.0, Culture=neutral, PublicKeyToken=b03f5f7f11d50a3a
Message : Type 'System.Web.UI.WebControls.Repeater' does not have a public property named 'div'.
Source : System.Web
Help link : 
FileName : Access failed
VirtualPath : 
Line : 0
ParserErrors : System.Web.ParserErrorCollection
WebEventCode : 0
ErrorCode : -2147467259
Data : System.Collections.ListDictionaryInternal
TargetSite : Void ProcessException(System.Exception)
HResult : -2147467259
Stack Trace :    at System.Web.UI.TemplateParser.ProcessException(Exception ex)
   at System.Web.UI.TemplateParser.ParseStringInternal(String text, Encoding fileEncoding)
   at System.Web.UI.TemplateParser.ParseString(String text, VirtualPath virtualPath, Encoding fileEncoding)

Additional Info:

MachineName : DEN-100001176
TimeStamp : 9/25/2015 8:59:11 PM
FullName : Telerik.Sitefinity.Utilities, Version=8.0.5700.0, Culture=neutral, PublicKeyToken=b28c218413bdf563
AppDomainName : /LM/W3SVC/2/ROOT-1-130876730883414283
ThreadIdentity : admin
WindowsIdentity : SWIFTPAGE\Jeremy.Kron
Requested URL : http://localhost:60876/marketplace
	Inner Exception
	---------------
	Type : System.Web.HttpException, System.Web, Version=4.0.0.0, Culture=neutral, PublicKeyToken=b03f5f7f11d50a3a
	Message : Type 'System.Web.UI.WebControls.Repeater' does not have a public property named 'div'.
	Source : System.Web
	Help link : 
	WebEventCode : 0
	ErrorCode : -2147467259
	Data : System.Collections.ListDictionaryInternal
	TargetSite : System.Web.UI.ControlBuilder GetChildPropertyBuilder(System.String, System.Collections.IDictionary, System.Type ByRef, System.Web.UI.TemplateParser, Boolean)
	HResult : -2147467259
	Stack Trace :    at System.Web.UI.ControlBuilder.GetChildPropertyBuilder(String tagName, IDictionary attribs, Type& childType, TemplateParser templateParser, Boolean defaultProperty)
	   at System.Web.UI.ControlBuilder.CreateChildBuilder(String filter, String tagName, IDictionary attribs, TemplateParser parser, ControlBuilder parentBuilder, String id, Int32 line, VirtualPath virtualPath, Type& childType, Boolean defaultProperty)
	   at System.Web.UI.TemplateParser.ProcessBeginTag(Match match, String inputText)
	   at System.Web.UI.TemplateParser.ParseStringInternal(String text, Encoding fileEncoding)



Category: ErrorLog

Priority: 0

EventId: 90000

Severity: Error

Title:Enterprise Library Exception Handling

Machine: DEN-100001176

App Domain: /LM/W3SVC/2/ROOT-1-130876730883414283

ProcessId: 123716

Process Name: C:\Program Files (x86)\IIS Express\iisexpress.exe

Thread Name: 

Win32 ThreadId:119976

Extended Properties: 
----------------------------------------
----------------------------------------
Timestamp: 9/25/2015 9:00:14 PM

Message: HandlingInstanceID: 5569db0a-b44b-414b-9ce2-7179f9bd84f2
An exception of type 'System.InvalidOperationException' occurred and was caught.
--------------------------------------------------------------------------------
09/25/2015 15:00:14
Type : System.InvalidOperationException, mscorlib, Version=4.0.0.0, Culture=neutral, PublicKeyToken=b77a5c561934e089
Message : The RadListView control does not have an item placeholder specified.
Source : Telerik.Web.UI
Help link : 
Data : System.Collections.ListDictionaryInternal
TargetSite : System.Web.UI.Control RetrivePlaceHolderControl(System.Web.UI.Control, System.String)
HResult : -2146233079
Stack Trace :    at Telerik.Web.UI.RadListView.RetrivePlaceHolderControl(Control container, String placeholderId)
   at Telerik.Web.UI.RadListView.PrepareItemContainer(Control container, Boolean isGroupContainer, Action`1 retrieveItemPlaceHolderParentControl, String groupPlaceholderID)
   at Telerik.Web.UI.RadListView.CreateDataItems(Control container, IEnumerable dataSource, Boolean dataBinding)
   at Telerik.Web.UI.RadListView.CreateChildControls(IEnumerable dataSource, Boolean dataBinding)
   at Telerik.Web.UI.RadListView.PerformDataBinding(IEnumerable data)
   at System.Web.UI.WebControls.DataBoundControl.OnDataSourceViewSelectCallback(IEnumerable data)
   at System.Web.UI.DataSourceView.Select(DataSourceSelectArguments arguments, DataSourceViewSelectCallback callback)
   at System.Web.UI.WebControls.DataBoundControl.PerformSelect()
   at Telerik.Web.UI.RadListView.PerformSelect()
   at System.Web.UI.WebControls.BaseDataBoundControl.DataBind()
   at Telerik.Web.UI.RadListView.DataBind()
   at Telerik.Web.UI.RadListView.AutoDataBind(RadListViewRebindReason rebindReason)
   at Telerik.Web.UI.RadListView.OnLoad(EventArgs e)
   at System.Web.UI.Control.LoadRecursive()
   at System.Web.UI.Control.LoadRecursive()
   at System.Web.UI.Control.LoadRecursive()
   at System.Web.UI.Control.AddedControl(Control control, Int32 index)
   at System.Web.UI.ControlCollection.Add(Control child)
   at Telerik.Sitefinity.Web.UI.SimpleView.CreateChildControls()
   at System.Web.UI.Control.EnsureChildControls()
   at System.Web.UI.Control.PreRenderRecursiveInternal()
   at System.Web.UI.Control.PreRenderRecursiveInternal()
   at System.Web.UI.Control.PreRenderRecursiveInternal()
   at System.Web.UI.Control.PreRenderRecursiveInternal()
   at System.Web.UI.Control.PreRenderRecursiveInternal()
   at System.Web.UI.Control.PreRenderRecursiveInternal()
   at System.Web.UI.Page.ProcessRequestMain(Boolean includeStagesBeforeAsyncPoint, Boolean includeStagesAfterAsyncPoint)

Additional Info:

MachineName : DEN-100001176
TimeStamp : 9/25/2015 9:00:14 PM
FullName : Telerik.Sitefinity.Utilities, Version=8.0.5700.0, Culture=neutral, PublicKeyToken=b28c218413bdf563
AppDomainName : /LM/W3SVC/2/ROOT-1-130876730883414283
ThreadIdentity : admin
WindowsIdentity : SWIFTPAGE\Jeremy.Kron
Requested URL : http://localhost:60876/marketplace


Category: ErrorLog

Priority: 0

EventId: 90000

Severity: Error

Title:Enterprise Library Exception Handling

Machine: DEN-100001176

App Domain: /LM/W3SVC/2/ROOT-1-130876730883414283

ProcessId: 123716

Process Name: C:\Program Files (x86)\IIS Express\iisexpress.exe

Thread Name: 

Win32 ThreadId:121236

Extended Properties: 
----------------------------------------
