----------------------------------------
Timestamp: 9/25/2015 9:05:10 PM

Message: HandlingInstanceID: b8fa833f-3e06-4e0d-8405-4fa01af4dbdf
An exception of type 'System.InvalidOperationException' occurred and was caught.
--------------------------------------------------------------------------------
09/25/2015 15:05:10
Type : System.InvalidOperationException, mscorlib, Version=4.0.0.0, Culture=neutral, PublicKeyToken=b77a5c561934e089
Message : The RadListView control does not have an item placeholder specified.
Source : Telerik.Web.UI
Help link : 
Data : System.Collections.ListDictionaryInternal
TargetSite : System.Web.UI.Control RetrivePlaceHolderControl(System.Web.UI.Control, System.String)
HResult : -2146233079
Stack Trace :    at Telerik.Web.UI.RadListView.RetrivePlaceHolderControl(Control container, String placeholderId)
   at Telerik.Web.UI.RadListView.PrepareItemContainer(Control container, Boolean isGroupContainer, Action`1 retrieveItemPlaceHolderParentControl, String groupPlaceholderID)
   at Telerik.Web.UI.RadListView.CreateDataItems(Control container, IEnumerable dataSource, Boolean dataBinding)
   at Telerik.Web.UI.RadListView.CreateChildControls(IEnumerable dataSource, Boolean dataBinding)
   at Telerik.Web.UI.RadListView.PerformDataBinding(IEnumerable data)
   at System.Web.UI.WebControls.DataBoundControl.OnDataSourceViewSelectCallback(IEnumerable data)
   at System.Web.UI.DataSourceView.Select(DataSourceSelectArguments arguments, DataSourceViewSelectCallback callback)
   at System.Web.UI.WebControls.DataBoundControl.PerformSelect()
   at Telerik.Web.UI.RadListView.PerformSelect()
   at System.Web.UI.WebControls.BaseDataBoundControl.DataBind()
   at Telerik.Web.UI.RadListView.DataBind()
   at Telerik.Web.UI.RadListView.AutoDataBind(RadListViewRebindReason rebindReason)
   at Telerik.Web.UI.RadListView.OnLoad(EventArgs e)
   at System.Web.UI.Control.LoadRecursive()
   at System.Web.UI.Control.LoadRecursive()
   at System.Web.UI.Control.LoadRecursive()
   at System.Web.UI.Control.AddedControl(Control control, Int32 index)
   at System.Web.UI.ControlCollection.Add(Control child)
   at Telerik.Sitefinity.Web.UI.SimpleView.CreateChildControls()
   at System.Web.UI.Control.EnsureChildControls()
   at System.Web.UI.Control.PreRenderRecursiveInternal()
   at System.Web.UI.Control.PreRenderRecursiveInternal()
   at System.Web.UI.Control.PreRenderRecursiveInternal()
   at System.Web.UI.Control.PreRenderRecursiveInternal()
   at System.Web.UI.Control.PreRenderRecursiveInternal()
   at System.Web.UI.Control.PreRenderRecursiveInternal()
   at System.Web.UI.Page.ProcessRequestMain(Boolean includeStagesBeforeAsyncPoint, Boolean includeStagesAfterAsyncPoint)

Additional Info:

MachineName : DEN-100001176
TimeStamp : 9/25/2015 9:05:10 PM
FullName : Telerik.Sitefinity.Utilities, Version=8.0.5700.0, Culture=neutral, PublicKeyToken=b28c218413bdf563
AppDomainName : /LM/W3SVC/2/ROOT-1-130876730883414283
ThreadIdentity : admin
WindowsIdentity : SWIFTPAGE\Jeremy.Kron
Requested URL : http://localhost:60876/marketplace


Category: ErrorLog

Priority: 0

EventId: 90000

Severity: Error

Title:Enterprise Library Exception Handling

Machine: DEN-100001176

App Domain: /LM/W3SVC/2/ROOT-1-130876730883414283

ProcessId: 123716

Process Name: C:\Program Files (x86)\IIS Express\iisexpress.exe

Thread Name: 

Win32 ThreadId:113556

Extended Properties: 
----------------------------------------
----------------------------------------
Timestamp: 9/25/2015 9:05:50 PM

Message: HandlingInstanceID: dfbf965d-7f3c-4219-9f4d-dff099e00b80
An exception of type 'System.InvalidOperationException' occurred and was caught.
--------------------------------------------------------------------------------
09/25/2015 15:05:50
Type : System.InvalidOperationException, mscorlib, Version=4.0.0.0, Culture=neutral, PublicKeyToken=b77a5c561934e089
Message : The RadListView control does not have an item placeholder specified.
Source : Telerik.Web.UI
Help link : 
Data : System.Collections.ListDictionaryInternal
TargetSite : System.Web.UI.Control RetrivePlaceHolderControl(System.Web.UI.Control, System.String)
HResult : -2146233079
Stack Trace :    at Telerik.Web.UI.RadListView.RetrivePlaceHolderControl(Control container, String placeholderId)
   at Telerik.Web.UI.RadListView.PrepareItemContainer(Control container, Boolean isGroupContainer, Action`1 retrieveItemPlaceHolderParentControl, String groupPlaceholderID)
   at Telerik.Web.UI.RadListView.CreateDataItems(Control container, IEnumerable dataSource, Boolean dataBinding)
   at Telerik.Web.UI.RadListView.CreateChildControls(IEnumerable dataSource, Boolean dataBinding)
   at Telerik.Web.UI.RadListView.PerformDataBinding(IEnumerable data)
   at System.Web.UI.WebControls.DataBoundControl.OnDataSourceViewSelectCallback(IEnumerable data)
   at System.Web.UI.DataSourceView.Select(DataSourceSelectArguments arguments, DataSourceViewSelectCallback callback)
   at System.Web.UI.WebControls.DataBoundControl.PerformSelect()
   at Telerik.Web.UI.RadListView.PerformSelect()
   at System.Web.UI.WebControls.BaseDataBoundControl.DataBind()
   at Telerik.Web.UI.RadListView.DataBind()
   at Telerik.Web.UI.RadListView.AutoDataBind(RadListViewRebindReason rebindReason)
   at Telerik.Web.UI.RadListView.OnLoad(EventArgs e)
   at System.Web.UI.Control.LoadRecursive()
   at System.Web.UI.Control.LoadRecursive()
   at System.Web.UI.Control.LoadRecursive()
   at System.Web.UI.Control.AddedControl(Control control, Int32 index)
   at System.Web.UI.ControlCollection.Add(Control child)
   at Telerik.Sitefinity.Web.UI.SimpleView.CreateChildControls()
   at System.Web.UI.Control.EnsureChildControls()
   at System.Web.UI.Control.PreRenderRecursiveInternal()
   at System.Web.UI.Control.PreRenderRecursiveInternal()
   at System.Web.UI.Control.PreRenderRecursiveInternal()
   at System.Web.UI.Control.PreRenderRecursiveInternal()
   at System.Web.UI.Control.PreRenderRecursiveInternal()
   at System.Web.UI.Control.PreRenderRecursiveInternal()
   at System.Web.UI.Page.ProcessRequestMain(Boolean includeStagesBeforeAsyncPoint, Boolean includeStagesAfterAsyncPoint)

Additional Info:

MachineName : DEN-100001176
TimeStamp : 9/25/2015 9:05:50 PM
FullName : Telerik.Sitefinity.Utilities, Version=8.0.5700.0, Culture=neutral, PublicKeyToken=b28c218413bdf563
AppDomainName : /LM/W3SVC/2/ROOT-1-130876730883414283
ThreadIdentity : admin
WindowsIdentity : SWIFTPAGE\Jeremy.Kron
Requested URL : http://localhost:60876/marketplace


Category: ErrorLog

Priority: 0

EventId: 90000

Severity: Error

Title:Enterprise Library Exception Handling

Machine: DEN-100001176

App Domain: /LM/W3SVC/2/ROOT-1-130876730883414283

ProcessId: 123716

Process Name: C:\Program Files (x86)\IIS Express\iisexpress.exe

Thread Name: 

Win32 ThreadId:124140

Extended Properties: 
----------------------------------------
----------------------------------------
Timestamp: 9/25/2015 9:07:18 PM

Message: HandlingInstanceID: 48a80b90-a5d5-4401-ac78-f09896a64fca
An exception of type 'Telerik.Sitefinity.Web.UI.TemplateException' occurred and was caught.
-------------------------------------------------------------------------------------------
09/25/2015 15:07:18
Type : Telerik.Sitefinity.Web.UI.TemplateException, Telerik.Sitefinity, Version=8.0.5700.0, Culture=neutral, PublicKeyToken=b28c218413bdf563
Message : A required control was not found in the template for "~/SfCtrlPresentation/OpenAccessDataProvider,116b60e796e1633a9d88ff00001e67f5.ascx". The control must be assignable from type "Telerik.Web.UI.RadListView" and must have ID "dynamicContentListView".
Source : Telerik.Sitefinity
Help link : 
Data : System.Collections.ListDictionaryInternal
TargetSite : Void ThrowException(System.Type, System.String)
HResult : -2146233088
Stack Trace :    at Telerik.Sitefinity.Web.UI.GenericContainer.ThrowException(Type requiredType, String controlId)
   at Telerik.Sitefinity.Web.UI.GenericContainer.GetControl[T](String id, Boolean required)
   at Telerik.Sitefinity.DynamicModules.Web.UI.Frontend.DynamicContentViewMaster.get_DynamicContentListView()
   at Telerik.Sitefinity.DynamicModules.Web.UI.Frontend.DynamicContentViewMaster.InitializeControls(GenericContainer container)
   at Telerik.Sitefinity.Web.UI.SimpleView.CreateChildControls()
   at System.Web.UI.Control.EnsureChildControls()
   at System.Web.UI.Control.PreRenderRecursiveInternal()
   at System.Web.UI.Control.PreRenderRecursiveInternal()
   at System.Web.UI.Control.PreRenderRecursiveInternal()
   at System.Web.UI.Control.PreRenderRecursiveInternal()
   at System.Web.UI.Control.PreRenderRecursiveInternal()
   at System.Web.UI.Control.PreRenderRecursiveInternal()
   at System.Web.UI.Page.ProcessRequestMain(Boolean includeStagesBeforeAsyncPoint, Boolean includeStagesAfterAsyncPoint)

Additional Info:

MachineName : DEN-100001176
TimeStamp : 9/25/2015 9:07:18 PM
FullName : Telerik.Sitefinity.Utilities, Version=8.0.5700.0, Culture=neutral, PublicKeyToken=b28c218413bdf563
AppDomainName : /LM/W3SVC/2/ROOT-1-130876730883414283
ThreadIdentity : admin
WindowsIdentity : SWIFTPAGE\Jeremy.Kron
Requested URL : http://localhost:60876/marketplace


Category: ErrorLog

Priority: 0

EventId: 90000

Severity: Error

Title:Enterprise Library Exception Handling

Machine: DEN-100001176

App Domain: /LM/W3SVC/2/ROOT-1-130876730883414283

ProcessId: 123716

Process Name: C:\Program Files (x86)\IIS Express\iisexpress.exe

Thread Name: 

Win32 ThreadId:121520

Extended Properties: 
----------------------------------------
----------------------------------------
Timestamp: 9/25/2015 9:10:04 PM

Message: HandlingInstanceID: c249aee8-5745-4797-961b-b792b237911d
An exception of type 'Telerik.Sitefinity.Web.UI.TemplateException' occurred and was caught.
-------------------------------------------------------------------------------------------
09/25/2015 15:10:04
Type : Telerik.Sitefinity.Web.UI.TemplateException, Telerik.Sitefinity, Version=8.0.5700.0, Culture=neutral, PublicKeyToken=b28c218413bdf563
Message : A required control was not found in the template for "~/SfCtrlPresentation/OpenAccessDataProvider,5b9360e796e1633a9d88ff00001e67f5.ascx". The control must be assignable from type "Telerik.Web.UI.RadListView" and must have ID "dynamicContentListView".
Source : Telerik.Sitefinity
Help link : 
Data : System.Collections.ListDictionaryInternal
TargetSite : Void ThrowException(System.Type, System.String)
HResult : -2146233088
Stack Trace :    at Telerik.Sitefinity.Web.UI.GenericContainer.ThrowException(Type requiredType, String controlId)
   at Telerik.Sitefinity.Web.UI.GenericContainer.GetControl[T](String id, Boolean required)
   at Telerik.Sitefinity.DynamicModules.Web.UI.Frontend.DynamicContentViewMaster.get_DynamicContentListView()
   at Telerik.Sitefinity.DynamicModules.Web.UI.Frontend.DynamicContentViewMaster.InitializeControls(GenericContainer container)
   at Telerik.Sitefinity.Web.UI.SimpleView.CreateChildControls()
   at System.Web.UI.Control.EnsureChildControls()
   at System.Web.UI.Control.PreRenderRecursiveInternal()
   at System.Web.UI.Control.PreRenderRecursiveInternal()
   at System.Web.UI.Control.PreRenderRecursiveInternal()
   at System.Web.UI.Control.PreRenderRecursiveInternal()
   at System.Web.UI.Page.ProcessRequestMain(Boolean includeStagesBeforeAsyncPoint, Boolean includeStagesAfterAsyncPoint)

Additional Info:

MachineName : DEN-100001176
TimeStamp : 9/25/2015 9:10:04 PM
FullName : Telerik.Sitefinity.Utilities, Version=8.0.5700.0, Culture=neutral, PublicKeyToken=b28c218413bdf563
AppDomainName : /LM/W3SVC/2/ROOT-1-130876730883414283
ThreadIdentity : admin
WindowsIdentity : SWIFTPAGE\Jeremy.Kron
Requested URL : http://localhost:60876/Sitefinity/Services/Pages/ZoneEditorService.svc/Control/


Category: ErrorLog

Priority: 0

EventId: 90000

Severity: Error

Title:Enterprise Library Exception Handling

Machine: DEN-100001176

App Domain: /LM/W3SVC/2/ROOT-1-130876730883414283

ProcessId: 123716

Process Name: C:\Program Files (x86)\IIS Express\iisexpress.exe

Thread Name: 

Win32 ThreadId:121044

Extended Properties: 
----------------------------------------
----------------------------------------
Timestamp: 9/25/2015 9:10:14 PM

Message: HandlingInstanceID: 082c78c6-a920-4a7b-b6f6-5d9392f2e7b1
An exception of type 'Telerik.Sitefinity.Web.UI.TemplateException' occurred and was caught.
-------------------------------------------------------------------------------------------
09/25/2015 15:10:14
Type : Telerik.Sitefinity.Web.UI.TemplateException, Telerik.Sitefinity, Version=8.0.5700.0, Culture=neutral, PublicKeyToken=b28c218413bdf563
Message : A required control was not found in the template for "~/SfCtrlPresentation/OpenAccessDataProvider,5b9360e796e1633a9d88ff00001e67f5.ascx". The control must be assignable from type "Telerik.Web.UI.RadListView" and must have ID "dynamicContentListView".
Source : Telerik.Sitefinity
Help link : 
Data : System.Collections.ListDictionaryInternal
TargetSite : Void ThrowException(System.Type, System.String)
HResult : -2146233088
Stack Trace :    at Telerik.Sitefinity.Web.UI.GenericContainer.ThrowException(Type requiredType, String controlId)
   at Telerik.Sitefinity.Web.UI.GenericContainer.GetControl[T](String id, Boolean required)
   at Telerik.Sitefinity.DynamicModules.Web.UI.Frontend.DynamicContentViewMaster.get_DynamicContentListView()
   at Telerik.Sitefinity.DynamicModules.Web.UI.Frontend.DynamicContentViewMaster.InitializeControls(GenericContainer container)
   at Telerik.Sitefinity.Web.UI.SimpleView.CreateChildControls()
   at System.Web.UI.Control.EnsureChildControls()
   at System.Web.UI.Control.PreRenderRecursiveInternal()
   at System.Web.UI.Control.PreRenderRecursiveInternal()
   at System.Web.UI.Control.PreRenderRecursiveInternal()
   at System.Web.UI.Control.PreRenderRecursiveInternal()
   at System.Web.UI.Control.PreRenderRecursiveInternal()
   at System.Web.UI.Control.PreRenderRecursiveInternal()
   at System.Web.UI.Page.ProcessRequestMain(Boolean includeStagesBeforeAsyncPoint, Boolean includeStagesAfterAsyncPoint)

Additional Info:

MachineName : DEN-100001176
TimeStamp : 9/25/2015 9:10:14 PM
FullName : Telerik.Sitefinity.Utilities, Version=8.0.5700.0, Culture=neutral, PublicKeyToken=b28c218413bdf563
AppDomainName : /LM/W3SVC/2/ROOT-1-130876730883414283
ThreadIdentity : admin
WindowsIdentity : SWIFTPAGE\Jeremy.Kron
Requested URL : http://localhost:60876/marketplace


Category: ErrorLog

Priority: 0

EventId: 90000

Severity: Error

Title:Enterprise Library Exception Handling

Machine: DEN-100001176

App Domain: /LM/W3SVC/2/ROOT-1-130876730883414283

ProcessId: 123716

Process Name: C:\Program Files (x86)\IIS Express\iisexpress.exe

Thread Name: 

Win32 ThreadId:119920

Extended Properties: 
----------------------------------------
----------------------------------------
Timestamp: 9/25/2015 9:10:20 PM

Message: HandlingInstanceID: 7614d090-7d93-45ae-914e-be5068450cee
An exception of type 'Telerik.Sitefinity.Web.UI.TemplateException' occurred and was caught.
-------------------------------------------------------------------------------------------
09/25/2015 15:10:20
Type : Telerik.Sitefinity.Web.UI.TemplateException, Telerik.Sitefinity, Version=8.0.5700.0, Culture=neutral, PublicKeyToken=b28c218413bdf563
Message : A required control was not found in the template for "~/SfCtrlPresentation/OpenAccessDataProvider,5b9360e796e1633a9d88ff00001e67f5.ascx". The control must be assignable from type "Telerik.Web.UI.RadListView" and must have ID "dynamicContentListView".
Source : Telerik.Sitefinity
Help link : 
Data : System.Collections.ListDictionaryInternal
TargetSite : Void ThrowException(System.Type, System.String)
HResult : -2146233088
Stack Trace :    at Telerik.Sitefinity.Web.UI.GenericContainer.ThrowException(Type requiredType, String controlId)
   at Telerik.Sitefinity.Web.UI.GenericContainer.GetControl[T](String id, Boolean required)
   at Telerik.Sitefinity.DynamicModules.Web.UI.Frontend.DynamicContentViewMaster.get_DynamicContentListView()
   at Telerik.Sitefinity.DynamicModules.Web.UI.Frontend.DynamicContentViewMaster.InitializeControls(GenericContainer container)
   at Telerik.Sitefinity.Web.UI.SimpleView.CreateChildControls()
   at System.Web.UI.Control.EnsureChildControls()
   at System.Web.UI.Control.PreRenderRecursiveInternal()
   at System.Web.UI.Control.PreRenderRecursiveInternal()
   at System.Web.UI.Control.PreRenderRecursiveInternal()
   at System.Web.UI.Control.AddedControl(Control control, Int32 index)
   at System.Web.UI.ControlCollection.Add(Control child)
   at Telerik.Sitefinity.Modules.Pages.DraftProxyBase.editor_ControlAdd(Object sender, ZoneEditorEventArgs e)

Additional Info:

MachineName : DEN-100001176
TimeStamp : 9/25/2015 9:10:20 PM
FullName : Telerik.Sitefinity.Utilities, Version=8.0.5700.0, Culture=neutral, PublicKeyToken=b28c218413bdf563
AppDomainName : /LM/W3SVC/2/ROOT-1-130876730883414283
ThreadIdentity : admin
WindowsIdentity : SWIFTPAGE\Jeremy.Kron
Requested URL : http://localhost:60876/marketplace/Action/Edit


Category: ErrorLog

Priority: 0

EventId: 9010

Severity: Warning

Title:Enterprise Library Exception Handling

Machine: DEN-100001176

App Domain: /LM/W3SVC/2/ROOT-1-130876730883414283

ProcessId: 123716

Process Name: C:\Program Files (x86)\IIS Express\iisexpress.exe

Thread Name: 

Win32 ThreadId:124140

Extended Properties: 
----------------------------------------
