----------------------------------------
Timestamp: 10/13/2015 9:42:50 PM

Message: HandlingInstanceID: 93a86db3-9eae-4525-a03f-73bf51708df5
An exception of type 'Telerik.Sitefinity.Utilities.MS.ServiceModel.Web.WebProtocolException' occurred and was caught.
---------------------------------------------------------------------------------------------------------------------
10/13/2015 15:42:50
Type : Telerik.Sitefinity.Utilities.MS.ServiceModel.Web.WebProtocolException, Telerik.Sitefinity.Utilities, Version=8.0.5700.0, Culture=neutral, PublicKeyToken=b28c218413bdf563
Message : Row not found: GenericOID@c4e4efae PageDraft id=43b360e7-96e1-633a-9d88-ff00001e67f5
UPDATE [sf_draft_pages] SET [last_modified] = ?, [voa_version] = ?, [flags] = ? WHERE [id] = ? AND [voa_version] = ?
(set event logging to all to see parameter values)
Source : Telerik.Sitefinity
Help link : 
StatusCode : InternalServerError
StatusDescription : Row not found: GenericOID@c4e4efae PageDraft id=43b360e7-96e1-633a-9d88-ff00001e67f5
UPDATE [sf_draft_pages] SET [last_modified] = ?, [voa_version] = ?, [flags] = ? WHERE [id] = ? AND [voa_version] = ?
(set event logging to all to see parameter values)
IsDetailXhtml : True
Data : System.Collections.ListDictionaryInternal
TargetSite : Boolean DiscardPageDraft(System.String)
HResult : -2146233087
detailWriterInstance : Telerik.Sitefinity.Utilities.MS.ServiceModel.Web.WebProtocolException+StringDetailWriter
Stack Trace :    at Telerik.Sitefinity.Modules.Pages.Web.Services.ZoneEditorService.DiscardPageDraft(String draftId)
   at SyncInvokeDiscardPageDraft(Object , Object[] , Object[] )
   at System.ServiceModel.Dispatcher.SyncMethodInvoker.Invoke(Object instance, Object[] inputs, Object[]& outputs)
   at System.ServiceModel.Dispatcher.DispatchOperationRuntime.InvokeBegin(MessageRpc& rpc)
   at System.ServiceModel.Dispatcher.ImmutableDispatchRuntime.ProcessMessage5(MessageRpc& rpc)
   at System.ServiceModel.Dispatcher.ImmutableDispatchRuntime.ProcessMessage41(MessageRpc& rpc)
   at System.ServiceModel.Dispatcher.ImmutableDispatchRuntime.ProcessMessage4(MessageRpc& rpc)
   at System.ServiceModel.Dispatcher.ImmutableDispatchRuntime.ProcessMessage31(MessageRpc& rpc)
   at System.ServiceModel.Dispatcher.ImmutableDispatchRuntime.ProcessMessage3(MessageRpc& rpc)
   at System.ServiceModel.Dispatcher.ImmutableDispatchRuntime.ProcessMessage2(MessageRpc& rpc)
   at System.ServiceModel.Dispatcher.ImmutableDispatchRuntime.ProcessMessage11(MessageRpc& rpc)
   at System.ServiceModel.Dispatcher.ImmutableDispatchRuntime.ProcessMessage1(MessageRpc& rpc)
   at System.ServiceModel.Dispatcher.MessageRpc.Process(Boolean isOperationContextSet)

Additional Info:

MachineName : DEN-100001176
TimeStamp : 10/13/2015 9:42:50 PM
FullName : Telerik.Sitefinity.Utilities, Version=8.0.5700.0, Culture=neutral, PublicKeyToken=b28c218413bdf563
AppDomainName : /LM/W3SVC/2/ROOT-3-130892461430076114
ThreadIdentity : 
WindowsIdentity : SWIFTPAGE\Jeremy.Kron
Requested URL : http://localhost:60876/Sitefinity/Services/Pages/ZoneEditorService.svc/Page/44b360e7-96e1-633a-9d88-ff00001e67f5/
	Inner Exception
	---------------
	Type : Telerik.OpenAccess.Exceptions.OptimisticVerificationException, Telerik.OpenAccess, Version=2015.1.225.1, Culture=neutral, PublicKeyToken=7ce17eeaf1d59342
	Message : Row not found: GenericOID@c4e4efae PageDraft id=43b360e7-96e1-633a-9d88-ff00001e67f5
UPDATE [sf_draft_pages] SET [last_modified] = ?, [voa_version] = ?, [flags] = ? WHERE [id] = ? AND [voa_version] = ?
(set event logging to all to see parameter values)
	Source : Unity_ILEmit_DynamicClasses
	Help link : 
	NumberOfConflicts : 1
	InnerExceptions : System.Exception[]
	FailedObject : 
	BackendError : 
	Reason : OptimisticVerification
	CanRetry : True
	Data : System.Collections.ListDictionaryInternal
	TargetSite : Void CommitTransaction()
	HResult : -2146233088
	Stack Trace :    at DynamicModule.ns.Wrapped_OpenAccessPageProvider_0a6d4c2574bd4ad4bc6a924e9f88b3c0.CommitTransaction()
	   at Telerik.Sitefinity.Data.ManagerBase`1.SaveChanges(String eventOrigin)
	   at Telerik.Sitefinity.Data.ManagerBase`1.SaveChanges()
	   at Telerik.Sitefinity.Modules.Pages.Web.Services.ZoneEditorService.DiscardPageDraft(String draftId)



Category: ErrorLog

Priority: 0

EventId: 90000

Severity: Error

Title:Enterprise Library Exception Handling

Machine: DEN-100001176

App Domain: /LM/W3SVC/2/ROOT-3-130892461430076114

ProcessId: 12196

Process Name: C:\Program Files (x86)\IIS Express\iisexpress.exe

Thread Name: 

Win32 ThreadId:11200

Extended Properties: 
----------------------------------------
----------------------------------------
Timestamp: 10/13/2015 9:43:15 PM

Message: HandlingInstanceID: cc6f645f-0d40-46f4-93a3-d3c57043fc2e
An exception of type 'System.ArgumentException' occurred and was caught.
------------------------------------------------------------------------
10/13/2015 15:43:15
Type : System.ArgumentException, mscorlib, Version=4.0.0.0, Culture=neutral, PublicKeyToken=b77a5c561934e089
Message : Type "../../../../GoogleCSE/GoogleCSE/GoogleCSE.ascx" cannot be resolved.
Source : Telerik.Sitefinity.Utilities
Help link : 
ParamName : 
Data : System.Collections.ListDictionaryInternal
TargetSite : System.Type GetType(System.String, Boolean, Boolean)
HResult : -2147024809
Stack Trace :    at Telerik.Sitefinity.Utilities.TypeConverters.TypeResolutionService.GetType(String name, Boolean throwOnError, Boolean ignoreCase)
   at Telerik.Sitefinity.Modules.ControlManager`1.GetControlType(ObjectData controlData)
   at Telerik.Sitefinity.Modules.Pages.Web.Services.ZoneEditorService.CreateNewControl(ZoneEditorWebServiceArgs state, IControlManager manager, Boolean isLayoutControl)
   at Telerik.Sitefinity.Modules.Pages.Web.Services.ZoneEditorService.UpdateState(ZoneEditorWebServiceArgs state, Boolean isLayoutControl)
   at Telerik.Sitefinity.Modules.Pages.Web.Services.ZoneEditorService.UpdateControlState(ZoneEditorWebServiceArgs state)
   at SyncInvokeUpdateControlState(Object , Object[] , Object[] )
   at System.ServiceModel.Dispatcher.SyncMethodInvoker.Invoke(Object instance, Object[] inputs, Object[]& outputs)
   at System.ServiceModel.Dispatcher.DispatchOperationRuntime.InvokeBegin(MessageRpc& rpc)
   at System.ServiceModel.Dispatcher.ImmutableDispatchRuntime.ProcessMessage5(MessageRpc& rpc)
   at System.ServiceModel.Dispatcher.ImmutableDispatchRuntime.ProcessMessage41(MessageRpc& rpc)
   at System.ServiceModel.Dispatcher.ImmutableDispatchRuntime.ProcessMessage4(MessageRpc& rpc)
   at System.ServiceModel.Dispatcher.ImmutableDispatchRuntime.ProcessMessage31(MessageRpc& rpc)
   at System.ServiceModel.Dispatcher.ImmutableDispatchRuntime.ProcessMessage3(MessageRpc& rpc)
   at System.ServiceModel.Dispatcher.ImmutableDispatchRuntime.ProcessMessage2(MessageRpc& rpc)
   at System.ServiceModel.Dispatcher.ImmutableDispatchRuntime.ProcessMessage11(MessageRpc& rpc)
   at System.ServiceModel.Dispatcher.ImmutableDispatchRuntime.ProcessMessage1(MessageRpc& rpc)
   at System.ServiceModel.Dispatcher.MessageRpc.Process(Boolean isOperationContextSet)

Additional Info:

MachineName : DEN-100001176
TimeStamp : 10/13/2015 9:43:15 PM
FullName : Telerik.Sitefinity.Utilities, Version=8.0.5700.0, Culture=neutral, PublicKeyToken=b28c218413bdf563
AppDomainName : /LM/W3SVC/2/ROOT-3-130892461430076114
ThreadIdentity : 
WindowsIdentity : SWIFTPAGE\Jeremy.Kron
Requested URL : http://localhost:60876/Sitefinity/Services/Pages/ZoneEditorService.svc/Control/


Category: ErrorLog

Priority: 0

EventId: 90000

Severity: Error

Title:Enterprise Library Exception Handling

Machine: DEN-100001176

App Domain: /LM/W3SVC/2/ROOT-3-130892461430076114

ProcessId: 12196

Process Name: C:\Program Files (x86)\IIS Express\iisexpress.exe

Thread Name: 

Win32 ThreadId:11200

Extended Properties: 
----------------------------------------
----------------------------------------
Timestamp: 10/13/2015 9:48:43 PM

Message: HandlingInstanceID: 832d53af-fadf-4415-afd0-8bdd6a5802d9
An exception of type 'System.Web.HttpException' occurred and was caught.
------------------------------------------------------------------------
10/13/2015 15:48:43
Type : System.Web.HttpException, System.Web, Version=4.0.0.0, Culture=neutral, PublicKeyToken=b03f5f7f11d50a3a
Message : The file '/GoogleCSE/GoogleCSE/GoogleCSE.ascx' does not exist.
Source : System.Web
Help link : 
WebEventCode : 0
ErrorCode : -2147467259
Data : System.Collections.ListDictionaryInternal
TargetSite : Void CheckVirtualFileExists(System.Web.VirtualPath)
HResult : -2147467259
Stack Trace :    at System.Web.UI.Util.CheckVirtualFileExists(VirtualPath virtualPath)
   at System.Web.Compilation.BuildManager.GetVPathBuildResultInternal(VirtualPath virtualPath, Boolean noBuild, Boolean allowCrossApp, Boolean allowBuildInPrecompile, Boolean throwIfNotFound, Boolean ensureIsUpToDate)
   at System.Web.Compilation.BuildManager.GetVPathBuildResultWithNoAssert(HttpContext context, VirtualPath virtualPath, Boolean noBuild, Boolean allowCrossApp, Boolean allowBuildInPrecompile, Boolean throwIfNotFound, Boolean ensureIsUpToDate)
   at System.Web.Compilation.BuildManager.GetVirtualPathObjectFactory(VirtualPath virtualPath, HttpContext context, Boolean allowCrossApp, Boolean throwIfNotFound)
   at System.Web.Compilation.BuildManager.GetCompiledType(VirtualPath virtualPath)
   at System.Web.Compilation.BuildManager.GetCompiledType(String virtualPath)
   at Telerik.Sitefinity.Modules.ControlManager`1.GetControlType(ObjectData controlData)
   at Telerik.Sitefinity.Modules.Pages.Web.Services.ZoneEditorService.CreateNewControl(ZoneEditorWebServiceArgs state, IControlManager manager, Boolean isLayoutControl)
   at Telerik.Sitefinity.Modules.Pages.Web.Services.ZoneEditorService.UpdateState(ZoneEditorWebServiceArgs state, Boolean isLayoutControl)
   at Telerik.Sitefinity.Modules.Pages.Web.Services.ZoneEditorService.UpdateControlState(ZoneEditorWebServiceArgs state)
   at SyncInvokeUpdateControlState(Object , Object[] , Object[] )
   at System.ServiceModel.Dispatcher.SyncMethodInvoker.Invoke(Object instance, Object[] inputs, Object[]& outputs)
   at System.ServiceModel.Dispatcher.DispatchOperationRuntime.InvokeBegin(MessageRpc& rpc)
   at System.ServiceModel.Dispatcher.ImmutableDispatchRuntime.ProcessMessage5(MessageRpc& rpc)
   at System.ServiceModel.Dispatcher.ImmutableDispatchRuntime.ProcessMessage41(MessageRpc& rpc)
   at System.ServiceModel.Dispatcher.ImmutableDispatchRuntime.ProcessMessage4(MessageRpc& rpc)
   at System.ServiceModel.Dispatcher.ImmutableDispatchRuntime.ProcessMessage31(MessageRpc& rpc)
   at System.ServiceModel.Dispatcher.ImmutableDispatchRuntime.ProcessMessage3(MessageRpc& rpc)
   at System.ServiceModel.Dispatcher.ImmutableDispatchRuntime.ProcessMessage2(MessageRpc& rpc)
   at System.ServiceModel.Dispatcher.ImmutableDispatchRuntime.ProcessMessage11(MessageRpc& rpc)
   at System.ServiceModel.Dispatcher.ImmutableDispatchRuntime.ProcessMessage1(MessageRpc& rpc)
   at System.ServiceModel.Dispatcher.MessageRpc.Process(Boolean isOperationContextSet)

Additional Info:

MachineName : DEN-100001176
TimeStamp : 10/13/2015 9:48:43 PM
FullName : Telerik.Sitefinity.Utilities, Version=8.0.5700.0, Culture=neutral, PublicKeyToken=b28c218413bdf563
AppDomainName : /LM/W3SVC/2/ROOT-3-130892461430076114
ThreadIdentity : 
WindowsIdentity : SWIFTPAGE\Jeremy.Kron
Requested URL : http://localhost:60876/Sitefinity/Services/Pages/ZoneEditorService.svc/Control/


Category: ErrorLog

Priority: 0

EventId: 90000

Severity: Error

Title:Enterprise Library Exception Handling

Machine: DEN-100001176

App Domain: /LM/W3SVC/2/ROOT-3-130892461430076114

ProcessId: 12196

Process Name: C:\Program Files (x86)\IIS Express\iisexpress.exe

Thread Name: 

Win32 ThreadId:8328

Extended Properties: 
----------------------------------------
----------------------------------------
Timestamp: 10/13/2015 9:50:27 PM

Message: HandlingInstanceID: 6a923c1d-0cb5-4c8e-aa61-0a8555a052e1
An exception of type 'System.Web.HttpException' occurred and was caught.
------------------------------------------------------------------------
10/13/2015 15:50:27
Type : System.Web.HttpException, System.Web, Version=4.0.0.0, Culture=neutral, PublicKeyToken=b03f5f7f11d50a3a
Message : The file '/GoogleCSE/GoogleCSE/GoogleCSE.ascx' does not exist.
Source : System.Web
Help link : 
WebEventCode : 0
ErrorCode : -2147467259
Data : System.Collections.ListDictionaryInternal
TargetSite : Void CheckVirtualFileExists(System.Web.VirtualPath)
HResult : -2147467259
Stack Trace :    at System.Web.UI.Util.CheckVirtualFileExists(VirtualPath virtualPath)
   at System.Web.Compilation.BuildManager.GetVPathBuildResultInternal(VirtualPath virtualPath, Boolean noBuild, Boolean allowCrossApp, Boolean allowBuildInPrecompile, Boolean throwIfNotFound, Boolean ensureIsUpToDate)
   at System.Web.Compilation.BuildManager.GetVPathBuildResultWithNoAssert(HttpContext context, VirtualPath virtualPath, Boolean noBuild, Boolean allowCrossApp, Boolean allowBuildInPrecompile, Boolean throwIfNotFound, Boolean ensureIsUpToDate)
   at System.Web.Compilation.BuildManager.GetVirtualPathObjectFactory(VirtualPath virtualPath, HttpContext context, Boolean allowCrossApp, Boolean throwIfNotFound)
   at System.Web.Compilation.BuildManager.GetCompiledType(VirtualPath virtualPath)
   at System.Web.Compilation.BuildManager.GetCompiledType(String virtualPath)
   at Telerik.Sitefinity.Modules.ControlManager`1.GetControlType(ObjectData controlData)
   at Telerik.Sitefinity.Modules.Pages.Web.Services.ZoneEditorService.CreateNewControl(ZoneEditorWebServiceArgs state, IControlManager manager, Boolean isLayoutControl)
   at Telerik.Sitefinity.Modules.Pages.Web.Services.ZoneEditorService.UpdateState(ZoneEditorWebServiceArgs state, Boolean isLayoutControl)
   at Telerik.Sitefinity.Modules.Pages.Web.Services.ZoneEditorService.UpdateControlState(ZoneEditorWebServiceArgs state)
   at SyncInvokeUpdateControlState(Object , Object[] , Object[] )
   at System.ServiceModel.Dispatcher.SyncMethodInvoker.Invoke(Object instance, Object[] inputs, Object[]& outputs)
   at System.ServiceModel.Dispatcher.DispatchOperationRuntime.InvokeBegin(MessageRpc& rpc)
   at System.ServiceModel.Dispatcher.ImmutableDispatchRuntime.ProcessMessage5(MessageRpc& rpc)
   at System.ServiceModel.Dispatcher.ImmutableDispatchRuntime.ProcessMessage41(MessageRpc& rpc)
   at System.ServiceModel.Dispatcher.ImmutableDispatchRuntime.ProcessMessage4(MessageRpc& rpc)
   at System.ServiceModel.Dispatcher.ImmutableDispatchRuntime.ProcessMessage31(MessageRpc& rpc)
   at System.ServiceModel.Dispatcher.ImmutableDispatchRuntime.ProcessMessage3(MessageRpc& rpc)
   at System.ServiceModel.Dispatcher.ImmutableDispatchRuntime.ProcessMessage2(MessageRpc& rpc)
   at System.ServiceModel.Dispatcher.ImmutableDispatchRuntime.ProcessMessage11(MessageRpc& rpc)
   at System.ServiceModel.Dispatcher.ImmutableDispatchRuntime.ProcessMessage1(MessageRpc& rpc)
   at System.ServiceModel.Dispatcher.MessageRpc.Process(Boolean isOperationContextSet)

Additional Info:

MachineName : DEN-100001176
TimeStamp : 10/13/2015 9:50:27 PM
FullName : Telerik.Sitefinity.Utilities, Version=8.0.5700.0, Culture=neutral, PublicKeyToken=b28c218413bdf563
AppDomainName : /LM/W3SVC/2/ROOT-4-130892465845627625
ThreadIdentity : 
WindowsIdentity : SWIFTPAGE\Jeremy.Kron
Requested URL : http://localhost:60876/Sitefinity/Services/Pages/ZoneEditorService.svc/Control/


Category: ErrorLog

Priority: 0

EventId: 90000

Severity: Error

Title:Enterprise Library Exception Handling

Machine: DEN-100001176

App Domain: /LM/W3SVC/2/ROOT-4-130892465845627625

ProcessId: 12196

Process Name: C:\Program Files (x86)\IIS Express\iisexpress.exe

Thread Name: 

Win32 ThreadId:13620

Extended Properties: 
----------------------------------------
----------------------------------------
Timestamp: 10/13/2015 9:53:07 PM

Message: HandlingInstanceID: bdd37af9-cdc7-4110-9d4b-8dbbbdeb30f5
An exception of type 'System.Security.Cryptography.CryptographicException' occurred and was caught.
---------------------------------------------------------------------------------------------------
10/13/2015 15:53:07
Type : System.Security.Cryptography.CryptographicException, mscorlib, Version=4.0.0.0, Culture=neutral, PublicKeyToken=b77a5c561934e089
Message : Specified key is a known weak key for 'TripleDES' and cannot be used.
Source : mscorlib
Help link : 
Data : System.Collections.ListDictionaryInternal
TargetSite : System.Security.Cryptography.ICryptoTransform CreateDecryptor(Byte[], Byte[])
HResult : -2146233296
Stack Trace :    at System.Security.Cryptography.TripleDESCryptoServiceProvider.CreateDecryptor(Byte[] rgbKey, Byte[] rgbIV)
   at Telerik.Sitefinity.Security.SecurityManager.DecryptData(Byte[] data)
   at Telerik.Sitefinity.Security.Claims.SitefinityCookieTransform.Decode(Byte[] encoded)
   at Microsoft.IdentityModel.Tokens.SessionSecurityTokenHandler.ApplyTransforms(Byte[] cookie, Boolean outbound)
   at Microsoft.IdentityModel.Tokens.SessionSecurityTokenHandler.ReadToken(XmlReader reader, SecurityTokenResolver tokenResolver)
   at Telerik.Sitefinity.Security.Claims.SitefinitySessionTokenHandler.ReadToken(XmlReader reader, SecurityTokenResolver tokenResolver)
   at Microsoft.IdentityModel.Tokens.SessionSecurityTokenHandler.ReadToken(Byte[] token, SecurityTokenResolver tokenResolver)
   at Telerik.Sitefinity.Security.Claims.SitefinitySessionAuthenticationModule.ReadToken(Byte[] sessionCookie)

Additional Info:

MachineName : DEN-100001176
TimeStamp : 10/13/2015 9:53:07 PM
FullName : Telerik.Sitefinity.Utilities, Version=8.0.5700.0, Culture=neutral, PublicKeyToken=b28c218413bdf563
AppDomainName : /LM/W3SVC/2/ROOT-5-130892467409243971
ThreadIdentity : 
WindowsIdentity : SWIFTPAGE\Jeremy.Kron
Requested URL : http://localhost:60876/Sitefinity/dashboard?sf_site=9948a693-39e5-4619-8819-aab8ea782d54


Category: ErrorLog

Priority: 0

EventId: 9010

Severity: Warning

Title:Enterprise Library Exception Handling

Machine: DEN-100001176

App Domain: /LM/W3SVC/2/ROOT-5-130892467409243971

ProcessId: 12196

Process Name: C:\Program Files (x86)\IIS Express\iisexpress.exe

Thread Name: 

Win32 ThreadId:9596

Extended Properties: 
----------------------------------------
----------------------------------------
Timestamp: 10/13/2015 9:53:07 PM

Message: HandlingInstanceID: e3ab4c3e-3ac1-4a83-ba2a-27db9e380e39
An exception of type 'System.Security.Cryptography.CryptographicException' occurred and was caught.
---------------------------------------------------------------------------------------------------
10/13/2015 15:53:07
Type : System.Security.Cryptography.CryptographicException, mscorlib, Version=4.0.0.0, Culture=neutral, PublicKeyToken=b77a5c561934e089
Message : Bad Data.

Source : mscorlib
Help link : 
Data : System.Collections.ListDictionaryInternal
TargetSite : Void ThrowCryptographicException(Int32)
HResult : -2146893819
Stack Trace :    at System.Security.Cryptography.CryptographicException.ThrowCryptographicException(Int32 hr)
   at System.Security.Cryptography.Utils._DecryptData(SafeKeyHandle hKey, Byte[] data, Int32 ib, Int32 cb, Byte[]& outputBuffer, Int32 outputOffset, PaddingMode PaddingMode, Boolean fDone)
   at System.Security.Cryptography.CryptoAPITransform.TransformFinalBlock(Byte[] inputBuffer, Int32 inputOffset, Int32 inputCount)
   at System.Security.Cryptography.CryptoStream.FlushFinalBlock()
   at System.Security.Cryptography.CryptoStream.Dispose(Boolean disposing)
   at System.IO.Stream.Close()
   at System.IO.Stream.Dispose()
   at Telerik.Sitefinity.Security.SecurityManager.DecryptData(Byte[] data)
   at Telerik.Sitefinity.Security.Claims.SitefinityCookieTransform.Decode(Byte[] encoded)
   at Microsoft.IdentityModel.Tokens.SessionSecurityTokenHandler.ApplyTransforms(Byte[] cookie, Boolean outbound)
   at Microsoft.IdentityModel.Tokens.SessionSecurityTokenHandler.ReadToken(XmlReader reader, SecurityTokenResolver tokenResolver)
   at Telerik.Sitefinity.Security.Claims.SitefinitySessionTokenHandler.ReadToken(XmlReader reader, SecurityTokenResolver tokenResolver)
   at Microsoft.IdentityModel.Tokens.SessionSecurityTokenHandler.ReadToken(Byte[] token, SecurityTokenResolver tokenResolver)
   at Telerik.Sitefinity.Security.Claims.SitefinitySessionAuthenticationModule.ReadToken(Byte[] sessionCookie)

Additional Info:

MachineName : DEN-100001176
TimeStamp : 10/13/2015 9:53:07 PM
FullName : Telerik.Sitefinity.Utilities, Version=8.0.5700.0, Culture=neutral, PublicKeyToken=b28c218413bdf563
AppDomainName : /LM/W3SVC/2/ROOT-5-130892467409243971
ThreadIdentity : 
WindowsIdentity : SWIFTPAGE\Jeremy.Kron
Requested URL : http://localhost:60876/Sitefinity/Services/Dashboard/DashboardService.svc/GetRecentItems/


Category: ErrorLog

Priority: 0

EventId: 9010

Severity: Warning

Title:Enterprise Library Exception Handling

Machine: DEN-100001176

App Domain: /LM/W3SVC/2/ROOT-5-130892467409243971

ProcessId: 12196

Process Name: C:\Program Files (x86)\IIS Express\iisexpress.exe

Thread Name: 

Win32 ThreadId:12648

Extended Properties: 
----------------------------------------
----------------------------------------
Timestamp: 10/13/2015 10:02:06 PM

Message: HandlingInstanceID: 6d90a74d-4a04-4964-99b3-0b589440be50
An exception of type 'System.NullReferenceException' occurred and was caught.
-----------------------------------------------------------------------------
10/13/2015 16:02:06
Type : System.NullReferenceException, mscorlib, Version=4.0.0.0, Culture=neutral, PublicKeyToken=b77a5c561934e089
Message : Object reference not set to an instance of an object.
Source : Telerik.Sitefinity
Help link : 
Data : System.Collections.ListDictionaryInternal
TargetSite : Void VerifySectionRegistered(System.Type, System.String)
HResult : -2147467261
Stack Trace :    at Telerik.Sitefinity.Configuration.Config.VerifySectionRegistered(Type sectionType, String sectionName)
   at Telerik.Sitefinity.Configuration.Config.GetSectionInternal(Type sectionType, Boolean safeMode, String sectionName)
   at Telerik.Sitefinity.Configuration.Config.GetSectionPrivate(Type sectionType, Boolean safeMode, String sectionName)
   at Telerik.Sitefinity.Configuration.Config.GetSectionPrivate[TSection](Boolean safeMode)
   at Telerik.Sitefinity.Localization.ResourceManager.get_ProvidersSettings()
   at Telerik.Sitefinity.Data.ManagerBase`1.GetProvidersSettings()
   at Telerik.Sitefinity.Data.ManagerBase`1.Initialize()

Additional Info:

MachineName : DEN-100001176
TimeStamp : 10/13/2015 10:02:06 PM
FullName : Telerik.Sitefinity.Utilities, Version=8.0.5700.0, Culture=neutral, PublicKeyToken=b28c218413bdf563
AppDomainName : /LM/W3SVC/2/ROOT-3-130892467757518795
ThreadIdentity : SWIFTPAGE\Jeremy.Kron
WindowsIdentity : SWIFTPAGE\Jeremy.Kron


Category: ErrorLog

Priority: 0

EventId: 90030

Severity: Error

Title:Enterprise Library Exception Handling

Machine: DEN-100001176

App Domain: /LM/W3SVC/2/ROOT-3-130892467757518795

ProcessId: 9772

Process Name: C:\Program Files (x86)\Microsoft Visual Studio 12.0\Common7\IDE\Microsoft.VisualStudio.Web.Host.exe

Thread Name: 

Win32 ThreadId:7136

Extended Properties: 
----------------------------------------
----------------------------------------
Timestamp: 10/13/2015 10:02:15 PM

Message: HandlingInstanceID: c8882698-e5dc-4da2-bb18-18d047f2aee1
An exception of type 'System.NullReferenceException' occurred and was caught.
-----------------------------------------------------------------------------
10/13/2015 16:02:15
Type : System.NullReferenceException, mscorlib, Version=4.0.0.0, Culture=neutral, PublicKeyToken=b77a5c561934e089
Message : Object reference not set to an instance of an object.
Source : Telerik.Sitefinity
Help link : 
Data : System.Collections.ListDictionaryInternal
TargetSite : Void VerifySectionRegistered(System.Type, System.String)
HResult : -2147467261
Stack Trace :    at Telerik.Sitefinity.Configuration.Config.VerifySectionRegistered(Type sectionType, String sectionName)
   at Telerik.Sitefinity.Configuration.Config.GetSectionInternal(Type sectionType, Boolean safeMode, String sectionName)
   at Telerik.Sitefinity.Configuration.Config.GetSectionPrivate(Type sectionType, Boolean safeMode, String sectionName)
   at Telerik.Sitefinity.Configuration.Config.GetSectionPrivate[TSection](Boolean safeMode)
   at Telerik.Sitefinity.Localization.ResourceManager.get_ProvidersSettings()
   at Telerik.Sitefinity.Data.ManagerBase`1.GetProvidersSettings()
   at Telerik.Sitefinity.Data.ManagerBase`1.Initialize()

Additional Info:

MachineName : DEN-100001176
TimeStamp : 10/13/2015 10:02:15 PM
FullName : Telerik.Sitefinity.Utilities, Version=8.0.5700.0, Culture=neutral, PublicKeyToken=b28c218413bdf563
AppDomainName : /LM/W3SVC/2/ROOT-4-130892473276215532
ThreadIdentity : SWIFTPAGE\Jeremy.Kron
WindowsIdentity : SWIFTPAGE\Jeremy.Kron


Category: ErrorLog

Priority: 0

EventId: 90030

Severity: Error

Title:Enterprise Library Exception Handling

Machine: DEN-100001176

App Domain: /LM/W3SVC/2/ROOT-4-130892473276215532

ProcessId: 9772

Process Name: C:\Program Files (x86)\Microsoft Visual Studio 12.0\Common7\IDE\Microsoft.VisualStudio.Web.Host.exe

Thread Name: 

Win32 ThreadId:7136

Extended Properties: 
----------------------------------------
----------------------------------------
Timestamp: 10/13/2015 10:13:31 PM

Message: HandlingInstanceID: 9cba5c8f-627d-4ec2-a28d-8a2e66b5b58d
An exception of type 'System.NullReferenceException' occurred and was caught.
-----------------------------------------------------------------------------
10/13/2015 16:13:31
Type : System.NullReferenceException, mscorlib, Version=4.0.0.0, Culture=neutral, PublicKeyToken=b77a5c561934e089
Message : Object reference not set to an instance of an object.
Source : Telerik.Sitefinity
Help link : 
Data : System.Collections.ListDictionaryInternal
TargetSite : Void VerifySectionRegistered(System.Type, System.String)
HResult : -2147467261
Stack Trace :    at Telerik.Sitefinity.Configuration.Config.VerifySectionRegistered(Type sectionType, String sectionName)
   at Telerik.Sitefinity.Configuration.Config.GetSectionInternal(Type sectionType, Boolean safeMode, String sectionName)
   at Telerik.Sitefinity.Configuration.Config.GetSectionPrivate(Type sectionType, Boolean safeMode, String sectionName)
   at Telerik.Sitefinity.Configuration.Config.GetSectionPrivate[TSection](Boolean safeMode)
   at Telerik.Sitefinity.Localization.ResourceManager.get_ProvidersSettings()
   at Telerik.Sitefinity.Data.ManagerBase`1.GetProvidersSettings()
   at Telerik.Sitefinity.Data.ManagerBase`1.Initialize()

Additional Info:

MachineName : DEN-100001176
TimeStamp : 10/13/2015 10:13:31 PM
FullName : Telerik.Sitefinity.Utilities, Version=8.0.5700.0, Culture=neutral, PublicKeyToken=b28c218413bdf563
AppDomainName : /LM/W3SVC/2/ROOT-5-130892480037486810
ThreadIdentity : SWIFTPAGE\Jeremy.Kron
WindowsIdentity : SWIFTPAGE\Jeremy.Kron


Category: ErrorLog

Priority: 0

EventId: 90030

Severity: Error

Title:Enterprise Library Exception Handling

Machine: DEN-100001176

App Domain: /LM/W3SVC/2/ROOT-5-130892480037486810

ProcessId: 9772

Process Name: C:\Program Files (x86)\Microsoft Visual Studio 12.0\Common7\IDE\Microsoft.VisualStudio.Web.Host.exe

Thread Name: 

Win32 ThreadId:7608

Extended Properties: 
----------------------------------------
