----------------------------------------
Timestamp: 9/30/2015 6:38:56 PM

Message: HandlingInstanceID: 4983ba4b-09b6-4443-a542-fe3aef77532b
An exception of type 'System.NullReferenceException' occurred and was caught.
-----------------------------------------------------------------------------
09/30/2015 12:38:56
Type : System.NullReferenceException, mscorlib, Version=4.0.0.0, Culture=neutral, PublicKeyToken=b77a5c561934e089
Message : Object reference not set to an instance of an object.
Source : Telerik.Sitefinity
Help link : 
Data : System.Collections.ListDictionaryInternal
TargetSite : Void VerifySectionRegistered(System.Type, System.String)
HResult : -2147467261
Stack Trace :    at Telerik.Sitefinity.Configuration.Config.VerifySectionRegistered(Type sectionType, String sectionName)
   at Telerik.Sitefinity.Configuration.Config.GetSectionInternal(Type sectionType, Boolean safeMode, String sectionName)
   at Telerik.Sitefinity.Configuration.Config.GetSectionPrivate(Type sectionType, Boolean safeMode, String sectionName)
   at Telerik.Sitefinity.Configuration.Config.GetSectionPrivate[TSection](Boolean safeMode)
   at Telerik.Sitefinity.Localization.ResourceManager.get_ProvidersSettings()
   at Telerik.Sitefinity.Data.ManagerBase`1.GetProvidersSettings()
   at Telerik.Sitefinity.Data.ManagerBase`1.Initialize()

Additional Info:

MachineName : DEN-100001176
TimeStamp : 9/30/2015 6:38:56 PM
FullName : Telerik.Sitefinity.Utilities, Version=8.0.5700.0, Culture=neutral, PublicKeyToken=b28c218413bdf563
AppDomainName : /LM/W3SVC/2/ROOT-1-130881119137641970
ThreadIdentity : SWIFTPAGE\Jeremy.Kron
WindowsIdentity : SWIFTPAGE\Jeremy.Kron


Category: ErrorLog

Priority: 0

EventId: 90030

Severity: Error

Title:Enterprise Library Exception Handling

Machine: DEN-100001176

App Domain: /LM/W3SVC/2/ROOT-1-130881119137641970

ProcessId: 128432

Process Name: C:\Program Files (x86)\Microsoft Visual Studio 12.0\Common7\IDE\Microsoft.VisualStudio.Web.Host.exe

Thread Name: 

Win32 ThreadId:128604

Extended Properties: 
----------------------------------------
----------------------------------------
Timestamp: 9/30/2015 6:38:59 PM

Message: HandlingInstanceID: 4dfbf686-77aa-4b72-af4f-8342b00abb2b
An exception of type 'System.NullReferenceException' occurred and was caught.
-----------------------------------------------------------------------------
09/30/2015 12:38:59
Type : System.NullReferenceException, mscorlib, Version=4.0.0.0, Culture=neutral, PublicKeyToken=b77a5c561934e089
Message : Object reference not set to an instance of an object.
Source : Telerik.Sitefinity
Help link : 
Data : System.Collections.ListDictionaryInternal
TargetSite : Void VerifySectionRegistered(System.Type, System.String)
HResult : -2147467261
Stack Trace :    at Telerik.Sitefinity.Configuration.Config.VerifySectionRegistered(Type sectionType, String sectionName)
   at Telerik.Sitefinity.Configuration.Config.GetSectionInternal(Type sectionType, Boolean safeMode, String sectionName)
   at Telerik.Sitefinity.Configuration.Config.GetSectionPrivate(Type sectionType, Boolean safeMode, String sectionName)
   at Telerik.Sitefinity.Configuration.Config.GetSectionPrivate[TSection](Boolean safeMode)
   at Telerik.Sitefinity.Localization.ResourceManager.get_ProvidersSettings()
   at Telerik.Sitefinity.Data.ManagerBase`1.GetProvidersSettings()
   at Telerik.Sitefinity.Data.ManagerBase`1.Initialize()

Additional Info:

MachineName : DEN-100001176
TimeStamp : 9/30/2015 6:38:59 PM
FullName : Telerik.Sitefinity.Utilities, Version=8.0.5700.0, Culture=neutral, PublicKeyToken=b28c218413bdf563
AppDomainName : /LM/W3SVC/2/ROOT-2-130881119371485352
ThreadIdentity : SWIFTPAGE\Jeremy.Kron
WindowsIdentity : SWIFTPAGE\Jeremy.Kron


Category: ErrorLog

Priority: 0

EventId: 90030

Severity: Error

Title:Enterprise Library Exception Handling

Machine: DEN-100001176

App Domain: /LM/W3SVC/2/ROOT-2-130881119371485352

ProcessId: 128432

Process Name: C:\Program Files (x86)\Microsoft Visual Studio 12.0\Common7\IDE\Microsoft.VisualStudio.Web.Host.exe

Thread Name: 

Win32 ThreadId:128604

Extended Properties: 
----------------------------------------
----------------------------------------
Timestamp: 9/30/2015 8:27:52 PM

Message: HandlingInstanceID: 91ed13f6-d7f4-4217-b36a-9fc337e9bbd6
An exception of type 'System.NullReferenceException' occurred and was caught.
-----------------------------------------------------------------------------
09/30/2015 14:27:52
Type : System.NullReferenceException, mscorlib, Version=4.0.0.0, Culture=neutral, PublicKeyToken=b77a5c561934e089
Message : Object reference not set to an instance of an object.
Source : Telerik.Sitefinity
Help link : 
Data : System.Collections.ListDictionaryInternal
TargetSite : Void VerifySectionRegistered(System.Type, System.String)
HResult : -2147467261
Stack Trace :    at Telerik.Sitefinity.Configuration.Config.VerifySectionRegistered(Type sectionType, String sectionName)
   at Telerik.Sitefinity.Configuration.Config.GetSectionInternal(Type sectionType, Boolean safeMode, String sectionName)
   at Telerik.Sitefinity.Configuration.Config.GetSectionPrivate(Type sectionType, Boolean safeMode, String sectionName)
   at Telerik.Sitefinity.Configuration.Config.GetSectionPrivate[TSection](Boolean safeMode)
   at Telerik.Sitefinity.Localization.ResourceManager.get_ProvidersSettings()
   at Telerik.Sitefinity.Data.ManagerBase`1.GetProvidersSettings()
   at Telerik.Sitefinity.Data.ManagerBase`1.Initialize()

Additional Info:

MachineName : DEN-100001176
TimeStamp : 9/30/2015 8:27:52 PM
FullName : Telerik.Sitefinity.Utilities, Version=8.0.5700.0, Culture=neutral, PublicKeyToken=b28c218413bdf563
AppDomainName : /LM/W3SVC/2/ROOT-3-130881184582365788
ThreadIdentity : SWIFTPAGE\Jeremy.Kron
WindowsIdentity : SWIFTPAGE\Jeremy.Kron


Category: ErrorLog

Priority: 0

EventId: 90030

Severity: Error

Title:Enterprise Library Exception Handling

Machine: DEN-100001176

App Domain: /LM/W3SVC/2/ROOT-3-130881184582365788

ProcessId: 128432

Process Name: C:\Program Files (x86)\Microsoft Visual Studio 12.0\Common7\IDE\Microsoft.VisualStudio.Web.Host.exe

Thread Name: 

Win32 ThreadId:121936

Extended Properties: 
----------------------------------------
----------------------------------------
Timestamp: 9/30/2015 8:28:41 PM

Message: HandlingInstanceID: 3c34a94f-0980-4136-829a-570a3bc17523
An exception of type 'System.NullReferenceException' occurred and was caught.
-----------------------------------------------------------------------------
09/30/2015 14:28:41
Type : System.NullReferenceException, mscorlib, Version=4.0.0.0, Culture=neutral, PublicKeyToken=b77a5c561934e089
Message : Object reference not set to an instance of an object.
Source : Telerik.Sitefinity
Help link : 
Data : System.Collections.ListDictionaryInternal
TargetSite : Void VerifySectionRegistered(System.Type, System.String)
HResult : -2147467261
Stack Trace :    at Telerik.Sitefinity.Configuration.Config.VerifySectionRegistered(Type sectionType, String sectionName)
   at Telerik.Sitefinity.Configuration.Config.GetSectionInternal(Type sectionType, Boolean safeMode, String sectionName)
   at Telerik.Sitefinity.Configuration.Config.GetSectionPrivate(Type sectionType, Boolean safeMode, String sectionName)
   at Telerik.Sitefinity.Configuration.Config.GetSectionPrivate[TSection](Boolean safeMode)
   at Telerik.Sitefinity.Localization.ResourceManager.get_ProvidersSettings()
   at Telerik.Sitefinity.Data.ManagerBase`1.GetProvidersSettings()
   at Telerik.Sitefinity.Data.ManagerBase`1.Initialize()

Additional Info:

MachineName : DEN-100001176
TimeStamp : 9/30/2015 8:28:41 PM
FullName : Telerik.Sitefinity.Utilities, Version=8.0.5700.0, Culture=neutral, PublicKeyToken=b28c218413bdf563
AppDomainName : /LM/W3SVC/2/ROOT-4-130881185160453591
ThreadIdentity : SWIFTPAGE\Jeremy.Kron
WindowsIdentity : SWIFTPAGE\Jeremy.Kron


Category: ErrorLog

Priority: 0

EventId: 90030

Severity: Error

Title:Enterprise Library Exception Handling

Machine: DEN-100001176

App Domain: /LM/W3SVC/2/ROOT-4-130881185160453591

ProcessId: 128432

Process Name: C:\Program Files (x86)\Microsoft Visual Studio 12.0\Common7\IDE\Microsoft.VisualStudio.Web.Host.exe

Thread Name: 

Win32 ThreadId:95024

Extended Properties: 
----------------------------------------
----------------------------------------
Timestamp: 9/30/2015 8:29:47 PM

Message: HandlingInstanceID: 846c24c3-02ff-4182-89e8-43dd0bd95bd0
An exception of type 'System.NullReferenceException' occurred and was caught.
-----------------------------------------------------------------------------
09/30/2015 14:29:47
Type : System.NullReferenceException, mscorlib, Version=4.0.0.0, Culture=neutral, PublicKeyToken=b77a5c561934e089
Message : Object reference not set to an instance of an object.
Source : Telerik.Sitefinity
Help link : 
Data : System.Collections.ListDictionaryInternal
TargetSite : Void VerifySectionRegistered(System.Type, System.String)
HResult : -2147467261
Stack Trace :    at Telerik.Sitefinity.Configuration.Config.VerifySectionRegistered(Type sectionType, String sectionName)
   at Telerik.Sitefinity.Configuration.Config.GetSectionInternal(Type sectionType, Boolean safeMode, String sectionName)
   at Telerik.Sitefinity.Configuration.Config.GetSectionPrivate(Type sectionType, Boolean safeMode, String sectionName)
   at Telerik.Sitefinity.Configuration.Config.GetSectionPrivate[TSection](Boolean safeMode)
   at Telerik.Sitefinity.Localization.ResourceManager.get_ProvidersSettings()
   at Telerik.Sitefinity.Data.ManagerBase`1.GetProvidersSettings()
   at Telerik.Sitefinity.Data.ManagerBase`1.Initialize()

Additional Info:

MachineName : DEN-100001176
TimeStamp : 9/30/2015 8:29:47 PM
FullName : Telerik.Sitefinity.Utilities, Version=8.0.5700.0, Culture=neutral, PublicKeyToken=b28c218413bdf563
AppDomainName : /LM/W3SVC/2/ROOT-5-130881185821259665
ThreadIdentity : SWIFTPAGE\Jeremy.Kron
WindowsIdentity : SWIFTPAGE\Jeremy.Kron


Category: ErrorLog

Priority: 0

EventId: 90030

Severity: Error

Title:Enterprise Library Exception Handling

Machine: DEN-100001176

App Domain: /LM/W3SVC/2/ROOT-5-130881185821259665

ProcessId: 128432

Process Name: C:\Program Files (x86)\Microsoft Visual Studio 12.0\Common7\IDE\Microsoft.VisualStudio.Web.Host.exe

Thread Name: 

Win32 ThreadId:95024

Extended Properties: 
----------------------------------------
----------------------------------------
Timestamp: 9/30/2015 8:46:45 PM

Message: HandlingInstanceID: cbb6180a-e1d4-4920-8986-c0e881808039
An exception of type 'System.NullReferenceException' occurred and was caught.
-----------------------------------------------------------------------------
09/30/2015 14:46:45
Type : System.NullReferenceException, mscorlib, Version=4.0.0.0, Culture=neutral, PublicKeyToken=b77a5c561934e089
Message : Object reference not set to an instance of an object.
Source : Telerik.Sitefinity
Help link : 
Data : System.Collections.ListDictionaryInternal
TargetSite : Void VerifySectionRegistered(System.Type, System.String)
HResult : -2147467261
Stack Trace :    at Telerik.Sitefinity.Configuration.Config.VerifySectionRegistered(Type sectionType, String sectionName)
   at Telerik.Sitefinity.Configuration.Config.GetSectionInternal(Type sectionType, Boolean safeMode, String sectionName)
   at Telerik.Sitefinity.Configuration.Config.GetSectionPrivate(Type sectionType, Boolean safeMode, String sectionName)
   at Telerik.Sitefinity.Configuration.Config.GetSectionPrivate[TSection](Boolean safeMode)
   at Telerik.Sitefinity.Localization.ResourceManager.get_ProvidersSettings()
   at Telerik.Sitefinity.Data.ManagerBase`1.GetProvidersSettings()
   at Telerik.Sitefinity.Data.ManagerBase`1.Initialize()

Additional Info:

MachineName : DEN-100001176
TimeStamp : 9/30/2015 8:46:45 PM
FullName : Telerik.Sitefinity.Utilities, Version=8.0.5700.0, Culture=neutral, PublicKeyToken=b28c218413bdf563
AppDomainName : /LM/W3SVC/2/ROOT-6-130881195991356573
ThreadIdentity : SWIFTPAGE\Jeremy.Kron
WindowsIdentity : SWIFTPAGE\Jeremy.Kron


Category: ErrorLog

Priority: 0

EventId: 90030

Severity: Error

Title:Enterprise Library Exception Handling

Machine: DEN-100001176

App Domain: /LM/W3SVC/2/ROOT-6-130881195991356573

ProcessId: 128432

Process Name: C:\Program Files (x86)\Microsoft Visual Studio 12.0\Common7\IDE\Microsoft.VisualStudio.Web.Host.exe

Thread Name: 

Win32 ThreadId:116024

Extended Properties: 
----------------------------------------
----------------------------------------
Timestamp: 9/30/2015 8:46:51 PM

Message: HandlingInstanceID: 139e2aea-6e23-4367-8c4f-858d2bffd901
An exception of type 'System.NullReferenceException' occurred and was caught.
-----------------------------------------------------------------------------
09/30/2015 14:46:51
Type : System.NullReferenceException, mscorlib, Version=4.0.0.0, Culture=neutral, PublicKeyToken=b77a5c561934e089
Message : Object reference not set to an instance of an object.
Source : Telerik.Sitefinity
Help link : 
Data : System.Collections.ListDictionaryInternal
TargetSite : Void VerifySectionRegistered(System.Type, System.String)
HResult : -2147467261
Stack Trace :    at Telerik.Sitefinity.Configuration.Config.VerifySectionRegistered(Type sectionType, String sectionName)
   at Telerik.Sitefinity.Configuration.Config.GetSectionInternal(Type sectionType, Boolean safeMode, String sectionName)
   at Telerik.Sitefinity.Configuration.Config.GetSectionPrivate(Type sectionType, Boolean safeMode, String sectionName)
   at Telerik.Sitefinity.Configuration.Config.GetSectionPrivate[TSection](Boolean safeMode)
   at Telerik.Sitefinity.Localization.ResourceManager.get_ProvidersSettings()
   at Telerik.Sitefinity.Data.ManagerBase`1.GetProvidersSettings()
   at Telerik.Sitefinity.Data.ManagerBase`1.Initialize()

Additional Info:

MachineName : DEN-100001176
TimeStamp : 9/30/2015 8:46:51 PM
FullName : Telerik.Sitefinity.Utilities, Version=8.0.5700.0, Culture=neutral, PublicKeyToken=b28c218413bdf563
AppDomainName : /LM/W3SVC/2/ROOT-7-130881196056143051
ThreadIdentity : SWIFTPAGE\Jeremy.Kron
WindowsIdentity : SWIFTPAGE\Jeremy.Kron


Category: ErrorLog

Priority: 0

EventId: 90030

Severity: Error

Title:Enterprise Library Exception Handling

Machine: DEN-100001176

App Domain: /LM/W3SVC/2/ROOT-7-130881196056143051

ProcessId: 128432

Process Name: C:\Program Files (x86)\Microsoft Visual Studio 12.0\Common7\IDE\Microsoft.VisualStudio.Web.Host.exe

Thread Name: 

Win32 ThreadId:116024

Extended Properties: 
----------------------------------------
----------------------------------------
Timestamp: 9/30/2015 8:46:54 PM

Message: HandlingInstanceID: 4d242662-2c2d-442a-bbe7-0bf9577a960c
An exception of type 'System.NullReferenceException' occurred and was caught.
-----------------------------------------------------------------------------
09/30/2015 14:46:54
Type : System.NullReferenceException, mscorlib, Version=4.0.0.0, Culture=neutral, PublicKeyToken=b77a5c561934e089
Message : Object reference not set to an instance of an object.
Source : Telerik.Sitefinity
Help link : 
Data : System.Collections.ListDictionaryInternal
TargetSite : Void VerifySectionRegistered(System.Type, System.String)
HResult : -2147467261
Stack Trace :    at Telerik.Sitefinity.Configuration.Config.VerifySectionRegistered(Type sectionType, String sectionName)
   at Telerik.Sitefinity.Configuration.Config.GetSectionInternal(Type sectionType, Boolean safeMode, String sectionName)
   at Telerik.Sitefinity.Configuration.Config.GetSectionPrivate(Type sectionType, Boolean safeMode, String sectionName)
   at Telerik.Sitefinity.Configuration.Config.GetSectionPrivate[TSection](Boolean safeMode)
   at Telerik.Sitefinity.Localization.ResourceManager.get_ProvidersSettings()
   at Telerik.Sitefinity.Data.ManagerBase`1.GetProvidersSettings()
   at Telerik.Sitefinity.Data.ManagerBase`1.Initialize()

Additional Info:

MachineName : DEN-100001176
TimeStamp : 9/30/2015 8:46:54 PM
FullName : Telerik.Sitefinity.Utilities, Version=8.0.5700.0, Culture=neutral, PublicKeyToken=b28c218413bdf563
AppDomainName : /LM/W3SVC/2/ROOT-8-130881196118309267
ThreadIdentity : SWIFTPAGE\Jeremy.Kron
WindowsIdentity : SWIFTPAGE\Jeremy.Kron


Category: ErrorLog

Priority: 0

EventId: 90030

Severity: Error

Title:Enterprise Library Exception Handling

Machine: DEN-100001176

App Domain: /LM/W3SVC/2/ROOT-8-130881196118309267

ProcessId: 128432

Process Name: C:\Program Files (x86)\Microsoft Visual Studio 12.0\Common7\IDE\Microsoft.VisualStudio.Web.Host.exe

Thread Name: 

Win32 ThreadId:116024

Extended Properties: 
----------------------------------------
----------------------------------------
Timestamp: 9/30/2015 8:51:41 PM

Message: HandlingInstanceID: 0f610a9c-fe3f-47df-b95a-37459b1f9613
An exception of type 'System.Security.Cryptography.CryptographicException' occurred and was caught.
---------------------------------------------------------------------------------------------------
09/30/2015 14:51:41
Type : System.Security.Cryptography.CryptographicException, mscorlib, Version=4.0.0.0, Culture=neutral, PublicKeyToken=b77a5c561934e089
Message : Bad Data.

Source : mscorlib
Help link : 
Data : System.Collections.ListDictionaryInternal
TargetSite : Void ThrowCryptographicException(Int32)
HResult : -2146893819
Stack Trace :    at System.Security.Cryptography.CryptographicException.ThrowCryptographicException(Int32 hr)
   at System.Security.Cryptography.Utils._DecryptData(SafeKeyHandle hKey, Byte[] data, Int32 ib, Int32 cb, Byte[]& outputBuffer, Int32 outputOffset, PaddingMode PaddingMode, Boolean fDone)
   at System.Security.Cryptography.CryptoAPITransform.TransformFinalBlock(Byte[] inputBuffer, Int32 inputOffset, Int32 inputCount)
   at System.Security.Cryptography.CryptoStream.FlushFinalBlock()
   at System.Security.Cryptography.CryptoStream.Dispose(Boolean disposing)
   at System.IO.Stream.Close()
   at System.IO.Stream.Dispose()
   at Telerik.Sitefinity.Security.SecurityManager.DecryptData(Byte[] data)
   at Telerik.Sitefinity.Security.Claims.SitefinityCookieTransform.Decode(Byte[] encoded)
   at Microsoft.IdentityModel.Tokens.SessionSecurityTokenHandler.ApplyTransforms(Byte[] cookie, Boolean outbound)
   at Microsoft.IdentityModel.Tokens.SessionSecurityTokenHandler.ReadToken(XmlReader reader, SecurityTokenResolver tokenResolver)
   at Telerik.Sitefinity.Security.Claims.SitefinitySessionTokenHandler.ReadToken(XmlReader reader, SecurityTokenResolver tokenResolver)
   at Microsoft.IdentityModel.Tokens.SessionSecurityTokenHandler.ReadToken(Byte[] token, SecurityTokenResolver tokenResolver)
   at Telerik.Sitefinity.Security.Claims.SitefinitySessionAuthenticationModule.ReadToken(Byte[] sessionCookie)

Additional Info:

MachineName : DEN-100001176
TimeStamp : 9/30/2015 8:51:41 PM
FullName : Telerik.Sitefinity.Utilities, Version=8.0.5700.0, Culture=neutral, PublicKeyToken=b28c218413bdf563
AppDomainName : /LM/W3SVC/2/ROOT-2-130881198861753584
ThreadIdentity : 
WindowsIdentity : SWIFTPAGE\Jeremy.Kron
Requested URL : http://localhost:60876/products/product-details/Action/Edit


Category: ErrorLog

Priority: 0

EventId: 9010

Severity: Warning

Title:Enterprise Library Exception Handling

Machine: DEN-100001176

App Domain: /LM/W3SVC/2/ROOT-2-130881198861753584

ProcessId: 126812

Process Name: C:\Program Files (x86)\IIS Express\iisexpress.exe

Thread Name: 

Win32 ThreadId:123856

Extended Properties: 
----------------------------------------
----------------------------------------
Timestamp: 9/30/2015 8:51:44 PM

Message: HandlingInstanceID: 25a0cd33-d41b-4ea9-8932-389d352e4b25
An exception of type 'System.Web.HttpException' occurred and was caught.
------------------------------------------------------------------------
09/30/2015 14:51:44
Type : System.Web.HttpException, System.Web, Version=4.0.0.0, Culture=neutral, PublicKeyToken=b03f5f7f11d50a3a
Message : Cannot find ContentPlaceHolder 'FeatureContent1' in the master page '/App_Data/Sitefinity/WebsiteTemplates/Base/App_Master/ProductDetail.Master', verify content control's ContentPlaceHolderID attribute in the content page.
Source : System.Web
Help link : 
WebEventCode : 0
ErrorCode : -2147467259
Data : System.Collections.ListDictionaryInternal
TargetSite : System.Web.UI.MasterPage CreateMaster(System.Web.UI.TemplateControl, System.Web.HttpContext, System.Web.VirtualPath, System.Collections.IDictionary)
HResult : -2147467259
Stack Trace :    at System.Web.UI.MasterPage.CreateMaster(TemplateControl owner, HttpContext context, VirtualPath masterPageFile, IDictionary contentTemplateCollection)
   at System.Web.UI.Page.get_Master()
   at System.Web.UI.Page.ApplyMasterPage()
   at System.Web.UI.Page.PerformPreInit()
   at System.Web.UI.Page.ProcessRequestMain(Boolean includeStagesBeforeAsyncPoint, Boolean includeStagesAfterAsyncPoint)

Additional Info:

MachineName : DEN-100001176
TimeStamp : 9/30/2015 8:51:44 PM
FullName : Telerik.Sitefinity.Utilities, Version=8.0.5700.0, Culture=neutral, PublicKeyToken=b28c218413bdf563
AppDomainName : /LM/W3SVC/2/ROOT-2-130881198861753584
ThreadIdentity : admin
WindowsIdentity : SWIFTPAGE\Jeremy.Kron
Requested URL : http://localhost:60876/products/product-details


Category: ErrorLog

Priority: 0

EventId: 90000

Severity: Error

Title:Enterprise Library Exception Handling

Machine: DEN-100001176

App Domain: /LM/W3SVC/2/ROOT-2-130881198861753584

ProcessId: 126812

Process Name: C:\Program Files (x86)\IIS Express\iisexpress.exe

Thread Name: 

Win32 ThreadId:128496

Extended Properties: 
----------------------------------------
----------------------------------------
Timestamp: 9/30/2015 8:57:08 PM

Message: HandlingInstanceID: 0b45e2fb-09f5-4bd4-a187-2da480b5fa5f
An exception of type 'System.ArgumentException' occurred and was caught.
------------------------------------------------------------------------
09/30/2015 14:57:08
Type : System.ArgumentException, mscorlib, Version=4.0.0.0, Culture=neutral, PublicKeyToken=b77a5c561934e089
Message : Cannot find template "~/WebsiteTemplates/Base/Layouts/TwoCol_25x75.ascx".
Source : Telerik.Sitefinity
Help link : 
ParamName : 
Data : System.Collections.ListDictionaryInternal
TargetSite : System.Web.UI.ITemplate GetTemplate(System.String, System.String, System.Type, System.String, Boolean)
HResult : -2147024809
Stack Trace :    at Telerik.Sitefinity.Web.UI.ControlUtilities.GetTemplate(String virtualPath, String resourceFileName, Type assemblyInfo, String templateDeclaration, Boolean addChildrenAsDirectDescendants)
   at Telerik.Sitefinity.Web.UI.LayoutControl.GetTemplate()
   at Telerik.Sitefinity.Web.UI.LayoutControl.Initialize()
   at Telerik.Sitefinity.Web.UI.LayoutControl.CreateChildControls()

Additional Info:

MachineName : DEN-100001176
TimeStamp : 9/30/2015 8:57:08 PM
FullName : Telerik.Sitefinity.Utilities, Version=8.0.5700.0, Culture=neutral, PublicKeyToken=b28c218413bdf563
AppDomainName : /LM/W3SVC/2/ROOT-2-130881198861753584
ThreadIdentity : admin
WindowsIdentity : SWIFTPAGE\Jeremy.Kron
Requested URL : http://localhost:60876/Sitefinity/Services/Pages/ZoneEditorService.svc/Layout/


Category: ErrorLog

Priority: 0

EventId: 9010

Severity: Warning

Title:Enterprise Library Exception Handling

Machine: DEN-100001176

App Domain: /LM/W3SVC/2/ROOT-2-130881198861753584

ProcessId: 126812

Process Name: C:\Program Files (x86)\IIS Express\iisexpress.exe

Thread Name: 

Win32 ThreadId:124092

Extended Properties: 
----------------------------------------
----------------------------------------
Timestamp: 9/30/2015 8:57:08 PM

Message: HandlingInstanceID: 29863027-e865-4686-81d6-2ed4c97d3c4d
An exception of type 'System.ArgumentException' occurred and was caught.
------------------------------------------------------------------------
09/30/2015 14:57:08
Type : System.ArgumentException, mscorlib, Version=4.0.0.0, Culture=neutral, PublicKeyToken=b77a5c561934e089
Message : Cannot find template "~/WebsiteTemplates/Base/Layouts/TwoCol_25x75.ascx".
Source : Telerik.Sitefinity
Help link : 
ParamName : 
Data : System.Collections.ListDictionaryInternal
TargetSite : System.Web.UI.ITemplate GetTemplate(System.String, System.String, System.Type, System.String, Boolean)
HResult : -2147024809
Stack Trace :    at Telerik.Sitefinity.Web.UI.ControlUtilities.GetTemplate(String virtualPath, String resourceFileName, Type assemblyInfo, String templateDeclaration, Boolean addChildrenAsDirectDescendants)
   at Telerik.Sitefinity.Web.UI.LayoutControl.GetTemplate()
   at Telerik.Sitefinity.Web.UI.LayoutControl.Initialize()
   at Telerik.Sitefinity.Web.UI.LayoutControl.CreateChildControls()

Additional Info:

MachineName : DEN-100001176
TimeStamp : 9/30/2015 8:57:08 PM
FullName : Telerik.Sitefinity.Utilities, Version=8.0.5700.0, Culture=neutral, PublicKeyToken=b28c218413bdf563
AppDomainName : /LM/W3SVC/2/ROOT-2-130881198861753584
ThreadIdentity : admin
WindowsIdentity : SWIFTPAGE\Jeremy.Kron
Requested URL : http://localhost:60876/Sitefinity/Services/Pages/ZoneEditorService.svc/Layout/


Category: ErrorLog

Priority: 0

EventId: 9010

Severity: Warning

Title:Enterprise Library Exception Handling

Machine: DEN-100001176

App Domain: /LM/W3SVC/2/ROOT-2-130881198861753584

ProcessId: 126812

Process Name: C:\Program Files (x86)\IIS Express\iisexpress.exe

Thread Name: 

Win32 ThreadId:124092

Extended Properties: 
----------------------------------------
----------------------------------------
Timestamp: 9/30/2015 8:57:11 PM

Message: HandlingInstanceID: b078b727-1bc1-47a9-8033-523e1c18689c
An exception of type 'System.ArgumentException' occurred and was caught.
------------------------------------------------------------------------
09/30/2015 14:57:11
Type : System.ArgumentException, mscorlib, Version=4.0.0.0, Culture=neutral, PublicKeyToken=b77a5c561934e089
Message : Cannot find template "~/WebsiteTemplates/Base/Layouts/TwoCol_25x75.ascx".
Source : Telerik.Sitefinity
Help link : 
ParamName : 
Data : System.Collections.ListDictionaryInternal
TargetSite : System.Web.UI.ITemplate GetTemplate(System.String, System.String, System.Type, System.String, Boolean)
HResult : -2147024809
Stack Trace :    at Telerik.Sitefinity.Web.UI.ControlUtilities.GetTemplate(String virtualPath, String resourceFileName, Type assemblyInfo, String templateDeclaration, Boolean addChildrenAsDirectDescendants)
   at Telerik.Sitefinity.Web.UI.LayoutControl.GetTemplate()
   at Telerik.Sitefinity.Web.UI.LayoutControl.Initialize()
   at Telerik.Sitefinity.Web.UI.LayoutControl.CreateChildControls()

Additional Info:

MachineName : DEN-100001176
TimeStamp : 9/30/2015 8:57:11 PM
FullName : Telerik.Sitefinity.Utilities, Version=8.0.5700.0, Culture=neutral, PublicKeyToken=b28c218413bdf563
AppDomainName : /LM/W3SVC/2/ROOT-2-130881198861753584
ThreadIdentity : admin
WindowsIdentity : SWIFTPAGE\Jeremy.Kron
Requested URL : http://localhost:60876/Sitefinity/Services/Pages/ZoneEditorService.svc/Layout/


Category: ErrorLog

Priority: 0

EventId: 9010

Severity: Warning

Title:Enterprise Library Exception Handling

Machine: DEN-100001176

App Domain: /LM/W3SVC/2/ROOT-2-130881198861753584

ProcessId: 126812

Process Name: C:\Program Files (x86)\IIS Express\iisexpress.exe

Thread Name: 

Win32 ThreadId:124092

Extended Properties: 
----------------------------------------
----------------------------------------
Timestamp: 10/1/2015 3:17:39 PM

Message: HandlingInstanceID: 6a494d4a-bff6-4a42-835e-dc41265f89e7
An exception of type 'System.ArgumentOutOfRangeException' occurred and was caught.
----------------------------------------------------------------------------------
10/01/2015 09:17:39
Type : System.ArgumentOutOfRangeException, mscorlib, Version=4.0.0.0, Culture=neutral, PublicKeyToken=b77a5c561934e089
Message : Specified argument was out of the range of valid values.
Parameter name: name
Source : Telerik.Sitefinity.Utilities
Help link : 
ActualValue : 
ParamName : name
Data : System.Collections.ListDictionaryInternal
TargetSite : System.Type GetType(System.String, Boolean, Boolean)
HResult : -2146233086
Stack Trace :    at Telerik.Sitefinity.Utilities.TypeConverters.TypeResolutionService.GetType(String name, Boolean throwOnError, Boolean ignoreCase)
   at Telerik.Sitefinity.Modules.ControlManager`1.GetControlType(ObjectData controlData)
   at Telerik.Sitefinity.Modules.Pages.Web.Services.ZoneEditorService.CreateNewControl(ZoneEditorWebServiceArgs state, IControlManager manager, Boolean isLayoutControl)
   at Telerik.Sitefinity.Modules.Pages.Web.Services.ZoneEditorService.UpdateState(ZoneEditorWebServiceArgs state, Boolean isLayoutControl)
   at Telerik.Sitefinity.Modules.Pages.Web.Services.ZoneEditorService.UpdateLayoutState(ZoneEditorWebServiceArgs state)
   at SyncInvokeUpdateLayoutState(Object , Object[] , Object[] )
   at System.ServiceModel.Dispatcher.SyncMethodInvoker.Invoke(Object instance, Object[] inputs, Object[]& outputs)
   at System.ServiceModel.Dispatcher.DispatchOperationRuntime.InvokeBegin(MessageRpc& rpc)
   at System.ServiceModel.Dispatcher.ImmutableDispatchRuntime.ProcessMessage5(MessageRpc& rpc)
   at System.ServiceModel.Dispatcher.ImmutableDispatchRuntime.ProcessMessage41(MessageRpc& rpc)
   at System.ServiceModel.Dispatcher.ImmutableDispatchRuntime.ProcessMessage4(MessageRpc& rpc)
   at System.ServiceModel.Dispatcher.ImmutableDispatchRuntime.ProcessMessage31(MessageRpc& rpc)
   at System.ServiceModel.Dispatcher.ImmutableDispatchRuntime.ProcessMessage3(MessageRpc& rpc)
   at System.ServiceModel.Dispatcher.ImmutableDispatchRuntime.ProcessMessage2(MessageRpc& rpc)
   at System.ServiceModel.Dispatcher.ImmutableDispatchRuntime.ProcessMessage11(MessageRpc& rpc)
   at System.ServiceModel.Dispatcher.ImmutableDispatchRuntime.ProcessMessage1(MessageRpc& rpc)
   at System.ServiceModel.Dispatcher.MessageRpc.Process(Boolean isOperationContextSet)

Additional Info:

MachineName : DEN-100001176
TimeStamp : 10/1/2015 3:17:39 PM
FullName : Telerik.Sitefinity.Utilities, Version=8.0.5700.0, Culture=neutral, PublicKeyToken=b28c218413bdf563
AppDomainName : /LM/W3SVC/2/ROOT-2-130881198861753584
ThreadIdentity : 
WindowsIdentity : SWIFTPAGE\Jeremy.Kron
Requested URL : http://localhost:60876/Sitefinity/Services/Pages/ZoneEditorService.svc/Layout/


Category: ErrorLog

Priority: 0

EventId: 90000

Severity: Error

Title:Enterprise Library Exception Handling

Machine: DEN-100001176

App Domain: /LM/W3SVC/2/ROOT-2-130881198861753584

ProcessId: 126812

Process Name: C:\Program Files (x86)\IIS Express\iisexpress.exe

Thread Name: 

Win32 ThreadId:121076

Extended Properties: 
----------------------------------------
----------------------------------------
Timestamp: 10/1/2015 3:17:39 PM

Message: HandlingInstanceID: 8cf7d5e3-0f81-489b-80f2-a90d4924d1a4
An exception of type 'System.ArgumentOutOfRangeException' occurred and was caught.
----------------------------------------------------------------------------------
10/01/2015 09:17:39
Type : System.ArgumentOutOfRangeException, mscorlib, Version=4.0.0.0, Culture=neutral, PublicKeyToken=b77a5c561934e089
Message : Specified argument was out of the range of valid values.
Parameter name: name
Source : Telerik.Sitefinity.Utilities
Help link : 
ActualValue : 
ParamName : name
Data : System.Collections.ListDictionaryInternal
TargetSite : System.Type GetType(System.String, Boolean, Boolean)
HResult : -2146233086
Stack Trace :    at Telerik.Sitefinity.Utilities.TypeConverters.TypeResolutionService.GetType(String name, Boolean throwOnError, Boolean ignoreCase)
   at Telerik.Sitefinity.Modules.ControlManager`1.GetControlType(ObjectData controlData)
   at Telerik.Sitefinity.Modules.Pages.Web.Services.ZoneEditorService.CreateNewControl(ZoneEditorWebServiceArgs state, IControlManager manager, Boolean isLayoutControl)
   at Telerik.Sitefinity.Modules.Pages.Web.Services.ZoneEditorService.UpdateState(ZoneEditorWebServiceArgs state, Boolean isLayoutControl)
   at Telerik.Sitefinity.Modules.Pages.Web.Services.ZoneEditorService.UpdateLayoutState(ZoneEditorWebServiceArgs state)
   at SyncInvokeUpdateLayoutState(Object , Object[] , Object[] )
   at System.ServiceModel.Dispatcher.SyncMethodInvoker.Invoke(Object instance, Object[] inputs, Object[]& outputs)
   at System.ServiceModel.Dispatcher.DispatchOperationRuntime.InvokeBegin(MessageRpc& rpc)
   at System.ServiceModel.Dispatcher.ImmutableDispatchRuntime.ProcessMessage5(MessageRpc& rpc)
   at System.ServiceModel.Dispatcher.ImmutableDispatchRuntime.ProcessMessage41(MessageRpc& rpc)
   at System.ServiceModel.Dispatcher.ImmutableDispatchRuntime.ProcessMessage4(MessageRpc& rpc)
   at System.ServiceModel.Dispatcher.ImmutableDispatchRuntime.ProcessMessage31(MessageRpc& rpc)
   at System.ServiceModel.Dispatcher.ImmutableDispatchRuntime.ProcessMessage3(MessageRpc& rpc)
   at System.ServiceModel.Dispatcher.ImmutableDispatchRuntime.ProcessMessage2(MessageRpc& rpc)
   at System.ServiceModel.Dispatcher.ImmutableDispatchRuntime.ProcessMessage11(MessageRpc& rpc)
   at System.ServiceModel.Dispatcher.ImmutableDispatchRuntime.ProcessMessage1(MessageRpc& rpc)
   at System.ServiceModel.Dispatcher.MessageRpc.Process(Boolean isOperationContextSet)

Additional Info:

MachineName : DEN-100001176
TimeStamp : 10/1/2015 3:17:39 PM
FullName : Telerik.Sitefinity.Utilities, Version=8.0.5700.0, Culture=neutral, PublicKeyToken=b28c218413bdf563
AppDomainName : /LM/W3SVC/2/ROOT-2-130881198861753584
ThreadIdentity : 
WindowsIdentity : SWIFTPAGE\Jeremy.Kron
Requested URL : http://localhost:60876/Sitefinity/Services/Pages/ZoneEditorService.svc/Layout/


Category: ErrorLog

Priority: 0

EventId: 90000

Severity: Error

Title:Enterprise Library Exception Handling

Machine: DEN-100001176

App Domain: /LM/W3SVC/2/ROOT-2-130881198861753584

ProcessId: 126812

Process Name: C:\Program Files (x86)\IIS Express\iisexpress.exe

Thread Name: 

Win32 ThreadId:68092

Extended Properties: 
----------------------------------------
----------------------------------------
Timestamp: 10/1/2015 3:17:39 PM

Message: HandlingInstanceID: 4af97583-fcc4-43b2-a1a6-62a506c9aaba
An exception of type 'System.ArgumentOutOfRangeException' occurred and was caught.
----------------------------------------------------------------------------------
10/01/2015 09:17:39
Type : System.ArgumentOutOfRangeException, mscorlib, Version=4.0.0.0, Culture=neutral, PublicKeyToken=b77a5c561934e089
Message : Specified argument was out of the range of valid values.
Parameter name: name
Source : Telerik.Sitefinity.Utilities
Help link : 
ActualValue : 
ParamName : name
Data : System.Collections.ListDictionaryInternal
TargetSite : System.Type GetType(System.String, Boolean, Boolean)
HResult : -2146233086
Stack Trace :    at Telerik.Sitefinity.Utilities.TypeConverters.TypeResolutionService.GetType(String name, Boolean throwOnError, Boolean ignoreCase)
   at Telerik.Sitefinity.Modules.ControlManager`1.GetControlType(ObjectData controlData)
   at Telerik.Sitefinity.Modules.Pages.Web.Services.ZoneEditorService.CreateNewControl(ZoneEditorWebServiceArgs state, IControlManager manager, Boolean isLayoutControl)
   at Telerik.Sitefinity.Modules.Pages.Web.Services.ZoneEditorService.UpdateState(ZoneEditorWebServiceArgs state, Boolean isLayoutControl)
   at Telerik.Sitefinity.Modules.Pages.Web.Services.ZoneEditorService.UpdateLayoutState(ZoneEditorWebServiceArgs state)
   at SyncInvokeUpdateLayoutState(Object , Object[] , Object[] )
   at System.ServiceModel.Dispatcher.SyncMethodInvoker.Invoke(Object instance, Object[] inputs, Object[]& outputs)
   at System.ServiceModel.Dispatcher.DispatchOperationRuntime.InvokeBegin(MessageRpc& rpc)
   at System.ServiceModel.Dispatcher.ImmutableDispatchRuntime.ProcessMessage5(MessageRpc& rpc)
   at System.ServiceModel.Dispatcher.ImmutableDispatchRuntime.ProcessMessage41(MessageRpc& rpc)
   at System.ServiceModel.Dispatcher.ImmutableDispatchRuntime.ProcessMessage4(MessageRpc& rpc)
   at System.ServiceModel.Dispatcher.ImmutableDispatchRuntime.ProcessMessage31(MessageRpc& rpc)
   at System.ServiceModel.Dispatcher.ImmutableDispatchRuntime.ProcessMessage3(MessageRpc& rpc)
   at System.ServiceModel.Dispatcher.ImmutableDispatchRuntime.ProcessMessage2(MessageRpc& rpc)
   at System.ServiceModel.Dispatcher.ImmutableDispatchRuntime.ProcessMessage11(MessageRpc& rpc)
   at System.ServiceModel.Dispatcher.ImmutableDispatchRuntime.ProcessMessage1(MessageRpc& rpc)
   at System.ServiceModel.Dispatcher.MessageRpc.Process(Boolean isOperationContextSet)

Additional Info:

MachineName : DEN-100001176
TimeStamp : 10/1/2015 3:17:39 PM
FullName : Telerik.Sitefinity.Utilities, Version=8.0.5700.0, Culture=neutral, PublicKeyToken=b28c218413bdf563
AppDomainName : /LM/W3SVC/2/ROOT-2-130881198861753584
ThreadIdentity : 
WindowsIdentity : SWIFTPAGE\Jeremy.Kron
Requested URL : http://localhost:60876/Sitefinity/Services/Pages/ZoneEditorService.svc/Layout/


Category: ErrorLog

Priority: 0

EventId: 90000

Severity: Error

Title:Enterprise Library Exception Handling

Machine: DEN-100001176

App Domain: /LM/W3SVC/2/ROOT-2-130881198861753584

ProcessId: 126812

Process Name: C:\Program Files (x86)\IIS Express\iisexpress.exe

Thread Name: 

Win32 ThreadId:68092

Extended Properties: 
----------------------------------------
----------------------------------------
Timestamp: 10/1/2015 3:17:40 PM

Message: HandlingInstanceID: e7f6e6ca-8e51-42b5-a7ab-5f1b12af227c
An exception of type 'System.ArgumentOutOfRangeException' occurred and was caught.
----------------------------------------------------------------------------------
10/01/2015 09:17:40
Type : System.ArgumentOutOfRangeException, mscorlib, Version=4.0.0.0, Culture=neutral, PublicKeyToken=b77a5c561934e089
Message : Specified argument was out of the range of valid values.
Parameter name: name
Source : Telerik.Sitefinity.Utilities
Help link : 
ActualValue : 
ParamName : name
Data : System.Collections.ListDictionaryInternal
TargetSite : System.Type GetType(System.String, Boolean, Boolean)
HResult : -2146233086
Stack Trace :    at Telerik.Sitefinity.Utilities.TypeConverters.TypeResolutionService.GetType(String name, Boolean throwOnError, Boolean ignoreCase)
   at Telerik.Sitefinity.Modules.ControlManager`1.GetControlType(ObjectData controlData)
   at Telerik.Sitefinity.Modules.Pages.Web.Services.ZoneEditorService.CreateNewControl(ZoneEditorWebServiceArgs state, IControlManager manager, Boolean isLayoutControl)
   at Telerik.Sitefinity.Modules.Pages.Web.Services.ZoneEditorService.UpdateState(ZoneEditorWebServiceArgs state, Boolean isLayoutControl)
   at Telerik.Sitefinity.Modules.Pages.Web.Services.ZoneEditorService.UpdateLayoutState(ZoneEditorWebServiceArgs state)
   at SyncInvokeUpdateLayoutState(Object , Object[] , Object[] )
   at System.ServiceModel.Dispatcher.SyncMethodInvoker.Invoke(Object instance, Object[] inputs, Object[]& outputs)
   at System.ServiceModel.Dispatcher.DispatchOperationRuntime.InvokeBegin(MessageRpc& rpc)
   at System.ServiceModel.Dispatcher.ImmutableDispatchRuntime.ProcessMessage5(MessageRpc& rpc)
   at System.ServiceModel.Dispatcher.ImmutableDispatchRuntime.ProcessMessage41(MessageRpc& rpc)
   at System.ServiceModel.Dispatcher.ImmutableDispatchRuntime.ProcessMessage4(MessageRpc& rpc)
   at System.ServiceModel.Dispatcher.ImmutableDispatchRuntime.ProcessMessage31(MessageRpc& rpc)
   at System.ServiceModel.Dispatcher.ImmutableDispatchRuntime.ProcessMessage3(MessageRpc& rpc)
   at System.ServiceModel.Dispatcher.ImmutableDispatchRuntime.ProcessMessage2(MessageRpc& rpc)
   at System.ServiceModel.Dispatcher.ImmutableDispatchRuntime.ProcessMessage11(MessageRpc& rpc)
   at System.ServiceModel.Dispatcher.ImmutableDispatchRuntime.ProcessMessage1(MessageRpc& rpc)
   at System.ServiceModel.Dispatcher.MessageRpc.Process(Boolean isOperationContextSet)

Additional Info:

MachineName : DEN-100001176
TimeStamp : 10/1/2015 3:17:40 PM
FullName : Telerik.Sitefinity.Utilities, Version=8.0.5700.0, Culture=neutral, PublicKeyToken=b28c218413bdf563
AppDomainName : /LM/W3SVC/2/ROOT-2-130881198861753584
ThreadIdentity : 
WindowsIdentity : SWIFTPAGE\Jeremy.Kron
Requested URL : http://localhost:60876/Sitefinity/Services/Pages/ZoneEditorService.svc/Layout/


Category: ErrorLog

Priority: 0

EventId: 90000

Severity: Error

Title:Enterprise Library Exception Handling

Machine: DEN-100001176

App Domain: /LM/W3SVC/2/ROOT-2-130881198861753584

ProcessId: 126812

Process Name: C:\Program Files (x86)\IIS Express\iisexpress.exe

Thread Name: 

Win32 ThreadId:68092

Extended Properties: 
----------------------------------------
----------------------------------------
Timestamp: 10/1/2015 3:17:40 PM

Message: HandlingInstanceID: de706d6c-2ccd-4429-a789-c7aaa4828417
An exception of type 'System.ArgumentOutOfRangeException' occurred and was caught.
----------------------------------------------------------------------------------
10/01/2015 09:17:40
Type : System.ArgumentOutOfRangeException, mscorlib, Version=4.0.0.0, Culture=neutral, PublicKeyToken=b77a5c561934e089
Message : Specified argument was out of the range of valid values.
Parameter name: name
Source : Telerik.Sitefinity.Utilities
Help link : 
ActualValue : 
ParamName : name
Data : System.Collections.ListDictionaryInternal
TargetSite : System.Type GetType(System.String, Boolean, Boolean)
HResult : -2146233086
Stack Trace :    at Telerik.Sitefinity.Utilities.TypeConverters.TypeResolutionService.GetType(String name, Boolean throwOnError, Boolean ignoreCase)
   at Telerik.Sitefinity.Modules.ControlManager`1.GetControlType(ObjectData controlData)
   at Telerik.Sitefinity.Modules.Pages.Web.Services.ZoneEditorService.CreateNewControl(ZoneEditorWebServiceArgs state, IControlManager manager, Boolean isLayoutControl)
   at Telerik.Sitefinity.Modules.Pages.Web.Services.ZoneEditorService.UpdateState(ZoneEditorWebServiceArgs state, Boolean isLayoutControl)
   at Telerik.Sitefinity.Modules.Pages.Web.Services.ZoneEditorService.UpdateLayoutState(ZoneEditorWebServiceArgs state)
   at SyncInvokeUpdateLayoutState(Object , Object[] , Object[] )
   at System.ServiceModel.Dispatcher.SyncMethodInvoker.Invoke(Object instance, Object[] inputs, Object[]& outputs)
   at System.ServiceModel.Dispatcher.DispatchOperationRuntime.InvokeBegin(MessageRpc& rpc)
   at System.ServiceModel.Dispatcher.ImmutableDispatchRuntime.ProcessMessage5(MessageRpc& rpc)
   at System.ServiceModel.Dispatcher.ImmutableDispatchRuntime.ProcessMessage41(MessageRpc& rpc)
   at System.ServiceModel.Dispatcher.ImmutableDispatchRuntime.ProcessMessage4(MessageRpc& rpc)
   at System.ServiceModel.Dispatcher.ImmutableDispatchRuntime.ProcessMessage31(MessageRpc& rpc)
   at System.ServiceModel.Dispatcher.ImmutableDispatchRuntime.ProcessMessage3(MessageRpc& rpc)
   at System.ServiceModel.Dispatcher.ImmutableDispatchRuntime.ProcessMessage2(MessageRpc& rpc)
   at System.ServiceModel.Dispatcher.ImmutableDispatchRuntime.ProcessMessage11(MessageRpc& rpc)
   at System.ServiceModel.Dispatcher.ImmutableDispatchRuntime.ProcessMessage1(MessageRpc& rpc)
   at System.ServiceModel.Dispatcher.MessageRpc.Process(Boolean isOperationContextSet)

Additional Info:

MachineName : DEN-100001176
TimeStamp : 10/1/2015 3:17:40 PM
FullName : Telerik.Sitefinity.Utilities, Version=8.0.5700.0, Culture=neutral, PublicKeyToken=b28c218413bdf563
AppDomainName : /LM/W3SVC/2/ROOT-2-130881198861753584
ThreadIdentity : 
WindowsIdentity : SWIFTPAGE\Jeremy.Kron
Requested URL : http://localhost:60876/Sitefinity/Services/Pages/ZoneEditorService.svc/Layout/


Category: ErrorLog

Priority: 0

EventId: 90000

Severity: Error

Title:Enterprise Library Exception Handling

Machine: DEN-100001176

App Domain: /LM/W3SVC/2/ROOT-2-130881198861753584

ProcessId: 126812

Process Name: C:\Program Files (x86)\IIS Express\iisexpress.exe

Thread Name: 

Win32 ThreadId:68092

Extended Properties: 
----------------------------------------
----------------------------------------
Timestamp: 10/1/2015 3:17:40 PM

Message: HandlingInstanceID: bc2f9f73-9dc3-44de-898a-f3590dfbc469
An exception of type 'System.ArgumentOutOfRangeException' occurred and was caught.
----------------------------------------------------------------------------------
10/01/2015 09:17:40
Type : System.ArgumentOutOfRangeException, mscorlib, Version=4.0.0.0, Culture=neutral, PublicKeyToken=b77a5c561934e089
Message : Specified argument was out of the range of valid values.
Parameter name: name
Source : Telerik.Sitefinity.Utilities
Help link : 
ActualValue : 
ParamName : name
Data : System.Collections.ListDictionaryInternal
TargetSite : System.Type GetType(System.String, Boolean, Boolean)
HResult : -2146233086
Stack Trace :    at Telerik.Sitefinity.Utilities.TypeConverters.TypeResolutionService.GetType(String name, Boolean throwOnError, Boolean ignoreCase)
   at Telerik.Sitefinity.Modules.ControlManager`1.GetControlType(ObjectData controlData)
   at Telerik.Sitefinity.Modules.Pages.Web.Services.ZoneEditorService.CreateNewControl(ZoneEditorWebServiceArgs state, IControlManager manager, Boolean isLayoutControl)
   at Telerik.Sitefinity.Modules.Pages.Web.Services.ZoneEditorService.UpdateState(ZoneEditorWebServiceArgs state, Boolean isLayoutControl)
   at Telerik.Sitefinity.Modules.Pages.Web.Services.ZoneEditorService.UpdateLayoutState(ZoneEditorWebServiceArgs state)
   at SyncInvokeUpdateLayoutState(Object , Object[] , Object[] )
   at System.ServiceModel.Dispatcher.SyncMethodInvoker.Invoke(Object instance, Object[] inputs, Object[]& outputs)
   at System.ServiceModel.Dispatcher.DispatchOperationRuntime.InvokeBegin(MessageRpc& rpc)
   at System.ServiceModel.Dispatcher.ImmutableDispatchRuntime.ProcessMessage5(MessageRpc& rpc)
   at System.ServiceModel.Dispatcher.ImmutableDispatchRuntime.ProcessMessage41(MessageRpc& rpc)
   at System.ServiceModel.Dispatcher.ImmutableDispatchRuntime.ProcessMessage4(MessageRpc& rpc)
   at System.ServiceModel.Dispatcher.ImmutableDispatchRuntime.ProcessMessage31(MessageRpc& rpc)
   at System.ServiceModel.Dispatcher.ImmutableDispatchRuntime.ProcessMessage3(MessageRpc& rpc)
   at System.ServiceModel.Dispatcher.ImmutableDispatchRuntime.ProcessMessage2(MessageRpc& rpc)
   at System.ServiceModel.Dispatcher.ImmutableDispatchRuntime.ProcessMessage11(MessageRpc& rpc)
   at System.ServiceModel.Dispatcher.ImmutableDispatchRuntime.ProcessMessage1(MessageRpc& rpc)
   at System.ServiceModel.Dispatcher.MessageRpc.Process(Boolean isOperationContextSet)

Additional Info:

MachineName : DEN-100001176
TimeStamp : 10/1/2015 3:17:40 PM
FullName : Telerik.Sitefinity.Utilities, Version=8.0.5700.0, Culture=neutral, PublicKeyToken=b28c218413bdf563
AppDomainName : /LM/W3SVC/2/ROOT-2-130881198861753584
ThreadIdentity : 
WindowsIdentity : SWIFTPAGE\Jeremy.Kron
Requested URL : http://localhost:60876/Sitefinity/Services/Pages/ZoneEditorService.svc/Layout/


Category: ErrorLog

Priority: 0

EventId: 90000

Severity: Error

Title:Enterprise Library Exception Handling

Machine: DEN-100001176

App Domain: /LM/W3SVC/2/ROOT-2-130881198861753584

ProcessId: 126812

Process Name: C:\Program Files (x86)\IIS Express\iisexpress.exe

Thread Name: 

Win32 ThreadId:68092

Extended Properties: 
----------------------------------------
----------------------------------------
Timestamp: 10/1/2015 3:17:40 PM

Message: HandlingInstanceID: 98498996-0a7f-466f-95b6-be0bd687fb33
An exception of type 'System.ArgumentOutOfRangeException' occurred and was caught.
----------------------------------------------------------------------------------
10/01/2015 09:17:40
Type : System.ArgumentOutOfRangeException, mscorlib, Version=4.0.0.0, Culture=neutral, PublicKeyToken=b77a5c561934e089
Message : Specified argument was out of the range of valid values.
Parameter name: name
Source : Telerik.Sitefinity.Utilities
Help link : 
ActualValue : 
ParamName : name
Data : System.Collections.ListDictionaryInternal
TargetSite : System.Type GetType(System.String, Boolean, Boolean)
HResult : -2146233086
Stack Trace :    at Telerik.Sitefinity.Utilities.TypeConverters.TypeResolutionService.GetType(String name, Boolean throwOnError, Boolean ignoreCase)
   at Telerik.Sitefinity.Modules.ControlManager`1.GetControlType(ObjectData controlData)
   at Telerik.Sitefinity.Modules.Pages.Web.Services.ZoneEditorService.CreateNewControl(ZoneEditorWebServiceArgs state, IControlManager manager, Boolean isLayoutControl)
   at Telerik.Sitefinity.Modules.Pages.Web.Services.ZoneEditorService.UpdateState(ZoneEditorWebServiceArgs state, Boolean isLayoutControl)
   at Telerik.Sitefinity.Modules.Pages.Web.Services.ZoneEditorService.UpdateLayoutState(ZoneEditorWebServiceArgs state)
   at SyncInvokeUpdateLayoutState(Object , Object[] , Object[] )
   at System.ServiceModel.Dispatcher.SyncMethodInvoker.Invoke(Object instance, Object[] inputs, Object[]& outputs)
   at System.ServiceModel.Dispatcher.DispatchOperationRuntime.InvokeBegin(MessageRpc& rpc)
   at System.ServiceModel.Dispatcher.ImmutableDispatchRuntime.ProcessMessage5(MessageRpc& rpc)
   at System.ServiceModel.Dispatcher.ImmutableDispatchRuntime.ProcessMessage41(MessageRpc& rpc)
   at System.ServiceModel.Dispatcher.ImmutableDispatchRuntime.ProcessMessage4(MessageRpc& rpc)
   at System.ServiceModel.Dispatcher.ImmutableDispatchRuntime.ProcessMessage31(MessageRpc& rpc)
   at System.ServiceModel.Dispatcher.ImmutableDispatchRuntime.ProcessMessage3(MessageRpc& rpc)
   at System.ServiceModel.Dispatcher.ImmutableDispatchRuntime.ProcessMessage2(MessageRpc& rpc)
   at System.ServiceModel.Dispatcher.ImmutableDispatchRuntime.ProcessMessage11(MessageRpc& rpc)
   at System.ServiceModel.Dispatcher.ImmutableDispatchRuntime.ProcessMessage1(MessageRpc& rpc)
   at System.ServiceModel.Dispatcher.MessageRpc.Process(Boolean isOperationContextSet)

Additional Info:

MachineName : DEN-100001176
TimeStamp : 10/1/2015 3:17:40 PM
FullName : Telerik.Sitefinity.Utilities, Version=8.0.5700.0, Culture=neutral, PublicKeyToken=b28c218413bdf563
AppDomainName : /LM/W3SVC/2/ROOT-2-130881198861753584
ThreadIdentity : 
WindowsIdentity : SWIFTPAGE\Jeremy.Kron
Requested URL : http://localhost:60876/Sitefinity/Services/Pages/ZoneEditorService.svc/Layout/


Category: ErrorLog

Priority: 0

EventId: 90000

Severity: Error

Title:Enterprise Library Exception Handling

Machine: DEN-100001176

App Domain: /LM/W3SVC/2/ROOT-2-130881198861753584

ProcessId: 126812

Process Name: C:\Program Files (x86)\IIS Express\iisexpress.exe

Thread Name: 

Win32 ThreadId:68092

Extended Properties: 
----------------------------------------
----------------------------------------
Timestamp: 10/1/2015 4:15:38 PM

Message: HandlingInstanceID: d9c7f371-d999-4fdf-9270-d7bf464bd12a
An exception of type 'System.ArgumentOutOfRangeException' occurred and was caught.
----------------------------------------------------------------------------------
10/01/2015 10:15:38
Type : System.ArgumentOutOfRangeException, mscorlib, Version=4.0.0.0, Culture=neutral, PublicKeyToken=b77a5c561934e089
Message : Specified argument was out of the range of valid values.
Parameter name: name
Source : Telerik.Sitefinity.Utilities
Help link : 
ActualValue : 
ParamName : name
Data : System.Collections.ListDictionaryInternal
TargetSite : System.Type GetType(System.String, Boolean, Boolean)
HResult : -2146233086
Stack Trace :    at Telerik.Sitefinity.Utilities.TypeConverters.TypeResolutionService.GetType(String name, Boolean throwOnError, Boolean ignoreCase)
   at Telerik.Sitefinity.Modules.ControlManager`1.GetControlType(ObjectData controlData)
   at Telerik.Sitefinity.Modules.Pages.Web.Services.ZoneEditorService.CreateNewControl(ZoneEditorWebServiceArgs state, IControlManager manager, Boolean isLayoutControl)
   at Telerik.Sitefinity.Modules.Pages.Web.Services.ZoneEditorService.UpdateState(ZoneEditorWebServiceArgs state, Boolean isLayoutControl)
   at Telerik.Sitefinity.Modules.Pages.Web.Services.ZoneEditorService.UpdateLayoutState(ZoneEditorWebServiceArgs state)
   at SyncInvokeUpdateLayoutState(Object , Object[] , Object[] )
   at System.ServiceModel.Dispatcher.SyncMethodInvoker.Invoke(Object instance, Object[] inputs, Object[]& outputs)
   at System.ServiceModel.Dispatcher.DispatchOperationRuntime.InvokeBegin(MessageRpc& rpc)
   at System.ServiceModel.Dispatcher.ImmutableDispatchRuntime.ProcessMessage5(MessageRpc& rpc)
   at System.ServiceModel.Dispatcher.ImmutableDispatchRuntime.ProcessMessage41(MessageRpc& rpc)
   at System.ServiceModel.Dispatcher.ImmutableDispatchRuntime.ProcessMessage4(MessageRpc& rpc)
   at System.ServiceModel.Dispatcher.ImmutableDispatchRuntime.ProcessMessage31(MessageRpc& rpc)
   at System.ServiceModel.Dispatcher.ImmutableDispatchRuntime.ProcessMessage3(MessageRpc& rpc)
   at System.ServiceModel.Dispatcher.ImmutableDispatchRuntime.ProcessMessage2(MessageRpc& rpc)
   at System.ServiceModel.Dispatcher.ImmutableDispatchRuntime.ProcessMessage11(MessageRpc& rpc)
   at System.ServiceModel.Dispatcher.ImmutableDispatchRuntime.ProcessMessage1(MessageRpc& rpc)
   at System.ServiceModel.Dispatcher.MessageRpc.Process(Boolean isOperationContextSet)

Additional Info:

MachineName : DEN-100001176
TimeStamp : 10/1/2015 4:15:38 PM
FullName : Telerik.Sitefinity.Utilities, Version=8.0.5700.0, Culture=neutral, PublicKeyToken=b28c218413bdf563
AppDomainName : /LM/W3SVC/2/ROOT-2-130881198861753584
ThreadIdentity : 
WindowsIdentity : SWIFTPAGE\Jeremy.Kron
Requested URL : http://localhost:60876/Sitefinity/Services/Pages/ZoneEditorService.svc/Layout/


Category: ErrorLog

Priority: 0

EventId: 90000

Severity: Error

Title:Enterprise Library Exception Handling

Machine: DEN-100001176

App Domain: /LM/W3SVC/2/ROOT-2-130881198861753584

ProcessId: 126812

Process Name: C:\Program Files (x86)\IIS Express\iisexpress.exe

Thread Name: 

Win32 ThreadId:120140

Extended Properties: 
----------------------------------------
----------------------------------------
Timestamp: 10/1/2015 4:15:38 PM

Message: HandlingInstanceID: c8c0803b-1947-4315-bf95-b60c19d3d2f8
An exception of type 'System.ArgumentOutOfRangeException' occurred and was caught.
----------------------------------------------------------------------------------
10/01/2015 10:15:38
Type : System.ArgumentOutOfRangeException, mscorlib, Version=4.0.0.0, Culture=neutral, PublicKeyToken=b77a5c561934e089
Message : Specified argument was out of the range of valid values.
Parameter name: name
Source : Telerik.Sitefinity.Utilities
Help link : 
ActualValue : 
ParamName : name
Data : System.Collections.ListDictionaryInternal
TargetSite : System.Type GetType(System.String, Boolean, Boolean)
HResult : -2146233086
Stack Trace :    at Telerik.Sitefinity.Utilities.TypeConverters.TypeResolutionService.GetType(String name, Boolean throwOnError, Boolean ignoreCase)
   at Telerik.Sitefinity.Modules.ControlManager`1.GetControlType(ObjectData controlData)
   at Telerik.Sitefinity.Modules.Pages.Web.Services.ZoneEditorService.CreateNewControl(ZoneEditorWebServiceArgs state, IControlManager manager, Boolean isLayoutControl)
   at Telerik.Sitefinity.Modules.Pages.Web.Services.ZoneEditorService.UpdateState(ZoneEditorWebServiceArgs state, Boolean isLayoutControl)
   at Telerik.Sitefinity.Modules.Pages.Web.Services.ZoneEditorService.UpdateLayoutState(ZoneEditorWebServiceArgs state)
   at SyncInvokeUpdateLayoutState(Object , Object[] , Object[] )
   at System.ServiceModel.Dispatcher.SyncMethodInvoker.Invoke(Object instance, Object[] inputs, Object[]& outputs)
   at System.ServiceModel.Dispatcher.DispatchOperationRuntime.InvokeBegin(MessageRpc& rpc)
   at System.ServiceModel.Dispatcher.ImmutableDispatchRuntime.ProcessMessage5(MessageRpc& rpc)
   at System.ServiceModel.Dispatcher.ImmutableDispatchRuntime.ProcessMessage41(MessageRpc& rpc)
   at System.ServiceModel.Dispatcher.ImmutableDispatchRuntime.ProcessMessage4(MessageRpc& rpc)
   at System.ServiceModel.Dispatcher.ImmutableDispatchRuntime.ProcessMessage31(MessageRpc& rpc)
   at System.ServiceModel.Dispatcher.ImmutableDispatchRuntime.ProcessMessage3(MessageRpc& rpc)
   at System.ServiceModel.Dispatcher.ImmutableDispatchRuntime.ProcessMessage2(MessageRpc& rpc)
   at System.ServiceModel.Dispatcher.ImmutableDispatchRuntime.ProcessMessage11(MessageRpc& rpc)
   at System.ServiceModel.Dispatcher.ImmutableDispatchRuntime.ProcessMessage1(MessageRpc& rpc)
   at System.ServiceModel.Dispatcher.MessageRpc.Process(Boolean isOperationContextSet)

Additional Info:

MachineName : DEN-100001176
TimeStamp : 10/1/2015 4:15:38 PM
FullName : Telerik.Sitefinity.Utilities, Version=8.0.5700.0, Culture=neutral, PublicKeyToken=b28c218413bdf563
AppDomainName : /LM/W3SVC/2/ROOT-2-130881198861753584
ThreadIdentity : 
WindowsIdentity : SWIFTPAGE\Jeremy.Kron
Requested URL : http://localhost:60876/Sitefinity/Services/Pages/ZoneEditorService.svc/Layout/


Category: ErrorLog

Priority: 0

EventId: 90000

Severity: Error

Title:Enterprise Library Exception Handling

Machine: DEN-100001176

App Domain: /LM/W3SVC/2/ROOT-2-130881198861753584

ProcessId: 126812

Process Name: C:\Program Files (x86)\IIS Express\iisexpress.exe

Thread Name: 

Win32 ThreadId:120140

Extended Properties: 
----------------------------------------
----------------------------------------
Timestamp: 10/1/2015 4:15:38 PM

Message: HandlingInstanceID: 2d416ab3-881c-4484-95da-2138e374012f
An exception of type 'System.ArgumentOutOfRangeException' occurred and was caught.
----------------------------------------------------------------------------------
10/01/2015 10:15:38
Type : System.ArgumentOutOfRangeException, mscorlib, Version=4.0.0.0, Culture=neutral, PublicKeyToken=b77a5c561934e089
Message : Specified argument was out of the range of valid values.
Parameter name: name
Source : Telerik.Sitefinity.Utilities
Help link : 
ActualValue : 
ParamName : name
Data : System.Collections.ListDictionaryInternal
TargetSite : System.Type GetType(System.String, Boolean, Boolean)
HResult : -2146233086
Stack Trace :    at Telerik.Sitefinity.Utilities.TypeConverters.TypeResolutionService.GetType(String name, Boolean throwOnError, Boolean ignoreCase)
   at Telerik.Sitefinity.Modules.ControlManager`1.GetControlType(ObjectData controlData)
   at Telerik.Sitefinity.Modules.Pages.Web.Services.ZoneEditorService.CreateNewControl(ZoneEditorWebServiceArgs state, IControlManager manager, Boolean isLayoutControl)
   at Telerik.Sitefinity.Modules.Pages.Web.Services.ZoneEditorService.UpdateState(ZoneEditorWebServiceArgs state, Boolean isLayoutControl)
   at Telerik.Sitefinity.Modules.Pages.Web.Services.ZoneEditorService.UpdateLayoutState(ZoneEditorWebServiceArgs state)
   at SyncInvokeUpdateLayoutState(Object , Object[] , Object[] )
   at System.ServiceModel.Dispatcher.SyncMethodInvoker.Invoke(Object instance, Object[] inputs, Object[]& outputs)
   at System.ServiceModel.Dispatcher.DispatchOperationRuntime.InvokeBegin(MessageRpc& rpc)
   at System.ServiceModel.Dispatcher.ImmutableDispatchRuntime.ProcessMessage5(MessageRpc& rpc)
   at System.ServiceModel.Dispatcher.ImmutableDispatchRuntime.ProcessMessage41(MessageRpc& rpc)
   at System.ServiceModel.Dispatcher.ImmutableDispatchRuntime.ProcessMessage4(MessageRpc& rpc)
   at System.ServiceModel.Dispatcher.ImmutableDispatchRuntime.ProcessMessage31(MessageRpc& rpc)
   at System.ServiceModel.Dispatcher.ImmutableDispatchRuntime.ProcessMessage3(MessageRpc& rpc)
   at System.ServiceModel.Dispatcher.ImmutableDispatchRuntime.ProcessMessage2(MessageRpc& rpc)
   at System.ServiceModel.Dispatcher.ImmutableDispatchRuntime.ProcessMessage11(MessageRpc& rpc)
   at System.ServiceModel.Dispatcher.ImmutableDispatchRuntime.ProcessMessage1(MessageRpc& rpc)
   at System.ServiceModel.Dispatcher.MessageRpc.Process(Boolean isOperationContextSet)

Additional Info:

MachineName : DEN-100001176
TimeStamp : 10/1/2015 4:15:38 PM
FullName : Telerik.Sitefinity.Utilities, Version=8.0.5700.0, Culture=neutral, PublicKeyToken=b28c218413bdf563
AppDomainName : /LM/W3SVC/2/ROOT-2-130881198861753584
ThreadIdentity : 
WindowsIdentity : SWIFTPAGE\Jeremy.Kron
Requested URL : http://localhost:60876/Sitefinity/Services/Pages/ZoneEditorService.svc/Layout/


Category: ErrorLog

Priority: 0

EventId: 90000

Severity: Error

Title:Enterprise Library Exception Handling

Machine: DEN-100001176

App Domain: /LM/W3SVC/2/ROOT-2-130881198861753584

ProcessId: 126812

Process Name: C:\Program Files (x86)\IIS Express\iisexpress.exe

Thread Name: 

Win32 ThreadId:120140

Extended Properties: 
----------------------------------------
----------------------------------------
Timestamp: 10/1/2015 4:15:38 PM

Message: HandlingInstanceID: 5fe2700e-fa8b-4f6e-93d6-661ae3e23bc3
An exception of type 'System.ArgumentOutOfRangeException' occurred and was caught.
----------------------------------------------------------------------------------
10/01/2015 10:15:38
Type : System.ArgumentOutOfRangeException, mscorlib, Version=4.0.0.0, Culture=neutral, PublicKeyToken=b77a5c561934e089
Message : Specified argument was out of the range of valid values.
Parameter name: name
Source : Telerik.Sitefinity.Utilities
Help link : 
ActualValue : 
ParamName : name
Data : System.Collections.ListDictionaryInternal
TargetSite : System.Type GetType(System.String, Boolean, Boolean)
HResult : -2146233086
Stack Trace :    at Telerik.Sitefinity.Utilities.TypeConverters.TypeResolutionService.GetType(String name, Boolean throwOnError, Boolean ignoreCase)
   at Telerik.Sitefinity.Modules.ControlManager`1.GetControlType(ObjectData controlData)
   at Telerik.Sitefinity.Modules.Pages.Web.Services.ZoneEditorService.CreateNewControl(ZoneEditorWebServiceArgs state, IControlManager manager, Boolean isLayoutControl)
   at Telerik.Sitefinity.Modules.Pages.Web.Services.ZoneEditorService.UpdateState(ZoneEditorWebServiceArgs state, Boolean isLayoutControl)
   at Telerik.Sitefinity.Modules.Pages.Web.Services.ZoneEditorService.UpdateLayoutState(ZoneEditorWebServiceArgs state)
   at SyncInvokeUpdateLayoutState(Object , Object[] , Object[] )
   at System.ServiceModel.Dispatcher.SyncMethodInvoker.Invoke(Object instance, Object[] inputs, Object[]& outputs)
   at System.ServiceModel.Dispatcher.DispatchOperationRuntime.InvokeBegin(MessageRpc& rpc)
   at System.ServiceModel.Dispatcher.ImmutableDispatchRuntime.ProcessMessage5(MessageRpc& rpc)
   at System.ServiceModel.Dispatcher.ImmutableDispatchRuntime.ProcessMessage41(MessageRpc& rpc)
   at System.ServiceModel.Dispatcher.ImmutableDispatchRuntime.ProcessMessage4(MessageRpc& rpc)
   at System.ServiceModel.Dispatcher.ImmutableDispatchRuntime.ProcessMessage31(MessageRpc& rpc)
   at System.ServiceModel.Dispatcher.ImmutableDispatchRuntime.ProcessMessage3(MessageRpc& rpc)
   at System.ServiceModel.Dispatcher.ImmutableDispatchRuntime.ProcessMessage2(MessageRpc& rpc)
   at System.ServiceModel.Dispatcher.ImmutableDispatchRuntime.ProcessMessage11(MessageRpc& rpc)
   at System.ServiceModel.Dispatcher.ImmutableDispatchRuntime.ProcessMessage1(MessageRpc& rpc)
   at System.ServiceModel.Dispatcher.MessageRpc.Process(Boolean isOperationContextSet)

Additional Info:

MachineName : DEN-100001176
TimeStamp : 10/1/2015 4:15:38 PM
FullName : Telerik.Sitefinity.Utilities, Version=8.0.5700.0, Culture=neutral, PublicKeyToken=b28c218413bdf563
AppDomainName : /LM/W3SVC/2/ROOT-2-130881198861753584
ThreadIdentity : 
WindowsIdentity : SWIFTPAGE\Jeremy.Kron
Requested URL : http://localhost:60876/Sitefinity/Services/Pages/ZoneEditorService.svc/Layout/


Category: ErrorLog

Priority: 0

EventId: 90000

Severity: Error

Title:Enterprise Library Exception Handling

Machine: DEN-100001176

App Domain: /LM/W3SVC/2/ROOT-2-130881198861753584

ProcessId: 126812

Process Name: C:\Program Files (x86)\IIS Express\iisexpress.exe

Thread Name: 

Win32 ThreadId:120140

Extended Properties: 
----------------------------------------
----------------------------------------
Timestamp: 10/1/2015 4:15:38 PM

Message: HandlingInstanceID: e88cbcba-a1c4-476f-8b1c-d58eff4bbcc3
An exception of type 'System.ArgumentOutOfRangeException' occurred and was caught.
----------------------------------------------------------------------------------
10/01/2015 10:15:38
Type : System.ArgumentOutOfRangeException, mscorlib, Version=4.0.0.0, Culture=neutral, PublicKeyToken=b77a5c561934e089
Message : Specified argument was out of the range of valid values.
Parameter name: name
Source : Telerik.Sitefinity.Utilities
Help link : 
ActualValue : 
ParamName : name
Data : System.Collections.ListDictionaryInternal
TargetSite : System.Type GetType(System.String, Boolean, Boolean)
HResult : -2146233086
Stack Trace :    at Telerik.Sitefinity.Utilities.TypeConverters.TypeResolutionService.GetType(String name, Boolean throwOnError, Boolean ignoreCase)
   at Telerik.Sitefinity.Modules.ControlManager`1.GetControlType(ObjectData controlData)
   at Telerik.Sitefinity.Modules.Pages.Web.Services.ZoneEditorService.CreateNewControl(ZoneEditorWebServiceArgs state, IControlManager manager, Boolean isLayoutControl)
   at Telerik.Sitefinity.Modules.Pages.Web.Services.ZoneEditorService.UpdateState(ZoneEditorWebServiceArgs state, Boolean isLayoutControl)
   at Telerik.Sitefinity.Modules.Pages.Web.Services.ZoneEditorService.UpdateLayoutState(ZoneEditorWebServiceArgs state)
   at SyncInvokeUpdateLayoutState(Object , Object[] , Object[] )
   at System.ServiceModel.Dispatcher.SyncMethodInvoker.Invoke(Object instance, Object[] inputs, Object[]& outputs)
   at System.ServiceModel.Dispatcher.DispatchOperationRuntime.InvokeBegin(MessageRpc& rpc)
   at System.ServiceModel.Dispatcher.ImmutableDispatchRuntime.ProcessMessage5(MessageRpc& rpc)
   at System.ServiceModel.Dispatcher.ImmutableDispatchRuntime.ProcessMessage41(MessageRpc& rpc)
   at System.ServiceModel.Dispatcher.ImmutableDispatchRuntime.ProcessMessage4(MessageRpc& rpc)
   at System.ServiceModel.Dispatcher.ImmutableDispatchRuntime.ProcessMessage31(MessageRpc& rpc)
   at System.ServiceModel.Dispatcher.ImmutableDispatchRuntime.ProcessMessage3(MessageRpc& rpc)
   at System.ServiceModel.Dispatcher.ImmutableDispatchRuntime.ProcessMessage2(MessageRpc& rpc)
   at System.ServiceModel.Dispatcher.ImmutableDispatchRuntime.ProcessMessage11(MessageRpc& rpc)
   at System.ServiceModel.Dispatcher.ImmutableDispatchRuntime.ProcessMessage1(MessageRpc& rpc)
   at System.ServiceModel.Dispatcher.MessageRpc.Process(Boolean isOperationContextSet)

Additional Info:

MachineName : DEN-100001176
TimeStamp : 10/1/2015 4:15:38 PM
FullName : Telerik.Sitefinity.Utilities, Version=8.0.5700.0, Culture=neutral, PublicKeyToken=b28c218413bdf563
AppDomainName : /LM/W3SVC/2/ROOT-2-130881198861753584
ThreadIdentity : 
WindowsIdentity : SWIFTPAGE\Jeremy.Kron
Requested URL : http://localhost:60876/Sitefinity/Services/Pages/ZoneEditorService.svc/Layout/


Category: ErrorLog

Priority: 0

EventId: 90000

Severity: Error

Title:Enterprise Library Exception Handling

Machine: DEN-100001176

App Domain: /LM/W3SVC/2/ROOT-2-130881198861753584

ProcessId: 126812

Process Name: C:\Program Files (x86)\IIS Express\iisexpress.exe

Thread Name: 

Win32 ThreadId:120140

Extended Properties: 
----------------------------------------
----------------------------------------
Timestamp: 10/1/2015 4:28:15 PM

Message: HandlingInstanceID: c65b8e2d-6043-491b-a088-50f57de83723
An exception of type 'System.Security.Cryptography.CryptographicException' occurred and was caught.
---------------------------------------------------------------------------------------------------
10/01/2015 10:28:15
Type : System.Security.Cryptography.CryptographicException, mscorlib, Version=4.0.0.0, Culture=neutral, PublicKeyToken=b77a5c561934e089
Message : Bad Data.

Source : mscorlib
Help link : 
Data : System.Collections.ListDictionaryInternal
TargetSite : Void ThrowCryptographicException(Int32)
HResult : -2146893819
Stack Trace :    at System.Security.Cryptography.CryptographicException.ThrowCryptographicException(Int32 hr)
   at System.Security.Cryptography.Utils._DecryptData(SafeKeyHandle hKey, Byte[] data, Int32 ib, Int32 cb, Byte[]& outputBuffer, Int32 outputOffset, PaddingMode PaddingMode, Boolean fDone)
   at System.Security.Cryptography.CryptoAPITransform.TransformFinalBlock(Byte[] inputBuffer, Int32 inputOffset, Int32 inputCount)
   at System.Security.Cryptography.CryptoStream.FlushFinalBlock()
   at System.Security.Cryptography.CryptoStream.Dispose(Boolean disposing)
   at System.IO.Stream.Close()
   at System.IO.Stream.Dispose()
   at Telerik.Sitefinity.Security.SecurityManager.DecryptData(Byte[] data)
   at Telerik.Sitefinity.Security.Claims.SitefinityCookieTransform.Decode(Byte[] encoded)
   at Microsoft.IdentityModel.Tokens.SessionSecurityTokenHandler.ApplyTransforms(Byte[] cookie, Boolean outbound)
   at Microsoft.IdentityModel.Tokens.SessionSecurityTokenHandler.ReadToken(XmlReader reader, SecurityTokenResolver tokenResolver)
   at Telerik.Sitefinity.Security.Claims.SitefinitySessionTokenHandler.ReadToken(XmlReader reader, SecurityTokenResolver tokenResolver)
   at Microsoft.IdentityModel.Tokens.SessionSecurityTokenHandler.ReadToken(Byte[] token, SecurityTokenResolver tokenResolver)
   at Telerik.Sitefinity.Security.Claims.SitefinitySessionAuthenticationModule.ReadToken(Byte[] sessionCookie)

Additional Info:

MachineName : DEN-100001176
TimeStamp : 10/1/2015 4:28:15 PM
FullName : Telerik.Sitefinity.Utilities, Version=8.0.5700.0, Culture=neutral, PublicKeyToken=b28c218413bdf563
AppDomainName : /LM/W3SVC/2/ROOT-5-130881904788202434
ThreadIdentity : 
WindowsIdentity : SWIFTPAGE\Jeremy.Kron
Requested URL : http://localhost:60876/Sitefinity/Services/Dashboard/DashboardService.svc/GetRecentItems/


Category: ErrorLog

Priority: 0

EventId: 9010

Severity: Warning

Title:Enterprise Library Exception Handling

Machine: DEN-100001176

App Domain: /LM/W3SVC/2/ROOT-5-130881904788202434

ProcessId: 126812

Process Name: C:\Program Files (x86)\IIS Express\iisexpress.exe

Thread Name: 

Win32 ThreadId:125504

Extended Properties: 
----------------------------------------
----------------------------------------
Timestamp: 10/1/2015 4:30:19 PM

Message: HandlingInstanceID: 5bbba00d-4867-49a2-aa73-6647e7a59e8e
An exception of type 'System.Security.Cryptography.CryptographicException' occurred and was caught.
---------------------------------------------------------------------------------------------------
10/01/2015 10:30:19
Type : System.Security.Cryptography.CryptographicException, mscorlib, Version=4.0.0.0, Culture=neutral, PublicKeyToken=b77a5c561934e089
Message : Bad Data.

Source : mscorlib
Help link : 
Data : System.Collections.ListDictionaryInternal
TargetSite : Void ThrowCryptographicException(Int32)
HResult : -2146893819
Stack Trace :    at System.Security.Cryptography.CryptographicException.ThrowCryptographicException(Int32 hr)
   at System.Security.Cryptography.Utils._DecryptData(SafeKeyHandle hKey, Byte[] data, Int32 ib, Int32 cb, Byte[]& outputBuffer, Int32 outputOffset, PaddingMode PaddingMode, Boolean fDone)
   at System.Security.Cryptography.CryptoAPITransform.TransformFinalBlock(Byte[] inputBuffer, Int32 inputOffset, Int32 inputCount)
   at System.Security.Cryptography.CryptoStream.FlushFinalBlock()
   at System.Security.Cryptography.CryptoStream.Dispose(Boolean disposing)
   at System.IO.Stream.Close()
   at System.IO.Stream.Dispose()
   at Telerik.Sitefinity.Security.SecurityManager.DecryptData(Byte[] data)
   at Telerik.Sitefinity.Security.Claims.SitefinityCookieTransform.Decode(Byte[] encoded)
   at Microsoft.IdentityModel.Tokens.SessionSecurityTokenHandler.ApplyTransforms(Byte[] cookie, Boolean outbound)
   at Microsoft.IdentityModel.Tokens.SessionSecurityTokenHandler.ReadToken(XmlReader reader, SecurityTokenResolver tokenResolver)
   at Telerik.Sitefinity.Security.Claims.SitefinitySessionTokenHandler.ReadToken(XmlReader reader, SecurityTokenResolver tokenResolver)
   at Microsoft.IdentityModel.Tokens.SessionSecurityTokenHandler.ReadToken(Byte[] token, SecurityTokenResolver tokenResolver)
   at Telerik.Sitefinity.Security.Claims.SitefinitySessionAuthenticationModule.ReadToken(Byte[] sessionCookie)

Additional Info:

MachineName : DEN-100001176
TimeStamp : 10/1/2015 4:30:19 PM
FullName : Telerik.Sitefinity.Utilities, Version=8.0.5700.0, Culture=neutral, PublicKeyToken=b28c218413bdf563
AppDomainName : /LM/W3SVC/2/ROOT-6-130881906035212434
ThreadIdentity : 
WindowsIdentity : SWIFTPAGE\Jeremy.Kron
Requested URL : http://localhost:60876/Sitefinity/Services/Dashboard/DashboardService.svc/GetRecentItems/


Category: ErrorLog

Priority: 0

EventId: 9010

Severity: Warning

Title:Enterprise Library Exception Handling

Machine: DEN-100001176

App Domain: /LM/W3SVC/2/ROOT-6-130881906035212434

ProcessId: 126812

Process Name: C:\Program Files (x86)\IIS Express\iisexpress.exe

Thread Name: 

Win32 ThreadId:126128

Extended Properties: 
----------------------------------------
----------------------------------------
Timestamp: 10/1/2015 4:30:19 PM

Message: HandlingInstanceID: c8ae0b21-d9c2-4e75-861d-ac0d17acc0c0
An exception of type 'System.Security.Cryptography.CryptographicException' occurred and was caught.
---------------------------------------------------------------------------------------------------
10/01/2015 10:30:19
Type : System.Security.Cryptography.CryptographicException, mscorlib, Version=4.0.0.0, Culture=neutral, PublicKeyToken=b77a5c561934e089
Message : Bad Data.

Source : mscorlib
Help link : 
Data : System.Collections.ListDictionaryInternal
TargetSite : Void ThrowCryptographicException(Int32)
HResult : -2146893819
Stack Trace :    at System.Security.Cryptography.CryptographicException.ThrowCryptographicException(Int32 hr)
   at System.Security.Cryptography.Utils._DecryptData(SafeKeyHandle hKey, Byte[] data, Int32 ib, Int32 cb, Byte[]& outputBuffer, Int32 outputOffset, PaddingMode PaddingMode, Boolean fDone)
   at System.Security.Cryptography.CryptoAPITransform.TransformFinalBlock(Byte[] inputBuffer, Int32 inputOffset, Int32 inputCount)
   at System.Security.Cryptography.CryptoStream.FlushFinalBlock()
   at System.Security.Cryptography.CryptoStream.Dispose(Boolean disposing)
   at System.IO.Stream.Close()
   at System.IO.Stream.Dispose()
   at Telerik.Sitefinity.Security.SecurityManager.DecryptData(Byte[] data)
   at Telerik.Sitefinity.Security.Claims.SitefinityCookieTransform.Decode(Byte[] encoded)
   at Microsoft.IdentityModel.Tokens.SessionSecurityTokenHandler.ApplyTransforms(Byte[] cookie, Boolean outbound)
   at Microsoft.IdentityModel.Tokens.SessionSecurityTokenHandler.ReadToken(XmlReader reader, SecurityTokenResolver tokenResolver)
   at Telerik.Sitefinity.Security.Claims.SitefinitySessionTokenHandler.ReadToken(XmlReader reader, SecurityTokenResolver tokenResolver)
   at Microsoft.IdentityModel.Tokens.SessionSecurityTokenHandler.ReadToken(Byte[] token, SecurityTokenResolver tokenResolver)
   at Telerik.Sitefinity.Security.Claims.SitefinitySessionAuthenticationModule.ReadToken(Byte[] sessionCookie)

Additional Info:

MachineName : DEN-100001176
TimeStamp : 10/1/2015 4:30:19 PM
FullName : Telerik.Sitefinity.Utilities, Version=8.0.5700.0, Culture=neutral, PublicKeyToken=b28c218413bdf563
AppDomainName : /LM/W3SVC/2/ROOT-6-130881906035212434
ThreadIdentity : 
WindowsIdentity : SWIFTPAGE\Jeremy.Kron
Requested URL : http://localhost:60876/Sitefinity/Services/Dashboard/DashboardService.svc/GetRecentItems/


Category: ErrorLog

Priority: 0

EventId: 9010

Severity: Warning

Title:Enterprise Library Exception Handling

Machine: DEN-100001176

App Domain: /LM/W3SVC/2/ROOT-6-130881906035212434

ProcessId: 126812

Process Name: C:\Program Files (x86)\IIS Express\iisexpress.exe

Thread Name: 

Win32 ThreadId:125976

Extended Properties: 
----------------------------------------
----------------------------------------
Timestamp: 10/1/2015 4:30:19 PM

Message: HandlingInstanceID: 3e778345-f2bb-44f9-bac2-aca9fa63c0d3
An exception of type 'System.Security.Cryptography.CryptographicException' occurred and was caught.
---------------------------------------------------------------------------------------------------
10/01/2015 10:30:19
Type : System.Security.Cryptography.CryptographicException, mscorlib, Version=4.0.0.0, Culture=neutral, PublicKeyToken=b77a5c561934e089
Message : Bad Data.

Source : mscorlib
Help link : 
Data : System.Collections.ListDictionaryInternal
TargetSite : Void ThrowCryptographicException(Int32)
HResult : -2146893819
Stack Trace :    at System.Security.Cryptography.CryptographicException.ThrowCryptographicException(Int32 hr)
   at System.Security.Cryptography.Utils._DecryptData(SafeKeyHandle hKey, Byte[] data, Int32 ib, Int32 cb, Byte[]& outputBuffer, Int32 outputOffset, PaddingMode PaddingMode, Boolean fDone)
   at System.Security.Cryptography.CryptoAPITransform.TransformFinalBlock(Byte[] inputBuffer, Int32 inputOffset, Int32 inputCount)
   at System.Security.Cryptography.CryptoStream.FlushFinalBlock()
   at System.Security.Cryptography.CryptoStream.Dispose(Boolean disposing)
   at System.IO.Stream.Close()
   at System.IO.Stream.Dispose()
   at Telerik.Sitefinity.Security.SecurityManager.DecryptData(Byte[] data)
   at Telerik.Sitefinity.Security.Claims.SitefinityCookieTransform.Decode(Byte[] encoded)
   at Microsoft.IdentityModel.Tokens.SessionSecurityTokenHandler.ApplyTransforms(Byte[] cookie, Boolean outbound)
   at Microsoft.IdentityModel.Tokens.SessionSecurityTokenHandler.ReadToken(XmlReader reader, SecurityTokenResolver tokenResolver)
   at Telerik.Sitefinity.Security.Claims.SitefinitySessionTokenHandler.ReadToken(XmlReader reader, SecurityTokenResolver tokenResolver)
   at Microsoft.IdentityModel.Tokens.SessionSecurityTokenHandler.ReadToken(Byte[] token, SecurityTokenResolver tokenResolver)
   at Telerik.Sitefinity.Security.Claims.SitefinitySessionAuthenticationModule.ReadToken(Byte[] sessionCookie)

Additional Info:

MachineName : DEN-100001176
TimeStamp : 10/1/2015 4:30:19 PM
FullName : Telerik.Sitefinity.Utilities, Version=8.0.5700.0, Culture=neutral, PublicKeyToken=b28c218413bdf563
AppDomainName : /LM/W3SVC/2/ROOT-6-130881906035212434
ThreadIdentity : 
WindowsIdentity : SWIFTPAGE\Jeremy.Kron
Requested URL : http://localhost:60876/products/product-details/Action/Edit


Category: ErrorLog

Priority: 0

EventId: 9010

Severity: Warning

Title:Enterprise Library Exception Handling

Machine: DEN-100001176

App Domain: /LM/W3SVC/2/ROOT-6-130881906035212434

ProcessId: 126812

Process Name: C:\Program Files (x86)\IIS Express\iisexpress.exe

Thread Name: 

Win32 ThreadId:127068

Extended Properties: 
----------------------------------------
