----------------------------------------
Timestamp: 11/9/2015 4:10:02 PM

Message: HandlingInstanceID: 573c1436-7a87-4051-8cd9-3ed846771dd9
An exception of type 'System.NullReferenceException' occurred and was caught.
-----------------------------------------------------------------------------
11/09/2015 09:10:02
Type : System.NullReferenceException, mscorlib, Version=4.0.0.0, Culture=neutral, PublicKeyToken=b77a5c561934e089
Message : Object reference not set to an instance of an object.
Source : Telerik.Sitefinity
Help link : 
Data : System.Collections.ListDictionaryInternal
TargetSite : Void VerifySectionRegistered(System.Type, System.String)
HResult : -2147467261
Stack Trace :    at Telerik.Sitefinity.Configuration.Config.VerifySectionRegistered(Type sectionType, String sectionName)
   at Telerik.Sitefinity.Configuration.Config.GetSectionInternal(Type sectionType, Boolean safeMode, String sectionName)
   at Telerik.Sitefinity.Configuration.Config.GetSectionPrivate(Type sectionType, Boolean safeMode, String sectionName)
   at Telerik.Sitefinity.Configuration.Config.GetSectionPrivate[TSection](Boolean safeMode)
   at Telerik.Sitefinity.Localization.ResourceManager.get_ProvidersSettings()
   at Telerik.Sitefinity.Data.ManagerBase`1.GetProvidersSettings()
   at Telerik.Sitefinity.Data.ManagerBase`1.Initialize()

Additional Info:

MachineName : DEN-100001176
TimeStamp : 11/9/2015 4:10:02 PM
FullName : Telerik.Sitefinity.Utilities, Version=8.0.5700.0, Culture=neutral, PublicKeyToken=b28c218413bdf563
AppDomainName : /LM/W3SVC/2/ROOT-1-130915589760132689
ThreadIdentity : SWIFTPAGE\Jeremy.Kron
WindowsIdentity : SWIFTPAGE\Jeremy.Kron


Category: ErrorLog

Priority: 0

EventId: 90030

Severity: Error

Title:Enterprise Library Exception Handling

Machine: DEN-100001176

App Domain: /LM/W3SVC/2/ROOT-1-130915589760132689

ProcessId: 7960

Process Name: C:\Program Files (x86)\Microsoft Visual Studio 12.0\Common7\IDE\Microsoft.VisualStudio.Web.Host.exe

Thread Name: 

Win32 ThreadId:8936

Extended Properties: 
----------------------------------------
----------------------------------------
Timestamp: 11/9/2015 4:10:10 PM

Message: HandlingInstanceID: b0c07e79-9203-45af-a792-6cce0a856c37
An exception of type 'System.NullReferenceException' occurred and was caught.
-----------------------------------------------------------------------------
11/09/2015 09:10:10
Type : System.NullReferenceException, mscorlib, Version=4.0.0.0, Culture=neutral, PublicKeyToken=b77a5c561934e089
Message : Object reference not set to an instance of an object.
Source : Telerik.Sitefinity
Help link : 
Data : System.Collections.ListDictionaryInternal
TargetSite : Void VerifySectionRegistered(System.Type, System.String)
HResult : -2147467261
Stack Trace :    at Telerik.Sitefinity.Configuration.Config.VerifySectionRegistered(Type sectionType, String sectionName)
   at Telerik.Sitefinity.Configuration.Config.GetSectionInternal(Type sectionType, Boolean safeMode, String sectionName)
   at Telerik.Sitefinity.Configuration.Config.GetSectionPrivate(Type sectionType, Boolean safeMode, String sectionName)
   at Telerik.Sitefinity.Configuration.Config.GetSectionPrivate[TSection](Boolean safeMode)
   at Telerik.Sitefinity.Localization.ResourceManager.get_ProvidersSettings()
   at Telerik.Sitefinity.Data.ManagerBase`1.GetProvidersSettings()
   at Telerik.Sitefinity.Data.ManagerBase`1.Initialize()

Additional Info:

MachineName : DEN-100001176
TimeStamp : 11/9/2015 4:10:10 PM
FullName : Telerik.Sitefinity.Utilities, Version=8.0.5700.0, Culture=neutral, PublicKeyToken=b28c218413bdf563
AppDomainName : /LM/W3SVC/2/ROOT-2-130915590035710244
ThreadIdentity : SWIFTPAGE\Jeremy.Kron
WindowsIdentity : SWIFTPAGE\Jeremy.Kron


Category: ErrorLog

Priority: 0

EventId: 90030

Severity: Error

Title:Enterprise Library Exception Handling

Machine: DEN-100001176

App Domain: /LM/W3SVC/2/ROOT-2-130915590035710244

ProcessId: 7960

Process Name: C:\Program Files (x86)\Microsoft Visual Studio 12.0\Common7\IDE\Microsoft.VisualStudio.Web.Host.exe

Thread Name: 

Win32 ThreadId:8936

Extended Properties: 
----------------------------------------
----------------------------------------
Timestamp: 11/9/2015 4:31:26 PM

Message: HandlingInstanceID: 30b46cd3-c5db-41f8-9cd0-e4d54c2843c2
An exception of type 'System.NullReferenceException' occurred and was caught.
-----------------------------------------------------------------------------
11/09/2015 09:31:26
Type : System.NullReferenceException, mscorlib, Version=4.0.0.0, Culture=neutral, PublicKeyToken=b77a5c561934e089
Message : Object reference not set to an instance of an object.
Source : Telerik.Sitefinity
Help link : 
Data : System.Collections.ListDictionaryInternal
TargetSite : Void VerifySectionRegistered(System.Type, System.String)
HResult : -2147467261
Stack Trace :    at Telerik.Sitefinity.Configuration.Config.VerifySectionRegistered(Type sectionType, String sectionName)
   at Telerik.Sitefinity.Configuration.Config.GetSectionInternal(Type sectionType, Boolean safeMode, String sectionName)
   at Telerik.Sitefinity.Configuration.Config.GetSectionPrivate(Type sectionType, Boolean safeMode, String sectionName)
   at Telerik.Sitefinity.Configuration.Config.GetSectionPrivate[TSection](Boolean safeMode)
   at Telerik.Sitefinity.Localization.ResourceManager.get_ProvidersSettings()
   at Telerik.Sitefinity.Data.ManagerBase`1.GetProvidersSettings()
   at Telerik.Sitefinity.Data.ManagerBase`1.Initialize()

Additional Info:

MachineName : DEN-100001176
TimeStamp : 11/9/2015 4:31:26 PM
FullName : Telerik.Sitefinity.Utilities, Version=8.0.5700.0, Culture=neutral, PublicKeyToken=b28c218413bdf563
AppDomainName : /LM/W3SVC/2/ROOT-3-130915602777534299
ThreadIdentity : SWIFTPAGE\Jeremy.Kron
WindowsIdentity : SWIFTPAGE\Jeremy.Kron


Category: ErrorLog

Priority: 0

EventId: 90030

Severity: Error

Title:Enterprise Library Exception Handling

Machine: DEN-100001176

App Domain: /LM/W3SVC/2/ROOT-3-130915602777534299

ProcessId: 7960

Process Name: C:\Program Files (x86)\Microsoft Visual Studio 12.0\Common7\IDE\Microsoft.VisualStudio.Web.Host.exe

Thread Name: 

Win32 ThreadId:11856

Extended Properties: 
----------------------------------------
----------------------------------------
Timestamp: 11/9/2015 4:31:57 PM

Message: HandlingInstanceID: 3e19d051-a864-4aa6-b4a1-72e2111e508e
An exception of type 'System.NullReferenceException' occurred and was caught.
-----------------------------------------------------------------------------
11/09/2015 09:31:57
Type : System.NullReferenceException, mscorlib, Version=4.0.0.0, Culture=neutral, PublicKeyToken=b77a5c561934e089
Message : Object reference not set to an instance of an object.
Source : Telerik.Sitefinity
Help link : 
Data : System.Collections.ListDictionaryInternal
TargetSite : Void VerifySectionRegistered(System.Type, System.String)
HResult : -2147467261
Stack Trace :    at Telerik.Sitefinity.Configuration.Config.VerifySectionRegistered(Type sectionType, String sectionName)
   at Telerik.Sitefinity.Configuration.Config.GetSectionInternal(Type sectionType, Boolean safeMode, String sectionName)
   at Telerik.Sitefinity.Configuration.Config.GetSectionPrivate(Type sectionType, Boolean safeMode, String sectionName)
   at Telerik.Sitefinity.Configuration.Config.GetSectionPrivate[TSection](Boolean safeMode)
   at Telerik.Sitefinity.Localization.ResourceManager.get_ProvidersSettings()
   at Telerik.Sitefinity.Data.ManagerBase`1.GetProvidersSettings()
   at Telerik.Sitefinity.Data.ManagerBase`1.Initialize()

Additional Info:

MachineName : DEN-100001176
TimeStamp : 11/9/2015 4:31:57 PM
FullName : Telerik.Sitefinity.Utilities, Version=8.0.5700.0, Culture=neutral, PublicKeyToken=b28c218413bdf563
AppDomainName : /LM/W3SVC/2/ROOT-4-130915603112447787
ThreadIdentity : SWIFTPAGE\Jeremy.Kron
WindowsIdentity : SWIFTPAGE\Jeremy.Kron


Category: ErrorLog

Priority: 0

EventId: 90030

Severity: Error

Title:Enterprise Library Exception Handling

Machine: DEN-100001176

App Domain: /LM/W3SVC/2/ROOT-4-130915603112447787

ProcessId: 7960

Process Name: C:\Program Files (x86)\Microsoft Visual Studio 12.0\Common7\IDE\Microsoft.VisualStudio.Web.Host.exe

Thread Name: 

Win32 ThreadId:11856

Extended Properties: 
----------------------------------------
----------------------------------------
Timestamp: 11/9/2015 5:26:45 PM

Message: HandlingInstanceID: 1cf264a2-1dc7-4cf4-8f9a-2e330b467130
An exception of type 'System.NullReferenceException' occurred and was caught.
-----------------------------------------------------------------------------
11/09/2015 10:26:45
Type : System.NullReferenceException, mscorlib, Version=4.0.0.0, Culture=neutral, PublicKeyToken=b77a5c561934e089
Message : Object reference not set to an instance of an object.
Source : Telerik.Sitefinity
Help link : 
Data : System.Collections.ListDictionaryInternal
TargetSite : Void VerifySectionRegistered(System.Type, System.String)
HResult : -2147467261
Stack Trace :    at Telerik.Sitefinity.Configuration.Config.VerifySectionRegistered(Type sectionType, String sectionName)
   at Telerik.Sitefinity.Configuration.Config.GetSectionInternal(Type sectionType, Boolean safeMode, String sectionName)
   at Telerik.Sitefinity.Configuration.Config.GetSectionPrivate(Type sectionType, Boolean safeMode, String sectionName)
   at Telerik.Sitefinity.Configuration.Config.GetSectionPrivate[TSection](Boolean safeMode)
   at Telerik.Sitefinity.Localization.ResourceManager.get_ProvidersSettings()
   at Telerik.Sitefinity.Data.ManagerBase`1.GetProvidersSettings()
   at Telerik.Sitefinity.Data.ManagerBase`1.Initialize()

Additional Info:

MachineName : DEN-100001176
TimeStamp : 11/9/2015 5:26:45 PM
FullName : Telerik.Sitefinity.Utilities, Version=8.0.5700.0, Culture=neutral, PublicKeyToken=b28c218413bdf563
AppDomainName : /LM/W3SVC/2/ROOT-5-130915635970983312
ThreadIdentity : SWIFTPAGE\Jeremy.Kron
WindowsIdentity : SWIFTPAGE\Jeremy.Kron


Category: ErrorLog

Priority: 0

EventId: 90030

Severity: Error

Title:Enterprise Library Exception Handling

Machine: DEN-100001176

App Domain: /LM/W3SVC/2/ROOT-5-130915635970983312

ProcessId: 7960

Process Name: C:\Program Files (x86)\Microsoft Visual Studio 12.0\Common7\IDE\Microsoft.VisualStudio.Web.Host.exe

Thread Name: 

Win32 ThreadId:11616

Extended Properties: 
----------------------------------------
----------------------------------------
Timestamp: 11/9/2015 5:26:55 PM

Message: HandlingInstanceID: 1cff9a42-24e3-44cf-8e9a-5d10b32a9d56
An exception of type 'System.NullReferenceException' occurred and was caught.
-----------------------------------------------------------------------------
11/09/2015 10:26:55
Type : System.NullReferenceException, mscorlib, Version=4.0.0.0, Culture=neutral, PublicKeyToken=b77a5c561934e089
Message : Object reference not set to an instance of an object.
Source : Telerik.Sitefinity
Help link : 
Data : System.Collections.ListDictionaryInternal
TargetSite : Void VerifySectionRegistered(System.Type, System.String)
HResult : -2147467261
Stack Trace :    at Telerik.Sitefinity.Configuration.Config.VerifySectionRegistered(Type sectionType, String sectionName)
   at Telerik.Sitefinity.Configuration.Config.GetSectionInternal(Type sectionType, Boolean safeMode, String sectionName)
   at Telerik.Sitefinity.Configuration.Config.GetSectionPrivate(Type sectionType, Boolean safeMode, String sectionName)
   at Telerik.Sitefinity.Configuration.Config.GetSectionPrivate[TSection](Boolean safeMode)
   at Telerik.Sitefinity.Localization.ResourceManager.get_ProvidersSettings()
   at Telerik.Sitefinity.Data.ManagerBase`1.GetProvidersSettings()
   at Telerik.Sitefinity.Data.ManagerBase`1.Initialize()

Additional Info:

MachineName : DEN-100001176
TimeStamp : 11/9/2015 5:26:55 PM
FullName : Telerik.Sitefinity.Utilities, Version=8.0.5700.0, Culture=neutral, PublicKeyToken=b28c218413bdf563
AppDomainName : /LM/W3SVC/2/ROOT-6-130915636070243237
ThreadIdentity : SWIFTPAGE\Jeremy.Kron
WindowsIdentity : SWIFTPAGE\Jeremy.Kron


Category: ErrorLog

Priority: 0

EventId: 90030

Severity: Error

Title:Enterprise Library Exception Handling

Machine: DEN-100001176

App Domain: /LM/W3SVC/2/ROOT-6-130915636070243237

ProcessId: 7960

Process Name: C:\Program Files (x86)\Microsoft Visual Studio 12.0\Common7\IDE\Microsoft.VisualStudio.Web.Host.exe

Thread Name: 

Win32 ThreadId:7088

Extended Properties: 
----------------------------------------
----------------------------------------
Timestamp: 11/9/2015 5:27:04 PM

Message: HandlingInstanceID: f106ed95-279d-41c9-b8d6-b80ad78b3c5a
An exception of type 'System.NullReferenceException' occurred and was caught.
-----------------------------------------------------------------------------
11/09/2015 10:27:04
Type : System.NullReferenceException, mscorlib, Version=4.0.0.0, Culture=neutral, PublicKeyToken=b77a5c561934e089
Message : Object reference not set to an instance of an object.
Source : Telerik.Sitefinity
Help link : 
Data : System.Collections.ListDictionaryInternal
TargetSite : Void VerifySectionRegistered(System.Type, System.String)
HResult : -2147467261
Stack Trace :    at Telerik.Sitefinity.Configuration.Config.VerifySectionRegistered(Type sectionType, String sectionName)
   at Telerik.Sitefinity.Configuration.Config.GetSectionInternal(Type sectionType, Boolean safeMode, String sectionName)
   at Telerik.Sitefinity.Configuration.Config.GetSectionPrivate(Type sectionType, Boolean safeMode, String sectionName)
   at Telerik.Sitefinity.Configuration.Config.GetSectionPrivate[TSection](Boolean safeMode)
   at Telerik.Sitefinity.Localization.ResourceManager.get_ProvidersSettings()
   at Telerik.Sitefinity.Data.ManagerBase`1.GetProvidersSettings()
   at Telerik.Sitefinity.Data.ManagerBase`1.Initialize()

Additional Info:

MachineName : DEN-100001176
TimeStamp : 11/9/2015 5:27:04 PM
FullName : Telerik.Sitefinity.Utilities, Version=8.0.5700.0, Culture=neutral, PublicKeyToken=b28c218413bdf563
AppDomainName : /LM/W3SVC/2/ROOT-7-130915636162292441
ThreadIdentity : SWIFTPAGE\Jeremy.Kron
WindowsIdentity : SWIFTPAGE\Jeremy.Kron


Category: ErrorLog

Priority: 0

EventId: 90030

Severity: Error

Title:Enterprise Library Exception Handling

Machine: DEN-100001176

App Domain: /LM/W3SVC/2/ROOT-7-130915636162292441

ProcessId: 7960

Process Name: C:\Program Files (x86)\Microsoft Visual Studio 12.0\Common7\IDE\Microsoft.VisualStudio.Web.Host.exe

Thread Name: 

Win32 ThreadId:10568

Extended Properties: 
----------------------------------------
----------------------------------------
Timestamp: 11/9/2015 5:58:04 PM

Message: HandlingInstanceID: 8f9ef8f2-f936-481d-97ca-e41d2e86f275
An exception of type 'System.NullReferenceException' occurred and was caught.
-----------------------------------------------------------------------------
11/09/2015 10:58:04
Type : System.NullReferenceException, mscorlib, Version=4.0.0.0, Culture=neutral, PublicKeyToken=b77a5c561934e089
Message : Object reference not set to an instance of an object.
Source : Telerik.Sitefinity
Help link : 
Data : System.Collections.ListDictionaryInternal
TargetSite : Void VerifySectionRegistered(System.Type, System.String)
HResult : -2147467261
Stack Trace :    at Telerik.Sitefinity.Configuration.Config.VerifySectionRegistered(Type sectionType, String sectionName)
   at Telerik.Sitefinity.Configuration.Config.GetSectionInternal(Type sectionType, Boolean safeMode, String sectionName)
   at Telerik.Sitefinity.Configuration.Config.GetSectionPrivate(Type sectionType, Boolean safeMode, String sectionName)
   at Telerik.Sitefinity.Configuration.Config.GetSectionPrivate[TSection](Boolean safeMode)
   at Telerik.Sitefinity.Localization.ResourceManager.get_ProvidersSettings()
   at Telerik.Sitefinity.Data.ManagerBase`1.GetProvidersSettings()
   at Telerik.Sitefinity.Data.ManagerBase`1.Initialize()

Additional Info:

MachineName : DEN-100001176
TimeStamp : 11/9/2015 5:58:04 PM
FullName : Telerik.Sitefinity.Utilities, Version=8.0.5700.0, Culture=neutral, PublicKeyToken=b28c218413bdf563
AppDomainName : /LM/W3SVC/2/ROOT-8-130915654769442970
ThreadIdentity : SWIFTPAGE\Jeremy.Kron
WindowsIdentity : SWIFTPAGE\Jeremy.Kron


Category: ErrorLog

Priority: 0

EventId: 90030

Severity: Error

Title:Enterprise Library Exception Handling

Machine: DEN-100001176

App Domain: /LM/W3SVC/2/ROOT-8-130915654769442970

ProcessId: 7960

Process Name: C:\Program Files (x86)\Microsoft Visual Studio 12.0\Common7\IDE\Microsoft.VisualStudio.Web.Host.exe

Thread Name: 

Win32 ThreadId:1644

Extended Properties: 
----------------------------------------
----------------------------------------
Timestamp: 11/9/2015 6:14:33 PM

Message: HandlingInstanceID: 01a16353-0664-430c-b30f-2d91adb854e0
An exception of type 'System.NullReferenceException' occurred and was caught.
-----------------------------------------------------------------------------
11/09/2015 11:14:33
Type : System.NullReferenceException, mscorlib, Version=4.0.0.0, Culture=neutral, PublicKeyToken=b77a5c561934e089
Message : Object reference not set to an instance of an object.
Source : Telerik.Sitefinity
Help link : 
Data : System.Collections.ListDictionaryInternal
TargetSite : Void VerifySectionRegistered(System.Type, System.String)
HResult : -2147467261
Stack Trace :    at Telerik.Sitefinity.Configuration.Config.VerifySectionRegistered(Type sectionType, String sectionName)
   at Telerik.Sitefinity.Configuration.Config.GetSectionInternal(Type sectionType, Boolean safeMode, String sectionName)
   at Telerik.Sitefinity.Configuration.Config.GetSectionPrivate(Type sectionType, Boolean safeMode, String sectionName)
   at Telerik.Sitefinity.Configuration.Config.GetSectionPrivate[TSection](Boolean safeMode)
   at Telerik.Sitefinity.Localization.ResourceManager.get_ProvidersSettings()
   at Telerik.Sitefinity.Data.ManagerBase`1.GetProvidersSettings()
   at Telerik.Sitefinity.Data.ManagerBase`1.Initialize()

Additional Info:

MachineName : DEN-100001176
TimeStamp : 11/9/2015 6:14:33 PM
FullName : Telerik.Sitefinity.Utilities, Version=8.0.5700.0, Culture=neutral, PublicKeyToken=b28c218413bdf563
AppDomainName : /LM/W3SVC/2/ROOT-9-130915664655261453
ThreadIdentity : SWIFTPAGE\Jeremy.Kron
WindowsIdentity : SWIFTPAGE\Jeremy.Kron


Category: ErrorLog

Priority: 0

EventId: 90030

Severity: Error

Title:Enterprise Library Exception Handling

Machine: DEN-100001176

App Domain: /LM/W3SVC/2/ROOT-9-130915664655261453

ProcessId: 7960

Process Name: C:\Program Files (x86)\Microsoft Visual Studio 12.0\Common7\IDE\Microsoft.VisualStudio.Web.Host.exe

Thread Name: 

Win32 ThreadId:11712

Extended Properties: 
----------------------------------------
----------------------------------------
Timestamp: 11/9/2015 6:14:42 PM

Message: HandlingInstanceID: a1730158-005f-44ad-bd74-396ad6f09dc8
An exception of type 'System.NullReferenceException' occurred and was caught.
-----------------------------------------------------------------------------
11/09/2015 11:14:42
Type : System.NullReferenceException, mscorlib, Version=4.0.0.0, Culture=neutral, PublicKeyToken=b77a5c561934e089
Message : Object reference not set to an instance of an object.
Source : Telerik.Sitefinity
Help link : 
Data : System.Collections.ListDictionaryInternal
TargetSite : Void VerifySectionRegistered(System.Type, System.String)
HResult : -2147467261
Stack Trace :    at Telerik.Sitefinity.Configuration.Config.VerifySectionRegistered(Type sectionType, String sectionName)
   at Telerik.Sitefinity.Configuration.Config.GetSectionInternal(Type sectionType, Boolean safeMode, String sectionName)
   at Telerik.Sitefinity.Configuration.Config.GetSectionPrivate(Type sectionType, Boolean safeMode, String sectionName)
   at Telerik.Sitefinity.Configuration.Config.GetSectionPrivate[TSection](Boolean safeMode)
   at Telerik.Sitefinity.Localization.ResourceManager.get_ProvidersSettings()
   at Telerik.Sitefinity.Data.ManagerBase`1.GetProvidersSettings()
   at Telerik.Sitefinity.Data.ManagerBase`1.Initialize()

Additional Info:

MachineName : DEN-100001176
TimeStamp : 11/9/2015 6:14:42 PM
FullName : Telerik.Sitefinity.Utilities, Version=8.0.5700.0, Culture=neutral, PublicKeyToken=b28c218413bdf563
AppDomainName : /LM/W3SVC/2/ROOT-10-130915664744320358
ThreadIdentity : SWIFTPAGE\Jeremy.Kron
WindowsIdentity : SWIFTPAGE\Jeremy.Kron


Category: ErrorLog

Priority: 0

EventId: 90030

Severity: Error

Title:Enterprise Library Exception Handling

Machine: DEN-100001176

App Domain: /LM/W3SVC/2/ROOT-10-130915664744320358

ProcessId: 7960

Process Name: C:\Program Files (x86)\Microsoft Visual Studio 12.0\Common7\IDE\Microsoft.VisualStudio.Web.Host.exe

Thread Name: 

Win32 ThreadId:11712

Extended Properties: 
----------------------------------------
----------------------------------------
Timestamp: 11/9/2015 6:14:59 PM

Message: HandlingInstanceID: d8a33b98-a5e1-4e97-85f3-412bb0131eb5
An exception of type 'System.NullReferenceException' occurred and was caught.
-----------------------------------------------------------------------------
11/09/2015 11:14:59
Type : System.NullReferenceException, mscorlib, Version=4.0.0.0, Culture=neutral, PublicKeyToken=b77a5c561934e089
Message : Object reference not set to an instance of an object.
Source : Telerik.Sitefinity
Help link : 
Data : System.Collections.ListDictionaryInternal
TargetSite : Void VerifySectionRegistered(System.Type, System.String)
HResult : -2147467261
Stack Trace :    at Telerik.Sitefinity.Configuration.Config.VerifySectionRegistered(Type sectionType, String sectionName)
   at Telerik.Sitefinity.Configuration.Config.GetSectionInternal(Type sectionType, Boolean safeMode, String sectionName)
   at Telerik.Sitefinity.Configuration.Config.GetSectionPrivate(Type sectionType, Boolean safeMode, String sectionName)
   at Telerik.Sitefinity.Configuration.Config.GetSectionPrivate[TSection](Boolean safeMode)
   at Telerik.Sitefinity.Localization.ResourceManager.get_ProvidersSettings()
   at Telerik.Sitefinity.Data.ManagerBase`1.GetProvidersSettings()
   at Telerik.Sitefinity.Data.ManagerBase`1.Initialize()

Additional Info:

MachineName : DEN-100001176
TimeStamp : 11/9/2015 6:14:59 PM
FullName : Telerik.Sitefinity.Utilities, Version=8.0.5700.0, Culture=neutral, PublicKeyToken=b28c218413bdf563
AppDomainName : /LM/W3SVC/2/ROOT-11-130915664911577082
ThreadIdentity : SWIFTPAGE\Jeremy.Kron
WindowsIdentity : SWIFTPAGE\Jeremy.Kron


Category: ErrorLog

Priority: 0

EventId: 90030

Severity: Error

Title:Enterprise Library Exception Handling

Machine: DEN-100001176

App Domain: /LM/W3SVC/2/ROOT-11-130915664911577082

ProcessId: 7960

Process Name: C:\Program Files (x86)\Microsoft Visual Studio 12.0\Common7\IDE\Microsoft.VisualStudio.Web.Host.exe

Thread Name: 

Win32 ThreadId:11352

Extended Properties: 
----------------------------------------
----------------------------------------
Timestamp: 11/9/2015 6:33:06 PM

Message: HandlingInstanceID: bd378b21-5d60-44a0-921d-998217baca5a
An exception of type 'System.NullReferenceException' occurred and was caught.
-----------------------------------------------------------------------------
11/09/2015 11:33:06
Type : System.NullReferenceException, mscorlib, Version=4.0.0.0, Culture=neutral, PublicKeyToken=b77a5c561934e089
Message : Object reference not set to an instance of an object.
Source : Telerik.Sitefinity
Help link : 
Data : System.Collections.ListDictionaryInternal
TargetSite : Void VerifySectionRegistered(System.Type, System.String)
HResult : -2147467261
Stack Trace :    at Telerik.Sitefinity.Configuration.Config.VerifySectionRegistered(Type sectionType, String sectionName)
   at Telerik.Sitefinity.Configuration.Config.GetSectionInternal(Type sectionType, Boolean safeMode, String sectionName)
   at Telerik.Sitefinity.Configuration.Config.GetSectionPrivate(Type sectionType, Boolean safeMode, String sectionName)
   at Telerik.Sitefinity.Configuration.Config.GetSectionPrivate[TSection](Boolean safeMode)
   at Telerik.Sitefinity.Localization.ResourceManager.get_ProvidersSettings()
   at Telerik.Sitefinity.Data.ManagerBase`1.GetProvidersSettings()
   at Telerik.Sitefinity.Data.ManagerBase`1.Initialize()

Additional Info:

MachineName : DEN-100001176
TimeStamp : 11/9/2015 6:33:06 PM
FullName : Telerik.Sitefinity.Utilities, Version=8.0.5700.0, Culture=neutral, PublicKeyToken=b28c218413bdf563
AppDomainName : /LM/W3SVC/2/ROOT-12-130915675774433259
ThreadIdentity : SWIFTPAGE\Jeremy.Kron
WindowsIdentity : SWIFTPAGE\Jeremy.Kron


Category: ErrorLog

Priority: 0

EventId: 90030

Severity: Error

Title:Enterprise Library Exception Handling

Machine: DEN-100001176

App Domain: /LM/W3SVC/2/ROOT-12-130915675774433259

ProcessId: 7960

Process Name: C:\Program Files (x86)\Microsoft Visual Studio 12.0\Common7\IDE\Microsoft.VisualStudio.Web.Host.exe

Thread Name: 

Win32 ThreadId:10120

Extended Properties: 
----------------------------------------
----------------------------------------
Timestamp: 11/9/2015 6:33:15 PM

Message: HandlingInstanceID: e70725ff-0fe2-4c5d-b13e-2c1275d132a9
An exception of type 'System.NullReferenceException' occurred and was caught.
-----------------------------------------------------------------------------
11/09/2015 11:33:15
Type : System.NullReferenceException, mscorlib, Version=4.0.0.0, Culture=neutral, PublicKeyToken=b77a5c561934e089
Message : Object reference not set to an instance of an object.
Source : Telerik.Sitefinity
Help link : 
Data : System.Collections.ListDictionaryInternal
TargetSite : Void VerifySectionRegistered(System.Type, System.String)
HResult : -2147467261
Stack Trace :    at Telerik.Sitefinity.Configuration.Config.VerifySectionRegistered(Type sectionType, String sectionName)
   at Telerik.Sitefinity.Configuration.Config.GetSectionInternal(Type sectionType, Boolean safeMode, String sectionName)
   at Telerik.Sitefinity.Configuration.Config.GetSectionPrivate(Type sectionType, Boolean safeMode, String sectionName)
   at Telerik.Sitefinity.Configuration.Config.GetSectionPrivate[TSection](Boolean safeMode)
   at Telerik.Sitefinity.Localization.ResourceManager.get_ProvidersSettings()
   at Telerik.Sitefinity.Data.ManagerBase`1.GetProvidersSettings()
   at Telerik.Sitefinity.Data.ManagerBase`1.Initialize()

Additional Info:

MachineName : DEN-100001176
TimeStamp : 11/9/2015 6:33:15 PM
FullName : Telerik.Sitefinity.Utilities, Version=8.0.5700.0, Culture=neutral, PublicKeyToken=b28c218413bdf563
AppDomainName : /LM/W3SVC/2/ROOT-13-130915675869742789
ThreadIdentity : SWIFTPAGE\Jeremy.Kron
WindowsIdentity : SWIFTPAGE\Jeremy.Kron


Category: ErrorLog

Priority: 0

EventId: 90030

Severity: Error

Title:Enterprise Library Exception Handling

Machine: DEN-100001176

App Domain: /LM/W3SVC/2/ROOT-13-130915675869742789

ProcessId: 7960

Process Name: C:\Program Files (x86)\Microsoft Visual Studio 12.0\Common7\IDE\Microsoft.VisualStudio.Web.Host.exe

Thread Name: 

Win32 ThreadId:10120

Extended Properties: 
----------------------------------------
----------------------------------------
Timestamp: 11/9/2015 9:06:02 PM

Message: HandlingInstanceID: 0fa8505a-4a8d-452a-a0d2-1c2026d0c4df
An exception of type 'System.NullReferenceException' occurred and was caught.
-----------------------------------------------------------------------------
11/09/2015 14:06:02
Type : System.NullReferenceException, mscorlib, Version=4.0.0.0, Culture=neutral, PublicKeyToken=b77a5c561934e089
Message : Object reference not set to an instance of an object.
Source : Telerik.Sitefinity
Help link : 
Data : System.Collections.ListDictionaryInternal
TargetSite : Void VerifySectionRegistered(System.Type, System.String)
HResult : -2147467261
Stack Trace :    at Telerik.Sitefinity.Configuration.Config.VerifySectionRegistered(Type sectionType, String sectionName)
   at Telerik.Sitefinity.Configuration.Config.GetSectionInternal(Type sectionType, Boolean safeMode, String sectionName)
   at Telerik.Sitefinity.Configuration.Config.GetSectionPrivate(Type sectionType, Boolean safeMode, String sectionName)
   at Telerik.Sitefinity.Configuration.Config.GetSectionPrivate[TSection](Boolean safeMode)
   at Telerik.Sitefinity.Localization.ResourceManager.get_ProvidersSettings()
   at Telerik.Sitefinity.Data.ManagerBase`1.GetProvidersSettings()
   at Telerik.Sitefinity.Data.ManagerBase`1.Initialize()

Additional Info:

MachineName : DEN-100001176
TimeStamp : 11/9/2015 9:06:02 PM
FullName : Telerik.Sitefinity.Utilities, Version=8.0.5700.0, Culture=neutral, PublicKeyToken=b28c218413bdf563
AppDomainName : /LM/W3SVC/2/ROOT-14-130915731589524210
ThreadIdentity : SWIFTPAGE\Jeremy.Kron
WindowsIdentity : SWIFTPAGE\Jeremy.Kron


Category: ErrorLog

Priority: 0

EventId: 90030

Severity: Error

Title:Enterprise Library Exception Handling

Machine: DEN-100001176

App Domain: /LM/W3SVC/2/ROOT-14-130915731589524210

ProcessId: 7960

Process Name: C:\Program Files (x86)\Microsoft Visual Studio 12.0\Common7\IDE\Microsoft.VisualStudio.Web.Host.exe

Thread Name: 

Win32 ThreadId:8968

Extended Properties: 
----------------------------------------
----------------------------------------
Timestamp: 11/9/2015 9:06:11 PM

Message: HandlingInstanceID: 8929f59e-552a-45b8-9257-aee7f271b381
An exception of type 'System.NullReferenceException' occurred and was caught.
-----------------------------------------------------------------------------
11/09/2015 14:06:11
Type : System.NullReferenceException, mscorlib, Version=4.0.0.0, Culture=neutral, PublicKeyToken=b77a5c561934e089
Message : Object reference not set to an instance of an object.
Source : Telerik.Sitefinity
Help link : 
Data : System.Collections.ListDictionaryInternal
TargetSite : Void VerifySectionRegistered(System.Type, System.String)
HResult : -2147467261
Stack Trace :    at Telerik.Sitefinity.Configuration.Config.VerifySectionRegistered(Type sectionType, String sectionName)
   at Telerik.Sitefinity.Configuration.Config.GetSectionInternal(Type sectionType, Boolean safeMode, String sectionName)
   at Telerik.Sitefinity.Configuration.Config.GetSectionPrivate(Type sectionType, Boolean safeMode, String sectionName)
   at Telerik.Sitefinity.Configuration.Config.GetSectionPrivate[TSection](Boolean safeMode)
   at Telerik.Sitefinity.Localization.ResourceManager.get_ProvidersSettings()
   at Telerik.Sitefinity.Data.ManagerBase`1.GetProvidersSettings()
   at Telerik.Sitefinity.Data.ManagerBase`1.Initialize()

Additional Info:

MachineName : DEN-100001176
TimeStamp : 11/9/2015 9:06:11 PM
FullName : Telerik.Sitefinity.Utilities, Version=8.0.5700.0, Culture=neutral, PublicKeyToken=b28c218413bdf563
AppDomainName : /LM/W3SVC/2/ROOT-15-130915767630440150
ThreadIdentity : SWIFTPAGE\Jeremy.Kron
WindowsIdentity : SWIFTPAGE\Jeremy.Kron


Category: ErrorLog

Priority: 0

EventId: 90030

Severity: Error

Title:Enterprise Library Exception Handling

Machine: DEN-100001176

App Domain: /LM/W3SVC/2/ROOT-15-130915767630440150

ProcessId: 7960

Process Name: C:\Program Files (x86)\Microsoft Visual Studio 12.0\Common7\IDE\Microsoft.VisualStudio.Web.Host.exe

Thread Name: 

Win32 ThreadId:8968

Extended Properties: 
----------------------------------------
----------------------------------------
Timestamp: 11/9/2015 9:06:21 PM

Message: HandlingInstanceID: ac694cf5-b5b1-41c5-9d71-302f88da3f2d
An exception of type 'System.NullReferenceException' occurred and was caught.
-----------------------------------------------------------------------------
11/09/2015 14:06:21
Type : System.NullReferenceException, mscorlib, Version=4.0.0.0, Culture=neutral, PublicKeyToken=b77a5c561934e089
Message : Object reference not set to an instance of an object.
Source : Telerik.Sitefinity
Help link : 
Data : System.Collections.ListDictionaryInternal
TargetSite : Void VerifySectionRegistered(System.Type, System.String)
HResult : -2147467261
Stack Trace :    at Telerik.Sitefinity.Configuration.Config.VerifySectionRegistered(Type sectionType, String sectionName)
   at Telerik.Sitefinity.Configuration.Config.GetSectionInternal(Type sectionType, Boolean safeMode, String sectionName)
   at Telerik.Sitefinity.Configuration.Config.GetSectionPrivate(Type sectionType, Boolean safeMode, String sectionName)
   at Telerik.Sitefinity.Configuration.Config.GetSectionPrivate[TSection](Boolean safeMode)
   at Telerik.Sitefinity.Localization.ResourceManager.get_ProvidersSettings()
   at Telerik.Sitefinity.Data.ManagerBase`1.GetProvidersSettings()
   at Telerik.Sitefinity.Data.ManagerBase`1.Initialize()

Additional Info:

MachineName : DEN-100001176
TimeStamp : 11/9/2015 9:06:21 PM
FullName : Telerik.Sitefinity.Utilities, Version=8.0.5700.0, Culture=neutral, PublicKeyToken=b28c218413bdf563
AppDomainName : /LM/W3SVC/2/ROOT-16-130915767725139619
ThreadIdentity : SWIFTPAGE\Jeremy.Kron
WindowsIdentity : SWIFTPAGE\Jeremy.Kron


Category: ErrorLog

Priority: 0

EventId: 90030

Severity: Error

Title:Enterprise Library Exception Handling

Machine: DEN-100001176

App Domain: /LM/W3SVC/2/ROOT-16-130915767725139619

ProcessId: 7960

Process Name: C:\Program Files (x86)\Microsoft Visual Studio 12.0\Common7\IDE\Microsoft.VisualStudio.Web.Host.exe

Thread Name: 

Win32 ThreadId:11944

Extended Properties: 
----------------------------------------
----------------------------------------
Timestamp: 11/9/2015 9:45:43 PM

Message: HandlingInstanceID: 48deeba2-7ec1-42af-8507-68907af572fd
An exception of type 'System.NullReferenceException' occurred and was caught.
-----------------------------------------------------------------------------
11/09/2015 14:45:43
Type : System.NullReferenceException, mscorlib, Version=4.0.0.0, Culture=neutral, PublicKeyToken=b77a5c561934e089
Message : Object reference not set to an instance of an object.
Source : Telerik.Sitefinity
Help link : 
Data : System.Collections.ListDictionaryInternal
TargetSite : Void VerifySectionRegistered(System.Type, System.String)
HResult : -2147467261
Stack Trace :    at Telerik.Sitefinity.Configuration.Config.VerifySectionRegistered(Type sectionType, String sectionName)
   at Telerik.Sitefinity.Configuration.Config.GetSectionInternal(Type sectionType, Boolean safeMode, String sectionName)
   at Telerik.Sitefinity.Configuration.Config.GetSectionPrivate(Type sectionType, Boolean safeMode, String sectionName)
   at Telerik.Sitefinity.Configuration.Config.GetSectionPrivate[TSection](Boolean safeMode)
   at Telerik.Sitefinity.Localization.ResourceManager.get_ProvidersSettings()
   at Telerik.Sitefinity.Data.ManagerBase`1.GetProvidersSettings()
   at Telerik.Sitefinity.Data.ManagerBase`1.Initialize()

Additional Info:

MachineName : DEN-100001176
TimeStamp : 11/9/2015 9:45:43 PM
FullName : Telerik.Sitefinity.Utilities, Version=8.0.5700.0, Culture=neutral, PublicKeyToken=b28c218413bdf563
AppDomainName : /LM/W3SVC/2/ROOT-17-130915791357032572
ThreadIdentity : SWIFTPAGE\Jeremy.Kron
WindowsIdentity : SWIFTPAGE\Jeremy.Kron


Category: ErrorLog

Priority: 0

EventId: 90030

Severity: Error

Title:Enterprise Library Exception Handling

Machine: DEN-100001176

App Domain: /LM/W3SVC/2/ROOT-17-130915791357032572

ProcessId: 7960

Process Name: C:\Program Files (x86)\Microsoft Visual Studio 12.0\Common7\IDE\Microsoft.VisualStudio.Web.Host.exe

Thread Name: 

Win32 ThreadId:13232

Extended Properties: 
----------------------------------------
