----------------------------------------
Timestamp: 1/22/2016 4:53:26 AM

Message: HandlingInstanceID: 56edfcca-8085-4fc0-b268-1ebe2f8addc0
An exception of type 'System.Reflection.TargetInvocationException' occurred and was caught.
-------------------------------------------------------------------------------------------
01/21/2016 21:53:26
Type : System.Reflection.TargetInvocationException, mscorlib, Version=4.0.0.0, Culture=neutral, PublicKeyToken=b77a5c561934e089
Message : Exception has been thrown by the target of an invocation.
Source : Unity_ILEmit_DynamicClasses
Help link : 
Data : System.Collections.ListDictionaryInternal
TargetSite : Telerik.Sitefinity.Licensing.Model.UserActivity GetUserActivity(System.Guid, System.String)
HResult : -2146232828
Stack Trace :    at DynamicModule.ns.Wrapped_OpenAccessUserActivityProvider_40f48334bc1647ccad816cea7f5e52c1.GetUserActivity(Guid userId, String providerName)
   at Telerik.Sitefinity.Security.SecurityManager.UpdateUserActivity(Guid userId, String providerName, DateTime lastActivityDate)
   at Telerik.Sitefinity.Security.SecurityManager.UpdateUserActivity(UserActivityRecord record)
   at Telerik.Sitefinity.Security.UserActivityManager.Refresh(String removedKey, Object expiredValue, CacheItemRemovedReason removalReason)

Additional Info:

MachineName : DEN-100001176
TimeStamp : 1/22/2016 4:53:26 AM
FullName : Telerik.Sitefinity.Utilities, Version=8.0.5700.0, Culture=neutral, PublicKeyToken=b28c218413bdf563
AppDomainName : /LM/W3SVC/2/ROOT-5-130978797546959949
ThreadIdentity : admin
WindowsIdentity : SWIFTPAGE\Jeremy.Kron
	Inner Exception
	---------------
	Type : Telerik.OpenAccess.Exceptions.DataStoreException, Telerik.OpenAccess, Version=2015.1.225.1, Culture=neutral, PublicKeyToken=7ce17eeaf1d59342
	Message : Unable to reach database server on host ''.
Error Details:Error executing query: Telerik.OpenAccess.RT.sql.SQLException: A transport-level error has occurred when sending the request to the server. (provider: Session Provider, error: 19 - Physical connection is not usable) ---> System.Data.SqlClient.SqlException: A transport-level error has occurred when sending the request to the server. (provider: Session Provider, error: 19 - Physical connection is not usable)
   at System.Data.SqlClient.TdsParser.TdsExecuteRPC(_SqlRPC[] rpcArray, Int32 timeout, Boolean inSchema, SqlNotificationRequest notificationRequest, TdsParserStateObject stateObj, Boolean isCommandProc, Boolean sync, TaskCompletionSource`1 completion, Int32 startRpc, Int32 startParam)
   at System.Data.SqlClient.SqlCommand.RunExecuteReaderTds(CommandBehavior cmdBehavior, RunBehavior runBehavior, Boolean returnStream, Boolean async, Int32 timeout, Task& task, Boolean asyncWrite, SqlDataReader ds)
   at System.Data.SqlClient.SqlCommand.RunExecuteReader(CommandBehavior cmdBehavior, RunBehavior runBehavior, Boolean returnStream, String method, TaskCompletionSource`1 completion, Int32 timeout, Task& task, Boolean asyncWrite)
   at System.Data.SqlClient.SqlCommand.RunExecuteReader(CommandBehavior cmdBehavior, RunBehavior runBehavior, Boolean returnStream, String method)
   at System.Data.SqlClient.SqlCommand.ExecuteReader(CommandBehavior behavior, String method)
   at System.Data.SqlClient.SqlCommand.ExecuteDbDataReader(CommandBehavior behavior)
   at System.Data.Common.DbCommand.ExecuteReader(CommandBehavior behavior)
   at OpenAccessRuntime.CommandWrapper.ExecuteReader(CommandBehavior behavior)
   at Telerik.OpenAccess.Runtime.Logging.LoggingDbCommand.ExecuteDbDataReader(CommandBehavior behavior)
   at System.Data.Common.DbCommand.ExecuteReader()
   at Telerik.OpenAccess.RT.Adonet2Generic.Impl.CommandImp.ExecuteReader()
   at Telerik.OpenAccess.RT.Adonet2Generic.Impl.PreparedStatementImp.executeQuery(Nullable`1 commandTimeout)
   --- End of inner exception stack trace ---
   at Telerik.OpenAccess.RT.Adonet2Generic.Impl.PreparedStatementImp.executeQuery(Nullable`1 commandTimeout)
   at OpenAccessRuntime.Relational.conn.PooledPreparedStatement.executeQuery(Nullable`1 commandTimeout)
   at OpenAccessRuntime.Relational.fetch.FetchResultImp.Execute()
SQL:
SELECT  TOP(??T) a.[user_id] AS COL1, a.[is_backend_user] AS COL2, a.[is_logged_in] AS COL3, a.[last_activity_date] AS COL4, a.[last_login_date] AS COL5, a.[login_ip] AS COL6, a.[provider_name] AS COL7, a.[token_id] AS COL8 FROM [sf_lic_user_activity] a WHERE a.[user_id] = ?                                       AND a.[provider_name] = ?                                       

	Source : Telerik.OpenAccess.Runtime
	Help link : 
	InnerExceptions : System.Exception[]
	FailedObject : 
	BackendError : Telerik.OpenAccess.RT.sql.SQLException: A transport-level error has occurred when sending the request to the server. (provider: Session Provider, error: 19 - Physical connection is not usable) ---> System.Data.SqlClient.SqlException: A transport-level error has occurred when sending the request to the server. (provider: Session Provider, error: 19 - Physical connection is not usable)
   at System.Data.SqlClient.TdsParser.TdsExecuteRPC(_SqlRPC[] rpcArray, Int32 timeout, Boolean inSchema, SqlNotificationRequest notificationRequest, TdsParserStateObject stateObj, Boolean isCommandProc, Boolean sync, TaskCompletionSource`1 completion, Int32 startRpc, Int32 startParam)
   at System.Data.SqlClient.SqlCommand.RunExecuteReaderTds(CommandBehavior cmdBehavior, RunBehavior runBehavior, Boolean returnStream, Boolean async, Int32 timeout, Task& task, Boolean asyncWrite, SqlDataReader ds)
   at System.Data.SqlClient.SqlCommand.RunExecuteReader(CommandBehavior cmdBehavior, RunBehavior runBehavior, Boolean returnStream, String method, TaskCompletionSource`1 completion, Int32 timeout, Task& task, Boolean asyncWrite)
   at System.Data.SqlClient.SqlCommand.RunExecuteReader(CommandBehavior cmdBehavior, RunBehavior runBehavior, Boolean returnStream, String method)
   at System.Data.SqlClient.SqlCommand.ExecuteReader(CommandBehavior behavior, String method)
   at System.Data.SqlClient.SqlCommand.ExecuteDbDataReader(CommandBehavior behavior)
   at System.Data.Common.DbCommand.ExecuteReader(CommandBehavior behavior)
   at OpenAccessRuntime.CommandWrapper.ExecuteReader(CommandBehavior behavior)
   at Telerik.OpenAccess.Runtime.Logging.LoggingDbCommand.ExecuteDbDataReader(CommandBehavior behavior)
   at System.Data.Common.DbCommand.ExecuteReader()
   at Telerik.OpenAccess.RT.Adonet2Generic.Impl.CommandImp.ExecuteReader()
   at Telerik.OpenAccess.RT.Adonet2Generic.Impl.PreparedStatementImp.executeQuery(Nullable`1 commandTimeout)
   --- End of inner exception stack trace ---
   at Telerik.OpenAccess.RT.Adonet2Generic.Impl.PreparedStatementImp.executeQuery(Nullable`1 commandTimeout)
   at OpenAccessRuntime.Relational.conn.PooledPreparedStatement.executeQuery(Nullable`1 commandTimeout)
   at OpenAccessRuntime.Relational.fetch.FetchResultImp.Execute()
	Reason : HostnameUnresolvable
	CanRetry : True
	Data : System.Collections.ListDictionaryInternal
	TargetSite : System.Exception Throw()
	HResult : -2146233088
	Stack Trace :    at OpenAccessRuntime.ExceptionWrapper.Throw()
	   at OpenAccessRuntime.storagemanager.logging.LoggingStorageManager.executeQueryAll(ApplicationContext context, ImmutableQueryDetails query, CompiledQuery compiledQuery, QueryParameters parameters, Int32 skip, Int32 take)
	   at OpenAccessRuntime.DataObjects.UnsynchronizedPMProxy.getAllQueryResults(CompiledQuery cq, QueryParameters parameters, Int32 skip, Int32 take)
	   at OpenAccessRuntime.DataObjects.ForwardQueryResult.Resolve()
	   at OpenAccessRuntime.DataObjects.ForwardQueryResult.Initialize()
	   at OpenAccessRuntime.DataObjects.ForwardQueryResult.get_Item(Int32 indexParam)
	   at OpenAccessRuntime.ListEnumerator.setCurrent(Int32 _pos)
	   at OpenAccessRuntime.ListEnumerator.Move(Int32 relative)
	   at OpenAccessRuntime.ListEnumerator.MoveNext()
	   at Telerik.OpenAccess.Query.TypedEnumerator`1.MoveNext()
	   at Telerik.OpenAccess.Query.ExpressionExecution.PerformDatabaseQuerySingle[TResult,T](ChainedContext context, Expression expression, QueryableCategory before, Int32& found, Int32 elemAt, Boolean single, Boolean diffType)
	   at Telerik.OpenAccess.Query.ExpressionExecution.PerformQuerySingle[T,TResult](ExpressionCutter cutter, MethodCallExpression mce, ChainedContext piece, QueryOptions options)
	   at Telerik.OpenAccess.Query.Piece`1.ExecuteSingle[TResult](Expression expression)

		Inner Exception
		---------------
		Type : Telerik.OpenAccess.RT.sql.SQLException, Telerik.OpenAccess.Runtime, Version=2015.1.225.1, Culture=neutral, PublicKeyToken=7ce17eeaf1d59342
		Message : A transport-level error has occurred when sending the request to the server. (provider: Session Provider, error: 19 - Physical connection is not usable)
		Source : Telerik.OpenAccess.Runtime
		Help link : 
		ErrorCode : -1
		ArrayBindIndex : -1
		Number : -1
		ObjectId : 
		Description : A transport-level error has occurred when sending the request to the server. (provider: Session Provider, error: 19 - Physical connection is not usable)
		Data : System.Collections.ListDictionaryInternal
		TargetSite : Telerik.OpenAccess.RT.sql.ResultSet executeQuery(System.Nullable`1[System.Int32])
		HResult : -2146233088
		Stack Trace :    at Telerik.OpenAccess.RT.Adonet2Generic.Impl.PreparedStatementImp.executeQuery(Nullable`1 commandTimeout)
		   at OpenAccessRuntime.Relational.conn.PooledPreparedStatement.executeQuery(Nullable`1 commandTimeout)
		   at OpenAccessRuntime.Relational.fetch.FetchResultImp.Execute()

			Inner Exception
			---------------
			Type : System.Data.SqlClient.SqlException, System.Data, Version=4.0.0.0, Culture=neutral, PublicKeyToken=b77a5c561934e089
			Message : A transport-level error has occurred when sending the request to the server. (provider: Session Provider, error: 19 - Physical connection is not usable)
			Source : .Net SqlClient Data Provider
			Help link : 
			Errors : System.Data.SqlClient.SqlErrorCollection
			ClientConnectionId : 46d1f487-ba56-410c-b714-555590711ad8
			Class : 20
			LineNumber : 0
			Number : -1
			Procedure : 
			Server : actcmsdbdevenv.cf56rpwrkuv7.us-east-1.rds.amazonaws.com
			State : 0
			ErrorCode : -2146232060
			Data : System.Collections.ListDictionaryInternal
			TargetSite : System.Threading.Tasks.Task TdsExecuteRPC(System.Data.SqlClient._SqlRPC[], Int32, Boolean, System.Data.Sql.SqlNotificationRequest, System.Data.SqlClient.TdsParserStateObject, Boolean, Boolean, System.Threading.Tasks.TaskCompletionSource`1[System.Object], Int32, Int32)
			HResult : -2146232060
			Stack Trace :    at System.Data.SqlClient.TdsParser.TdsExecuteRPC(_SqlRPC[] rpcArray, Int32 timeout, Boolean inSchema, SqlNotificationRequest notificationRequest, TdsParserStateObject stateObj, Boolean isCommandProc, Boolean sync, TaskCompletionSource`1 completion, Int32 startRpc, Int32 startParam)
			   at System.Data.SqlClient.SqlCommand.RunExecuteReaderTds(CommandBehavior cmdBehavior, RunBehavior runBehavior, Boolean returnStream, Boolean async, Int32 timeout, Task& task, Boolean asyncWrite, SqlDataReader ds)
			   at System.Data.SqlClient.SqlCommand.RunExecuteReader(CommandBehavior cmdBehavior, RunBehavior runBehavior, Boolean returnStream, String method, TaskCompletionSource`1 completion, Int32 timeout, Task& task, Boolean asyncWrite)
			   at System.Data.SqlClient.SqlCommand.RunExecuteReader(CommandBehavior cmdBehavior, RunBehavior runBehavior, Boolean returnStream, String method)
			   at System.Data.SqlClient.SqlCommand.ExecuteReader(CommandBehavior behavior, String method)
			   at System.Data.SqlClient.SqlCommand.ExecuteDbDataReader(CommandBehavior behavior)
			   at System.Data.Common.DbCommand.ExecuteReader(CommandBehavior behavior)
			   at OpenAccessRuntime.CommandWrapper.ExecuteReader(CommandBehavior behavior)
			   at Telerik.OpenAccess.Runtime.Logging.LoggingDbCommand.ExecuteDbDataReader(CommandBehavior behavior)
			   at System.Data.Common.DbCommand.ExecuteReader()
			   at Telerik.OpenAccess.RT.Adonet2Generic.Impl.CommandImp.ExecuteReader()
			   at Telerik.OpenAccess.RT.Adonet2Generic.Impl.PreparedStatementImp.executeQuery(Nullable`1 commandTimeout)



Category: ErrorLog

Priority: 0

EventId: 9010

Severity: Warning

Title:Enterprise Library Exception Handling

Machine: DEN-100001176

App Domain: /LM/W3SVC/2/ROOT-5-130978797546959949

ProcessId: 10464

Process Name: C:\Program Files (x86)\IIS Express\iisexpress.exe

Thread Name: 

Win32 ThreadId:7652

Extended Properties: 
----------------------------------------
----------------------------------------
Timestamp: 1/22/2016 4:53:36 AM

Message: HandlingInstanceID: 63a65a9a-b96f-4e22-8499-0a142215182f
An exception of type 'System.Reflection.TargetInvocationException' occurred and was caught.
-------------------------------------------------------------------------------------------
01/21/2016 21:53:36
Type : System.Reflection.TargetInvocationException, mscorlib, Version=4.0.0.0, Culture=neutral, PublicKeyToken=b77a5c561934e089
Message : Exception has been thrown by the target of an invocation.
Source : mscorlib
Help link : 
Data : System.Collections.ListDictionaryInternal
TargetSite : System.Object InvokeMethod(System.Object, System.Object[], System.Signature, Boolean)
HResult : -2146232828
Stack Trace :    at System.RuntimeMethodHandle.InvokeMethod(Object target, Object[] arguments, Signature sig, Boolean constructor)
   at System.Reflection.RuntimeMethodInfo.UnsafeInvokeInternal(Object obj, Object[] parameters, Object[] arguments)
   at System.Reflection.RuntimeMethodInfo.Invoke(Object obj, BindingFlags invokeAttr, Binder binder, Object[] parameters, CultureInfo culture)
   at Telerik.OpenAccess.Query.Piece`1.System.Linq.IQueryProvider.Execute(Expression expr)
   at Telerik.Sitefinity.Data.Linq.OpenAccess.OpenAccessQueryProvider`2.Execute(Expression expression)
   at Telerik.Sitefinity.Data.Linq.OpenAccess.OpenAccessQueryProvider`2.System.Linq.IQueryProvider.Execute[TResult](Expression expression)
   at System.Linq.Queryable.Any[TSource](IQueryable`1 source, Expression`1 predicate)
   at Telerik.Sitefinity.Dashboard.Web.DashboardService.<>c__DisplayClassa.<GetRecentItems>b__1(WorkFlowStatusViewModel item)
   at System.Linq.Enumerable.WhereListIterator`1.MoveNext()
   at System.Collections.Generic.List`1..ctor(IEnumerable`1 collection)
   at System.Linq.Enumerable.ToList[TSource](IEnumerable`1 source)
   at Telerik.Sitefinity.Dashboard.Web.DashboardService.GetRecentItems(DashboardRecentItemsViewModel model)
   at SyncInvokeGetRecentItems(Object , Object[] , Object[] )
   at System.ServiceModel.Dispatcher.SyncMethodInvoker.Invoke(Object instance, Object[] inputs, Object[]& outputs)
   at System.ServiceModel.Dispatcher.DispatchOperationRuntime.InvokeBegin(MessageRpc& rpc)
   at System.ServiceModel.Dispatcher.ImmutableDispatchRuntime.ProcessMessage5(MessageRpc& rpc)
   at System.ServiceModel.Dispatcher.ImmutableDispatchRuntime.ProcessMessage41(MessageRpc& rpc)
   at System.ServiceModel.Dispatcher.ImmutableDispatchRuntime.ProcessMessage4(MessageRpc& rpc)
   at System.ServiceModel.Dispatcher.ImmutableDispatchRuntime.ProcessMessage31(MessageRpc& rpc)
   at System.ServiceModel.Dispatcher.ImmutableDispatchRuntime.ProcessMessage3(MessageRpc& rpc)
   at System.ServiceModel.Dispatcher.ImmutableDispatchRuntime.ProcessMessage2(MessageRpc& rpc)
   at System.ServiceModel.Dispatcher.ImmutableDispatchRuntime.ProcessMessage11(MessageRpc& rpc)
   at System.ServiceModel.Dispatcher.ImmutableDispatchRuntime.ProcessMessage1(MessageRpc& rpc)
   at System.ServiceModel.Dispatcher.MessageRpc.Process(Boolean isOperationContextSet)

Additional Info:

MachineName : DEN-100001176
TimeStamp : 1/22/2016 4:53:36 AM
FullName : Telerik.Sitefinity.Utilities, Version=8.0.5700.0, Culture=neutral, PublicKeyToken=b28c218413bdf563
AppDomainName : /LM/W3SVC/2/ROOT-5-130978797546959949
ThreadIdentity : 
WindowsIdentity : SWIFTPAGE\Jeremy.Kron
Requested URL : http://localhost:60876/Sitefinity/Services/Dashboard/DashboardService.svc/GetRecentItems/
	Inner Exception
	---------------
	Type : System.InvalidOperationException, mscorlib, Version=4.0.0.0, Culture=neutral, PublicKeyToken=b77a5c561934e089
	Message : An exception occurred during the execution of 'Extent<Telerik.Sitefinity.Dashboard.Model.DashboardLogEntry>().Where(e => (((e.ItemType != value(Telerik.Sitefinity.Dashboard.DashboardSiteFilter+<>c__DisplayClass0).pageNodeTypeName) AndAlso value(Telerik.Sitefinity.Dashboard.DashboardSiteFilter+<>c__DisplayClass0).providersArray.Contains(e.ItemProvider)) OrElse ((e.ItemType == value(Telerik.Sitefinity.Dashboard.DashboardSiteFilter+<>c__DisplayClass0).pageNodeTypeName) AndAlso (e.SiteId == value(Telerik.Sitefinity.Dashboard.DashboardSiteFilter+<>c__DisplayClass0).currentSiteId)))).Where(e => value(Telerik.Sitefinity.Dashboard.Web.DashboardService+<>c__DisplayClassc).statusTitles.Contains(e.Status)).Where(status => status.Status.Equals(value(Telerik.Sitefinity.Dashboard.Web.DashboardService+<>c__DisplayClassa+<>c__DisplayClasse).item.Name))'. Failure: Unable to reach database server on host ''.
Error Details:Count(*) query failed: Telerik.OpenAccess.RT.sql.SQLException: A transport-level error has occurred when receiving results from the server. (provider: Session Provider, error: 19 - Physical connection is not usable) ---> System.Data.SqlClient.SqlException: A transport-level error has occurred when receiving results from the server. (provider: Session Provider, error: 19 - Physical connection is not usable)
   at System.Data.SqlClient.SqlConnection.OnError(SqlException exception, Boolean breakConnection, Action`1 wrapCloseInAction)
   at System.Data.SqlClient.SqlInternalConnection.OnError(SqlException exception, Boolean breakConnection, Action`1 wrapCloseInAction)
   at System.Data.SqlClient.TdsParser.ThrowExceptionAndWarning(TdsParserStateObject stateObj, Boolean callerHasConnectionLock, Boolean asyncClose)
   at System.Data.SqlClient.TdsParserStateObject.ReadSniError(TdsParserStateObject stateObj, UInt32 error)
   at System.Data.SqlClient.TdsParserStateObject.ReadSniSyncOverAsync()
   at System.Data.SqlClient.TdsParserStateObject.TryReadNetworkPacket()
   at System.Data.SqlClient.TdsParserStateObject.TryPrepareBuffer()
   at System.Data.SqlClient.TdsParserStateObject.TryReadByte(Byte& value)
   at System.Data.SqlClient.TdsParser.TryRun(RunBehavior runBehavior, SqlCommand cmdHandler, SqlDataReader dataStream, BulkCopySimpleResultSet bulkCopyHandler, TdsParserStateObject stateObj, Boolean& dataReady)
   at System.Data.SqlClient.SqlDataReader.TryConsumeMetaData()
   at System.Data.SqlClient.SqlDataReader.get_MetaData()
   at System.Data.SqlClient.SqlCommand.FinishExecuteReader(SqlDataReader ds, RunBehavior runBehavior, String resetOptionsString)
   at System.Data.SqlClient.SqlCommand.RunExecuteReaderTds(CommandBehavior cmdBehavior, RunBehavior runBehavior, Boolean returnStream, Boolean async, Int32 timeout, Task& task, Boolean asyncWrite, SqlDataReader ds)
   at System.Data.SqlClient.SqlCommand.RunExecuteReader(CommandBehavior cmdBehavior, RunBehavior runBehavior, Boolean returnStream, String method, TaskCompletionSource`1 completion, Int32 timeout, Task& task, Boolean asyncWrite)
   at System.Data.SqlClient.SqlCommand.RunExecuteReader(CommandBehavior cmdBehavior, RunBehavior runBehavior, Boolean returnStream, String method)
   at System.Data.SqlClient.SqlCommand.ExecuteReader(CommandBehavior behavior, String method)
   at System.Data.SqlClient.SqlCommand.ExecuteDbDataReader(CommandBehavior behavior)
   at System.Data.Common.DbCommand.ExecuteReader(CommandBehavior behavior)
   at OpenAccessRuntime.CommandWrapper.ExecuteReader(CommandBehavior behavior)
   at Telerik.OpenAccess.Runtime.Logging.LoggingDbCommand.ExecuteDbDataReader(CommandBehavior behavior)
   at System.Data.Common.DbCommand.ExecuteReader()
   at Telerik.OpenAccess.RT.Adonet2Generic.Impl.CommandImp.ExecuteReader()
   at Telerik.OpenAccess.RT.Adonet2Generic.Impl.PreparedStatementImp.executeQuery(Nullable`1 commandTimeout)
   --- End of inner exception stack trace ---
   at Telerik.OpenAccess.RT.Adonet2Generic.Impl.PreparedStatementImp.executeQuery(Nullable`1 commandTimeout)
   at OpenAccessRuntime.Relational.conn.PooledPreparedStatement.executeQuery(Nullable`1 commandTimeout)
   at OpenAccessRuntime.Relational.RelationalStorageManager.executeCount(RelationalCompiledQuery cq, QueryParameters parameters)
SELECT COUNT(1) FROM ( SELECT a.[id] AS COL1, a.[item_id] AS COL2, a.[item_provider] AS COL3, a.[item_type] AS COL4, a.[language] AS COL5, a.[site_id] AS COL6, a.[status] AS COL7, a.[timestamp] AS COL8, a.[item_title] AS COL9, a.[user_id] AS COL10 FROM [sf_dashboard_log] a WHERE ((a.[item_type] <> ?                                      AND (a.[item_provider] IN (?,?)) OR a.[item_type] = ?                                       AND a.[site_id] = ?                                      )) AND (a.[status] IN (?,?,?,?,?)) AND a.[status] = ?                                        ) AS TMP_COUNT
(set event logging to all to see parameter values)

See InnerException for more details.
Complete Expression:
.Call System.Linq.Queryable.Where(
    .Call System.Linq.Queryable.Where(
        .Call System.Linq.Queryable.Where(
            .Constant<Telerik.OpenAccess.Query.ExtentQueryImpl`1[Telerik.Sitefinity.Dashboard.Model.DashboardLogEntry]>(Extent<Telerik.Sitefinity.Dashboard.Model.DashboardLogEntry>()),
            '(.Lambda #Lambda1<System.Func`2[Telerik.Sitefinity.Dashboard.Model.DashboardLogEntry,System.Boolean]>)),
        '(.Lambda #Lambda2<System.Func`2[Telerik.Sitefinity.Dashboard.Model.DashboardLogEntry,System.Boolean]>)),
    '(.Lambda #Lambda3<System.Func`2[Telerik.Sitefinity.Dashboard.Model.DashboardLogEntry,System.Boolean]>))

.Lambda #Lambda1<System.Func`2[Telerik.Sitefinity.Dashboard.Model.DashboardLogEntry,System.Boolean]>(Telerik.Sitefinity.Dashboard.Model.DashboardLogEntry $e)
{
    $e.ItemType != .Constant<Telerik.Sitefinity.Dashboard.DashboardSiteFilter+<>c__DisplayClass0>(Telerik.Sitefinity.Dashboard.DashboardSiteFilter+<>c__DisplayClass0).pageNodeTypeName
    && .Call System.Linq.Enumerable.Contains(
        .Constant<Telerik.Sitefinity.Dashboard.DashboardSiteFilter+<>c__DisplayClass0>(Telerik.Sitefinity.Dashboard.DashboardSiteFilter+<>c__DisplayClass0).providersArray,
        $e.ItemProvider) || $e.ItemType == .Constant<Telerik.Sitefinity.Dashboard.DashboardSiteFilter+<>c__DisplayClass0>(Telerik.Sitefinity.Dashboard.DashboardSiteFilter+<>c__DisplayClass0).pageNodeTypeName
    && $e.SiteId == .Constant<Telerik.Sitefinity.Dashboard.DashboardSiteFilter+<>c__DisplayClass0>(Telerik.Sitefinity.Dashboard.DashboardSiteFilter+<>c__DisplayClass0).currentSiteId
}

.Lambda #Lambda2<System.Func`2[Telerik.Sitefinity.Dashboard.Model.DashboardLogEntry,System.Boolean]>(Telerik.Sitefinity.Dashboard.Model.DashboardLogEntry $e)
{
    .Call System.Linq.Enumerable.Contains(
        .Constant<Telerik.Sitefinity.Dashboard.Web.DashboardService+<>c__DisplayClassc>(Telerik.Sitefinity.Dashboard.Web.DashboardService+<>c__DisplayClassc).statusTitles,
        $e.Status)
}

.Lambda #Lambda3<System.Func`2[Telerik.Sitefinity.Dashboard.Model.DashboardLogEntry,System.Boolean]>(Telerik.Sitefinity.Dashboard.Model.DashboardLogEntry $status)
{
    .Call ($status.Status).Equals((.Constant<Telerik.Sitefinity.Dashboard.Web.DashboardService+<>c__DisplayClassa+<>c__DisplayClasse>(Telerik.Sitefinity.Dashboard.Web.DashboardService+<>c__DisplayClassa+<>c__DisplayClasse).item).Name)
}

	Source : Telerik.OpenAccess.35.Extensions
	Help link : 
	Data : System.Collections.ListDictionaryInternal
	TargetSite : System.Collections.IEnumerable PerformDatabaseQuery(System.Type, Int32, System.Object[], Boolean, Boolean)
	HResult : -2146233079
	Stack Trace :    at Telerik.OpenAccess.Query.ExpressionCompiler.PerformDatabaseQuery(Type type, Int32 elementAt, Object[] groupResolutionParamValues, Boolean single, Boolean checkOid)
	   at Telerik.OpenAccess.Query.ExpressionExecution.PerformQueryCount[T](Expression expression, ChainedContext context)
	   at Telerik.OpenAccess.Query.ExpressionExecution.PerformQuerySingle[T,TResult](ExpressionCutter cutter, MethodCallExpression mce, ChainedContext piece, QueryOptions options)
	   at Telerik.OpenAccess.Query.Piece`1.ExecuteSingle[TResult](Expression expression)

		Inner Exception
		---------------
		Type : Telerik.OpenAccess.Exceptions.DataStoreException, Telerik.OpenAccess, Version=2015.1.225.1, Culture=neutral, PublicKeyToken=7ce17eeaf1d59342
		Message : Unable to reach database server on host ''.
Error Details:Count(*) query failed: Telerik.OpenAccess.RT.sql.SQLException: A transport-level error has occurred when receiving results from the server. (provider: Session Provider, error: 19 - Physical connection is not usable) ---> System.Data.SqlClient.SqlException: A transport-level error has occurred when receiving results from the server. (provider: Session Provider, error: 19 - Physical connection is not usable)
   at System.Data.SqlClient.SqlConnection.OnError(SqlException exception, Boolean breakConnection, Action`1 wrapCloseInAction)
   at System.Data.SqlClient.SqlInternalConnection.OnError(SqlException exception, Boolean breakConnection, Action`1 wrapCloseInAction)
   at System.Data.SqlClient.TdsParser.ThrowExceptionAndWarning(TdsParserStateObject stateObj, Boolean callerHasConnectionLock, Boolean asyncClose)
   at System.Data.SqlClient.TdsParserStateObject.ReadSniError(TdsParserStateObject stateObj, UInt32 error)
   at System.Data.SqlClient.TdsParserStateObject.ReadSniSyncOverAsync()
   at System.Data.SqlClient.TdsParserStateObject.TryReadNetworkPacket()
   at System.Data.SqlClient.TdsParserStateObject.TryPrepareBuffer()
   at System.Data.SqlClient.TdsParserStateObject.TryReadByte(Byte& value)
   at System.Data.SqlClient.TdsParser.TryRun(RunBehavior runBehavior, SqlCommand cmdHandler, SqlDataReader dataStream, BulkCopySimpleResultSet bulkCopyHandler, TdsParserStateObject stateObj, Boolean& dataReady)
   at System.Data.SqlClient.SqlDataReader.TryConsumeMetaData()
   at System.Data.SqlClient.SqlDataReader.get_MetaData()
   at System.Data.SqlClient.SqlCommand.FinishExecuteReader(SqlDataReader ds, RunBehavior runBehavior, String resetOptionsString)
   at System.Data.SqlClient.SqlCommand.RunExecuteReaderTds(CommandBehavior cmdBehavior, RunBehavior runBehavior, Boolean returnStream, Boolean async, Int32 timeout, Task& task, Boolean asyncWrite, SqlDataReader ds)
   at System.Data.SqlClient.SqlCommand.RunExecuteReader(CommandBehavior cmdBehavior, RunBehavior runBehavior, Boolean returnStream, String method, TaskCompletionSource`1 completion, Int32 timeout, Task& task, Boolean asyncWrite)
   at System.Data.SqlClient.SqlCommand.RunExecuteReader(CommandBehavior cmdBehavior, RunBehavior runBehavior, Boolean returnStream, String method)
   at System.Data.SqlClient.SqlCommand.ExecuteReader(CommandBehavior behavior, String method)
   at System.Data.SqlClient.SqlCommand.ExecuteDbDataReader(CommandBehavior behavior)
   at System.Data.Common.DbCommand.ExecuteReader(CommandBehavior behavior)
   at OpenAccessRuntime.CommandWrapper.ExecuteReader(CommandBehavior behavior)
   at Telerik.OpenAccess.Runtime.Logging.LoggingDbCommand.ExecuteDbDataReader(CommandBehavior behavior)
   at System.Data.Common.DbCommand.ExecuteReader()
   at Telerik.OpenAccess.RT.Adonet2Generic.Impl.CommandImp.ExecuteReader()
   at Telerik.OpenAccess.RT.Adonet2Generic.Impl.PreparedStatementImp.executeQuery(Nullable`1 commandTimeout)
   --- End of inner exception stack trace ---
   at Telerik.OpenAccess.RT.Adonet2Generic.Impl.PreparedStatementImp.executeQuery(Nullable`1 commandTimeout)
   at OpenAccessRuntime.Relational.conn.PooledPreparedStatement.executeQuery(Nullable`1 commandTimeout)
   at OpenAccessRuntime.Relational.RelationalStorageManager.executeCount(RelationalCompiledQuery cq, QueryParameters parameters)
SELECT COUNT(1) FROM ( SELECT a.[id] AS COL1, a.[item_id] AS COL2, a.[item_provider] AS COL3, a.[item_type] AS COL4, a.[language] AS COL5, a.[site_id] AS COL6, a.[status] AS COL7, a.[timestamp] AS COL8, a.[item_title] AS COL9, a.[user_id] AS COL10 FROM [sf_dashboard_log] a WHERE ((a.[item_type] <> ?                                      AND (a.[item_provider] IN (?,?)) OR a.[item_type] = ?                                       AND a.[site_id] = ?                                      )) AND (a.[status] IN (?,?,?,?,?)) AND a.[status] = ?                                        ) AS TMP_COUNT
(set event logging to all to see parameter values)

		Source : Telerik.OpenAccess.Runtime
		Help link : 
		InnerExceptions : System.Exception[]
		FailedObject : 
		BackendError : Telerik.OpenAccess.RT.sql.SQLException: A transport-level error has occurred when receiving results from the server. (provider: Session Provider, error: 19 - Physical connection is not usable) ---> System.Data.SqlClient.SqlException: A transport-level error has occurred when receiving results from the server. (provider: Session Provider, error: 19 - Physical connection is not usable)
   at System.Data.SqlClient.SqlConnection.OnError(SqlException exception, Boolean breakConnection, Action`1 wrapCloseInAction)
   at System.Data.SqlClient.SqlInternalConnection.OnError(SqlException exception, Boolean breakConnection, Action`1 wrapCloseInAction)
   at System.Data.SqlClient.TdsParser.ThrowExceptionAndWarning(TdsParserStateObject stateObj, Boolean callerHasConnectionLock, Boolean asyncClose)
   at System.Data.SqlClient.TdsParserStateObject.ReadSniError(TdsParserStateObject stateObj, UInt32 error)
   at System.Data.SqlClient.TdsParserStateObject.ReadSniSyncOverAsync()
   at System.Data.SqlClient.TdsParserStateObject.TryReadNetworkPacket()
   at System.Data.SqlClient.TdsParserStateObject.TryPrepareBuffer()
   at System.Data.SqlClient.TdsParserStateObject.TryReadByte(Byte& value)
   at System.Data.SqlClient.TdsParser.TryRun(RunBehavior runBehavior, SqlCommand cmdHandler, SqlDataReader dataStream, BulkCopySimpleResultSet bulkCopyHandler, TdsParserStateObject stateObj, Boolean& dataReady)
   at System.Data.SqlClient.SqlDataReader.TryConsumeMetaData()
   at System.Data.SqlClient.SqlDataReader.get_MetaData()
   at System.Data.SqlClient.SqlCommand.FinishExecuteReader(SqlDataReader ds, RunBehavior runBehavior, String resetOptionsString)
   at System.Data.SqlClient.SqlCommand.RunExecuteReaderTds(CommandBehavior cmdBehavior, RunBehavior runBehavior, Boolean returnStream, Boolean async, Int32 timeout, Task& task, Boolean asyncWrite, SqlDataReader ds)
   at System.Data.SqlClient.SqlCommand.RunExecuteReader(CommandBehavior cmdBehavior, RunBehavior runBehavior, Boolean returnStream, String method, TaskCompletionSource`1 completion, Int32 timeout, Task& task, Boolean asyncWrite)
   at System.Data.SqlClient.SqlCommand.RunExecuteReader(CommandBehavior cmdBehavior, RunBehavior runBehavior, Boolean returnStream, String method)
   at System.Data.SqlClient.SqlCommand.ExecuteReader(CommandBehavior behavior, String method)
   at System.Data.SqlClient.SqlCommand.ExecuteDbDataReader(CommandBehavior behavior)
   at System.Data.Common.DbCommand.ExecuteReader(CommandBehavior behavior)
   at OpenAccessRuntime.CommandWrapper.ExecuteReader(CommandBehavior behavior)
   at Telerik.OpenAccess.Runtime.Logging.LoggingDbCommand.ExecuteDbDataReader(CommandBehavior behavior)
   at System.Data.Common.DbCommand.ExecuteReader()
   at Telerik.OpenAccess.RT.Adonet2Generic.Impl.CommandImp.ExecuteReader()
   at Telerik.OpenAccess.RT.Adonet2Generic.Impl.PreparedStatementImp.executeQuery(Nullable`1 commandTimeout)
   --- End of inner exception stack trace ---
   at Telerik.OpenAccess.RT.Adonet2Generic.Impl.PreparedStatementImp.executeQuery(Nullable`1 commandTimeout)
   at OpenAccessRuntime.Relational.conn.PooledPreparedStatement.executeQuery(Nullable`1 commandTimeout)
   at OpenAccessRuntime.Relational.RelationalStorageManager.executeCount(RelationalCompiledQuery cq, QueryParameters parameters)
		Reason : HostnameUnresolvable
		CanRetry : True
		Data : System.Collections.ListDictionaryInternal
		TargetSite : System.Exception Throw()
		HResult : -2146233088
		Stack Trace :    at OpenAccessRuntime.ExceptionWrapper.Throw()
		   at OpenAccessRuntime.storagemanager.logging.LoggingStorageManager.executeQueryCount(ImmutableQueryDetails query, CompiledQuery compiledQuery, QueryParameters parameters)
		   at OpenAccessRuntime.DataObjects.UnsynchronizedPMProxy.getQueryRowCount(CompiledQuery cq, QueryParameters parameters)
		   at OpenAccessRuntime.DataObjects.ForwardQueryResult.countRows()
		   at OpenAccessRuntime.ListEnumerator.GetTotalCount()
		   at OpenAccessRuntime.QueryResultImpl.Telerik.OpenAccess.IQueryResult.GetTotalCount()
		   at Telerik.OpenAccess.Query.ExpressionCompiler.PerformDatabaseQueryImpl(Type resultType, Int32 elementAt, Object[] groupResolutionParamValues, Boolean single, Boolean checkOid)
		   at Telerik.OpenAccess.Query.ExpressionCompiler.PerformDatabaseQuery(Type type, Int32 elementAt, Object[] groupResolutionParamValues, Boolean single, Boolean checkOid)

			Inner Exception
			---------------
			Type : Telerik.OpenAccess.RT.sql.SQLException, Telerik.OpenAccess.Runtime, Version=2015.1.225.1, Culture=neutral, PublicKeyToken=7ce17eeaf1d59342
			Message : A transport-level error has occurred when receiving results from the server. (provider: Session Provider, error: 19 - Physical connection is not usable)
			Source : Telerik.OpenAccess.Runtime
			Help link : 
			ErrorCode : -1
			ArrayBindIndex : -1
			Number : -1
			ObjectId : 
			Description : A transport-level error has occurred when receiving results from the server. (provider: Session Provider, error: 19 - Physical connection is not usable)
			Data : System.Collections.ListDictionaryInternal
			TargetSite : Telerik.OpenAccess.RT.sql.ResultSet executeQuery(System.Nullable`1[System.Int32])
			HResult : -2146233088
			Stack Trace :    at Telerik.OpenAccess.RT.Adonet2Generic.Impl.PreparedStatementImp.executeQuery(Nullable`1 commandTimeout)
			   at OpenAccessRuntime.Relational.conn.PooledPreparedStatement.executeQuery(Nullable`1 commandTimeout)
			   at OpenAccessRuntime.Relational.RelationalStorageManager.executeCount(RelationalCompiledQuery cq, QueryParameters parameters)

				Inner Exception
				---------------
				Type : System.Data.SqlClient.SqlException, System.Data, Version=4.0.0.0, Culture=neutral, PublicKeyToken=b77a5c561934e089
				Message : A transport-level error has occurred when receiving results from the server. (provider: Session Provider, error: 19 - Physical connection is not usable)
				Source : .Net SqlClient Data Provider
				Help link : 
				Errors : System.Data.SqlClient.SqlErrorCollection
				ClientConnectionId : 7e622b17-dd08-4b1c-9751-d9f3795a32bd
				Class : 20
				LineNumber : 0
				Number : -1
				Procedure : 
				Server : actcmsdbdevenv.cf56rpwrkuv7.us-east-1.rds.amazonaws.com
				State : 0
				ErrorCode : -2146232060
				Data : System.Collections.ListDictionaryInternal
				TargetSite : Void OnError(System.Data.SqlClient.SqlException, Boolean, System.Action`1[System.Action])
				HResult : -2146232060
				Stack Trace :    at System.Data.SqlClient.SqlConnection.OnError(SqlException exception, Boolean breakConnection, Action`1 wrapCloseInAction)
				   at System.Data.SqlClient.SqlInternalConnection.OnError(SqlException exception, Boolean breakConnection, Action`1 wrapCloseInAction)
				   at System.Data.SqlClient.TdsParser.ThrowExceptionAndWarning(TdsParserStateObject stateObj, Boolean callerHasConnectionLock, Boolean asyncClose)
				   at System.Data.SqlClient.TdsParserStateObject.ReadSniError(TdsParserStateObject stateObj, UInt32 error)
				   at System.Data.SqlClient.TdsParserStateObject.ReadSniSyncOverAsync()
				   at System.Data.SqlClient.TdsParserStateObject.TryReadNetworkPacket()
				   at System.Data.SqlClient.TdsParserStateObject.TryPrepareBuffer()
				   at System.Data.SqlClient.TdsParserStateObject.TryReadByte(Byte& value)
				   at System.Data.SqlClient.TdsParser.TryRun(RunBehavior runBehavior, SqlCommand cmdHandler, SqlDataReader dataStream, BulkCopySimpleResultSet bulkCopyHandler, TdsParserStateObject stateObj, Boolean& dataReady)
				   at System.Data.SqlClient.SqlDataReader.TryConsumeMetaData()
				   at System.Data.SqlClient.SqlDataReader.get_MetaData()
				   at System.Data.SqlClient.SqlCommand.FinishExecuteReader(SqlDataReader ds, RunBehavior runBehavior, String resetOptionsString)
				   at System.Data.SqlClient.SqlCommand.RunExecuteReaderTds(CommandBehavior cmdBehavior, RunBehavior runBehavior, Boolean returnStream, Boolean async, Int32 timeout, Task& task, Boolean asyncWrite, SqlDataReader ds)
				   at System.Data.SqlClient.SqlCommand.RunExecuteReader(CommandBehavior cmdBehavior, RunBehavior runBehavior, Boolean returnStream, String method, TaskCompletionSource`1 completion, Int32 timeout, Task& task, Boolean asyncWrite)
				   at System.Data.SqlClient.SqlCommand.RunExecuteReader(CommandBehavior cmdBehavior, RunBehavior runBehavior, Boolean returnStream, String method)
				   at System.Data.SqlClient.SqlCommand.ExecuteReader(CommandBehavior behavior, String method)
				   at System.Data.SqlClient.SqlCommand.ExecuteDbDataReader(CommandBehavior behavior)
				   at System.Data.Common.DbCommand.ExecuteReader(CommandBehavior behavior)
				   at OpenAccessRuntime.CommandWrapper.ExecuteReader(CommandBehavior behavior)
				   at Telerik.OpenAccess.Runtime.Logging.LoggingDbCommand.ExecuteDbDataReader(CommandBehavior behavior)
				   at System.Data.Common.DbCommand.ExecuteReader()
				   at Telerik.OpenAccess.RT.Adonet2Generic.Impl.CommandImp.ExecuteReader()
				   at Telerik.OpenAccess.RT.Adonet2Generic.Impl.PreparedStatementImp.executeQuery(Nullable`1 commandTimeout)



Category: ErrorLog

Priority: 0

EventId: 90000

Severity: Error

Title:Enterprise Library Exception Handling

Machine: DEN-100001176

App Domain: /LM/W3SVC/2/ROOT-5-130978797546959949

ProcessId: 10464

Process Name: C:\Program Files (x86)\IIS Express\iisexpress.exe

Thread Name: 

Win32 ThreadId:10760

Extended Properties: 
----------------------------------------
----------------------------------------
Timestamp: 1/22/2016 4:57:02 AM

Message: HandlingInstanceID: 7c910724-26ee-4e87-a0d5-dc2d87f81a25
An exception of type 'System.Web.HttpException' occurred and was caught.
------------------------------------------------------------------------
01/21/2016 21:57:02
Type : System.Web.HttpException, System.Web, Version=4.0.0.0, Culture=neutral, PublicKeyToken=b03f5f7f11d50a3a
Message : Request timed out.
Source : 
Help link : 
WebEventCode : 3001
ErrorCode : -2147467259
Data : System.Collections.ListDictionaryInternal
TargetSite : 
HResult : -2147467259
Stack Trace : The stack trace is unavailable.
Additional Info:

MachineName : DEN-100001176
TimeStamp : 1/22/2016 4:57:02 AM
FullName : Telerik.Sitefinity.Utilities, Version=8.0.5700.0, Culture=neutral, PublicKeyToken=b28c218413bdf563
AppDomainName : /LM/W3SVC/2/ROOT-5-130978797546959949
ThreadIdentity : admin
WindowsIdentity : SWIFTPAGE\Jeremy.Kron
Requested URL : http://localhost:60876/Sitefinity/Services/Dashboard/DashboardService.svc/GetRecentItems/


Category: ErrorLog

Priority: 0

EventId: 90000

Severity: Error

Title:Enterprise Library Exception Handling

Machine: DEN-100001176

App Domain: /LM/W3SVC/2/ROOT-5-130978797546959949

ProcessId: 10464

Process Name: C:\Program Files (x86)\IIS Express\iisexpress.exe

Thread Name: 

Win32 ThreadId:12716

Extended Properties: 
----------------------------------------
----------------------------------------
Timestamp: 1/22/2016 4:57:02 AM

Message: HandlingInstanceID: f0d2413e-285d-4a03-8317-1005b50381b0
An exception of type 'System.Web.HttpException' occurred and was caught.
------------------------------------------------------------------------
01/21/2016 21:57:02
Type : System.Web.HttpException, System.Web, Version=4.0.0.0, Culture=neutral, PublicKeyToken=b03f5f7f11d50a3a
Message : Request timed out.
Source : 
Help link : 
WebEventCode : 3001
ErrorCode : -2147467259
Data : System.Collections.ListDictionaryInternal
TargetSite : 
HResult : -2147467259
Stack Trace : The stack trace is unavailable.
Additional Info:

MachineName : DEN-100001176
TimeStamp : 1/22/2016 4:57:02 AM
FullName : Telerik.Sitefinity.Utilities, Version=8.0.5700.0, Culture=neutral, PublicKeyToken=b28c218413bdf563
AppDomainName : /LM/W3SVC/2/ROOT-5-130978797546959949
ThreadIdentity : admin
WindowsIdentity : SWIFTPAGE\Jeremy.Kron
Requested URL : http://localhost:60876/Sitefinity/Services/Dashboard/DashboardService.svc/GetRecentItems/


Category: ErrorLog

Priority: 0

EventId: 90000

Severity: Error

Title:Enterprise Library Exception Handling

Machine: DEN-100001176

App Domain: /LM/W3SVC/2/ROOT-5-130978797546959949

ProcessId: 10464

Process Name: C:\Program Files (x86)\IIS Express\iisexpress.exe

Thread Name: 

Win32 ThreadId:14952

Extended Properties: 
----------------------------------------
----------------------------------------
Timestamp: 1/22/2016 4:57:10 AM

Message: HandlingInstanceID: f161fa3c-1c7e-4d36-82df-1825967ef9cd
An exception of type 'System.Web.HttpException' occurred and was caught.
------------------------------------------------------------------------
01/21/2016 21:57:10
Type : System.Web.HttpException, System.Web, Version=4.0.0.0, Culture=neutral, PublicKeyToken=b03f5f7f11d50a3a
Message : Request timed out.
Source : 
Help link : 
WebEventCode : 3001
ErrorCode : -2147467259
Data : System.Collections.ListDictionaryInternal
TargetSite : 
HResult : -2147467259
Stack Trace : The stack trace is unavailable.
Additional Info:

MachineName : DEN-100001176
TimeStamp : 1/22/2016 4:57:10 AM
FullName : Telerik.Sitefinity.Utilities, Version=8.0.5700.0, Culture=neutral, PublicKeyToken=b28c218413bdf563
AppDomainName : /LM/W3SVC/2/ROOT-5-130978797546959949
ThreadIdentity : admin
WindowsIdentity : SWIFTPAGE\Jeremy.Kron
Requested URL : http://localhost:60876/Sitefinity/Services/Dashboard/DashboardService.svc/GetRecentItems/


Category: ErrorLog

Priority: 0

EventId: 90000

Severity: Error

Title:Enterprise Library Exception Handling

Machine: DEN-100001176

App Domain: /LM/W3SVC/2/ROOT-5-130978797546959949

ProcessId: 10464

Process Name: C:\Program Files (x86)\IIS Express\iisexpress.exe

Thread Name: 

Win32 ThreadId:13012

Extended Properties: 
----------------------------------------
----------------------------------------
Timestamp: 1/22/2016 4:57:26 AM

Message: HandlingInstanceID: 363477e2-ae9a-4ab9-902e-03cf4737ccb8
An exception of type 'System.Web.HttpException' occurred and was caught.
------------------------------------------------------------------------
01/21/2016 21:57:26
Type : System.Web.HttpException, System.Web, Version=4.0.0.0, Culture=neutral, PublicKeyToken=b03f5f7f11d50a3a
Message : Request timed out.
Source : 
Help link : 
WebEventCode : 3001
ErrorCode : -2147467259
Data : System.Collections.ListDictionaryInternal
TargetSite : 
HResult : -2147467259
Stack Trace : The stack trace is unavailable.
Additional Info:

MachineName : DEN-100001176
TimeStamp : 1/22/2016 4:57:26 AM
FullName : Telerik.Sitefinity.Utilities, Version=8.0.5700.0, Culture=neutral, PublicKeyToken=b28c218413bdf563
AppDomainName : /LM/W3SVC/2/ROOT-5-130978797546959949
ThreadIdentity : admin
WindowsIdentity : SWIFTPAGE\Jeremy.Kron
Requested URL : http://localhost:60876/Sitefinity/Services/Dashboard/DashboardService.svc/GetRecentItems/


Category: ErrorLog

Priority: 0

EventId: 90000

Severity: Error

Title:Enterprise Library Exception Handling

Machine: DEN-100001176

App Domain: /LM/W3SVC/2/ROOT-5-130978797546959949

ProcessId: 10464

Process Name: C:\Program Files (x86)\IIS Express\iisexpress.exe

Thread Name: 

Win32 ThreadId:15200

Extended Properties: 
----------------------------------------
----------------------------------------
Timestamp: 1/22/2016 4:58:14 AM

Message: HandlingInstanceID: 72fc4f0e-6ceb-403f-8e8d-2134083220f3
An exception of type 'System.Web.HttpException' occurred and was caught.
------------------------------------------------------------------------
01/21/2016 21:58:14
Type : System.Web.HttpException, System.Web, Version=4.0.0.0, Culture=neutral, PublicKeyToken=b03f5f7f11d50a3a
Message : Request timed out.
Source : 
Help link : 
WebEventCode : 3001
ErrorCode : -2147467259
Data : System.Collections.ListDictionaryInternal
TargetSite : 
HResult : -2147467259
Stack Trace : The stack trace is unavailable.
Additional Info:

MachineName : DEN-100001176
TimeStamp : 1/22/2016 4:58:14 AM
FullName : Telerik.Sitefinity.Utilities, Version=8.0.5700.0, Culture=neutral, PublicKeyToken=b28c218413bdf563
AppDomainName : /LM/W3SVC/2/ROOT-5-130978797546959949
ThreadIdentity : admin
WindowsIdentity : SWIFTPAGE\Jeremy.Kron
Requested URL : http://localhost:60876/Sitefinity/dashboard


Category: ErrorLog

Priority: 0

EventId: 90000

Severity: Error

Title:Enterprise Library Exception Handling

Machine: DEN-100001176

App Domain: /LM/W3SVC/2/ROOT-5-130978797546959949

ProcessId: 10464

Process Name: C:\Program Files (x86)\IIS Express\iisexpress.exe

Thread Name: 

Win32 ThreadId:15412

Extended Properties: 
----------------------------------------
----------------------------------------
Timestamp: 1/22/2016 4:58:38 AM

Message: HandlingInstanceID: 7efa9e56-fc33-4328-bd3d-4cf87d29886c
An exception of type 'System.Web.HttpException' occurred and was caught.
------------------------------------------------------------------------
01/21/2016 21:58:38
Type : System.Web.HttpException, System.Web, Version=4.0.0.0, Culture=neutral, PublicKeyToken=b03f5f7f11d50a3a
Message : Request timed out.
Source : 
Help link : 
WebEventCode : 3001
ErrorCode : -2147467259
Data : System.Collections.ListDictionaryInternal
TargetSite : 
HResult : -2147467259
Stack Trace : The stack trace is unavailable.
Additional Info:

MachineName : DEN-100001176
TimeStamp : 1/22/2016 4:58:38 AM
FullName : Telerik.Sitefinity.Utilities, Version=8.0.5700.0, Culture=neutral, PublicKeyToken=b28c218413bdf563
AppDomainName : /LM/W3SVC/2/ROOT-5-130978797546959949
ThreadIdentity : admin
WindowsIdentity : SWIFTPAGE\Jeremy.Kron
Requested URL : http://localhost:60876/Sitefinity/Services/Dashboard/DashboardService.svc/GetRecentItems/


Category: ErrorLog

Priority: 0

EventId: 90000

Severity: Error

Title:Enterprise Library Exception Handling

Machine: DEN-100001176

App Domain: /LM/W3SVC/2/ROOT-5-130978797546959949

ProcessId: 10464

Process Name: C:\Program Files (x86)\IIS Express\iisexpress.exe

Thread Name: 

Win32 ThreadId:6704

Extended Properties: 
----------------------------------------
----------------------------------------
Timestamp: 1/22/2016 4:58:50 AM

Message: HandlingInstanceID: c5624971-8928-494f-9c36-09404eb30108
An exception of type 'System.Web.HttpException' occurred and was caught.
------------------------------------------------------------------------
01/21/2016 21:58:50
Type : System.Web.HttpException, System.Web, Version=4.0.0.0, Culture=neutral, PublicKeyToken=b03f5f7f11d50a3a
Message : Request timed out.
Source : 
Help link : 
WebEventCode : 3001
ErrorCode : -2147467259
Data : System.Collections.ListDictionaryInternal
TargetSite : 
HResult : -2147467259
Stack Trace : The stack trace is unavailable.
Additional Info:

MachineName : DEN-100001176
TimeStamp : 1/22/2016 4:58:50 AM
FullName : Telerik.Sitefinity.Utilities, Version=8.0.5700.0, Culture=neutral, PublicKeyToken=b28c218413bdf563
AppDomainName : /LM/W3SVC/2/ROOT-5-130978797546959949
ThreadIdentity : admin
WindowsIdentity : SWIFTPAGE\Jeremy.Kron
Requested URL : http://localhost:60876/Sitefinity/Services/Dashboard/DashboardService.svc/GetRecentItems/


Category: ErrorLog

Priority: 0

EventId: 90000

Severity: Error

Title:Enterprise Library Exception Handling

Machine: DEN-100001176

App Domain: /LM/W3SVC/2/ROOT-5-130978797546959949

ProcessId: 10464

Process Name: C:\Program Files (x86)\IIS Express\iisexpress.exe

Thread Name: 

Win32 ThreadId:14324

Extended Properties: 
----------------------------------------
----------------------------------------
Timestamp: 1/22/2016 4:59:27 AM

Message: HandlingInstanceID: a4dbc3df-1bcc-4190-b07f-e1a7971af18a
An exception of type 'System.Web.HttpException' occurred and was caught.
------------------------------------------------------------------------
01/21/2016 21:59:27
Type : System.Web.HttpException, System.Web, Version=4.0.0.0, Culture=neutral, PublicKeyToken=b03f5f7f11d50a3a
Message : Request timed out.
Source : 
Help link : 
WebEventCode : 3001
ErrorCode : -2147467259
Data : System.Collections.ListDictionaryInternal
TargetSite : 
HResult : -2147467259
Stack Trace : The stack trace is unavailable.
Additional Info:

MachineName : DEN-100001176
TimeStamp : 1/22/2016 4:59:27 AM
FullName : Telerik.Sitefinity.Utilities, Version=8.0.5700.0, Culture=neutral, PublicKeyToken=b28c218413bdf563
AppDomainName : /LM/W3SVC/2/ROOT-5-130978797546959949
ThreadIdentity : admin
WindowsIdentity : SWIFTPAGE\Jeremy.Kron
Requested URL : http://localhost:60876/Sitefinity/Services/Dashboard/DashboardService.svc/GetRecentItems/


Category: ErrorLog

Priority: 0

EventId: 90000

Severity: Error

Title:Enterprise Library Exception Handling

Machine: DEN-100001176

App Domain: /LM/W3SVC/2/ROOT-5-130978797546959949

ProcessId: 10464

Process Name: C:\Program Files (x86)\IIS Express\iisexpress.exe

Thread Name: 

Win32 ThreadId:6532

Extended Properties: 
----------------------------------------
----------------------------------------
Timestamp: 1/22/2016 4:59:40 AM

Message: HandlingInstanceID: f085bc11-c925-4849-8f57-f4b5115c9136
An exception of type 'System.Web.HttpException' occurred and was caught.
------------------------------------------------------------------------
01/21/2016 21:59:40
Type : System.Web.HttpException, System.Web, Version=4.0.0.0, Culture=neutral, PublicKeyToken=b03f5f7f11d50a3a
Message : Request timed out.
Source : 
Help link : 
WebEventCode : 3001
ErrorCode : -2147467259
Data : System.Collections.ListDictionaryInternal
TargetSite : 
HResult : -2147467259
Stack Trace : The stack trace is unavailable.
Additional Info:

MachineName : DEN-100001176
TimeStamp : 1/22/2016 4:59:40 AM
FullName : Telerik.Sitefinity.Utilities, Version=8.0.5700.0, Culture=neutral, PublicKeyToken=b28c218413bdf563
AppDomainName : /LM/W3SVC/2/ROOT-5-130978797546959949
ThreadIdentity : admin
WindowsIdentity : SWIFTPAGE\Jeremy.Kron
Requested URL : http://localhost:60876/Sitefinity/Services/Dashboard/DashboardService.svc/GetRecentItems/


Category: ErrorLog

Priority: 0

EventId: 90000

Severity: Error

Title:Enterprise Library Exception Handling

Machine: DEN-100001176

App Domain: /LM/W3SVC/2/ROOT-5-130978797546959949

ProcessId: 10464

Process Name: C:\Program Files (x86)\IIS Express\iisexpress.exe

Thread Name: 

Win32 ThreadId:15200

Extended Properties: 
----------------------------------------
----------------------------------------
Timestamp: 1/22/2016 4:59:40 AM

Message: HandlingInstanceID: bbb3b864-f023-4385-aeb2-b10061b24300
An exception of type 'System.Web.HttpException' occurred and was caught.
------------------------------------------------------------------------
01/21/2016 21:59:40
Type : System.Web.HttpException, System.Web, Version=4.0.0.0, Culture=neutral, PublicKeyToken=b03f5f7f11d50a3a
Message : Request timed out.
Source : 
Help link : 
WebEventCode : 3001
ErrorCode : -2147467259
Data : System.Collections.ListDictionaryInternal
TargetSite : 
HResult : -2147467259
Stack Trace : The stack trace is unavailable.
Additional Info:

MachineName : DEN-100001176
TimeStamp : 1/22/2016 4:59:40 AM
FullName : Telerik.Sitefinity.Utilities, Version=8.0.5700.0, Culture=neutral, PublicKeyToken=b28c218413bdf563
AppDomainName : /LM/W3SVC/2/ROOT-5-130978797546959949
ThreadIdentity : admin
WindowsIdentity : SWIFTPAGE\Jeremy.Kron
Requested URL : http://localhost:60876/Sitefinity/Services/Dashboard/DashboardService.svc/GetRecentItems/


Category: ErrorLog

Priority: 0

EventId: 90000

Severity: Error

Title:Enterprise Library Exception Handling

Machine: DEN-100001176

App Domain: /LM/W3SVC/2/ROOT-5-130978797546959949

ProcessId: 10464

Process Name: C:\Program Files (x86)\IIS Express\iisexpress.exe

Thread Name: 

Win32 ThreadId:14952

Extended Properties: 
----------------------------------------
----------------------------------------
Timestamp: 1/22/2016 5:00:15 AM

Message: HandlingInstanceID: 1813c34e-cdd2-4313-8762-a76367a2bb40
An exception of type 'System.Web.HttpException' occurred and was caught.
------------------------------------------------------------------------
01/21/2016 22:00:15
Type : System.Web.HttpException, System.Web, Version=4.0.0.0, Culture=neutral, PublicKeyToken=b03f5f7f11d50a3a
Message : Request timed out.
Source : 
Help link : 
WebEventCode : 3001
ErrorCode : -2147467259
Data : System.Collections.ListDictionaryInternal
TargetSite : 
HResult : -2147467259
Stack Trace : The stack trace is unavailable.
Additional Info:

MachineName : DEN-100001176
TimeStamp : 1/22/2016 5:00:15 AM
FullName : Telerik.Sitefinity.Utilities, Version=8.0.5700.0, Culture=neutral, PublicKeyToken=b28c218413bdf563
AppDomainName : /LM/W3SVC/2/ROOT-5-130978797546959949
ThreadIdentity : admin
WindowsIdentity : SWIFTPAGE\Jeremy.Kron
Requested URL : http://localhost:60876/Sitefinity/Services/Dashboard/DashboardService.svc/GetRecentItems/


Category: ErrorLog

Priority: 0

EventId: 90000

Severity: Error

Title:Enterprise Library Exception Handling

Machine: DEN-100001176

App Domain: /LM/W3SVC/2/ROOT-5-130978797546959949

ProcessId: 10464

Process Name: C:\Program Files (x86)\IIS Express\iisexpress.exe

Thread Name: 

Win32 ThreadId:7912

Extended Properties: 
----------------------------------------
