----------------------------------------
Timestamp: 1/4/2016 3:32:58 PM

Message: HandlingInstanceID: 9dfbca1c-7943-4d0c-8377-09c8891e145b
An exception of type 'System.NullReferenceException' occurred and was caught.
-----------------------------------------------------------------------------
01/04/2016 08:32:57
Type : System.NullReferenceException, mscorlib, Version=4.0.0.0, Culture=neutral, PublicKeyToken=b77a5c561934e089
Message : Object reference not set to an instance of an object.
Source : Telerik.Sitefinity
Help link : 
Data : System.Collections.ListDictionaryInternal
TargetSite : Void VerifySectionRegistered(System.Type, System.String)
HResult : -2147467261
Stack Trace :    at Telerik.Sitefinity.Configuration.Config.VerifySectionRegistered(Type sectionType, String sectionName)
   at Telerik.Sitefinity.Configuration.Config.GetSectionInternal(Type sectionType, Boolean safeMode, String sectionName)
   at Telerik.Sitefinity.Configuration.Config.GetSectionPrivate(Type sectionType, Boolean safeMode, String sectionName)
   at Telerik.Sitefinity.Configuration.Config.GetSectionPrivate[TSection](Boolean safeMode)
   at Telerik.Sitefinity.Localization.ResourceManager.get_ProvidersSettings()
   at Telerik.Sitefinity.Data.ManagerBase`1.GetProvidersSettings()
   at Telerik.Sitefinity.Data.ManagerBase`1.Initialize()

Additional Info:

MachineName : DEN-100001176
TimeStamp : 1/4/2016 3:32:58 PM
FullName : Telerik.Sitefinity.Utilities, Version=8.0.5700.0, Culture=neutral, PublicKeyToken=b28c218413bdf563
AppDomainName : /LM/W3SVC/2/ROOT-36-130948511221999975
ThreadIdentity : SWIFTPAGE\Jeremy.Kron
WindowsIdentity : SWIFTPAGE\Jeremy.Kron


Category: ErrorLog

Priority: 0

EventId: 90030

Severity: Error

Title:Enterprise Library Exception Handling

Machine: DEN-100001176

App Domain: /LM/W3SVC/2/ROOT-36-130948511221999975

ProcessId: 9188

Process Name: C:\Program Files (x86)\Microsoft Visual Studio 12.0\Common7\IDE\Microsoft.VisualStudio.Web.Host.exe

Thread Name: 

Win32 ThreadId:9024

Extended Properties: 
----------------------------------------
----------------------------------------
Timestamp: 1/4/2016 3:33:07 PM

Message: HandlingInstanceID: a08b6c62-3bbd-484e-87b0-e17f3c081dea
An exception of type 'System.NullReferenceException' occurred and was caught.
-----------------------------------------------------------------------------
01/04/2016 08:33:07
Type : System.NullReferenceException, mscorlib, Version=4.0.0.0, Culture=neutral, PublicKeyToken=b77a5c561934e089
Message : Object reference not set to an instance of an object.
Source : Telerik.Sitefinity
Help link : 
Data : System.Collections.ListDictionaryInternal
TargetSite : Void VerifySectionRegistered(System.Type, System.String)
HResult : -2147467261
Stack Trace :    at Telerik.Sitefinity.Configuration.Config.VerifySectionRegistered(Type sectionType, String sectionName)
   at Telerik.Sitefinity.Configuration.Config.GetSectionInternal(Type sectionType, Boolean safeMode, String sectionName)
   at Telerik.Sitefinity.Configuration.Config.GetSectionPrivate(Type sectionType, Boolean safeMode, String sectionName)
   at Telerik.Sitefinity.Configuration.Config.GetSectionPrivate[TSection](Boolean safeMode)
   at Telerik.Sitefinity.Localization.ResourceManager.get_ProvidersSettings()
   at Telerik.Sitefinity.Data.ManagerBase`1.GetProvidersSettings()
   at Telerik.Sitefinity.Data.ManagerBase`1.Initialize()

Additional Info:

MachineName : DEN-100001176
TimeStamp : 1/4/2016 3:33:07 PM
FullName : Telerik.Sitefinity.Utilities, Version=8.0.5700.0, Culture=neutral, PublicKeyToken=b28c218413bdf563
AppDomainName : /LM/W3SVC/2/ROOT-37-130963951790537005
ThreadIdentity : SWIFTPAGE\Jeremy.Kron
WindowsIdentity : SWIFTPAGE\Jeremy.Kron


Category: ErrorLog

Priority: 0

EventId: 90030

Severity: Error

Title:Enterprise Library Exception Handling

Machine: DEN-100001176

App Domain: /LM/W3SVC/2/ROOT-37-130963951790537005

ProcessId: 9188

Process Name: C:\Program Files (x86)\Microsoft Visual Studio 12.0\Common7\IDE\Microsoft.VisualStudio.Web.Host.exe

Thread Name: 

Win32 ThreadId:9024

Extended Properties: 
----------------------------------------
----------------------------------------
Timestamp: 1/4/2016 3:33:15 PM

Message: HandlingInstanceID: b0fbc2dd-ad4d-44e0-8da2-d6a90bd5d943
An exception of type 'System.NullReferenceException' occurred and was caught.
-----------------------------------------------------------------------------
01/04/2016 08:33:15
Type : System.NullReferenceException, mscorlib, Version=4.0.0.0, Culture=neutral, PublicKeyToken=b77a5c561934e089
Message : Object reference not set to an instance of an object.
Source : Telerik.Sitefinity
Help link : 
Data : System.Collections.ListDictionaryInternal
TargetSite : Void VerifySectionRegistered(System.Type, System.String)
HResult : -2147467261
Stack Trace :    at Telerik.Sitefinity.Configuration.Config.VerifySectionRegistered(Type sectionType, String sectionName)
   at Telerik.Sitefinity.Configuration.Config.GetSectionInternal(Type sectionType, Boolean safeMode, String sectionName)
   at Telerik.Sitefinity.Configuration.Config.GetSectionPrivate(Type sectionType, Boolean safeMode, String sectionName)
   at Telerik.Sitefinity.Configuration.Config.GetSectionPrivate[TSection](Boolean safeMode)
   at Telerik.Sitefinity.Localization.ResourceManager.get_ProvidersSettings()
   at Telerik.Sitefinity.Data.ManagerBase`1.GetProvidersSettings()
   at Telerik.Sitefinity.Data.ManagerBase`1.Initialize()

Additional Info:

MachineName : DEN-100001176
TimeStamp : 1/4/2016 3:33:15 PM
FullName : Telerik.Sitefinity.Utilities, Version=8.0.5700.0, Culture=neutral, PublicKeyToken=b28c218413bdf563
AppDomainName : /LM/W3SVC/2/ROOT-38-130963951885037005
ThreadIdentity : SWIFTPAGE\Jeremy.Kron
WindowsIdentity : SWIFTPAGE\Jeremy.Kron


Category: ErrorLog

Priority: 0

EventId: 90030

Severity: Error

Title:Enterprise Library Exception Handling

Machine: DEN-100001176

App Domain: /LM/W3SVC/2/ROOT-38-130963951885037005

ProcessId: 9188

Process Name: C:\Program Files (x86)\Microsoft Visual Studio 12.0\Common7\IDE\Microsoft.VisualStudio.Web.Host.exe

Thread Name: 

Win32 ThreadId:9024

Extended Properties: 
----------------------------------------
----------------------------------------
Timestamp: 1/4/2016 7:50:18 PM

Message: HandlingInstanceID: b4e186e4-16e5-4e74-844d-b4c6522b9b31
An exception of type 'System.NullReferenceException' occurred and was caught.
-----------------------------------------------------------------------------
01/04/2016 12:50:18
Type : System.NullReferenceException, mscorlib, Version=4.0.0.0, Culture=neutral, PublicKeyToken=b77a5c561934e089
Message : Object reference not set to an instance of an object.
Source : Telerik.Sitefinity
Help link : 
Data : System.Collections.ListDictionaryInternal
TargetSite : Void VerifySectionRegistered(System.Type, System.String)
HResult : -2147467261
Stack Trace :    at Telerik.Sitefinity.Configuration.Config.VerifySectionRegistered(Type sectionType, String sectionName)
   at Telerik.Sitefinity.Configuration.Config.GetSectionInternal(Type sectionType, Boolean safeMode, String sectionName)
   at Telerik.Sitefinity.Configuration.Config.GetSectionPrivate(Type sectionType, Boolean safeMode, String sectionName)
   at Telerik.Sitefinity.Configuration.Config.GetSectionPrivate[TSection](Boolean safeMode)
   at Telerik.Sitefinity.Localization.ResourceManager.get_ProvidersSettings()
   at Telerik.Sitefinity.Data.ManagerBase`1.GetProvidersSettings()
   at Telerik.Sitefinity.Data.ManagerBase`1.Initialize()

Additional Info:

MachineName : DEN-100001176
TimeStamp : 1/4/2016 7:50:18 PM
FullName : Telerik.Sitefinity.Utilities, Version=8.0.5700.0, Culture=neutral, PublicKeyToken=b28c218413bdf563
AppDomainName : /LM/W3SVC/2/ROOT-40-130964105623516843
ThreadIdentity : SWIFTPAGE\Jeremy.Kron
WindowsIdentity : SWIFTPAGE\Jeremy.Kron


Category: ErrorLog

Priority: 0

EventId: 90030

Severity: Error

Title:Enterprise Library Exception Handling

Machine: DEN-100001176

App Domain: /LM/W3SVC/2/ROOT-40-130964105623516843

ProcessId: 9188

Process Name: C:\Program Files (x86)\Microsoft Visual Studio 12.0\Common7\IDE\Microsoft.VisualStudio.Web.Host.exe

Thread Name: 

Win32 ThreadId:10612

Extended Properties: 
----------------------------------------
----------------------------------------
Timestamp: 1/4/2016 7:50:31 PM

Message: HandlingInstanceID: 99a01240-7562-4daa-aa51-65519d0c91dc
An exception of type 'System.NullReferenceException' occurred and was caught.
-----------------------------------------------------------------------------
01/04/2016 12:50:31
Type : System.NullReferenceException, mscorlib, Version=4.0.0.0, Culture=neutral, PublicKeyToken=b77a5c561934e089
Message : Object reference not set to an instance of an object.
Source : Telerik.Sitefinity
Help link : 
Data : System.Collections.ListDictionaryInternal
TargetSite : Void VerifySectionRegistered(System.Type, System.String)
HResult : -2147467261
Stack Trace :    at Telerik.Sitefinity.Configuration.Config.VerifySectionRegistered(Type sectionType, String sectionName)
   at Telerik.Sitefinity.Configuration.Config.GetSectionInternal(Type sectionType, Boolean safeMode, String sectionName)
   at Telerik.Sitefinity.Configuration.Config.GetSectionPrivate(Type sectionType, Boolean safeMode, String sectionName)
   at Telerik.Sitefinity.Configuration.Config.GetSectionPrivate[TSection](Boolean safeMode)
   at Telerik.Sitefinity.Localization.ResourceManager.get_ProvidersSettings()
   at Telerik.Sitefinity.Data.ManagerBase`1.GetProvidersSettings()
   at Telerik.Sitefinity.Data.ManagerBase`1.Initialize()

Additional Info:

MachineName : DEN-100001176
TimeStamp : 1/4/2016 7:50:31 PM
FullName : Telerik.Sitefinity.Utilities, Version=8.0.5700.0, Culture=neutral, PublicKeyToken=b28c218413bdf563
AppDomainName : /LM/W3SVC/2/ROOT-41-130964106190763562
ThreadIdentity : SWIFTPAGE\Jeremy.Kron
WindowsIdentity : SWIFTPAGE\Jeremy.Kron


Category: ErrorLog

Priority: 0

EventId: 90030

Severity: Error

Title:Enterprise Library Exception Handling

Machine: DEN-100001176

App Domain: /LM/W3SVC/2/ROOT-41-130964106190763562

ProcessId: 9188

Process Name: C:\Program Files (x86)\Microsoft Visual Studio 12.0\Common7\IDE\Microsoft.VisualStudio.Web.Host.exe

Thread Name: 

Win32 ThreadId:10612

Extended Properties: 
----------------------------------------
