----------------------------------------
Timestamp: 9/22/2015 7:15:46 PM

Message: Shutting down threadpool...


----------------------------------------
----------------------------------------
Timestamp: 9/22/2015 7:15:46 PM

Message: Thread pool 'BackgroundTasksService': Shutdown of thread pool completed. All currently running threads will finish their work and stop.


----------------------------------------
----------------------------------------
Timestamp: 9/22/2015 7:15:46 PM

Message: Background task scheduler shut down


----------------------------------------
----------------------------------------
Timestamp: 9/22/2015 7:15:46 PM

Message: WorkerThread is shut down


----------------------------------------
----------------------------------------
Timestamp: 9/22/2015 7:15:46 PM

Message: WorkerThread is shut down


----------------------------------------
----------------------------------------
Timestamp: 9/22/2015 7:15:46 PM

Message: WorkerThread is shut down


----------------------------------------
----------------------------------------
Timestamp: 9/22/2015 7:15:46 PM

Message: WorkerThread is shut down


----------------------------------------
----------------------------------------
Timestamp: 9/22/2015 7:16:16 PM

Message: Shutting down threadpool...


----------------------------------------
----------------------------------------
Timestamp: 9/22/2015 7:16:16 PM

Message: Thread pool 'BackgroundTasksService': Shutdown of thread pool completed. Threads aborted.


----------------------------------------
----------------------------------------
Timestamp: 9/22/2015 8:30:41 PM

Message: Shutting down threadpool...


----------------------------------------
----------------------------------------
Timestamp: 9/22/2015 8:30:41 PM

Message: Thread pool 'BackgroundTasksService': Shutdown of thread pool completed. All currently running threads will finish their work and stop.


----------------------------------------
----------------------------------------
Timestamp: 9/22/2015 8:30:41 PM

Message: WorkerThread is shut down


----------------------------------------
----------------------------------------
Timestamp: 9/22/2015 8:30:41 PM

Message: Background task scheduler shut down


----------------------------------------
----------------------------------------
Timestamp: 9/22/2015 8:30:41 PM

Message: WorkerThread is shut down


----------------------------------------
----------------------------------------
Timestamp: 9/22/2015 8:30:41 PM

Message: WorkerThread is shut down


----------------------------------------
----------------------------------------
Timestamp: 9/22/2015 8:30:41 PM

Message: WorkerThread is shut down


----------------------------------------
----------------------------------------
Timestamp: 9/22/2015 8:31:11 PM

Message: Shutting down threadpool...


----------------------------------------
----------------------------------------
Timestamp: 9/22/2015 8:31:11 PM

Message: Thread pool 'BackgroundTasksService': Shutdown of thread pool completed. Threads aborted.


----------------------------------------
----------------------------------------
Timestamp: 9/22/2015 11:05:28 PM

Message: Shutting down threadpool...


----------------------------------------
----------------------------------------
Timestamp: 9/22/2015 11:05:28 PM

Message: Thread pool 'BackgroundTasksService': Shutdown of thread pool completed. All currently running threads will finish their work and stop.


----------------------------------------
----------------------------------------
Timestamp: 9/22/2015 11:05:28 PM

Message: WorkerThread is shut down


----------------------------------------
----------------------------------------
Timestamp: 9/22/2015 11:05:28 PM

Message: WorkerThread is shut down


----------------------------------------
----------------------------------------
Timestamp: 9/22/2015 11:05:28 PM

Message: WorkerThread is shut down


----------------------------------------
----------------------------------------
Timestamp: 9/22/2015 11:05:28 PM

Message: Background task scheduler shut down


----------------------------------------
----------------------------------------
Timestamp: 9/22/2015 11:05:28 PM

Message: WorkerThread is shut down


----------------------------------------
----------------------------------------
Timestamp: 9/22/2015 11:05:58 PM

Message: Shutting down threadpool...


----------------------------------------
----------------------------------------
Timestamp: 9/22/2015 11:05:58 PM

Message: Thread pool 'BackgroundTasksService': Shutdown of thread pool completed. Threads aborted.


----------------------------------------
----------------------------------------
Timestamp: 9/23/2015 3:57:08 PM

Message: Shutting down threadpool...


----------------------------------------
----------------------------------------
Timestamp: 9/23/2015 3:57:08 PM

Message: Thread pool 'BackgroundTasksService': Shutdown of thread pool completed. All currently running threads will finish their work and stop.


----------------------------------------
----------------------------------------
Timestamp: 9/23/2015 3:57:08 PM

Message: WorkerThread is shut down


----------------------------------------
----------------------------------------
Timestamp: 9/23/2015 3:57:08 PM

Message: Background task scheduler shut down


----------------------------------------
----------------------------------------
Timestamp: 9/23/2015 3:57:08 PM

Message: WorkerThread is shut down


----------------------------------------
----------------------------------------
Timestamp: 9/23/2015 3:57:08 PM

Message: WorkerThread is shut down


----------------------------------------
----------------------------------------
Timestamp: 9/23/2015 3:57:08 PM

Message: WorkerThread is shut down


----------------------------------------
----------------------------------------
Timestamp: 9/23/2015 3:57:38 PM

Message: Shutting down threadpool...


----------------------------------------
----------------------------------------
Timestamp: 9/23/2015 3:57:38 PM

Message: Thread pool 'BackgroundTasksService': Shutdown of thread pool completed. Threads aborted.


----------------------------------------
----------------------------------------
Timestamp: 9/23/2015 4:03:49 PM

Message: Shutting down threadpool...


----------------------------------------
----------------------------------------
Timestamp: 9/23/2015 4:03:49 PM

Message: Thread pool 'BackgroundTasksService': Shutdown of thread pool completed. All currently running threads will finish their work and stop.


----------------------------------------
----------------------------------------
Timestamp: 9/23/2015 4:03:49 PM

Message: WorkerThread is shut down


----------------------------------------
----------------------------------------
Timestamp: 9/23/2015 4:03:49 PM

Message: WorkerThread is shut down


----------------------------------------
----------------------------------------
Timestamp: 9/23/2015 4:03:49 PM

Message: Background task scheduler shut down


----------------------------------------
----------------------------------------
Timestamp: 9/23/2015 4:03:49 PM

Message: WorkerThread is shut down


----------------------------------------
----------------------------------------
Timestamp: 9/23/2015 4:03:49 PM

Message: WorkerThread is shut down


----------------------------------------
----------------------------------------
Timestamp: 9/23/2015 4:04:19 PM

Message: Shutting down threadpool...


----------------------------------------
----------------------------------------
Timestamp: 9/23/2015 4:04:19 PM

Message: Thread pool 'BackgroundTasksService': Shutdown of thread pool completed. Threads aborted.


----------------------------------------
