----------------------------------------
Timestamp: 11/11/2015 7:16:24 PM

Message: Shutting down threadpool...


----------------------------------------
----------------------------------------
Timestamp: 11/11/2015 7:16:24 PM

Message: Thread pool 'BackgroundTasksService': Shutdown of thread pool completed. All currently running threads will finish their work and stop.


----------------------------------------
----------------------------------------
Timestamp: 11/11/2015 7:16:24 PM

Message: WorkerThread is shut down


----------------------------------------
----------------------------------------
Timestamp: 11/11/2015 7:16:24 PM

Message: WorkerThread is shut down


----------------------------------------
----------------------------------------
Timestamp: 11/11/2015 7:16:24 PM

Message: Background task scheduler shut down


----------------------------------------
----------------------------------------
Timestamp: 11/11/2015 7:16:25 PM

Message: WorkerThread is shut down


----------------------------------------
----------------------------------------
Timestamp: 11/11/2015 7:16:25 PM

Message: WorkerThread is shut down


----------------------------------------
----------------------------------------
Timestamp: 11/11/2015 7:16:25 PM

Message: WorkerThread is shut down


----------------------------------------
----------------------------------------
Timestamp: 11/11/2015 7:16:25 PM

Message: WorkerThread is shut down


----------------------------------------
----------------------------------------
Timestamp: 11/11/2015 7:16:25 PM

Message: WorkerThread is shut down


----------------------------------------
----------------------------------------
Timestamp: 11/11/2015 7:16:25 PM

Message: WorkerThread is shut down


----------------------------------------
----------------------------------------
Timestamp: 11/11/2015 7:16:54 PM

Message: Shutting down threadpool...


----------------------------------------
----------------------------------------
Timestamp: 11/11/2015 7:16:54 PM

Message: Thread pool 'BackgroundTasksService': Shutdown of thread pool completed. Threads aborted.


----------------------------------------
----------------------------------------
Timestamp: 11/11/2015 6:47:23 PM

Message: Shutting down threadpool...


----------------------------------------
----------------------------------------
Timestamp: 11/11/2015 6:47:23 PM

Message: Thread pool 'BackgroundTasksService': Shutdown of thread pool completed. All currently running threads will finish their work and stop.


----------------------------------------
----------------------------------------
Timestamp: 11/11/2015 6:47:23 PM

Message: Background task scheduler shut down


----------------------------------------
----------------------------------------
Timestamp: 11/11/2015 6:47:23 PM

Message: WorkerThread is shut down


----------------------------------------
----------------------------------------
Timestamp: 11/11/2015 6:47:23 PM

Message: WorkerThread is shut down


----------------------------------------
----------------------------------------
Timestamp: 11/11/2015 6:47:23 PM

Message: WorkerThread is shut down


----------------------------------------
----------------------------------------
Timestamp: 11/11/2015 6:47:23 PM

Message: WorkerThread is shut down


----------------------------------------
----------------------------------------
Timestamp: 11/11/2015 6:47:53 PM

Message: Shutting down threadpool...


----------------------------------------
----------------------------------------
Timestamp: 11/11/2015 6:47:53 PM

Message: Thread pool 'BackgroundTasksService': Shutdown of thread pool completed. Threads aborted.


----------------------------------------
----------------------------------------
Timestamp: 11/11/2015 7:58:17 PM

Message: Shutting down threadpool...


----------------------------------------
----------------------------------------
Timestamp: 11/11/2015 7:58:17 PM

Message: Thread pool 'BackgroundTasksService': Shutdown of thread pool completed. All currently running threads will finish their work and stop.


----------------------------------------
----------------------------------------
Timestamp: 11/11/2015 7:58:17 PM

Message: Background task scheduler shut down


----------------------------------------
----------------------------------------
Timestamp: 11/11/2015 7:58:17 PM

Message: WorkerThread is shut down


----------------------------------------
----------------------------------------
Timestamp: 11/11/2015 7:58:17 PM

Message: WorkerThread is shut down


----------------------------------------
----------------------------------------
Timestamp: 11/11/2015 7:58:17 PM

Message: WorkerThread is shut down


----------------------------------------
----------------------------------------
Timestamp: 11/11/2015 7:58:18 PM

Message: WorkerThread is shut down


----------------------------------------
----------------------------------------
Timestamp: 11/11/2015 7:58:47 PM

Message: Shutting down threadpool...


----------------------------------------
----------------------------------------
Timestamp: 11/11/2015 7:58:47 PM

Message: Thread pool 'BackgroundTasksService': Shutdown of thread pool completed. Threads aborted.


----------------------------------------
