----------------------------------------
Timestamp: 11/9/2015 8:05:48 PM

Message: Shutting down threadpool...


----------------------------------------
----------------------------------------
Timestamp: 11/9/2015 8:05:48 PM

Message: Thread pool 'BackgroundTasksService': Shutdown of thread pool completed. All currently running threads will finish their work and stop.


----------------------------------------
----------------------------------------
Timestamp: 11/9/2015 8:05:48 PM

Message: WorkerThread is shut down


----------------------------------------
----------------------------------------
Timestamp: 11/9/2015 8:05:48 PM

Message: WorkerThread is shut down


----------------------------------------
----------------------------------------
Timestamp: 11/9/2015 8:05:48 PM

Message: WorkerThread is shut down


----------------------------------------
----------------------------------------
Timestamp: 11/9/2015 8:05:48 PM

Message: Background task scheduler shut down


----------------------------------------
----------------------------------------
Timestamp: 11/9/2015 8:05:48 PM

Message: WorkerThread is shut down


----------------------------------------
----------------------------------------
Timestamp: 11/9/2015 8:06:18 PM

Message: Shutting down threadpool...


----------------------------------------
----------------------------------------
Timestamp: 11/9/2015 8:06:18 PM

Message: Thread pool 'BackgroundTasksService': Shutdown of thread pool completed. Threads aborted.


----------------------------------------
----------------------------------------
Timestamp: 11/10/2015 4:49:30 PM

Message: Error while executing the Task: Value cannot be null.
Parameter name: input, StackTrace:    at System.Guid.Parse(String input)
   at Telerik.Sitefinity.Services.Statistics.ReconcilerTask.ReconcileUserData()
   at Telerik.Sitefinity.Services.Statistics.ReconcilerTask.<Run>b__0(Object[] p)
   at Telerik.Sitefinity.Services.SystemManager.RunWithElevatedPrivilege(RunWithElevatedPrivilegeDelegate delegateToRun, Object[] parameters, String urlRequest)
   at Telerik.Sitefinity.Services.Statistics.ReconcilerTask.Run(IBackgroundTaskContext context)
   at Telerik.Sitefinity.BackgroundTasks.WorkerThread.Run(IBackgroundTaskContext context)


----------------------------------------
----------------------------------------
Timestamp: 11/10/2015 4:49:37 PM

Message: Error while executing the Task: Value cannot be null.
Parameter name: input, StackTrace:    at System.Guid.Parse(String input)
   at Telerik.Sitefinity.Services.Statistics.ReconcilerTask.ReconcileUserData()
   at Telerik.Sitefinity.Services.Statistics.ReconcilerTask.<Run>b__0(Object[] p)
   at Telerik.Sitefinity.Services.SystemManager.RunWithElevatedPrivilege(RunWithElevatedPrivilegeDelegate delegateToRun, Object[] parameters, String urlRequest)
   at Telerik.Sitefinity.Services.Statistics.ReconcilerTask.Run(IBackgroundTaskContext context)
   at Telerik.Sitefinity.BackgroundTasks.WorkerThread.Run(IBackgroundTaskContext context)


----------------------------------------
