----------------------------------------
<<<<<<< HEAD
Timestamp: 9/23/2015 10:30:13 PM
=======
<<<<<<< HEAD
Timestamp: 9/22/2015 4:30:49 PM
=======
Timestamp: 9/22/2015 7:15:46 PM
>>>>>>> 204b7e56e3ebd3c764b570bd5354ad3e1e100ea3
>>>>>>> 7a240aaa0d88274dcb237655c783a317cb1d39c3

Message: Shutting down threadpool...


----------------------------------------
----------------------------------------
<<<<<<< HEAD
Timestamp: 9/23/2015 10:30:13 PM
=======
<<<<<<< HEAD
Timestamp: 9/22/2015 4:30:49 PM
=======
Timestamp: 9/22/2015 7:15:46 PM
>>>>>>> 204b7e56e3ebd3c764b570bd5354ad3e1e100ea3
>>>>>>> 7a240aaa0d88274dcb237655c783a317cb1d39c3

Message: Thread pool 'BackgroundTasksService': Shutdown of thread pool completed. All currently running threads will finish their work and stop.


----------------------------------------
----------------------------------------
<<<<<<< HEAD
Timestamp: 9/23/2015 10:30:13 PM

Message: WorkerThread is shut down
=======
<<<<<<< HEAD
Timestamp: 9/22/2015 4:30:49 PM

Message: WorkerThread is shut down
=======
Timestamp: 9/22/2015 7:15:46 PM

Message: Background task scheduler shut down
>>>>>>> 204b7e56e3ebd3c764b570bd5354ad3e1e100ea3
>>>>>>> 7a240aaa0d88274dcb237655c783a317cb1d39c3


----------------------------------------
----------------------------------------
<<<<<<< HEAD
Timestamp: 9/23/2015 10:30:13 PM
=======
<<<<<<< HEAD
Timestamp: 9/22/2015 4:30:49 PM
=======
Timestamp: 9/22/2015 7:15:46 PM
>>>>>>> 204b7e56e3ebd3c764b570bd5354ad3e1e100ea3
>>>>>>> 7a240aaa0d88274dcb237655c783a317cb1d39c3

Message: WorkerThread is shut down


----------------------------------------
----------------------------------------
<<<<<<< HEAD
Timestamp: 9/23/2015 10:30:13 PM
=======
<<<<<<< HEAD
Timestamp: 9/22/2015 4:30:49 PM
=======
Timestamp: 9/22/2015 7:15:46 PM
>>>>>>> 204b7e56e3ebd3c764b570bd5354ad3e1e100ea3
>>>>>>> 7a240aaa0d88274dcb237655c783a317cb1d39c3

Message: WorkerThread is shut down


----------------------------------------
----------------------------------------
<<<<<<< HEAD
Timestamp: 9/23/2015 10:30:13 PM
=======
<<<<<<< HEAD
Timestamp: 9/22/2015 4:30:49 PM
=======
Timestamp: 9/22/2015 7:15:46 PM
>>>>>>> 204b7e56e3ebd3c764b570bd5354ad3e1e100ea3
>>>>>>> 7a240aaa0d88274dcb237655c783a317cb1d39c3

Message: WorkerThread is shut down


----------------------------------------
----------------------------------------
<<<<<<< HEAD
Timestamp: 9/23/2015 10:30:13 PM
=======
<<<<<<< HEAD
Timestamp: 9/22/2015 4:30:49 PM
=======
Timestamp: 9/22/2015 7:15:46 PM
>>>>>>> 204b7e56e3ebd3c764b570bd5354ad3e1e100ea3
>>>>>>> 7a240aaa0d88274dcb237655c783a317cb1d39c3

Message: Background task scheduler shut down


----------------------------------------
----------------------------------------
<<<<<<< HEAD
Timestamp: 9/23/2015 10:30:43 PM
=======
<<<<<<< HEAD
Timestamp: 9/22/2015 4:30:49 PM
=======
Timestamp: 9/22/2015 7:16:16 PM
>>>>>>> 7a240aaa0d88274dcb237655c783a317cb1d39c3

Message: Shutting down threadpool...


----------------------------------------
----------------------------------------
Timestamp: 9/23/2015 10:30:43 PM

Message: Thread pool 'BackgroundTasksService': Shutdown of thread pool completed. Threads aborted.


----------------------------------------
----------------------------------------
Timestamp: 9/24/2015 8:07:11 PM

Message: Shutting down threadpool...


----------------------------------------
----------------------------------------
Timestamp: 9/24/2015 8:07:11 PM

Message: Thread pool 'BackgroundTasksService': Shutdown of thread pool completed. All currently running threads will finish their work and stop.


----------------------------------------
----------------------------------------
<<<<<<< HEAD
Timestamp: 9/24/2015 8:07:11 PM
=======
Timestamp: 9/22/2015 8:30:41 PM
>>>>>>> 204b7e56e3ebd3c764b570bd5354ad3e1e100ea3
>>>>>>> 7a240aaa0d88274dcb237655c783a317cb1d39c3

Message: WorkerThread is shut down


----------------------------------------
----------------------------------------
<<<<<<< HEAD
Timestamp: 9/24/2015 8:07:11 PM
=======
<<<<<<< HEAD
Timestamp: 9/22/2015 4:30:49 PM
=======
Timestamp: 9/22/2015 8:30:41 PM
>>>>>>> 204b7e56e3ebd3c764b570bd5354ad3e1e100ea3
>>>>>>> 7a240aaa0d88274dcb237655c783a317cb1d39c3

Message: Background task scheduler shut down


----------------------------------------
----------------------------------------
<<<<<<< HEAD
Timestamp: 9/24/2015 8:07:11 PM

Message: WorkerThread is shut down


----------------------------------------
----------------------------------------
Timestamp: 9/24/2015 8:07:11 PM

Message: WorkerThread is shut down


----------------------------------------
----------------------------------------
Timestamp: 9/24/2015 8:07:11 PM

Message: WorkerThread is shut down


----------------------------------------
----------------------------------------
Timestamp: 9/24/2015 8:07:41 PM

Message: Shutting down threadpool...


----------------------------------------
----------------------------------------
Timestamp: 9/24/2015 8:07:41 PM

Message: Thread pool 'BackgroundTasksService': Shutdown of thread pool completed. Threads aborted.


----------------------------------------
----------------------------------------
Timestamp: 9/24/2015 9:16:21 PM

Message: Shutting down threadpool...


----------------------------------------
----------------------------------------
Timestamp: 9/24/2015 9:16:21 PM

Message: Thread pool 'BackgroundTasksService': Shutdown of thread pool completed. All currently running threads will finish their work and stop.


----------------------------------------
----------------------------------------
Timestamp: 9/24/2015 9:16:21 PM

Message: WorkerThread is shut down


----------------------------------------
----------------------------------------
Timestamp: 9/24/2015 9:16:21 PM
=======
<<<<<<< HEAD
Timestamp: 9/22/2015 4:30:49 PM
=======
Timestamp: 9/22/2015 8:30:41 PM
>>>>>>> 7a240aaa0d88274dcb237655c783a317cb1d39c3

Message: WorkerThread is shut down


----------------------------------------
----------------------------------------
<<<<<<< HEAD
Timestamp: 9/24/2015 9:16:21 PM
=======
Timestamp: 9/22/2015 8:30:41 PM
>>>>>>> 204b7e56e3ebd3c764b570bd5354ad3e1e100ea3
>>>>>>> 7a240aaa0d88274dcb237655c783a317cb1d39c3

Message: WorkerThread is shut down


----------------------------------------
----------------------------------------
<<<<<<< HEAD
Timestamp: 9/24/2015 9:16:21 PM

Message: Background task scheduler shut down


----------------------------------------
----------------------------------------
Timestamp: 9/24/2015 9:16:21 PM
=======
<<<<<<< HEAD
Timestamp: 9/22/2015 4:30:49 PM
=======
Timestamp: 9/22/2015 8:30:41 PM
>>>>>>> 204b7e56e3ebd3c764b570bd5354ad3e1e100ea3
>>>>>>> 7a240aaa0d88274dcb237655c783a317cb1d39c3

Message: WorkerThread is shut down


----------------------------------------
----------------------------------------
<<<<<<< HEAD
Timestamp: 9/24/2015 9:16:23 PM
=======
<<<<<<< HEAD
Timestamp: 9/22/2015 4:31:19 PM
=======
Timestamp: 9/22/2015 8:31:11 PM
>>>>>>> 204b7e56e3ebd3c764b570bd5354ad3e1e100ea3
>>>>>>> 7a240aaa0d88274dcb237655c783a317cb1d39c3

Message: Shutting down threadpool...


----------------------------------------
----------------------------------------
<<<<<<< HEAD
Timestamp: 9/24/2015 9:16:23 PM
=======
<<<<<<< HEAD
Timestamp: 9/22/2015 4:31:19 PM
=======
Timestamp: 9/22/2015 8:31:11 PM
>>>>>>> 204b7e56e3ebd3c764b570bd5354ad3e1e100ea3
>>>>>>> 7a240aaa0d88274dcb237655c783a317cb1d39c3

Message: Thread pool 'BackgroundTasksService': Shutdown of thread pool completed. Threads aborted.


----------------------------------------
