----------------------------------------
Timestamp: 10/13/2015 9:39:32 PM

Message: Shutting down threadpool...


----------------------------------------
----------------------------------------
Timestamp: 10/13/2015 9:39:32 PM

Message: Thread pool 'BackgroundTasksService': Shutdown of thread pool completed. All currently running threads will finish their work and stop.


----------------------------------------
----------------------------------------
Timestamp: 10/13/2015 9:39:32 PM

Message: WorkerThread is shut down


----------------------------------------
----------------------------------------
Timestamp: 10/13/2015 9:39:32 PM

Message: WorkerThread is shut down


----------------------------------------
----------------------------------------
Timestamp: 10/13/2015 9:39:32 PM

Message: WorkerThread is shut down


----------------------------------------
----------------------------------------
Timestamp: 10/13/2015 9:39:32 PM

Message: WorkerThread is shut down


----------------------------------------
----------------------------------------
Timestamp: 10/13/2015 9:39:32 PM

Message: Background task scheduler shut down


----------------------------------------
----------------------------------------
Timestamp: 10/13/2015 9:40:02 PM

Message: Shutting down threadpool...


----------------------------------------
----------------------------------------
Timestamp: 10/13/2015 9:40:02 PM

Message: Thread pool 'BackgroundTasksService': Shutdown of thread pool completed. Threads aborted.


----------------------------------------
