----------------------------------------
Timestamp: 11/17/2015 4:25:38 PM

Message: Shutting down threadpool...


----------------------------------------
----------------------------------------
Timestamp: 11/17/2015 4:25:38 PM

Message: Thread pool 'BackgroundTasksService': Shutdown of thread pool completed. All currently running threads will finish their work and stop.


----------------------------------------
----------------------------------------
Timestamp: 11/17/2015 4:25:39 PM

Message: Background task scheduler shut down


----------------------------------------
----------------------------------------
Timestamp: 11/17/2015 4:25:39 PM

Message: WorkerThread is shut down


----------------------------------------
----------------------------------------
Timestamp: 11/17/2015 4:25:39 PM

Message: WorkerThread is shut down


----------------------------------------
----------------------------------------
Timestamp: 11/17/2015 4:25:39 PM

Message: WorkerThread is shut down


----------------------------------------
----------------------------------------
Timestamp: 11/17/2015 4:25:39 PM

Message: WorkerThread is shut down


----------------------------------------
----------------------------------------
Timestamp: 11/17/2015 4:26:08 PM

Message: Shutting down threadpool...


----------------------------------------
----------------------------------------
Timestamp: 11/17/2015 4:26:08 PM

Message: Thread pool 'BackgroundTasksService': Shutdown of thread pool completed. Threads aborted.


----------------------------------------
----------------------------------------
Timestamp: 11/17/2015 4:30:04 PM

Message: Shutting down threadpool...


----------------------------------------
----------------------------------------
Timestamp: 11/17/2015 4:30:04 PM

Message: Thread pool 'BackgroundTasksService': Shutdown of thread pool completed. All currently running threads will finish their work and stop.


----------------------------------------
----------------------------------------
Timestamp: 11/17/2015 4:30:05 PM

Message: WorkerThread is shut down


----------------------------------------
----------------------------------------
Timestamp: 11/17/2015 4:30:05 PM

Message: Background task scheduler shut down


----------------------------------------
----------------------------------------
Timestamp: 11/17/2015 4:30:05 PM

Message: WorkerThread is shut down


----------------------------------------
----------------------------------------
Timestamp: 11/17/2015 4:30:05 PM

Message: WorkerThread is shut down


----------------------------------------
----------------------------------------
Timestamp: 11/17/2015 4:30:05 PM

Message: WorkerThread is shut down


----------------------------------------
----------------------------------------
Timestamp: 11/17/2015 4:30:34 PM

Message: Shutting down threadpool...


----------------------------------------
----------------------------------------
Timestamp: 11/17/2015 4:30:34 PM

Message: Thread pool 'BackgroundTasksService': Shutdown of thread pool completed. Threads aborted.


----------------------------------------
----------------------------------------
Timestamp: 11/18/2015 12:39:11 AM

Message: Shutting down threadpool...


----------------------------------------
----------------------------------------
Timestamp: 11/18/2015 12:39:11 AM

Message: Thread pool 'BackgroundTasksService': Shutdown of thread pool completed. All currently running threads will finish their work and stop.


----------------------------------------
----------------------------------------
Timestamp: 11/18/2015 12:39:12 AM

Message: WorkerThread is shut down


----------------------------------------
----------------------------------------
Timestamp: 11/18/2015 12:39:12 AM

Message: WorkerThread is shut down


----------------------------------------
----------------------------------------
Timestamp: 11/18/2015 12:39:12 AM

Message: WorkerThread is shut down


----------------------------------------
----------------------------------------
Timestamp: 11/18/2015 12:39:12 AM

Message: WorkerThread is shut down


----------------------------------------
----------------------------------------
Timestamp: 11/18/2015 12:39:12 AM

Message: WorkerThread is shut down


----------------------------------------
----------------------------------------
Timestamp: 11/18/2015 12:39:12 AM

Message: WorkerThread is shut down


----------------------------------------
----------------------------------------
Timestamp: 11/18/2015 12:39:12 AM

Message: WorkerThread is shut down


----------------------------------------
----------------------------------------
Timestamp: 11/18/2015 12:39:12 AM

Message: WorkerThread is shut down


----------------------------------------
----------------------------------------
Timestamp: 11/18/2015 12:39:12 AM

Message: Background task scheduler shut down


----------------------------------------
----------------------------------------
Timestamp: 11/18/2015 12:39:41 AM

Message: Shutting down threadpool...


----------------------------------------
----------------------------------------
Timestamp: 11/18/2015 12:39:41 AM

Message: Thread pool 'BackgroundTasksService': Shutdown of thread pool completed. Threads aborted.


----------------------------------------
----------------------------------------
Timestamp: 11/18/2015 2:42:32 AM

Message: Shutting down threadpool...


----------------------------------------
----------------------------------------
Timestamp: 11/18/2015 2:42:32 AM

Message: Thread pool 'BackgroundTasksService': Shutdown of thread pool completed. All currently running threads will finish their work and stop.


----------------------------------------
----------------------------------------
Timestamp: 11/18/2015 2:42:32 AM

Message: WorkerThread is shut down


----------------------------------------
----------------------------------------
Timestamp: 11/18/2015 2:42:32 AM

Message: Background task scheduler shut down


----------------------------------------
----------------------------------------
Timestamp: 11/18/2015 2:42:32 AM

Message: WorkerThread is shut down


----------------------------------------
----------------------------------------
Timestamp: 11/18/2015 2:42:32 AM

Message: WorkerThread is shut down


----------------------------------------
----------------------------------------
Timestamp: 11/18/2015 2:42:32 AM

Message: WorkerThread is shut down


----------------------------------------
----------------------------------------
Timestamp: 11/18/2015 2:42:32 AM

Message: WorkerThread is shut down


----------------------------------------
----------------------------------------
Timestamp: 11/18/2015 2:42:32 AM

Message: WorkerThread is shut down


----------------------------------------
----------------------------------------
Timestamp: 11/18/2015 2:42:32 AM

Message: WorkerThread is shut down


----------------------------------------
----------------------------------------
Timestamp: 11/18/2015 2:42:32 AM

Message: WorkerThread is shut down


----------------------------------------
----------------------------------------
Timestamp: 11/18/2015 2:43:02 AM

Message: Shutting down threadpool...


----------------------------------------
----------------------------------------
Timestamp: 11/18/2015 2:43:02 AM

Message: Thread pool 'BackgroundTasksService': Shutdown of thread pool completed. Threads aborted.


----------------------------------------
----------------------------------------
Timestamp: 11/18/2015 3:05:26 AM

Message: Shutting down threadpool...


----------------------------------------
----------------------------------------
Timestamp: 11/18/2015 3:05:26 AM

Message: Thread pool 'BackgroundTasksService': Shutdown of thread pool completed. All currently running threads will finish their work and stop.


----------------------------------------
----------------------------------------
Timestamp: 11/18/2015 3:05:26 AM

Message: WorkerThread is shut down


----------------------------------------
----------------------------------------
Timestamp: 11/18/2015 3:05:26 AM

Message: Background task scheduler shut down


----------------------------------------
----------------------------------------
Timestamp: 11/18/2015 3:05:26 AM

Message: WorkerThread is shut down


----------------------------------------
----------------------------------------
Timestamp: 11/18/2015 3:05:26 AM

Message: WorkerThread is shut down


----------------------------------------
----------------------------------------
Timestamp: 11/18/2015 3:05:26 AM

Message: WorkerThread is shut down


----------------------------------------
----------------------------------------
Timestamp: 11/18/2015 3:05:26 AM

Message: WorkerThread is shut down


----------------------------------------
----------------------------------------
Timestamp: 11/18/2015 3:05:26 AM

Message: WorkerThread is shut down


----------------------------------------
----------------------------------------
Timestamp: 11/18/2015 3:05:26 AM

Message: WorkerThread is shut down


----------------------------------------
----------------------------------------
Timestamp: 11/18/2015 3:05:26 AM

Message: WorkerThread is shut down


----------------------------------------
----------------------------------------
Timestamp: 11/18/2015 3:05:28 AM

Message: Shutting down threadpool...


----------------------------------------
----------------------------------------
Timestamp: 11/18/2015 3:05:28 AM

Message: Thread pool 'BackgroundTasksService': Shutdown of thread pool completed. Threads aborted.


----------------------------------------
----------------------------------------
Timestamp: 11/18/2015 3:21:48 AM

Message: Operation: 'ApplicationRestart'. Parameters: 'flags:Default;sendRestartApplicationSystemMessage:True'. Reason: 'LicenseUpdate'. User: 'admin'. StackTrace: '
Telerik.Sitefinity.Services.SystemManager: Boolean RestartApplication(Telerik.Sitefinity.Services.OperationReason, Telerik.Sitefinity.Services.SystemRestartFlags, Boolean)
Telerik.Sitefinity.Licensing.Web.UI.LicenseRegistration: Void SaveLicense()
System.Web.UI.WebControls.LinkButton: Void RaisePostBackEvent(System.String)
System.Web.UI.Page: Void ProcessRequestMain(Boolean, Boolean)
System.Web.UI.Page: Void ProcessRequest(Boolean, Boolean)
System.Web.UI.Page: Void ProcessRequest()
System.Web.UI.Page: Void ProcessRequest(System.Web.HttpContext)
System.Web.HttpApplication+CallHandlerExecutionStep: Void System.Web.HttpApplication.IExecutionStep.Execute()
System.Web.HttpApplication: System.Exception ExecuteStep(IExecutionStep, Boolean ByRef)
System.Web.HttpApplication+PipelineStepManager: Void ResumeSteps(System.Exception)
System.Web.HttpApplication: System.IAsyncResult BeginProcessRequestNotification(System.Web.HttpContext, System.AsyncCallback)
System.Web.HttpRuntime: System.Web.RequestNotificationStatus ProcessRequestNotificationPrivate(System.Web.Hosting.IIS7WorkerRequest, System.Web.HttpContext)
System.Web.Hosting.PipelineRuntime: Int32 ProcessRequestNotificationHelper(IntPtr, IntPtr, IntPtr, Int32)
System.Web.Hosting.PipelineRuntime: Int32 ProcessRequestNotification(IntPtr, IntPtr, IntPtr, Int32)
System.Web.Hosting.UnsafeIISMethods: Void MgdIndicateCompletion(IntPtr, System.Web.RequestNotificationStatus ByRef)
System.Web.Hosting.UnsafeIISMethods: Void MgdIndicateCompletion(IntPtr, System.Web.RequestNotificationStatus ByRef)
System.Web.Hosting.PipelineRuntime: Int32 ProcessRequestNotificationHelper(IntPtr, IntPtr, IntPtr, Int32)
System.Web.Hosting.PipelineRuntime: Int32 ProcessRequestNotification(IntPtr, IntPtr, IntPtr, Int32)'.


----------------------------------------
----------------------------------------
Timestamp: 11/18/2015 3:21:54 AM

Message: Operation: 'ApplicationRestart'. Parameters: 'flags:Default;sendRestartApplicationSystemMessage:True'. Reason: 'LicenseUpdate'. User: 'admin'. StackTrace: '
Telerik.Sitefinity.Services.SystemManager: Boolean RestartApplication(Telerik.Sitefinity.Services.OperationReason, Telerik.Sitefinity.Services.SystemRestartFlags, Boolean)
Telerik.Sitefinity.Licensing.Web.UI.LicenseRegistration: Void SaveLicense()
System.Web.UI.WebControls.LinkButton: Void RaisePostBackEvent(System.String)
System.Web.UI.Page: Void ProcessRequestMain(Boolean, Boolean)
System.Web.UI.Page: Void ProcessRequest(Boolean, Boolean)
System.Web.UI.Page: Void ProcessRequest()
System.Web.UI.Page: Void ProcessRequest(System.Web.HttpContext)
System.Web.HttpApplication+CallHandlerExecutionStep: Void System.Web.HttpApplication.IExecutionStep.Execute()
System.Web.HttpApplication: System.Exception ExecuteStep(IExecutionStep, Boolean ByRef)
System.Web.HttpApplication+PipelineStepManager: Void ResumeSteps(System.Exception)
System.Web.HttpApplication: System.IAsyncResult BeginProcessRequestNotification(System.Web.HttpContext, System.AsyncCallback)
System.Web.HttpRuntime: System.Web.RequestNotificationStatus ProcessRequestNotificationPrivate(System.Web.Hosting.IIS7WorkerRequest, System.Web.HttpContext)
System.Web.Hosting.PipelineRuntime: Int32 ProcessRequestNotificationHelper(IntPtr, IntPtr, IntPtr, Int32)
System.Web.Hosting.PipelineRuntime: Int32 ProcessRequestNotification(IntPtr, IntPtr, IntPtr, Int32)
System.Web.Hosting.UnsafeIISMethods: Void MgdIndicateCompletion(IntPtr, System.Web.RequestNotificationStatus ByRef)
System.Web.Hosting.UnsafeIISMethods: Void MgdIndicateCompletion(IntPtr, System.Web.RequestNotificationStatus ByRef)
System.Web.Hosting.PipelineRuntime: Int32 ProcessRequestNotificationHelper(IntPtr, IntPtr, IntPtr, Int32)
System.Web.Hosting.PipelineRuntime: Int32 ProcessRequestNotification(IntPtr, IntPtr, IntPtr, Int32)'.


----------------------------------------
