----------------------------------------
Timestamp: 12/8/2015 9:12:16 PM

Message: Shutting down threadpool...


----------------------------------------
----------------------------------------
Timestamp: 12/8/2015 9:12:16 PM

Message: Thread pool 'BackgroundTasksService': Shutdown of thread pool completed. All currently running threads will finish their work and stop.


----------------------------------------
----------------------------------------
Timestamp: 12/8/2015 9:12:16 PM

Message: WorkerThread is shut down


----------------------------------------
----------------------------------------
Timestamp: 12/8/2015 9:12:16 PM

Message: WorkerThread is shut down


----------------------------------------
----------------------------------------
Timestamp: 12/8/2015 9:12:16 PM

Message: Background task scheduler shut down


----------------------------------------
----------------------------------------
Timestamp: 12/8/2015 9:12:16 PM

Message: WorkerThread is shut down


----------------------------------------
----------------------------------------
Timestamp: 12/8/2015 9:12:17 PM

Message: WorkerThread is shut down


----------------------------------------
----------------------------------------
Timestamp: 12/8/2015 9:12:46 PM

Message: Shutting down threadpool...


----------------------------------------
----------------------------------------
Timestamp: 12/8/2015 9:12:46 PM

Message: Thread pool 'BackgroundTasksService': Shutdown of thread pool completed. Threads aborted.


----------------------------------------
