----------------------------------------
Timestamp: 11/5/2015 4:46:58 PM

Message: Shutting down threadpool...


----------------------------------------
----------------------------------------
Timestamp: 11/5/2015 4:46:58 PM

Message: Thread pool 'BackgroundTasksService': Shutdown of thread pool completed. All currently running threads will finish their work and stop.


----------------------------------------
----------------------------------------
Timestamp: 11/5/2015 4:46:58 PM

Message: WorkerThread is shut down


----------------------------------------
----------------------------------------
Timestamp: 11/5/2015 4:46:58 PM

Message: WorkerThread is shut down


----------------------------------------
----------------------------------------
Timestamp: 11/5/2015 4:46:58 PM

Message: WorkerThread is shut down


----------------------------------------
----------------------------------------
Timestamp: 11/5/2015 4:46:59 PM

Message: Background task scheduler shut down


----------------------------------------
----------------------------------------
Timestamp: 11/5/2015 4:46:59 PM

Message: WorkerThread is shut down


----------------------------------------
----------------------------------------
Timestamp: 11/5/2015 4:47:28 PM

Message: Shutting down threadpool...


----------------------------------------
----------------------------------------
Timestamp: 11/5/2015 4:47:28 PM

Message: Thread pool 'BackgroundTasksService': Shutdown of thread pool completed. Threads aborted.


----------------------------------------
