----------------------------------------
Timestamp: 10/6/2015 7:46:11 PM

Message: System.ArgumentException: Invalid details page specified: "e69f60e7-96e1-633a-9d88-ff00001e67f5".
   at Telerik.Sitefinity.Web.DataResolving.UrlResolver.Resolve(Object dataItem, String format, String args)
   at Telerik.Sitefinity.Web.UI.ContentUI.DetailsViewHyperLink.OnDataBinding(EventArgs e)
   at System.Web.UI.Control.DataBind(Boolean raiseOnDataBinding)
   at System.Web.UI.Control.DataBind()
   at System.Web.UI.Control.DataBindChildren()
   at System.Web.UI.Control.DataBind(Boolean raiseOnDataBinding)
   at System.Web.UI.Control.DataBind()
   at Telerik.Web.UI.RadListView.BuildDataItem(Int32 itemsCreatedCount, Control itemContainer, Boolean dataBinding, Object dataItem, Int32& controlIndex)
   at Telerik.Web.UI.RadListView.CreateDataItems(Control container, IEnumerable dataSource, Boolean dataBinding)
   at Telerik.Web.UI.RadListView.CreateChildControls(IEnumerable dataSource, Boolean dataBinding)
   at Telerik.Web.UI.RadListView.PerformDataBinding(IEnumerable data)
   at System.Web.UI.WebControls.DataBoundControl.OnDataSourceViewSelectCallback(IEnumerable data)
   at System.Web.UI.DataSourceView.Select(DataSourceSelectArguments arguments, DataSourceViewSelectCallback callback)
   at System.Web.UI.WebControls.DataBoundControl.PerformSelect()
   at Telerik.Web.UI.RadListView.PerformSelect()
   at System.Web.UI.WebControls.BaseDataBoundControl.DataBind()
   at Telerik.Web.UI.RadListView.DataBind()
   at Telerik.Web.UI.RadListView.AutoDataBind(RadListViewRebindReason rebindReason)
   at Telerik.Web.UI.RadListView.OnLoad(EventArgs e)
   at System.Web.UI.Control.LoadRecursive()
   at System.Web.UI.Control.LoadRecursive()
   at System.Web.UI.Control.LoadRecursive()
   at System.Web.UI.Control.AddedControl(Control control, Int32 index)
   at System.Web.UI.ControlCollection.Add(Control child)
   at Telerik.Sitefinity.Web.UI.ContentUI.Views.Backend.ViewBase.CreateChildControls()


----------------------------------------
----------------------------------------
Timestamp: 10/6/2015 7:46:29 PM

Message: System.ArgumentException: Invalid details page specified: "e69f60e7-96e1-633a-9d88-ff00001e67f5".
   at Telerik.Sitefinity.Web.DataResolving.UrlResolver.Resolve(Object dataItem, String format, String args)
   at Telerik.Sitefinity.Web.UI.ContentUI.DetailsViewHyperLink.OnDataBinding(EventArgs e)
   at System.Web.UI.Control.DataBind(Boolean raiseOnDataBinding)
   at System.Web.UI.Control.DataBind()
   at System.Web.UI.Control.DataBindChildren()
   at System.Web.UI.Control.DataBind(Boolean raiseOnDataBinding)
   at System.Web.UI.Control.DataBind()
   at Telerik.Web.UI.RadListView.BuildDataItem(Int32 itemsCreatedCount, Control itemContainer, Boolean dataBinding, Object dataItem, Int32& controlIndex)
   at Telerik.Web.UI.RadListView.CreateDataItems(Control container, IEnumerable dataSource, Boolean dataBinding)
   at Telerik.Web.UI.RadListView.CreateChildControls(IEnumerable dataSource, Boolean dataBinding)
   at Telerik.Web.UI.RadListView.PerformDataBinding(IEnumerable data)
   at System.Web.UI.WebControls.DataBoundControl.OnDataSourceViewSelectCallback(IEnumerable data)
   at System.Web.UI.DataSourceView.Select(DataSourceSelectArguments arguments, DataSourceViewSelectCallback callback)
   at System.Web.UI.WebControls.DataBoundControl.PerformSelect()
   at Telerik.Web.UI.RadListView.PerformSelect()
   at System.Web.UI.WebControls.BaseDataBoundControl.DataBind()
   at Telerik.Web.UI.RadListView.DataBind()
   at Telerik.Web.UI.RadListView.AutoDataBind(RadListViewRebindReason rebindReason)
   at Telerik.Web.UI.RadListView.OnLoad(EventArgs e)
   at System.Web.UI.Control.LoadRecursive()
   at System.Web.UI.Control.LoadRecursive()
   at System.Web.UI.Control.LoadRecursive()
   at System.Web.UI.Control.AddedControl(Control control, Int32 index)
   at System.Web.UI.ControlCollection.Add(Control child)
   at Telerik.Sitefinity.Web.UI.ContentUI.Views.Backend.ViewBase.CreateChildControls()


----------------------------------------
----------------------------------------
Timestamp: 10/6/2015 8:13:06 PM

Message: Shutting down threadpool...


----------------------------------------
----------------------------------------
Timestamp: 10/6/2015 8:13:06 PM

Message: Thread pool 'BackgroundTasksService': Shutdown of thread pool completed. All currently running threads will finish their work and stop.


----------------------------------------
----------------------------------------
Timestamp: 10/6/2015 8:13:06 PM

Message: WorkerThread is shut down


----------------------------------------
----------------------------------------
Timestamp: 10/6/2015 8:13:06 PM

Message: WorkerThread is shut down


----------------------------------------
----------------------------------------
Timestamp: 10/6/2015 8:13:07 PM

Message: Background task scheduler shut down


----------------------------------------
----------------------------------------
Timestamp: 10/6/2015 8:13:07 PM

Message: WorkerThread is shut down


----------------------------------------
----------------------------------------
Timestamp: 10/6/2015 8:13:07 PM

Message: WorkerThread is shut down


----------------------------------------
----------------------------------------
Timestamp: 10/6/2015 8:13:36 PM

Message: Shutting down threadpool...


----------------------------------------
----------------------------------------
Timestamp: 10/6/2015 8:13:36 PM

Message: Thread pool 'BackgroundTasksService': Shutdown of thread pool completed. Threads aborted.


----------------------------------------
----------------------------------------
Timestamp: 10/6/2015 9:41:32 PM

Message: Operation: 'ModelReset'. Parameters: 'notify:True'. Reason: 'MetaDataChange|InvalidatedModules:Telerik.Sitefinity.Publishing.Data.OpenAccessPublishingPointDynamicTypeProvider'. User: 'admin'. StackTrace: '
Telerik.Sitefinity.Data.OA.OpenAccessConnection: Void ResetModel(Telerik.Sitefinity.Services.OperationReason, Boolean)
Telerik.Sitefinity.Data.Decorators.OpenAccessDecorator+<>c__DisplayClass23: Void <EnsureModelReset>b__21()
Telerik.Sitefinity.Data.TransactionManager: Void CommitTransaction(System.String)
Telerik.Sitefinity.Publishing.Web.Services.PublishingAdminService: Telerik.Sitefinity.Publishing.Web.Services.Data.DataItemContext`1[Telerik.Sitefinity.Publishing.Web.Services.Data.PublishingPointDetailViewModel] SavePublishingPoint(Telerik.Sitefinity.Publishing.Web.Services.Data.DataItemContext`1[Telerik.Sitefinity.Publishing.Web.Services.Data.PublishingPointDetailViewModel], System.String, System.String, Boolean, System.String)
unknown: System.Object SyncInvokeSavePublishingPoint(System.Object, System.Object[], System.Object[])
System.ServiceModel.Dispatcher.SyncMethodInvoker: System.Object Invoke(System.Object, System.Object[], System.Object[] ByRef)
System.ServiceModel.Dispatcher.DispatchOperationRuntime: Void InvokeBegin(System.ServiceModel.Dispatcher.MessageRpc ByRef)
System.ServiceModel.Dispatcher.ImmutableDispatchRuntime: Void ProcessMessage5(System.ServiceModel.Dispatcher.MessageRpc ByRef)
System.ServiceModel.Dispatcher.ImmutableDispatchRuntime: Void ProcessMessage41(System.ServiceModel.Dispatcher.MessageRpc ByRef)
System.ServiceModel.Dispatcher.ImmutableDispatchRuntime: Void ProcessMessage4(System.ServiceModel.Dispatcher.MessageRpc ByRef)
System.ServiceModel.Dispatcher.ImmutableDispatchRuntime: Void ProcessMessage31(System.ServiceModel.Dispatcher.MessageRpc ByRef)
System.ServiceModel.Dispatcher.ImmutableDispatchRuntime: Void ProcessMessage3(System.ServiceModel.Dispatcher.MessageRpc ByRef)
System.ServiceModel.Dispatcher.ImmutableDispatchRuntime: Void ProcessMessage2(System.ServiceModel.Dispatcher.MessageRpc ByRef)
System.ServiceModel.Dispatcher.ImmutableDispatchRuntime: Void ProcessMessage11(System.ServiceModel.Dispatcher.MessageRpc ByRef)
System.ServiceModel.Dispatcher.ImmutableDispatchRuntime: Void ProcessMessage1(System.ServiceModel.Dispatcher.MessageRpc ByRef)
System.ServiceModel.Dispatcher.MessageRpc: Boolean Process(Boolean)
System.ServiceModel.Dispatcher.ChannelHandler: Boolean DispatchAndReleasePump(System.ServiceModel.Channels.RequestContext, Boolean, System.ServiceModel.OperationContext)
System.ServiceModel.Dispatcher.ChannelHandler: Boolean HandleRequest(System.ServiceModel.Channels.RequestContext, System.ServiceModel.OperationContext)
System.ServiceModel.Dispatcher.ChannelHandler: Void AsyncMessagePump(System.IAsyncResult)
System.ServiceModel.Dispatcher.ChannelHandler: Void OnAsyncReceiveComplete(System.IAsyncResult)
System.Runtime.Fx+AsyncThunk: Void UnhandledExceptionFrame(System.IAsyncResult)
Telerik.Sitefinity.Utilities.MS.ServiceModel.Web.AsyncResult: Void Complete(Boolean)
Telerik.Sitefinity.Utilities.MS.ServiceModel.Web.RequestInterceptorReplyChannelBase`1+TryReceiveRequestAsyncResult: Void InnerTryReceiveCallback(System.IAsyncResult)
System.Runtime.AsyncResult: Void Complete(Boolean)
System.Runtime.InputQueue`1+AsyncQueueReader: Void Set(Item)
System.Runtime.InputQueue`1: Void EnqueueAndDispatch(Item, Boolean)
System.Runtime.InputQueue`1: Void EnqueueAndDispatch(T, System.Action, Boolean)
System.ServiceModel.Channels.SingletonChannelAcceptor`3: Void Enqueue(QueueItemType, System.Action, Boolean)
System.ServiceModel.Channels.HttpPipeline+EnqueueMessageAsyncResult: Void CompleteParseAndEnqueue(System.IAsyncResult)
System.ServiceModel.Channels.HttpPipeline+EnqueueMessageAsyncResult: Boolean HandleParseIncomingMessage(System.IAsyncResult)
System.Runtime.AsyncResult: Void AsyncCompletionWrapperCallback(System.IAsyncResult)
System.Runtime.Fx+AsyncThunk: Void UnhandledExceptionFrame(System.IAsyncResult)
System.Runtime.AsyncResult: Void Complete(Boolean)
System.Runtime.AsyncResult: Void Complete(Boolean, System.Exception)
System.ServiceModel.Channels.HttpInput+ParseMessageAsyncResult: Void OnRead(System.IAsyncResult)
System.Runtime.Fx+AsyncThunk: Void UnhandledExceptionFrame(System.IAsyncResult)
System.Web.Hosting.AsyncResultBase: Void Complete(Int32, Boolean)
System.Web.Hosting.ReadAsyncResult: Void Complete(Int32, Int32, IntPtr, Boolean)
System.Web.Hosting.PipelineRuntime: Void AsyncCompletionHandler(IntPtr, Int32, Int32, IntPtr)'.


----------------------------------------
----------------------------------------
Timestamp: 10/6/2015 10:31:04 PM

Message: Operation: 'ApplicationRestart'. Parameters: 'flags:Default;sendRestartApplicationSystemMessage:True'. Reason: 'DynamicModuleUninstall'. User: 'admin'. StackTrace: '
Telerik.Sitefinity.Services.SystemManager: Boolean RestartApplication(Telerik.Sitefinity.Services.OperationReason, Telerik.Sitefinity.Services.SystemRestartFlags, Boolean)
Telerik.Sitefinity.DynamicModules.Builder.Install.ModuleInstaller: Void UninstallModule(Telerik.Sitefinity.DynamicModules.Builder.Model.DynamicModule, Boolean)
Telerik.Sitefinity.DynamicModules.Builder.Web.Services.ContentTypeService: Telerik.Sitefinity.DynamicModules.Builder.Data.ContentTypeContext DeactivateContentTypeInternal(System.String, System.String)
Telerik.Sitefinity.DynamicModules.Builder.Web.Services.ContentTypeService: Telerik.Sitefinity.DynamicModules.Builder.Data.ContentTypeContext DeactivateModule(System.String, System.String)
unknown: System.Object SyncInvokeDeactivateModule(System.Object, System.Object[], System.Object[])
System.ServiceModel.Dispatcher.SyncMethodInvoker: System.Object Invoke(System.Object, System.Object[], System.Object[] ByRef)
System.ServiceModel.Dispatcher.DispatchOperationRuntime: Void InvokeBegin(System.ServiceModel.Dispatcher.MessageRpc ByRef)
System.ServiceModel.Dispatcher.ImmutableDispatchRuntime: Void ProcessMessage5(System.ServiceModel.Dispatcher.MessageRpc ByRef)
System.ServiceModel.Dispatcher.ImmutableDispatchRuntime: Void ProcessMessage41(System.ServiceModel.Dispatcher.MessageRpc ByRef)
System.ServiceModel.Dispatcher.ImmutableDispatchRuntime: Void ProcessMessage4(System.ServiceModel.Dispatcher.MessageRpc ByRef)
System.ServiceModel.Dispatcher.ImmutableDispatchRuntime: Void ProcessMessage31(System.ServiceModel.Dispatcher.MessageRpc ByRef)
System.ServiceModel.Dispatcher.ImmutableDispatchRuntime: Void ProcessMessage3(System.ServiceModel.Dispatcher.MessageRpc ByRef)
System.ServiceModel.Dispatcher.ImmutableDispatchRuntime: Void ProcessMessage2(System.ServiceModel.Dispatcher.MessageRpc ByRef)
System.ServiceModel.Dispatcher.ImmutableDispatchRuntime: Void ProcessMessage11(System.ServiceModel.Dispatcher.MessageRpc ByRef)
System.ServiceModel.Dispatcher.ImmutableDispatchRuntime: Void ProcessMessage1(System.ServiceModel.Dispatcher.MessageRpc ByRef)
System.ServiceModel.Dispatcher.MessageRpc: Boolean Process(Boolean)
System.ServiceModel.Dispatcher.ChannelHandler: Boolean DispatchAndReleasePump(System.ServiceModel.Channels.RequestContext, Boolean, System.ServiceModel.OperationContext)
System.ServiceModel.Dispatcher.ChannelHandler: Boolean HandleRequest(System.ServiceModel.Channels.RequestContext, System.ServiceModel.OperationContext)
System.ServiceModel.Dispatcher.ChannelHandler: Void AsyncMessagePump(System.IAsyncResult)
System.ServiceModel.Dispatcher.ChannelHandler: Void OnAsyncReceiveComplete(System.IAsyncResult)
System.Runtime.Fx+AsyncThunk: Void UnhandledExceptionFrame(System.IAsyncResult)
Telerik.Sitefinity.Utilities.MS.ServiceModel.Web.AsyncResult: Void Complete(Boolean)
Telerik.Sitefinity.Utilities.MS.ServiceModel.Web.RequestInterceptorReplyChannelBase`1+TryReceiveRequestAsyncResult: Void InnerTryReceiveCallback(System.IAsyncResult)
System.Runtime.AsyncResult: Void Complete(Boolean)
System.Runtime.InputQueue`1+AsyncQueueReader: Void Set(Item)
System.Runtime.InputQueue`1: Void EnqueueAndDispatch(Item, Boolean)
System.Runtime.InputQueue`1: Void EnqueueAndDispatch(T, System.Action, Boolean)
System.ServiceModel.Channels.SingletonChannelAcceptor`3: Void Enqueue(QueueItemType, System.Action, Boolean)
System.ServiceModel.Channels.HttpPipeline+EnqueueMessageAsyncResult: Void CompleteParseAndEnqueue(System.IAsyncResult)
System.ServiceModel.Channels.HttpPipeline+EnqueueMessageAsyncResult: Boolean HandleParseIncomingMessage(System.IAsyncResult)
System.Runtime.AsyncResult: Boolean SyncContinue(System.IAsyncResult)
System.ServiceModel.Channels.HttpPipeline+EnqueueMessageAsyncResult: Void .ctor(System.ServiceModel.Channels.ReplyChannelAcceptor, System.Action, System.ServiceModel.Channels.HttpPipeline, System.AsyncCallback, System.Object)
System.ServiceModel.Channels.HttpPipeline+EmptyHttpPipeline: System.IAsyncResult BeginProcessInboundRequest(System.ServiceModel.Channels.ReplyChannelAcceptor, System.Action, System.AsyncCallback, System.Object)
System.ServiceModel.Channels.HttpChannelListener`1+HttpContextReceivedAsyncResult`1: System.Runtime.AsyncCompletionResult ProcessHttpContextAsync()
System.ServiceModel.Channels.HttpChannelListener`1: System.IAsyncResult BeginHttpContextReceived(System.ServiceModel.Channels.HttpRequestContext, System.Action, System.AsyncCallback, System.Object)
System.ServiceModel.Activation.HostedHttpTransportManager: Void HttpContextReceived(System.ServiceModel.Activation.HostedHttpRequestAsyncResult)
System.ServiceModel.Activation.HostedHttpRequestAsyncResult: Void HandleRequest()
System.ServiceModel.Activation.HostedHttpRequestAsyncResult: Void BeginRequest()
System.ServiceModel.Activation.HostedHttpRequestAsyncResult: Void OnBeginRequest(System.Object)
System.ServiceModel.AspNetPartialTrustHelpers: Void PartialTrustInvoke(System.Threading.ContextCallback, System.Object)
System.ServiceModel.Activation.HostedHttpRequestAsyncResult: Void OnBeginRequestWithFlow(System.Object)
System.Runtime.IOThreadScheduler+ScheduledOverlapped: Void IOCallback(UInt32, UInt32, System.Threading.NativeOverlapped*)
System.Runtime.Fx+IOCompletionThunk: Void UnhandledExceptionFrame(UInt32, UInt32, System.Threading.NativeOverlapped*)
System.Threading._IOCompletionCallback: Void PerformIOCompletionCallback(UInt32, UInt32, System.Threading.NativeOverlapped*)'.


----------------------------------------
----------------------------------------
Timestamp: 10/6/2015 10:31:10 PM

Message: Operation: 'ApplicationRestart'. Parameters: 'flags:Default;sendRestartApplicationSystemMessage:True'. Reason: 'DynamicModuleInstall'. User: 'admin'. StackTrace: '
Telerik.Sitefinity.Services.SystemManager: Boolean RestartApplication(Telerik.Sitefinity.Services.OperationReason, Telerik.Sitefinity.Services.SystemRestartFlags, Boolean)
Telerik.Sitefinity.DynamicModules.Builder.Install.ModuleInstaller: Void InstallModule(Telerik.Sitefinity.DynamicModules.Builder.Model.DynamicModule, Boolean, Boolean)
Telerik.Sitefinity.DynamicModules.Builder.Web.Services.ContentTypeService: Telerik.Sitefinity.DynamicModules.Builder.Data.ContentTypeContext ActivateContentTypeInternal(System.String, System.String)
Telerik.Sitefinity.DynamicModules.Builder.Web.Services.ContentTypeService: Telerik.Sitefinity.DynamicModules.Builder.Data.ContentTypeContext ActivateModule(System.String, System.String)
unknown: System.Object SyncInvokeActivateModule(System.Object, System.Object[], System.Object[])
System.ServiceModel.Dispatcher.SyncMethodInvoker: System.Object Invoke(System.Object, System.Object[], System.Object[] ByRef)
System.ServiceModel.Dispatcher.DispatchOperationRuntime: Void InvokeBegin(System.ServiceModel.Dispatcher.MessageRpc ByRef)
System.ServiceModel.Dispatcher.ImmutableDispatchRuntime: Void ProcessMessage5(System.ServiceModel.Dispatcher.MessageRpc ByRef)
System.ServiceModel.Dispatcher.ImmutableDispatchRuntime: Void ProcessMessage41(System.ServiceModel.Dispatcher.MessageRpc ByRef)
System.ServiceModel.Dispatcher.ImmutableDispatchRuntime: Void ProcessMessage4(System.ServiceModel.Dispatcher.MessageRpc ByRef)
System.ServiceModel.Dispatcher.ImmutableDispatchRuntime: Void ProcessMessage31(System.ServiceModel.Dispatcher.MessageRpc ByRef)
System.ServiceModel.Dispatcher.ImmutableDispatchRuntime: Void ProcessMessage3(System.ServiceModel.Dispatcher.MessageRpc ByRef)
System.ServiceModel.Dispatcher.ImmutableDispatchRuntime: Void ProcessMessage2(System.ServiceModel.Dispatcher.MessageRpc ByRef)
System.ServiceModel.Dispatcher.ImmutableDispatchRuntime: Void ProcessMessage11(System.ServiceModel.Dispatcher.MessageRpc ByRef)
System.ServiceModel.Dispatcher.ImmutableDispatchRuntime: Void ProcessMessage1(System.ServiceModel.Dispatcher.MessageRpc ByRef)
System.ServiceModel.Dispatcher.MessageRpc: Boolean Process(Boolean)
System.ServiceModel.Dispatcher.ChannelHandler: Boolean DispatchAndReleasePump(System.ServiceModel.Channels.RequestContext, Boolean, System.ServiceModel.OperationContext)
System.ServiceModel.Dispatcher.ChannelHandler: Boolean HandleRequest(System.ServiceModel.Channels.RequestContext, System.ServiceModel.OperationContext)
System.ServiceModel.Dispatcher.ChannelHandler: Void AsyncMessagePump(System.IAsyncResult)
System.ServiceModel.Dispatcher.ChannelHandler: Void OnAsyncReceiveComplete(System.IAsyncResult)
System.Runtime.Fx+AsyncThunk: Void UnhandledExceptionFrame(System.IAsyncResult)
Telerik.Sitefinity.Utilities.MS.ServiceModel.Web.AsyncResult: Void Complete(Boolean)
Telerik.Sitefinity.Utilities.MS.ServiceModel.Web.RequestInterceptorReplyChannelBase`1+TryReceiveRequestAsyncResult: Void InnerTryReceiveCallback(System.IAsyncResult)
System.Runtime.AsyncResult: Void Complete(Boolean)
System.Runtime.InputQueue`1+AsyncQueueReader: Void Set(Item)
System.Runtime.InputQueue`1: Void EnqueueAndDispatch(Item, Boolean)
System.Runtime.InputQueue`1: Void EnqueueAndDispatch(T, System.Action, Boolean)
System.ServiceModel.Channels.SingletonChannelAcceptor`3: Void Enqueue(QueueItemType, System.Action, Boolean)
System.ServiceModel.Channels.HttpPipeline+EnqueueMessageAsyncResult: Void CompleteParseAndEnqueue(System.IAsyncResult)
System.ServiceModel.Channels.HttpPipeline+EnqueueMessageAsyncResult: Boolean HandleParseIncomingMessage(System.IAsyncResult)
System.Runtime.AsyncResult: Boolean SyncContinue(System.IAsyncResult)
System.ServiceModel.Channels.HttpPipeline+EnqueueMessageAsyncResult: Void .ctor(System.ServiceModel.Channels.ReplyChannelAcceptor, System.Action, System.ServiceModel.Channels.HttpPipeline, System.AsyncCallback, System.Object)
System.ServiceModel.Channels.HttpPipeline+EmptyHttpPipeline: System.IAsyncResult BeginProcessInboundRequest(System.ServiceModel.Channels.ReplyChannelAcceptor, System.Action, System.AsyncCallback, System.Object)
System.ServiceModel.Channels.HttpChannelListener`1+HttpContextReceivedAsyncResult`1: System.Runtime.AsyncCompletionResult ProcessHttpContextAsync()
System.ServiceModel.Channels.HttpChannelListener`1: System.IAsyncResult BeginHttpContextReceived(System.ServiceModel.Channels.HttpRequestContext, System.Action, System.AsyncCallback, System.Object)
System.ServiceModel.Activation.HostedHttpTransportManager: Void HttpContextReceived(System.ServiceModel.Activation.HostedHttpRequestAsyncResult)
System.ServiceModel.Activation.HostedHttpRequestAsyncResult: Void HandleRequest()
System.ServiceModel.Activation.HostedHttpRequestAsyncResult: Void BeginRequest()
System.ServiceModel.Activation.HostedHttpRequestAsyncResult: Void OnBeginRequest(System.Object)
System.ServiceModel.AspNetPartialTrustHelpers: Void PartialTrustInvoke(System.Threading.ContextCallback, System.Object)
System.ServiceModel.Activation.HostedHttpRequestAsyncResult: Void OnBeginRequestWithFlow(System.Object)
System.Runtime.IOThreadScheduler+ScheduledOverlapped: Void IOCallback(UInt32, UInt32, System.Threading.NativeOverlapped*)
System.Runtime.Fx+IOCompletionThunk: Void UnhandledExceptionFrame(UInt32, UInt32, System.Threading.NativeOverlapped*)
System.Threading._IOCompletionCallback: Void PerformIOCompletionCallback(UInt32, UInt32, System.Threading.NativeOverlapped*)'.


----------------------------------------
