----------------------------------------
Timestamp: 9/30/2015 7:21:37 PM

Message: Operation: 'ModelReset'. Parameters: 'notify:True'. Reason: 'MetaDataChange|InvalidatedModules:Telerik.Sitefinity.Modules.Forms.Data.OpenAccessFormsProvider'. User: 'admin'. StackTrace: '
Telerik.Sitefinity.Data.OA.OpenAccessConnection: Void ResetModel(Telerik.Sitefinity.Services.OperationReason, Boolean)
Telerik.Sitefinity.Data.Decorators.OpenAccessDecorator: Void EnsureModelReset()
Telerik.Sitefinity.Data.Metadata.OpenAccessMetaDataProvider: Void CommitTransaction(Boolean)
DynamicModule.ns.Wrapped_OpenAccessMetaDataProvider_9acbc09070f44646ac4dd97d084a5ec1: Telerik.Microsoft.Practices.Unity.InterceptionExtension.IMethodReturn <CommitTransaction_DelegateImplementation>__31(Telerik.Microsoft.Practices.Unity.InterceptionExtension.IMethodInvocation, Telerik.Microsoft.Practices.Unity.InterceptionExtension.GetNextInterceptionBehaviorDelegate)
Telerik.Sitefinity.Data.DataEventsCallHandler: Telerik.Microsoft.Practices.Unity.InterceptionExtension.IMethodReturn Invoke(Telerik.Microsoft.Practices.Unity.InterceptionExtension.IMethodInvocation, Telerik.Microsoft.Practices.Unity.InterceptionExtension.GetNextHandlerDelegate)
Telerik.Sitefinity.Security.SitefinityAuthorizationCallHandler: Telerik.Microsoft.Practices.Unity.InterceptionExtension.IMethodReturn Invoke(Telerik.Microsoft.Practices.Unity.InterceptionExtension.IMethodInvocation, Telerik.Microsoft.Practices.Unity.InterceptionExtension.GetNextHandlerDelegate)
DynamicModule.ns.Wrapped_OpenAccessMetaDataProvider_9acbc09070f44646ac4dd97d084a5ec1: Void CommitTransaction(Boolean)
Telerik.Sitefinity.Data.Metadata.MetadataManager: Void SaveChanges(Boolean)
Telerik.Sitefinity.Modules.Forms.FormsManager: Void SaveChanges(Boolean)
Telerik.Sitefinity.Modules.Pages.Web.Services.ZoneEditorService: Boolean PublishFormDraft(Telerik.Sitefinity.Modules.Forms.Web.Services.Model.FormDescriptionViewModel, System.String)
unknown: System.Object SyncInvokePublishFormDraft(System.Object, System.Object[], System.Object[])
System.ServiceModel.Dispatcher.SyncMethodInvoker: System.Object Invoke(System.Object, System.Object[], System.Object[] ByRef)
System.ServiceModel.Dispatcher.DispatchOperationRuntime: Void InvokeBegin(System.ServiceModel.Dispatcher.MessageRpc ByRef)
System.ServiceModel.Dispatcher.ImmutableDispatchRuntime: Void ProcessMessage5(System.ServiceModel.Dispatcher.MessageRpc ByRef)
System.ServiceModel.Dispatcher.ImmutableDispatchRuntime: Void ProcessMessage41(System.ServiceModel.Dispatcher.MessageRpc ByRef)
System.ServiceModel.Dispatcher.ImmutableDispatchRuntime: Void ProcessMessage4(System.ServiceModel.Dispatcher.MessageRpc ByRef)
System.ServiceModel.Dispatcher.ImmutableDispatchRuntime: Void ProcessMessage31(System.ServiceModel.Dispatcher.MessageRpc ByRef)
System.ServiceModel.Dispatcher.ImmutableDispatchRuntime: Void ProcessMessage3(System.ServiceModel.Dispatcher.MessageRpc ByRef)
System.ServiceModel.Dispatcher.ImmutableDispatchRuntime: Void ProcessMessage2(System.ServiceModel.Dispatcher.MessageRpc ByRef)
System.ServiceModel.Dispatcher.ImmutableDispatchRuntime: Void ProcessMessage11(System.ServiceModel.Dispatcher.MessageRpc ByRef)
System.ServiceModel.Dispatcher.ImmutableDispatchRuntime: Void ProcessMessage1(System.ServiceModel.Dispatcher.MessageRpc ByRef)
System.ServiceModel.Dispatcher.MessageRpc: Boolean Process(Boolean)
System.ServiceModel.Dispatcher.ChannelHandler: Boolean DispatchAndReleasePump(System.ServiceModel.Channels.RequestContext, Boolean, System.ServiceModel.OperationContext)
System.ServiceModel.Dispatcher.ChannelHandler: Boolean HandleRequest(System.ServiceModel.Channels.RequestContext, System.ServiceModel.OperationContext)
System.ServiceModel.Dispatcher.ChannelHandler: Void AsyncMessagePump(System.IAsyncResult)
System.ServiceModel.Dispatcher.ChannelHandler: Void OnAsyncReceiveComplete(System.IAsyncResult)
System.Runtime.Fx+AsyncThunk: Void UnhandledExceptionFrame(System.IAsyncResult)
Telerik.Sitefinity.Utilities.MS.ServiceModel.Web.AsyncResult: Void Complete(Boolean)
Telerik.Sitefinity.Utilities.MS.ServiceModel.Web.RequestInterceptorReplyChannelBase`1+TryReceiveRequestAsyncResult: Void InnerTryReceiveCallback(System.IAsyncResult)
System.Runtime.AsyncResult: Void Complete(Boolean)
System.Runtime.InputQueue`1+AsyncQueueReader: Void Set(Item)
System.Runtime.InputQueue`1: Void EnqueueAndDispatch(Item, Boolean)
System.Runtime.InputQueue`1: Void EnqueueAndDispatch(T, System.Action, Boolean)
System.ServiceModel.Channels.SingletonChannelAcceptor`3: Void Enqueue(QueueItemType, System.Action, Boolean)
System.ServiceModel.Channels.HttpPipeline+EnqueueMessageAsyncResult: Void CompleteParseAndEnqueue(System.IAsyncResult)
System.ServiceModel.Channels.HttpPipeline+EnqueueMessageAsyncResult: Boolean HandleParseIncomingMessage(System.IAsyncResult)
System.Runtime.AsyncResult: Boolean SyncContinue(System.IAsyncResult)
System.ServiceModel.Channels.HttpPipeline+EnqueueMessageAsyncResult: Void .ctor(System.ServiceModel.Channels.ReplyChannelAcceptor, System.Action, System.ServiceModel.Channels.HttpPipeline, System.AsyncCallback, System.Object)
System.ServiceModel.Channels.HttpPipeline+EmptyHttpPipeline: System.IAsyncResult BeginProcessInboundRequest(System.ServiceModel.Channels.ReplyChannelAcceptor, System.Action, System.AsyncCallback, System.Object)
System.ServiceModel.Channels.HttpChannelListener`1+HttpContextReceivedAsyncResult`1: System.Runtime.AsyncCompletionResult ProcessHttpContextAsync()
System.ServiceModel.Channels.HttpChannelListener`1: System.IAsyncResult BeginHttpContextReceived(System.ServiceModel.Channels.HttpRequestContext, System.Action, System.AsyncCallback, System.Object)
System.ServiceModel.Activation.HostedHttpTransportManager: Void HttpContextReceived(System.ServiceModel.Activation.HostedHttpRequestAsyncResult)
System.ServiceModel.Activation.HostedHttpRequestAsyncResult: Void HandleRequest()
System.ServiceModel.Activation.HostedHttpRequestAsyncResult: Void BeginRequest()
System.ServiceModel.Activation.HostedHttpRequestAsyncResult: Void OnBeginRequest(System.Object)
System.ServiceModel.AspNetPartialTrustHelpers: Void PartialTrustInvoke(System.Threading.ContextCallback, System.Object)
System.ServiceModel.Activation.HostedHttpRequestAsyncResult: Void OnBeginRequestWithFlow(System.Object)
System.Runtime.IOThreadScheduler+ScheduledOverlapped: Void IOCallback(UInt32, UInt32, System.Threading.NativeOverlapped*)
System.Runtime.Fx+IOCompletionThunk: Void UnhandledExceptionFrame(UInt32, UInt32, System.Threading.NativeOverlapped*)
System.Threading._IOCompletionCallback: Void PerformIOCompletionCallback(UInt32, UInt32, System.Threading.NativeOverlapped*)'.


----------------------------------------
----------------------------------------
Timestamp: 9/30/2015 7:25:24 PM

Message: Operation: 'ModelReset'. Parameters: 'notify:True'. Reason: 'MetaDataChange|InvalidatedModules:Telerik.Sitefinity.Modules.Forms.Data.OpenAccessFormsProvider|HasDeletedTypes'. User: 'admin'. StackTrace: '
Telerik.Sitefinity.Data.OA.OpenAccessConnection: Void ResetModel(Telerik.Sitefinity.Services.OperationReason, Boolean)
Telerik.Sitefinity.Data.Decorators.OpenAccessDecorator+<>c__DisplayClass23: Void <EnsureModelReset>b__21()
Telerik.Sitefinity.Data.TransactionManager: Void CommitTransaction(System.String)
Telerik.Sitefinity.Modules.Forms.Web.Services.FormsService: Boolean BatchDeleteContentInternal(System.String[], System.String, System.String)
Telerik.Sitefinity.Modules.Forms.Web.Services.FormsService: Boolean BatchDeleteFormDescription(System.String[], System.String, System.String)
unknown: System.Object SyncInvokeBatchDeleteFormDescription(System.Object, System.Object[], System.Object[])
System.ServiceModel.Dispatcher.SyncMethodInvoker: System.Object Invoke(System.Object, System.Object[], System.Object[] ByRef)
System.ServiceModel.Dispatcher.DispatchOperationRuntime: Void InvokeBegin(System.ServiceModel.Dispatcher.MessageRpc ByRef)
System.ServiceModel.Dispatcher.ImmutableDispatchRuntime: Void ProcessMessage5(System.ServiceModel.Dispatcher.MessageRpc ByRef)
System.ServiceModel.Dispatcher.ImmutableDispatchRuntime: Void ProcessMessage41(System.ServiceModel.Dispatcher.MessageRpc ByRef)
System.ServiceModel.Dispatcher.ImmutableDispatchRuntime: Void ProcessMessage4(System.ServiceModel.Dispatcher.MessageRpc ByRef)
System.ServiceModel.Dispatcher.ImmutableDispatchRuntime: Void ProcessMessage31(System.ServiceModel.Dispatcher.MessageRpc ByRef)
System.ServiceModel.Dispatcher.ImmutableDispatchRuntime: Void ProcessMessage3(System.ServiceModel.Dispatcher.MessageRpc ByRef)
System.ServiceModel.Dispatcher.ImmutableDispatchRuntime: Void ProcessMessage2(System.ServiceModel.Dispatcher.MessageRpc ByRef)
System.ServiceModel.Dispatcher.ImmutableDispatchRuntime: Void ProcessMessage11(System.ServiceModel.Dispatcher.MessageRpc ByRef)
System.ServiceModel.Dispatcher.ImmutableDispatchRuntime: Void ProcessMessage1(System.ServiceModel.Dispatcher.MessageRpc ByRef)
System.ServiceModel.Dispatcher.MessageRpc: Boolean Process(Boolean)
System.ServiceModel.Dispatcher.ChannelHandler: Boolean DispatchAndReleasePump(System.ServiceModel.Channels.RequestContext, Boolean, System.ServiceModel.OperationContext)
System.ServiceModel.Dispatcher.ChannelHandler: Boolean HandleRequest(System.ServiceModel.Channels.RequestContext, System.ServiceModel.OperationContext)
System.ServiceModel.Dispatcher.ChannelHandler: Void AsyncMessagePump(System.IAsyncResult)
System.ServiceModel.Dispatcher.ChannelHandler: Void OnAsyncReceiveComplete(System.IAsyncResult)
System.Runtime.Fx+AsyncThunk: Void UnhandledExceptionFrame(System.IAsyncResult)
Telerik.Sitefinity.Utilities.MS.ServiceModel.Web.AsyncResult: Void Complete(Boolean)
Telerik.Sitefinity.Utilities.MS.ServiceModel.Web.RequestInterceptorReplyChannelBase`1+TryReceiveRequestAsyncResult: Void InnerTryReceiveCallback(System.IAsyncResult)
System.Runtime.AsyncResult: Void Complete(Boolean)
System.Runtime.InputQueue`1+AsyncQueueReader: Void Set(Item)
System.Runtime.InputQueue`1: Void EnqueueAndDispatch(Item, Boolean)
System.Runtime.InputQueue`1: Void EnqueueAndDispatch(T, System.Action, Boolean)
System.ServiceModel.Channels.SingletonChannelAcceptor`3: Void Enqueue(QueueItemType, System.Action, Boolean)
System.ServiceModel.Channels.HttpPipeline+EnqueueMessageAsyncResult: Void CompleteParseAndEnqueue(System.IAsyncResult)
System.ServiceModel.Channels.HttpPipeline+EnqueueMessageAsyncResult: Boolean HandleParseIncomingMessage(System.IAsyncResult)
System.Runtime.AsyncResult: Boolean SyncContinue(System.IAsyncResult)
System.ServiceModel.Channels.HttpPipeline+EnqueueMessageAsyncResult: Void .ctor(System.ServiceModel.Channels.ReplyChannelAcceptor, System.Action, System.ServiceModel.Channels.HttpPipeline, System.AsyncCallback, System.Object)
System.ServiceModel.Channels.HttpPipeline+EmptyHttpPipeline: System.IAsyncResult BeginProcessInboundRequest(System.ServiceModel.Channels.ReplyChannelAcceptor, System.Action, System.AsyncCallback, System.Object)
System.ServiceModel.Channels.HttpChannelListener`1+HttpContextReceivedAsyncResult`1: System.Runtime.AsyncCompletionResult ProcessHttpContextAsync()
System.ServiceModel.Channels.HttpChannelListener`1: System.IAsyncResult BeginHttpContextReceived(System.ServiceModel.Channels.HttpRequestContext, System.Action, System.AsyncCallback, System.Object)
System.ServiceModel.Activation.HostedHttpTransportManager: Void HttpContextReceived(System.ServiceModel.Activation.HostedHttpRequestAsyncResult)
System.ServiceModel.Activation.HostedHttpRequestAsyncResult: Void HandleRequest()
System.ServiceModel.Activation.HostedHttpRequestAsyncResult: Void BeginRequest()
System.ServiceModel.Activation.HostedHttpRequestAsyncResult: Void OnBeginRequest(System.Object)
System.ServiceModel.AspNetPartialTrustHelpers: Void PartialTrustInvoke(System.Threading.ContextCallback, System.Object)
System.ServiceModel.Activation.HostedHttpRequestAsyncResult: Void OnBeginRequestWithFlow(System.Object)
System.Runtime.IOThreadScheduler+ScheduledOverlapped: Void IOCallback(UInt32, UInt32, System.Threading.NativeOverlapped*)
System.Runtime.Fx+IOCompletionThunk: Void UnhandledExceptionFrame(UInt32, UInt32, System.Threading.NativeOverlapped*)
System.Threading._IOCompletionCallback: Void PerformIOCompletionCallback(UInt32, UInt32, System.Threading.NativeOverlapped*)'.


----------------------------------------
----------------------------------------
Timestamp: 9/30/2015 7:25:25 PM

Message: Operation: 'ModelReset'. Parameters: 'notify:False'. Reason: 'MetaDataChange'. User: 'admin'. StackTrace: '
Telerik.Sitefinity.Data.OA.OpenAccessConnection: Void ResetModel(Telerik.Sitefinity.Services.OperationReason, Boolean)
Telerik.Sitefinity.Data.OA.OpenAccessConnection+MetadataUpgradeFacade: Void SaveChanges()
Telerik.Sitefinity.Data.OA.OpenAccessConnection+OptimizedMetadataUpdateStrategy: Boolean ReplaceMetadata(Telerik.Sitefinity.Data.OA.OpenAccessConnection, Telerik.OpenAccess.Metadata.MetadataContainer, System.String, Telerik.Sitefinity.Data.OA.ISitefinityMetadataSource, Telerik.Sitefinity.Data.IOpenAccessMetadataProvider)
Telerik.Sitefinity.Data.OA.OpenAccessConnection: Void UpdateMetadata(Telerik.OpenAccess.Metadata.MetadataSource, System.String, Telerik.Sitefinity.Data.IOpenAccessMetadataProvider)
Telerik.Sitefinity.Data.OA.OpenAccessConnection: Void Extend(Telerik.OpenAccess.Metadata.MetadataSource, System.String, Telerik.Sitefinity.Data.IOpenAccessMetadataProvider, Boolean)
Telerik.Sitefinity.Data.OA.OpenAccessConnection: Void RegisterProviderInternal(Telerik.Sitefinity.Data.IOpenAccessMetadataProvider, Boolean, Boolean)
Telerik.Sitefinity.Data.OA.OpenAccessConnection: Telerik.Sitefinity.Data.OA.SitefinityOAContext GetContext(Telerik.Sitefinity.Data.IOpenAccessMetadataProvider)
Telerik.Sitefinity.Data.OA.OpenAccessConnection: Telerik.Sitefinity.Data.OA.SitefinityOAContext GetContext(Telerik.Sitefinity.Data.IOpenAccessMetadataProvider, System.String, Boolean)
Telerik.Sitefinity.Data.Decorators.OpenAccessDecorator: Telerik.Sitefinity.Data.OA.SitefinityOAContext GetNewContext(Telerik.Sitefinity.Data.IOpenAccessDataProvider, System.String)
Telerik.Sitefinity.Data.Decorators.OpenAccessDecorator: System.Object CreateNewTransaction(System.String)
Telerik.Sitefinity.Data.DataProviderBase: System.Object CreateNewTransaction(System.String)
DynamicModule.ns.Wrapped_OpenAccessFormsProvider_d8828e5f2d794e9fa3aa95c678b93d3a: Telerik.Microsoft.Practices.Unity.InterceptionExtension.IMethodReturn <CreateNewTransaction_DelegateImplementation>__176(Telerik.Microsoft.Practices.Unity.InterceptionExtension.IMethodInvocation, Telerik.Microsoft.Practices.Unity.InterceptionExtension.GetNextInterceptionBehaviorDelegate)
DynamicModule.ns.Wrapped_OpenAccessFormsProvider_d8828e5f2d794e9fa3aa95c678b93d3a: System.Object CreateNewTransaction(System.String)
Telerik.Sitefinity.Data.DataProviderBase: System.Object GetTransaction()
DynamicModule.ns.Wrapped_OpenAccessFormsProvider_d8828e5f2d794e9fa3aa95c678b93d3a: Telerik.Microsoft.Practices.Unity.InterceptionExtension.IMethodReturn <GetTransaction_DelegateImplementation>__177(Telerik.Microsoft.Practices.Unity.InterceptionExtension.IMethodInvocation, Telerik.Microsoft.Practices.Unity.InterceptionExtension.GetNextInterceptionBehaviorDelegate)
DynamicModule.ns.Wrapped_OpenAccessFormsProvider_d8828e5f2d794e9fa3aa95c678b93d3a: System.Object GetTransaction()
Telerik.Sitefinity.Data.OpenAccessExtensions: Telerik.Sitefinity.Data.OA.SitefinityOAContext GetContext(Telerik.Sitefinity.Data.IOpenAccessDataProvider)
Telerik.Sitefinity.Data.Linq.OpenAccess.OpenAccessQueryProvider`2: System.Linq.Expressions.Expression get_Expression()
Telerik.Sitefinity.Data.Linq.LinqQuery`2: System.Linq.Expressions.Expression System.Linq.IQueryable.get_Expression()
System.Linq.Queryable: System.Linq.IQueryable`1[TSource] Where[TSource](System.Linq.IQueryable`1[TSource], System.Linq.Expressions.Expression`1[System.Func`2[TSource,System.Boolean]])
Telerik.Sitefinity.Modules.Forms.Data.OpenAccessFormsProvider: System.Linq.IQueryable`1[Telerik.Sitefinity.Forms.Model.FormDescription] GetForms()
DynamicModule.ns.Wrapped_OpenAccessFormsProvider_d8828e5f2d794e9fa3aa95c678b93d3a: Telerik.Microsoft.Practices.Unity.InterceptionExtension.IMethodReturn <GetForms_DelegateImplementation>__19(Telerik.Microsoft.Practices.Unity.InterceptionExtension.IMethodInvocation, Telerik.Microsoft.Practices.Unity.InterceptionExtension.GetNextInterceptionBehaviorDelegate)
Telerik.Sitefinity.Data.DataEventsCallHandler: Telerik.Microsoft.Practices.Unity.InterceptionExtension.IMethodReturn Invoke(Telerik.Microsoft.Practices.Unity.InterceptionExtension.IMethodInvocation, Telerik.Microsoft.Practices.Unity.InterceptionExtension.GetNextHandlerDelegate)
Telerik.Sitefinity.Security.SitefinityAuthorizationCallHandler: Telerik.Microsoft.Practices.Unity.InterceptionExtension.IMethodReturn Invoke(Telerik.Microsoft.Practices.Unity.InterceptionExtension.IMethodInvocation, Telerik.Microsoft.Practices.Unity.InterceptionExtension.GetNextHandlerDelegate)
DynamicModule.ns.Wrapped_OpenAccessFormsProvider_d8828e5f2d794e9fa3aa95c678b93d3a: System.Linq.IQueryable`1[Telerik.Sitefinity.Forms.Model.FormDescription] GetForms()
Telerik.Sitefinity.Modules.Forms.Web.Services.FormsService: Telerik.Sitefinity.Web.Services.CollectionContext`1[Telerik.Sitefinity.Modules.Forms.Web.Services.Model.FormDescriptionViewModel] GetFormDescriptionsInternal(System.String, System.String, Int32, Int32, Boolean)
Telerik.Sitefinity.Modules.Forms.Web.Services.FormsService: Telerik.Sitefinity.Web.Services.CollectionContext`1[Telerik.Sitefinity.Modules.Forms.Web.Services.Model.FormDescriptionViewModel] GetFormDescriptions(System.String, System.String, Int32, Int32, Boolean)
unknown: System.Object SyncInvokeGetFormDescriptions(System.Object, System.Object[], System.Object[])
System.ServiceModel.Dispatcher.SyncMethodInvoker: System.Object Invoke(System.Object, System.Object[], System.Object[] ByRef)
System.ServiceModel.Dispatcher.DispatchOperationRuntime: Void InvokeBegin(System.ServiceModel.Dispatcher.MessageRpc ByRef)
System.ServiceModel.Dispatcher.ImmutableDispatchRuntime: Void ProcessMessage5(System.ServiceModel.Dispatcher.MessageRpc ByRef)
System.ServiceModel.Dispatcher.ImmutableDispatchRuntime: Void ProcessMessage41(System.ServiceModel.Dispatcher.MessageRpc ByRef)
System.ServiceModel.Dispatcher.ImmutableDispatchRuntime: Void ProcessMessage4(System.ServiceModel.Dispatcher.MessageRpc ByRef)
System.ServiceModel.Dispatcher.ImmutableDispatchRuntime: Void ProcessMessage31(System.ServiceModel.Dispatcher.MessageRpc ByRef)
System.ServiceModel.Dispatcher.ImmutableDispatchRuntime: Void ProcessMessage3(System.ServiceModel.Dispatcher.MessageRpc ByRef)
System.ServiceModel.Dispatcher.ImmutableDispatchRuntime: Void ProcessMessage2(System.ServiceModel.Dispatcher.MessageRpc ByRef)
System.ServiceModel.Dispatcher.ImmutableDispatchRuntime: Void ProcessMessage11(System.ServiceModel.Dispatcher.MessageRpc ByRef)
System.ServiceModel.Dispatcher.ImmutableDispatchRuntime: Void ProcessMessage1(System.ServiceModel.Dispatcher.MessageRpc ByRef)
System.ServiceModel.Dispatcher.MessageRpc: Boolean Process(Boolean)
System.ServiceModel.Dispatcher.ChannelHandler: Boolean DispatchAndReleasePump(System.ServiceModel.Channels.RequestContext, Boolean, System.ServiceModel.OperationContext)
System.ServiceModel.Dispatcher.ChannelHandler: Boolean HandleRequest(System.ServiceModel.Channels.RequestContext, System.ServiceModel.OperationContext)
System.ServiceModel.Dispatcher.ChannelHandler: Void AsyncMessagePump(System.IAsyncResult)
System.ServiceModel.Dispatcher.ChannelHandler: Void OnAsyncReceiveComplete(System.IAsyncResult)
System.Runtime.Fx+AsyncThunk: Void UnhandledExceptionFrame(System.IAsyncResult)
Telerik.Sitefinity.Utilities.MS.ServiceModel.Web.AsyncResult: Void Complete(Boolean)
Telerik.Sitefinity.Utilities.MS.ServiceModel.Web.RequestInterceptorReplyChannelBase`1+TryReceiveRequestAsyncResult: Void InnerTryReceiveCallback(System.IAsyncResult)
System.Runtime.AsyncResult: Void Complete(Boolean)
System.Runtime.InputQueue`1+AsyncQueueReader: Void Set(Item)
System.Runtime.InputQueue`1: Void EnqueueAndDispatch(Item, Boolean)
System.Runtime.InputQueue`1: Void EnqueueAndDispatch(T, System.Action, Boolean)
System.ServiceModel.Channels.SingletonChannelAcceptor`3: Void Enqueue(QueueItemType, System.Action, Boolean)
System.ServiceModel.Channels.HttpPipeline+EnqueueMessageAsyncResult: Void CompleteParseAndEnqueue(System.IAsyncResult)
System.ServiceModel.Channels.HttpPipeline+EnqueueMessageAsyncResult: Boolean HandleParseIncomingMessage(System.IAsyncResult)
System.Runtime.AsyncResult: Boolean SyncContinue(System.IAsyncResult)
System.ServiceModel.Channels.HttpPipeline+EnqueueMessageAsyncResult: Void .ctor(System.ServiceModel.Channels.ReplyChannelAcceptor, System.Action, System.ServiceModel.Channels.HttpPipeline, System.AsyncCallback, System.Object)
System.ServiceModel.Channels.HttpPipeline+EmptyHttpPipeline: System.IAsyncResult BeginProcessInboundRequest(System.ServiceModel.Channels.ReplyChannelAcceptor, System.Action, System.AsyncCallback, System.Object)
System.ServiceModel.Channels.HttpChannelListener`1+HttpContextReceivedAsyncResult`1: System.Runtime.AsyncCompletionResult ProcessHttpContextAsync()
System.ServiceModel.Channels.HttpChannelListener`1: System.IAsyncResult BeginHttpContextReceived(System.ServiceModel.Channels.HttpRequestContext, System.Action, System.AsyncCallback, System.Object)
System.ServiceModel.Activation.HostedHttpTransportManager: Void HttpContextReceived(System.ServiceModel.Activation.HostedHttpRequestAsyncResult)
System.ServiceModel.Activation.HostedHttpRequestAsyncResult: Void HandleRequest()
System.ServiceModel.Activation.HostedHttpRequestAsyncResult: Void BeginRequest()
System.ServiceModel.Activation.HostedHttpRequestAsyncResult: Void OnBeginRequest(System.Object)
System.ServiceModel.AspNetPartialTrustHelpers: Void PartialTrustInvoke(System.Threading.ContextCallback, System.Object)
System.ServiceModel.Activation.HostedHttpRequestAsyncResult: Void OnBeginRequestWithFlow(System.Object)
System.Runtime.IOThreadScheduler+ScheduledOverlapped: Void IOCallback(UInt32, UInt32, System.Threading.NativeOverlapped*)
System.Runtime.Fx+IOCompletionThunk: Void UnhandledExceptionFrame(UInt32, UInt32, System.Threading.NativeOverlapped*)
System.Threading._IOCompletionCallback: Void PerformIOCompletionCallback(UInt32, UInt32, System.Threading.NativeOverlapped*)'.


----------------------------------------
----------------------------------------
Timestamp: 9/30/2015 8:57:08 PM

Message: System.ArgumentException: Cannot find template "~/WebsiteTemplates/Base/Layouts/TwoCol_25x75.ascx".
   at Telerik.Sitefinity.Web.UI.ControlUtilities.GetTemplate(String virtualPath, String resourceFileName, Type assemblyInfo, String templateDeclaration, Boolean addChildrenAsDirectDescendants)
   at Telerik.Sitefinity.Web.UI.LayoutControl.GetTemplate()
   at Telerik.Sitefinity.Web.UI.LayoutControl.Initialize()
   at Telerik.Sitefinity.Web.UI.LayoutControl.CreateChildControls()


----------------------------------------
----------------------------------------
Timestamp: 9/30/2015 8:57:08 PM

Message: System.ArgumentException: Cannot find template "~/WebsiteTemplates/Base/Layouts/TwoCol_25x75.ascx".
   at Telerik.Sitefinity.Web.UI.ControlUtilities.GetTemplate(String virtualPath, String resourceFileName, Type assemblyInfo, String templateDeclaration, Boolean addChildrenAsDirectDescendants)
   at Telerik.Sitefinity.Web.UI.LayoutControl.GetTemplate()
   at Telerik.Sitefinity.Web.UI.LayoutControl.Initialize()
   at Telerik.Sitefinity.Web.UI.LayoutControl.CreateChildControls()


----------------------------------------
----------------------------------------
Timestamp: 9/30/2015 8:57:11 PM

Message: System.ArgumentException: Cannot find template "~/WebsiteTemplates/Base/Layouts/TwoCol_25x75.ascx".
   at Telerik.Sitefinity.Web.UI.ControlUtilities.GetTemplate(String virtualPath, String resourceFileName, Type assemblyInfo, String templateDeclaration, Boolean addChildrenAsDirectDescendants)
   at Telerik.Sitefinity.Web.UI.LayoutControl.GetTemplate()
   at Telerik.Sitefinity.Web.UI.LayoutControl.Initialize()
   at Telerik.Sitefinity.Web.UI.LayoutControl.CreateChildControls()


----------------------------------------
----------------------------------------
Timestamp: 10/1/2015 4:18:02 PM

Message: Shutting down threadpool...


----------------------------------------
----------------------------------------
Timestamp: 10/1/2015 4:18:02 PM

Message: Thread pool 'BackgroundTasksService': Shutdown of thread pool completed. All currently running threads will finish their work and stop.


----------------------------------------
----------------------------------------
Timestamp: 10/1/2015 4:18:02 PM

Message: Background task scheduler shut down


----------------------------------------
----------------------------------------
Timestamp: 10/1/2015 4:18:02 PM

Message: WorkerThread is shut down


----------------------------------------
----------------------------------------
Timestamp: 10/1/2015 4:18:02 PM

Message: WorkerThread is shut down


----------------------------------------
----------------------------------------
Timestamp: 10/1/2015 4:18:02 PM

Message: WorkerThread is shut down


----------------------------------------
----------------------------------------
Timestamp: 10/1/2015 4:18:02 PM

Message: WorkerThread is shut down


----------------------------------------
----------------------------------------
Timestamp: 10/1/2015 4:18:32 PM

Message: Shutting down threadpool...


----------------------------------------
----------------------------------------
Timestamp: 10/1/2015 4:18:32 PM

Message: Thread pool 'BackgroundTasksService': Shutdown of thread pool completed. Threads aborted.


----------------------------------------
----------------------------------------
Timestamp: 10/1/2015 6:00:26 PM

Message: Shutting down threadpool...


----------------------------------------
----------------------------------------
Timestamp: 10/1/2015 6:00:26 PM

Message: Thread pool 'BackgroundTasksService': Shutdown of thread pool completed. All currently running threads will finish their work and stop.


----------------------------------------
----------------------------------------
Timestamp: 10/1/2015 6:00:26 PM

Message: WorkerThread is shut down


----------------------------------------
----------------------------------------
Timestamp: 10/1/2015 6:00:27 PM

Message: WorkerThread is shut down


----------------------------------------
----------------------------------------
Timestamp: 10/1/2015 6:00:27 PM

Message: Background task scheduler shut down


----------------------------------------
----------------------------------------
Timestamp: 10/1/2015 6:00:27 PM

Message: WorkerThread is shut down


----------------------------------------
----------------------------------------
Timestamp: 10/1/2015 6:00:27 PM

Message: WorkerThread is shut down


----------------------------------------
----------------------------------------
Timestamp: 10/1/2015 6:00:56 PM

Message: Shutting down threadpool...


----------------------------------------
----------------------------------------
Timestamp: 10/1/2015 6:00:56 PM

Message: Thread pool 'BackgroundTasksService': Shutdown of thread pool completed. Threads aborted.


----------------------------------------
