----------------------------------------
Timestamp: 1/6/2016 4:12:43 PM

Message: Shutting down threadpool...


----------------------------------------
----------------------------------------
Timestamp: 1/6/2016 4:12:43 PM

Message: Thread pool 'BackgroundTasksService': Shutdown of thread pool completed. All currently running threads will finish their work and stop.


----------------------------------------
----------------------------------------
Timestamp: 1/6/2016 4:12:43 PM

Message: WorkerThread is shut down


----------------------------------------
----------------------------------------
Timestamp: 1/6/2016 4:12:43 PM

Message: WorkerThread is shut down


----------------------------------------
----------------------------------------
Timestamp: 1/6/2016 4:12:43 PM

Message: WorkerThread is shut down


----------------------------------------
----------------------------------------
Timestamp: 1/6/2016 4:12:43 PM

Message: Background task scheduler shut down


----------------------------------------
----------------------------------------
Timestamp: 1/6/2016 4:12:43 PM

Message: WorkerThread is shut down


----------------------------------------
----------------------------------------
Timestamp: 1/6/2016 4:13:13 PM

Message: Shutting down threadpool...


----------------------------------------
----------------------------------------
Timestamp: 1/6/2016 4:13:13 PM

Message: Thread pool 'BackgroundTasksService': Shutdown of thread pool completed. Threads aborted.


----------------------------------------
----------------------------------------
Timestamp: 1/6/2016 4:18:59 PM

Message: Shutting down threadpool...


----------------------------------------
----------------------------------------
Timestamp: 1/6/2016 4:18:59 PM

Message: Thread pool 'BackgroundTasksService': Shutdown of thread pool completed. All currently running threads will finish their work and stop.


----------------------------------------
----------------------------------------
Timestamp: 1/6/2016 4:18:59 PM

Message: WorkerThread is shut down


----------------------------------------
----------------------------------------
Timestamp: 1/6/2016 4:18:59 PM

Message: WorkerThread is shut down


----------------------------------------
----------------------------------------
Timestamp: 1/6/2016 4:18:59 PM

Message: WorkerThread is shut down


----------------------------------------
----------------------------------------
Timestamp: 1/6/2016 4:18:59 PM

Message: WorkerThread is shut down


----------------------------------------
----------------------------------------
Timestamp: 1/6/2016 4:18:59 PM

Message: Background task scheduler shut down


----------------------------------------
----------------------------------------
Timestamp: 1/6/2016 4:19:29 PM

Message: Shutting down threadpool...


----------------------------------------
----------------------------------------
Timestamp: 1/6/2016 4:19:29 PM

Message: Thread pool 'BackgroundTasksService': Shutdown of thread pool completed. Threads aborted.


----------------------------------------
