----------------------------------------
Timestamp: 8/31/2015 5:16:31 PM

Message: Operation: 'ModelReset'. Parameters: 'notify:True'. Reason: 'MetaDataChange|InvalidatedModules:Telerik.Sitefinity.Publishing.Data.OpenAccessPublishingPointDynamicTypeProvider'. User: 'admin'. StackTrace: '
Telerik.Sitefinity.Data.OA.OpenAccessConnection: Void ResetModel(Telerik.Sitefinity.Services.OperationReason, Boolean)
Telerik.Sitefinity.Data.Decorators.OpenAccessDecorator: Void EnsureModelReset()
DynamicModule.ns.Wrapped_OpenAccessMetaDataProvider_21badbfd88e14c899deb80014d3235ba: Telerik.Microsoft.Practices.Unity.InterceptionExtension.IMethodReturn <CommitTransaction_DelegateImplementation>__31(Telerik.Microsoft.Practices.Unity.InterceptionExtension.IMethodInvocation, Telerik.Microsoft.Practices.Unity.InterceptionExtension.GetNextInterceptionBehaviorDelegate)
Telerik.Sitefinity.Data.DataEventsCallHandler: Telerik.Microsoft.Practices.Unity.InterceptionExtension.IMethodReturn Invoke(Telerik.Microsoft.Practices.Unity.InterceptionExtension.IMethodInvocation, Telerik.Microsoft.Practices.Unity.InterceptionExtension.GetNextHandlerDelegate)
Telerik.Sitefinity.Security.SitefinityAuthorizationCallHandler: Telerik.Microsoft.Practices.Unity.InterceptionExtension.IMethodReturn Invoke(Telerik.Microsoft.Practices.Unity.InterceptionExtension.IMethodInvocation, Telerik.Microsoft.Practices.Unity.InterceptionExtension.GetNextHandlerDelegate)
DynamicModule.ns.Wrapped_OpenAccessMetaDataProvider_21badbfd88e14c899deb80014d3235ba: Void CommitTransaction(Boolean)
DynamicModule.ns.Wrapped_OpenAccessMetaDataProvider_21badbfd88e14c899deb80014d3235ba: Telerik.Microsoft.Practices.Unity.InterceptionExtension.IMethodReturn <CommitTransaction_DelegateImplementation>__30(Telerik.Microsoft.Practices.Unity.InterceptionExtension.IMethodInvocation, Telerik.Microsoft.Practices.Unity.InterceptionExtension.GetNextInterceptionBehaviorDelegate)
Telerik.Sitefinity.Data.DataEventsCallHandler: Telerik.Microsoft.Practices.Unity.InterceptionExtension.IMethodReturn Invoke(Telerik.Microsoft.Practices.Unity.InterceptionExtension.IMethodInvocation, Telerik.Microsoft.Practices.Unity.InterceptionExtension.GetNextHandlerDelegate)
Telerik.Sitefinity.Security.SitefinityAuthorizationCallHandler: Telerik.Microsoft.Practices.Unity.InterceptionExtension.IMethodReturn Invoke(Telerik.Microsoft.Practices.Unity.InterceptionExtension.IMethodInvocation, Telerik.Microsoft.Practices.Unity.InterceptionExtension.GetNextHandlerDelegate)
DynamicModule.ns.Wrapped_OpenAccessMetaDataProvider_21badbfd88e14c899deb80014d3235ba: Void CommitTransaction()
Telerik.Sitefinity.Data.ManagerBase`1: Void SaveChanges(System.String)
Telerik.Sitefinity.Publishing.PublishingPoints.PublishingPointFactory: Void CreatePublishingPointDataItem(System.Collections.Generic.IEnumerable`1[Telerik.Sitefinity.Publishing.Model.IDefinitionField], Telerik.Sitefinity.Publishing.Model.IPublishingPoint, Telerik.Sitefinity.Data.Metadata.MetadataManager)
Telerik.Sitefinity.Publishing.PublishingPoints.PublishingPointBuilder: Telerik.Sitefinity.Publishing.Model.PublishingPoint CreatePublishingPoint()
Telerik.Sitefinity.Modules.Blogs.Web.Services.BlogService: Void CreateBlogRssPublishingPoint(System.Collections.Generic.List`1[Telerik.Sitefinity.Publishing.Model.PipeSettings], Telerik.Sitefinity.Blogs.Model.Blog)
Telerik.Sitefinity.Modules.Blogs.Web.Services.BlogService: Boolean SetupItemPublishing(Telerik.Sitefinity.Web.Services.ContentItemContext`1[Telerik.Sitefinity.Blogs.Model.Blog])
Telerik.Sitefinity.Modules.ContentServiceBase`5: Telerik.Sitefinity.Web.Services.ContentItemContext`1[TContent] SaveContentUsingWorkflow(Telerik.Sitefinity.Web.Services.ContentItemContext`1[TContent], System.String, System.String, System.String)
Telerik.Sitefinity.Modules.ContentServiceBase`5: Telerik.Sitefinity.Web.Services.ContentItemContext`1[TContent] SaveContentInternal(Telerik.Sitefinity.Web.Services.ContentItemContext`1[TContent], System.String, System.String)
Telerik.Sitefinity.Modules.Blogs.Web.Services.BlogService: Telerik.Sitefinity.Web.Services.ContentItemContext`1[Telerik.Sitefinity.Blogs.Model.Blog] SaveContent(Telerik.Sitefinity.Web.Services.ContentItemContext`1[Telerik.Sitefinity.Blogs.Model.Blog], System.String, System.String, System.String, Boolean, Boolean, System.String)
unknown: System.Object SyncInvokeSaveContent(System.Object, System.Object[], System.Object[])
System.ServiceModel.Dispatcher.SyncMethodInvoker: System.Object Invoke(System.Object, System.Object[], System.Object[] ByRef)
System.ServiceModel.Dispatcher.DispatchOperationRuntime: Void InvokeBegin(System.ServiceModel.Dispatcher.MessageRpc ByRef)
System.ServiceModel.Dispatcher.ImmutableDispatchRuntime: Void ProcessMessage5(System.ServiceModel.Dispatcher.MessageRpc ByRef)
System.ServiceModel.Dispatcher.ImmutableDispatchRuntime: Void ProcessMessage31(System.ServiceModel.Dispatcher.MessageRpc ByRef)
System.ServiceModel.Dispatcher.MessageRpc: Boolean Process(Boolean)
System.ServiceModel.Dispatcher.ChannelHandler: Boolean DispatchAndReleasePump(System.ServiceModel.Channels.RequestContext, Boolean, System.ServiceModel.OperationContext)
System.ServiceModel.Dispatcher.ChannelHandler: Boolean HandleRequest(System.ServiceModel.Channels.RequestContext, System.ServiceModel.OperationContext)
System.ServiceModel.Dispatcher.ChannelHandler: Void AsyncMessagePump(System.IAsyncResult)
System.Runtime.Fx+AsyncThunk: Void UnhandledExceptionFrame(System.IAsyncResult)
Telerik.Sitefinity.Utilities.MS.ServiceModel.Web.AsyncResult: Void Complete(Boolean)
Telerik.Sitefinity.Utilities.MS.ServiceModel.Web.RequestInterceptorReplyChannelBase`1+TryReceiveRequestAsyncResult: Void InnerTryReceiveCallback(System.IAsyncResult)
System.Runtime.AsyncResult: Void Complete(Boolean)
System.Runtime.InputQueue`1+AsyncQueueReader: Void Set(Item)
System.Runtime.InputQueue`1: Void EnqueueAndDispatch(Item, Boolean)
System.Runtime.InputQueue`1: Void EnqueueAndDispatch(T, System.Action, Boolean)
System.ServiceModel.Channels.SingletonChannelAcceptor`3: Void Enqueue(QueueItemType, System.Action, Boolean)
System.ServiceModel.Channels.HttpPipeline+EnqueueMessageAsyncResult: Void CompleteParseAndEnqueue(System.IAsyncResult)
System.ServiceModel.Channels.HttpPipeline+EnqueueMessageAsyncResult: Boolean HandleParseIncomingMessage(System.IAsyncResult)
System.Runtime.AsyncResult: Boolean SyncContinue(System.IAsyncResult)
System.ServiceModel.Channels.HttpPipeline+EmptyHttpPipeline: System.IAsyncResult BeginProcessInboundRequest(System.ServiceModel.Channels.ReplyChannelAcceptor, System.Action, System.AsyncCallback, System.Object)
System.ServiceModel.Channels.HttpChannelListener`1+HttpContextReceivedAsyncResult`1: System.Runtime.AsyncCompletionResult ProcessHttpContextAsync()
System.ServiceModel.Channels.HttpChannelListener`1: System.IAsyncResult BeginHttpContextReceived(System.ServiceModel.Channels.HttpRequestContext, System.Action, System.AsyncCallback, System.Object)
System.ServiceModel.Activation.HostedHttpTransportManager: Void HttpContextReceived(System.ServiceModel.Activation.HostedHttpRequestAsyncResult)
System.ServiceModel.Activation.HostedHttpRequestAsyncResult: Void HandleRequest()
System.ServiceModel.Activation.HostedHttpRequestAsyncResult: Void BeginRequest()
System.ServiceModel.Activation.HostedHttpRequestAsyncResult: Void OnBeginRequest(System.Object)
System.ServiceModel.AspNetPartialTrustHelpers: Void PartialTrustInvoke(System.Threading.ContextCallback, System.Object)
System.ServiceModel.Activation.HostedHttpRequestAsyncResult: Void OnBeginRequestWithFlow(System.Object)
System.Runtime.IOThreadScheduler+ScheduledOverlapped: Void IOCallback(UInt32, UInt32, System.Threading.NativeOverlapped*)
System.Runtime.Fx+IOCompletionThunk: Void UnhandledExceptionFrame(UInt32, UInt32, System.Threading.NativeOverlapped*)
System.Threading._IOCompletionCallback: Void PerformIOCompletionCallback(UInt32, UInt32, System.Threading.NativeOverlapped*)'.


----------------------------------------
----------------------------------------
Timestamp: 8/31/2015 5:50:33 PM

Message: Operation: 'ModelReset'. Parameters: 'notify:True'. Reason: 'MetaDataChange|InvalidatedModules:Telerik.Sitefinity.Publishing.Data.OpenAccessPublishingPointDynamicTypeProvider'. User: 'admin'. StackTrace: '
Telerik.Sitefinity.Data.OA.OpenAccessConnection: Void ResetModel(Telerik.Sitefinity.Services.OperationReason, Boolean)
Telerik.Sitefinity.Data.TransactionManager: Void CommitTransaction(System.String)
Telerik.Sitefinity.Publishing.Web.Services.PublishingAdminService: Boolean BatchDeletePoints(System.String, System.String[])
unknown: System.Object SyncInvokeBatchDeletePoints(System.Object, System.Object[], System.Object[])
System.ServiceModel.Dispatcher.SyncMethodInvoker: System.Object Invoke(System.Object, System.Object[], System.Object[] ByRef)
System.ServiceModel.Dispatcher.DispatchOperationRuntime: Void InvokeBegin(System.ServiceModel.Dispatcher.MessageRpc ByRef)
System.ServiceModel.Dispatcher.ImmutableDispatchRuntime: Void ProcessMessage5(System.ServiceModel.Dispatcher.MessageRpc ByRef)
System.ServiceModel.Dispatcher.ImmutableDispatchRuntime: Void ProcessMessage31(System.ServiceModel.Dispatcher.MessageRpc ByRef)
System.ServiceModel.Dispatcher.MessageRpc: Boolean Process(Boolean)
System.ServiceModel.Dispatcher.ChannelHandler: Boolean DispatchAndReleasePump(System.ServiceModel.Channels.RequestContext, Boolean, System.ServiceModel.OperationContext)
System.ServiceModel.Dispatcher.ChannelHandler: Boolean HandleRequest(System.ServiceModel.Channels.RequestContext, System.ServiceModel.OperationContext)
System.ServiceModel.Dispatcher.ChannelHandler: Void AsyncMessagePump(System.IAsyncResult)
System.Runtime.Fx+AsyncThunk: Void UnhandledExceptionFrame(System.IAsyncResult)
Telerik.Sitefinity.Utilities.MS.ServiceModel.Web.AsyncResult: Void Complete(Boolean)
Telerik.Sitefinity.Utilities.MS.ServiceModel.Web.RequestInterceptorReplyChannelBase`1+TryReceiveRequestAsyncResult: Void InnerTryReceiveCallback(System.IAsyncResult)
System.Runtime.AsyncResult: Void Complete(Boolean)
System.Runtime.InputQueue`1+AsyncQueueReader: Void Set(Item)
System.Runtime.InputQueue`1: Void EnqueueAndDispatch(Item, Boolean)
System.Runtime.InputQueue`1: Void EnqueueAndDispatch(T, System.Action, Boolean)
System.ServiceModel.Channels.SingletonChannelAcceptor`3: Void Enqueue(QueueItemType, System.Action, Boolean)
System.ServiceModel.Channels.HttpPipeline+EnqueueMessageAsyncResult: Void CompleteParseAndEnqueue(System.IAsyncResult)
System.ServiceModel.Channels.HttpPipeline+EnqueueMessageAsyncResult: Boolean HandleParseIncomingMessage(System.IAsyncResult)
System.Runtime.AsyncResult: Boolean SyncContinue(System.IAsyncResult)
System.ServiceModel.Channels.HttpPipeline+EmptyHttpPipeline: System.IAsyncResult BeginProcessInboundRequest(System.ServiceModel.Channels.ReplyChannelAcceptor, System.Action, System.AsyncCallback, System.Object)
System.ServiceModel.Channels.HttpChannelListener`1+HttpContextReceivedAsyncResult`1: System.Runtime.AsyncCompletionResult ProcessHttpContextAsync()
System.ServiceModel.Channels.HttpChannelListener`1: System.IAsyncResult BeginHttpContextReceived(System.ServiceModel.Channels.HttpRequestContext, System.Action, System.AsyncCallback, System.Object)
System.ServiceModel.Activation.HostedHttpTransportManager: Void HttpContextReceived(System.ServiceModel.Activation.HostedHttpRequestAsyncResult)
System.ServiceModel.Activation.HostedHttpRequestAsyncResult: Void HandleRequest()
System.ServiceModel.Activation.HostedHttpRequestAsyncResult: Void BeginRequest()
System.ServiceModel.Activation.HostedHttpRequestAsyncResult: Void OnBeginRequest(System.Object)
System.ServiceModel.AspNetPartialTrustHelpers: Void PartialTrustInvoke(System.Threading.ContextCallback, System.Object)
System.ServiceModel.Activation.HostedHttpRequestAsyncResult: Void OnBeginRequestWithFlow(System.Object)
System.Runtime.IOThreadScheduler+ScheduledOverlapped: Void IOCallback(UInt32, UInt32, System.Threading.NativeOverlapped*)
System.Runtime.Fx+IOCompletionThunk: Void UnhandledExceptionFrame(UInt32, UInt32, System.Threading.NativeOverlapped*)
System.Threading._IOCompletionCallback: Void PerformIOCompletionCallback(UInt32, UInt32, System.Threading.NativeOverlapped*)'.


----------------------------------------
