----------------------------------------
Timestamp: 9/16/2015 6:02:26 PM

Message: Shutting down threadpool...


----------------------------------------
----------------------------------------
Timestamp: 9/16/2015 6:02:26 PM

Message: Thread pool 'BackgroundTasksService': Shutdown of thread pool completed. All currently running threads will finish their work and stop.


----------------------------------------
----------------------------------------
Timestamp: 9/16/2015 6:02:26 PM

Message: WorkerThread is shut down


----------------------------------------
----------------------------------------
Timestamp: 9/16/2015 6:02:26 PM

Message: Background task scheduler shut down


----------------------------------------
----------------------------------------
Timestamp: 9/16/2015 6:02:26 PM

Message: WorkerThread is shut down


----------------------------------------
----------------------------------------
Timestamp: 9/16/2015 6:02:26 PM

Message: WorkerThread is shut down


----------------------------------------
----------------------------------------
Timestamp: 9/16/2015 6:02:26 PM

Message: WorkerThread is shut down


----------------------------------------
----------------------------------------
Timestamp: 9/16/2015 6:02:26 PM

Message: WorkerThread is shut down


----------------------------------------
----------------------------------------
Timestamp: 9/16/2015 6:02:26 PM

Message: WorkerThread is shut down


----------------------------------------
----------------------------------------
Timestamp: 9/16/2015 6:02:26 PM

Message: WorkerThread is shut down


----------------------------------------
----------------------------------------
Timestamp: 9/16/2015 6:02:26 PM

Message: WorkerThread is shut down


----------------------------------------
----------------------------------------
Timestamp: 9/16/2015 6:02:56 PM

Message: Shutting down threadpool...


----------------------------------------
----------------------------------------
Timestamp: 9/16/2015 6:02:56 PM

Message: Thread pool 'BackgroundTasksService': Shutdown of thread pool completed. Threads aborted.


----------------------------------------
