----------------------------------------
Timestamp: 12/14/2015 8:32:07 PM

Message: Shutting down threadpool...


----------------------------------------
----------------------------------------
Timestamp: 12/14/2015 8:32:07 PM

Message: Thread pool 'BackgroundTasksService': Shutdown of thread pool completed. All currently running threads will finish their work and stop.


----------------------------------------
----------------------------------------
Timestamp: 12/14/2015 8:32:07 PM

Message: Background task scheduler shut down


----------------------------------------
----------------------------------------
Timestamp: 12/14/2015 8:32:07 PM

Message: WorkerThread is shut down


----------------------------------------
----------------------------------------
Timestamp: 12/14/2015 8:32:07 PM

Message: WorkerThread is shut down


----------------------------------------
----------------------------------------
Timestamp: 12/14/2015 8:32:07 PM

Message: WorkerThread is shut down


----------------------------------------
----------------------------------------
Timestamp: 12/14/2015 8:32:07 PM

Message: WorkerThread is shut down


----------------------------------------
----------------------------------------
Timestamp: 12/14/2015 8:32:37 PM

Message: Shutting down threadpool...


----------------------------------------
----------------------------------------
Timestamp: 12/14/2015 8:32:37 PM

Message: Thread pool 'BackgroundTasksService': Shutdown of thread pool completed. Threads aborted.


----------------------------------------
