----------------------------------------
Timestamp: 1/8/2016 11:42:15 PM

Message: Shutting down threadpool...


----------------------------------------
----------------------------------------
Timestamp: 1/8/2016 11:42:15 PM

Message: Thread pool 'BackgroundTasksService': Shutdown of thread pool completed. All currently running threads will finish their work and stop.


----------------------------------------
----------------------------------------
Timestamp: 1/8/2016 11:42:15 PM

Message: WorkerThread is shut down


----------------------------------------
----------------------------------------
Timestamp: 1/8/2016 11:42:15 PM

Message: WorkerThread is shut down


----------------------------------------
----------------------------------------
Timestamp: 1/8/2016 11:42:15 PM

Message: WorkerThread is shut down


----------------------------------------
----------------------------------------
Timestamp: 1/8/2016 11:42:15 PM

Message: Background task scheduler shut down


----------------------------------------
----------------------------------------
Timestamp: 1/8/2016 11:42:15 PM

Message: WorkerThread is shut down


----------------------------------------
----------------------------------------
Timestamp: 1/8/2016 11:42:45 PM

Message: Shutting down threadpool...


----------------------------------------
----------------------------------------
Timestamp: 1/8/2016 11:42:45 PM

Message: Thread pool 'BackgroundTasksService': Shutdown of thread pool completed. Threads aborted.


----------------------------------------
